ARM GAS  /tmp/ccEfOv66.s 			page 1


   1              		.cpu cortex-m7
   2              		.eabi_attribute 28, 1
   3              		.eabi_attribute 20, 1
   4              		.eabi_attribute 21, 1
   5              		.eabi_attribute 23, 3
   6              		.eabi_attribute 24, 1
   7              		.eabi_attribute 25, 1
   8              		.eabi_attribute 26, 1
   9              		.eabi_attribute 30, 2
  10              		.eabi_attribute 34, 1
  11              		.eabi_attribute 18, 4
  12              		.file	"metro.cpp"
  13              		.text
  14              	.Ltext0:
  15              		.cfi_sections	.debug_frame
  16              		.section	.text._ZN7daisysp10OscillatorD2Ev,"axG",%progbits,_ZN7daisysp10OscillatorD5Ev,comdat
  17              		.align	1
  18              		.p2align 2,,3
  19              		.weak	_ZN7daisysp10OscillatorD2Ev
  20              		.arch armv7e-m
  21              		.syntax unified
  22              		.thumb
  23              		.thumb_func
  24              		.fpu fpv5-d16
  26              	_ZN7daisysp10OscillatorD2Ev:
  27              	.LVL0:
  28              	.LFB2797:
  29              		.file 1 "../../DaisySP/Source/Synthesis/oscillator.h"
   1:../../DaisySP/Source/Synthesis/oscillator.h **** #pragma once
   2:../../DaisySP/Source/Synthesis/oscillator.h **** #ifndef DSY_OSCILLATOR_H
   3:../../DaisySP/Source/Synthesis/oscillator.h **** #define DSY_OSCILLATOR_H
   4:../../DaisySP/Source/Synthesis/oscillator.h **** #include <stdint.h>
   5:../../DaisySP/Source/Synthesis/oscillator.h **** #include "Utility/dsp.h"
   6:../../DaisySP/Source/Synthesis/oscillator.h **** #ifdef __cplusplus
   7:../../DaisySP/Source/Synthesis/oscillator.h **** 
   8:../../DaisySP/Source/Synthesis/oscillator.h **** namespace daisysp
   9:../../DaisySP/Source/Synthesis/oscillator.h **** {
  10:../../DaisySP/Source/Synthesis/oscillator.h **** /** Synthesis of several waveforms, including polyBLEP bandlimited waveforms.
  11:../../DaisySP/Source/Synthesis/oscillator.h **** */
  12:../../DaisySP/Source/Synthesis/oscillator.h **** class Oscillator
  13:../../DaisySP/Source/Synthesis/oscillator.h **** {
  14:../../DaisySP/Source/Synthesis/oscillator.h ****   public:
  15:../../DaisySP/Source/Synthesis/oscillator.h ****     Oscillator() {}
  16:../../DaisySP/Source/Synthesis/oscillator.h ****     ~Oscillator() {}
  30              		.loc 1 16 5 view -0
  31              		.cfi_startproc
  32              		@ args = 0, pretend = 0, frame = 0
  33              		@ frame_needed = 0, uses_anonymous_args = 0
  34              		@ link register save eliminated.
  35              		.loc 1 16 20 is_stmt 0 view .LVU1
  36 0000 7047     		bx	lr
  37              		.cfi_endproc
  38              	.LFE2797:
  40              		.weak	_ZN7daisysp10OscillatorD1Ev
  41              		.thumb_set _ZN7daisysp10OscillatorD1Ev,_ZN7daisysp10OscillatorD2Ev
  42 0002 00BF     		.section	.text._ZN7daisysp5MetroD2Ev,"axG",%progbits,_ZN7daisysp5MetroD5Ev,comdat
  43              		.align	1
ARM GAS  /tmp/ccEfOv66.s 			page 2


  44              		.p2align 2,,3
  45              		.weak	_ZN7daisysp5MetroD2Ev
  46              		.syntax unified
  47              		.thumb
  48              		.thumb_func
  49              		.fpu fpv5-d16
  51              	_ZN7daisysp5MetroD2Ev:
  52              	.LVL1:
  53              	.LFB3332:
  54              		.file 2 "../../DaisySP/Source/Utility/metro.h"
   1:../../DaisySP/Source/Utility/metro.h **** #pragma once
   2:../../DaisySP/Source/Utility/metro.h **** #ifndef DSY_METRO_H
   3:../../DaisySP/Source/Utility/metro.h **** #define DSY_METRO_H
   4:../../DaisySP/Source/Utility/metro.h **** #include <stdint.h>
   5:../../DaisySP/Source/Utility/metro.h **** #ifdef __cplusplus
   6:../../DaisySP/Source/Utility/metro.h **** 
   7:../../DaisySP/Source/Utility/metro.h **** namespace daisysp
   8:../../DaisySP/Source/Utility/metro.h **** {
   9:../../DaisySP/Source/Utility/metro.h **** /** Creates a clock signal at a specific frequency.
  10:../../DaisySP/Source/Utility/metro.h **** */
  11:../../DaisySP/Source/Utility/metro.h **** class Metro
  12:../../DaisySP/Source/Utility/metro.h **** {
  13:../../DaisySP/Source/Utility/metro.h ****   public:
  14:../../DaisySP/Source/Utility/metro.h ****     Metro() {}
  15:../../DaisySP/Source/Utility/metro.h ****     ~Metro() {}
  55              		.loc 2 15 5 is_stmt 1 view -0
  56              		.cfi_startproc
  57              		@ args = 0, pretend = 0, frame = 0
  58              		@ frame_needed = 0, uses_anonymous_args = 0
  59              		@ link register save eliminated.
  60              		.loc 2 15 15 is_stmt 0 view .LVU3
  61 0000 7047     		bx	lr
  62              		.cfi_endproc
  63              	.LFE3332:
  65              		.weak	_ZN7daisysp5MetroD1Ev
  66              		.thumb_set _ZN7daisysp5MetroD1Ev,_ZN7daisysp5MetroD2Ev
  67 0002 00BF     		.section	.text._ZN5daisy9DaisySeedD2Ev,"axG",%progbits,_ZN5daisy9DaisySeedD5Ev,comdat
  68              		.align	1
  69              		.p2align 2,,3
  70              		.weak	_ZN5daisy9DaisySeedD2Ev
  71              		.syntax unified
  72              		.thumb
  73              		.thumb_func
  74              		.fpu fpv5-d16
  76              	_ZN5daisy9DaisySeedD2Ev:
  77              	.LVL2:
  78              	.LFB4207:
  79              		.file 3 "../../libdaisy/src/daisy_seed.h"
   1:../../libdaisy/src/daisy_seed.h **** #pragma once
   2:../../libdaisy/src/daisy_seed.h **** #ifndef DSY_SEED_H
   3:../../libdaisy/src/daisy_seed.h **** #define DSY_SEED_H
   4:../../libdaisy/src/daisy_seed.h **** 
   5:../../libdaisy/src/daisy_seed.h **** #include "daisy.h"
   6:../../libdaisy/src/daisy_seed.h **** 
   7:../../libdaisy/src/daisy_seed.h **** //Uncomment this out if you're still using the rev2 hardware
   8:../../libdaisy/src/daisy_seed.h **** //#define SEED_REV2
   9:../../libdaisy/src/daisy_seed.h **** 
ARM GAS  /tmp/ccEfOv66.s 			page 3


  10:../../libdaisy/src/daisy_seed.h **** namespace daisy
  11:../../libdaisy/src/daisy_seed.h **** {
  12:../../libdaisy/src/daisy_seed.h **** /**
  13:../../libdaisy/src/daisy_seed.h ****    @brief This is the higher-level interface for the Daisy board. \n 
  14:../../libdaisy/src/daisy_seed.h ****     All basic peripheral configuration/initialization is setup here. \n
  15:../../libdaisy/src/daisy_seed.h **** 
  16:../../libdaisy/src/daisy_seed.h ****    @ingroup boards
  17:../../libdaisy/src/daisy_seed.h **** */
  18:../../libdaisy/src/daisy_seed.h **** class DaisySeed
  19:../../libdaisy/src/daisy_seed.h **** {
  20:../../libdaisy/src/daisy_seed.h ****   public:
  21:../../libdaisy/src/daisy_seed.h ****     DaisySeed() {}
  22:../../libdaisy/src/daisy_seed.h ****     ~DaisySeed() {}
  80              		.loc 3 22 5 is_stmt 1 view -0
  81              		.cfi_startproc
  82              		@ args = 0, pretend = 0, frame = 0
  83              		@ frame_needed = 0, uses_anonymous_args = 0
  84              		@ link register save eliminated.
  85              	.LBB72:
  86              	.LBI72:
  87              		.file 4 "../../libdaisy/src/sys/system.h"
   1:../../libdaisy/src/sys/system.h **** #ifndef DSY_SYSTEM_H
   2:../../libdaisy/src/sys/system.h **** #define DSY_SYSTEM_H
   3:../../libdaisy/src/sys/system.h **** 
   4:../../libdaisy/src/sys/system.h **** #ifndef UNIT_TEST // for unit tests, a dummy implementation is provided below
   5:../../libdaisy/src/sys/system.h **** 
   6:../../libdaisy/src/sys/system.h **** #include <cstdint>
   7:../../libdaisy/src/sys/system.h **** #include "per/tim.h"
   8:../../libdaisy/src/sys/system.h **** 
   9:../../libdaisy/src/sys/system.h **** namespace daisy
  10:../../libdaisy/src/sys/system.h **** {
  11:../../libdaisy/src/sys/system.h **** /** A handle for interacting with the Core System. 
  12:../../libdaisy/src/sys/system.h ****  ** This includes the Clock tree, MPU, global DMA initialization,
  13:../../libdaisy/src/sys/system.h ****  ** cache handling, and any other necessary global initiailzation
  14:../../libdaisy/src/sys/system.h ****  **
  15:../../libdaisy/src/sys/system.h ****  ** @author shensley
  16:../../libdaisy/src/sys/system.h ****  ** @addtogroup system
  17:../../libdaisy/src/sys/system.h ****  */
  18:../../libdaisy/src/sys/system.h **** class System
  19:../../libdaisy/src/sys/system.h **** {
  20:../../libdaisy/src/sys/system.h ****   public:
  21:../../libdaisy/src/sys/system.h ****     /** Contains settings for initializing the System */
  22:../../libdaisy/src/sys/system.h ****     struct Config
  23:../../libdaisy/src/sys/system.h ****     {
  24:../../libdaisy/src/sys/system.h ****         /** Specifies the system clock frequency that feeds APB/AHB clocks, etc. */
  25:../../libdaisy/src/sys/system.h ****         enum class SysClkFreq
  26:../../libdaisy/src/sys/system.h ****         {
  27:../../libdaisy/src/sys/system.h ****             FREQ_400MHZ,
  28:../../libdaisy/src/sys/system.h ****             FREQ_480MHZ,
  29:../../libdaisy/src/sys/system.h ****         };
  30:../../libdaisy/src/sys/system.h **** 
  31:../../libdaisy/src/sys/system.h ****         /** Method to call on the struct to set to defaults
  32:../../libdaisy/src/sys/system.h ****          ** CPU Freq set to 400MHz
  33:../../libdaisy/src/sys/system.h ****          ** Cache Enabled 
  34:../../libdaisy/src/sys/system.h ****          ** */
  35:../../libdaisy/src/sys/system.h ****         void Defaults()
  36:../../libdaisy/src/sys/system.h ****         {
ARM GAS  /tmp/ccEfOv66.s 			page 4


  37:../../libdaisy/src/sys/system.h ****             cpu_freq   = SysClkFreq::FREQ_400MHZ;
  38:../../libdaisy/src/sys/system.h ****             use_dcache = true;
  39:../../libdaisy/src/sys/system.h ****             use_icache = true;
  40:../../libdaisy/src/sys/system.h ****         }
  41:../../libdaisy/src/sys/system.h **** 
  42:../../libdaisy/src/sys/system.h ****         /** Method to call on the struct to set to boost mode:
  43:../../libdaisy/src/sys/system.h ****          ** CPU Freq set to 480MHz
  44:../../libdaisy/src/sys/system.h ****          ** Cache Enabled 
  45:../../libdaisy/src/sys/system.h ****          ** */
  46:../../libdaisy/src/sys/system.h ****         void Boost()
  47:../../libdaisy/src/sys/system.h ****         {
  48:../../libdaisy/src/sys/system.h ****             cpu_freq   = SysClkFreq::FREQ_480MHZ;
  49:../../libdaisy/src/sys/system.h ****             use_dcache = true;
  50:../../libdaisy/src/sys/system.h ****             use_icache = true;
  51:../../libdaisy/src/sys/system.h ****         }
  52:../../libdaisy/src/sys/system.h **** 
  53:../../libdaisy/src/sys/system.h ****         SysClkFreq cpu_freq;
  54:../../libdaisy/src/sys/system.h ****         bool       use_dcache;
  55:../../libdaisy/src/sys/system.h ****         bool       use_icache;
  56:../../libdaisy/src/sys/system.h ****     };
  57:../../libdaisy/src/sys/system.h **** 
  58:../../libdaisy/src/sys/system.h ****     System() {}
  59:../../libdaisy/src/sys/system.h ****     ~System() {}
  88              		.loc 4 59 5 view .LVU5
  89              		.loc 4 59 5 is_stmt 0 view .LVU6
  90              	.LBE72:
  91              	.LBB73:
  92              	.LBI73:
  93              		.file 5 "../../libdaisy/src/hid/usb.h"
   1:../../libdaisy/src/hid/usb.h **** #pragma once
   2:../../libdaisy/src/hid/usb.h **** #ifndef DSY_HID_USB_H
   3:../../libdaisy/src/hid/usb.h **** #define DSY_HID_USB_H
   4:../../libdaisy/src/hid/usb.h **** #include <stdint.h>
   5:../../libdaisy/src/hid/usb.h **** #include <stdlib.h>
   6:../../libdaisy/src/hid/usb.h **** 
   7:../../libdaisy/src/hid/usb.h **** namespace daisy
   8:../../libdaisy/src/hid/usb.h **** /** @addtogroup externals
   9:../../libdaisy/src/hid/usb.h ****     @{
  10:../../libdaisy/src/hid/usb.h **** */
  11:../../libdaisy/src/hid/usb.h **** 
  12:../../libdaisy/src/hid/usb.h **** {
  13:../../libdaisy/src/hid/usb.h **** /** 
  14:../../libdaisy/src/hid/usb.h ****     @brief Interface for initializing and using the USB Peripherals on the daisy
  15:../../libdaisy/src/hid/usb.h ****     @author Stephen Hensley
  16:../../libdaisy/src/hid/usb.h ****     @date December 2019
  17:../../libdaisy/src/hid/usb.h **** */
  18:../../libdaisy/src/hid/usb.h **** class UsbHandle
  19:../../libdaisy/src/hid/usb.h **** {
  20:../../libdaisy/src/hid/usb.h ****   public:
  21:../../libdaisy/src/hid/usb.h ****     /** Return values for USBHandle Functions */
  22:../../libdaisy/src/hid/usb.h ****     enum class Result
  23:../../libdaisy/src/hid/usb.h ****     {
  24:../../libdaisy/src/hid/usb.h ****         OK,
  25:../../libdaisy/src/hid/usb.h ****         ERR,
  26:../../libdaisy/src/hid/usb.h ****     };
  27:../../libdaisy/src/hid/usb.h **** 
  28:../../libdaisy/src/hid/usb.h ****     /** Specified which of the two USB Peripherals to initialize. */
ARM GAS  /tmp/ccEfOv66.s 			page 5


  29:../../libdaisy/src/hid/usb.h ****     enum UsbPeriph
  30:../../libdaisy/src/hid/usb.h ****     {
  31:../../libdaisy/src/hid/usb.h ****         FS_INTERNAL, /**< Internal pin */
  32:../../libdaisy/src/hid/usb.h ****         FS_EXTERNAL, /**< FS External D+ pin is Pin 38 (GPIO32). FS External D- pin is Pin 37 (GPIO
  33:../../libdaisy/src/hid/usb.h ****         FS_BOTH,     /**< Both */
  34:../../libdaisy/src/hid/usb.h ****     };
  35:../../libdaisy/src/hid/usb.h **** 
  36:../../libdaisy/src/hid/usb.h **** 
  37:../../libdaisy/src/hid/usb.h ****     /** Function called upon reception of a buffer */
  38:../../libdaisy/src/hid/usb.h ****     typedef void (*ReceiveCallback)(uint8_t* buff, uint32_t* len);
  39:../../libdaisy/src/hid/usb.h **** 
  40:../../libdaisy/src/hid/usb.h ****     UsbHandle() {}
  41:../../libdaisy/src/hid/usb.h **** 
  42:../../libdaisy/src/hid/usb.h ****     ~UsbHandle() {}
  94              		.loc 5 42 5 is_stmt 1 view .LVU7
  95              		.loc 5 42 5 is_stmt 0 view .LVU8
  96              	.LBE73:
  97              	.LBB74:
  98              	.LBI74:
  99              		.file 6 "../../libdaisy/src/per/adc.h"
   1:../../libdaisy/src/per/adc.h **** #pragma once
   2:../../libdaisy/src/per/adc.h **** #ifndef DSY_ADC_H
   3:../../libdaisy/src/per/adc.h **** #define DSY_ADC_H /**< Macro */
   4:../../libdaisy/src/per/adc.h **** #include <stdint.h>
   5:../../libdaisy/src/per/adc.h **** #include <stdlib.h>
   6:../../libdaisy/src/per/adc.h **** #include "daisy_core.h"
   7:../../libdaisy/src/per/adc.h **** #include "per/gpio.h"
   8:../../libdaisy/src/per/adc.h **** 
   9:../../libdaisy/src/per/adc.h **** #define DSY_ADC_MAX_CHANNELS 14 /**< Maximum number of ADC channels */
  10:../../libdaisy/src/per/adc.h **** 
  11:../../libdaisy/src/per/adc.h **** namespace daisy
  12:../../libdaisy/src/per/adc.h **** {
  13:../../libdaisy/src/per/adc.h **** /** @addtogroup analog_digital_conversion
  14:../../libdaisy/src/per/adc.h ****     @{
  15:../../libdaisy/src/per/adc.h **** */
  16:../../libdaisy/src/per/adc.h **** 
  17:../../libdaisy/src/per/adc.h **** /* While there may not be many configuration options here,
  18:../../libdaisy/src/per/adc.h **** using a struct like this allows us to add more configuration
  19:../../libdaisy/src/per/adc.h **** later without breaking existing functionality.
  20:../../libdaisy/src/per/adc.h **** */
  21:../../libdaisy/src/per/adc.h **** 
  22:../../libdaisy/src/per/adc.h **** /** Configuration Structure for a given channel */
  23:../../libdaisy/src/per/adc.h **** struct AdcChannelConfig
  24:../../libdaisy/src/per/adc.h **** {
  25:../../libdaisy/src/per/adc.h ****     /** Which pin to use for multiplexing */
  26:../../libdaisy/src/per/adc.h ****     enum MuxPin
  27:../../libdaisy/src/per/adc.h ****     {
  28:../../libdaisy/src/per/adc.h ****         MUX_SEL_0,    /**< & */
  29:../../libdaisy/src/per/adc.h ****         MUX_SEL_1,    /**< & */
  30:../../libdaisy/src/per/adc.h ****         MUX_SEL_2,    /**< & */
  31:../../libdaisy/src/per/adc.h ****         MUX_SEL_LAST, /**< & */
  32:../../libdaisy/src/per/adc.h ****     };
  33:../../libdaisy/src/per/adc.h **** 
  34:../../libdaisy/src/per/adc.h ****     /** Initializes a single ADC pin as an ADC. 
  35:../../libdaisy/src/per/adc.h ****     \param pin Pin to init.
  36:../../libdaisy/src/per/adc.h ****      */
  37:../../libdaisy/src/per/adc.h ****     void InitSingle(dsy_gpio_pin pin);
ARM GAS  /tmp/ccEfOv66.s 			page 6


  38:../../libdaisy/src/per/adc.h **** 
  39:../../libdaisy/src/per/adc.h ****     /** 
  40:../../libdaisy/src/per/adc.h ****     Initializes a single ADC pin as a Multiplexed ADC.
  41:../../libdaisy/src/per/adc.h ****     Requires a CD405X Multiplexer connected to the pin.
  42:../../libdaisy/src/per/adc.h ****     You only need to supply the mux pins that are required,
  43:../../libdaisy/src/per/adc.h ****     e.g. a 4052 mux would only require mux_0 and mux_1.
  44:../../libdaisy/src/per/adc.h ****     Internal Callbacks handle the pin addressing.
  45:../../libdaisy/src/per/adc.h ****     \param mux_channels must be 1-8
  46:../../libdaisy/src/per/adc.h ****     \param mux_0 First mux pin
  47:../../libdaisy/src/per/adc.h ****     \param mux_1 Second mux pin
  48:../../libdaisy/src/per/adc.h ****     \param mux_2 Third mux pin
  49:../../libdaisy/src/per/adc.h ****     \param adc_pin &
  50:../../libdaisy/src/per/adc.h ****     */
  51:../../libdaisy/src/per/adc.h ****     void InitMux(dsy_gpio_pin adc_pin,
  52:../../libdaisy/src/per/adc.h ****                  size_t       mux_channels,
  53:../../libdaisy/src/per/adc.h ****                  dsy_gpio_pin mux_0,
  54:../../libdaisy/src/per/adc.h ****                  dsy_gpio_pin mux_1 = {DSY_GPIOX, 0},
  55:../../libdaisy/src/per/adc.h ****                  dsy_gpio_pin mux_2 = {DSY_GPIOX, 0});
  56:../../libdaisy/src/per/adc.h **** 
  57:../../libdaisy/src/per/adc.h ****     dsy_gpio pin_;                   /**< & */
  58:../../libdaisy/src/per/adc.h ****     dsy_gpio mux_pin_[MUX_SEL_LAST]; /**< & */
  59:../../libdaisy/src/per/adc.h ****     uint8_t  mux_channels_;          /**< & */
  60:../../libdaisy/src/per/adc.h **** };
  61:../../libdaisy/src/per/adc.h **** 
  62:../../libdaisy/src/per/adc.h **** /**
  63:../../libdaisy/src/per/adc.h ****    Handler for analog to digital conversion
  64:../../libdaisy/src/per/adc.h **** */
  65:../../libdaisy/src/per/adc.h **** class AdcHandle
  66:../../libdaisy/src/per/adc.h **** {
  67:../../libdaisy/src/per/adc.h ****   public:
  68:../../libdaisy/src/per/adc.h ****     /** Supported oversampling amounts */
  69:../../libdaisy/src/per/adc.h ****     enum OverSampling
  70:../../libdaisy/src/per/adc.h ****     {
  71:../../libdaisy/src/per/adc.h ****         OVS_NONE, /**< & */
  72:../../libdaisy/src/per/adc.h ****         OVS_4,    /**< & */
  73:../../libdaisy/src/per/adc.h ****         OVS_8,    /**< & */
  74:../../libdaisy/src/per/adc.h ****         OVS_16,   /**< & */
  75:../../libdaisy/src/per/adc.h ****         OVS_32,   /**< & */
  76:../../libdaisy/src/per/adc.h ****         OVS_64,   /**< & */
  77:../../libdaisy/src/per/adc.h ****         OVS_128,  /**< & */
  78:../../libdaisy/src/per/adc.h ****         OVS_256,  /**< & */
  79:../../libdaisy/src/per/adc.h ****         OVS_512,  /**< & */
  80:../../libdaisy/src/per/adc.h ****         OVS_1024, /**< & */
  81:../../libdaisy/src/per/adc.h ****         OVS_LAST, /**< & */
  82:../../libdaisy/src/per/adc.h ****     };
  83:../../libdaisy/src/per/adc.h **** 
  84:../../libdaisy/src/per/adc.h ****     AdcHandle() {}
  85:../../libdaisy/src/per/adc.h ****     ~AdcHandle() {}
 100              		.loc 6 85 5 is_stmt 1 view .LVU9
 101              		.loc 6 85 5 is_stmt 0 view .LVU10
 102              	.LBE74:
 103              	.LBB75:
 104              	.LBI75:
 105              		.file 7 "../../libdaisy/src/hid/audio.h"
   1:../../libdaisy/src/hid/audio.h **** #ifndef DSY_AUDIO_H
   2:../../libdaisy/src/hid/audio.h **** #define DSY_AUDIO_H /**< & */
   3:../../libdaisy/src/hid/audio.h **** 
ARM GAS  /tmp/ccEfOv66.s 			page 7


   4:../../libdaisy/src/hid/audio.h **** #include "per/sai.h"
   5:../../libdaisy/src/hid/audio.h **** 
   6:../../libdaisy/src/hid/audio.h **** namespace daisy
   7:../../libdaisy/src/hid/audio.h **** {
   8:../../libdaisy/src/hid/audio.h **** class AudioHandle
   9:../../libdaisy/src/hid/audio.h **** {
  10:../../libdaisy/src/hid/audio.h ****   public:
  11:../../libdaisy/src/hid/audio.h ****     /** Manually configurable details about the Audio Engine */
  12:../../libdaisy/src/hid/audio.h ****     /** TODO: Figure out how to get samplerate in here. */
  13:../../libdaisy/src/hid/audio.h ****     struct Config
  14:../../libdaisy/src/hid/audio.h ****     {
  15:../../libdaisy/src/hid/audio.h ****         size_t                        blocksize;
  16:../../libdaisy/src/hid/audio.h ****         SaiHandle::Config::SampleRate samplerate;
  17:../../libdaisy/src/hid/audio.h ****         float                         postgain;
  18:../../libdaisy/src/hid/audio.h ****     };
  19:../../libdaisy/src/hid/audio.h **** 
  20:../../libdaisy/src/hid/audio.h ****     enum class Result
  21:../../libdaisy/src/hid/audio.h ****     {
  22:../../libdaisy/src/hid/audio.h ****         OK,
  23:../../libdaisy/src/hid/audio.h ****         ERR,
  24:../../libdaisy/src/hid/audio.h ****     };
  25:../../libdaisy/src/hid/audio.h **** 
  26:../../libdaisy/src/hid/audio.h ****     /** Non-Interleaving input buffer
  27:../../libdaisy/src/hid/audio.h ****      * Buffer arranged by float[chn][sample] 
  28:../../libdaisy/src/hid/audio.h ****      * const so that the user can't modify the input
  29:../../libdaisy/src/hid/audio.h ****     */
  30:../../libdaisy/src/hid/audio.h ****     typedef const float* const* InputBuffer;
  31:../../libdaisy/src/hid/audio.h **** 
  32:../../libdaisy/src/hid/audio.h ****     /** Non-Interleaving output buffer
  33:../../libdaisy/src/hid/audio.h ****      * Arranged by float[chn][sample] 
  34:../../libdaisy/src/hid/audio.h ****     */
  35:../../libdaisy/src/hid/audio.h ****     typedef float** OutputBuffer;
  36:../../libdaisy/src/hid/audio.h **** 
  37:../../libdaisy/src/hid/audio.h ****     /** Type for a Non-Interleaving audio callback 
  38:../../libdaisy/src/hid/audio.h ****    * Non-Interleaving audio callbacks in daisy will be of this type
  39:../../libdaisy/src/hid/audio.h ****   */
  40:../../libdaisy/src/hid/audio.h ****     typedef void (*AudioCallback)(InputBuffer  in,
  41:../../libdaisy/src/hid/audio.h ****                                   OutputBuffer out,
  42:../../libdaisy/src/hid/audio.h ****                                   size_t       size);
  43:../../libdaisy/src/hid/audio.h **** 
  44:../../libdaisy/src/hid/audio.h ****     /** Interleaving Input buffer
  45:../../libdaisy/src/hid/audio.h ****      ** audio is prepared as { L0, R0, L1, R1, . . . LN, RN }]
  46:../../libdaisy/src/hid/audio.h ****      ** this is const, as the user shouldn't modify it
  47:../../libdaisy/src/hid/audio.h ****     */
  48:../../libdaisy/src/hid/audio.h ****     typedef const float* InterleavingInputBuffer;
  49:../../libdaisy/src/hid/audio.h **** 
  50:../../libdaisy/src/hid/audio.h ****     /** Interleaving Output buffer 
  51:../../libdaisy/src/hid/audio.h ****      ** audio is prepared as { L0, R0, L1, R1, . . . LN, RN }
  52:../../libdaisy/src/hid/audio.h ****     */
  53:../../libdaisy/src/hid/audio.h ****     typedef float* InterleavingOutputBuffer;
  54:../../libdaisy/src/hid/audio.h **** 
  55:../../libdaisy/src/hid/audio.h ****     /** Interleaving Audio Callback 
  56:../../libdaisy/src/hid/audio.h ****    * Interleaving audio callbacks in daisy must be of this type
  57:../../libdaisy/src/hid/audio.h ****   */
  58:../../libdaisy/src/hid/audio.h ****     typedef void (*InterleavingAudioCallback)(InterleavingInputBuffer  in,
  59:../../libdaisy/src/hid/audio.h ****                                               InterleavingOutputBuffer out,
  60:../../libdaisy/src/hid/audio.h ****                                               size_t                   size);
ARM GAS  /tmp/ccEfOv66.s 			page 8


  61:../../libdaisy/src/hid/audio.h **** 
  62:../../libdaisy/src/hid/audio.h ****     AudioHandle() : pimpl_(nullptr) {}
  63:../../libdaisy/src/hid/audio.h ****     ~AudioHandle() {}
 106              		.loc 7 63 5 is_stmt 1 view .LVU11
 107              		.loc 7 63 5 is_stmt 0 view .LVU12
 108              	.LBE75:
 109              		.loc 3 22 19 view .LVU13
 110 0000 7047     		bx	lr
 111              		.cfi_endproc
 112              	.LFE4207:
 114              		.weak	_ZN5daisy9DaisySeedD1Ev
 115              		.thumb_set _ZN5daisy9DaisySeedD1Ev,_ZN5daisy9DaisySeedD2Ev
 116 0002 00BF     		.section	.text._ZL13AudioCallbackPKfPfj,"ax",%progbits
 117              		.align	1
 118              		.p2align 2,,3
 119              		.syntax unified
 120              		.thumb
 121              		.thumb_func
 122              		.fpu fpv5-d16
 124              	_ZL13AudioCallbackPKfPfj:
 125              	.LVL3:
 126              	.LFB4212:
 127              		.file 8 "metro.cpp"
   1:metro.cpp     **** #include "daisysp.h"
   2:metro.cpp     **** #include "daisy_seed.h"
   3:metro.cpp     **** 
   4:metro.cpp     **** using namespace daisysp;
   5:metro.cpp     **** using namespace daisy;
   6:metro.cpp     **** 
   7:metro.cpp     **** static DaisySeed  seed;
   8:metro.cpp     **** static Metro      clock;
   9:metro.cpp     **** static Oscillator osc_sine;
  10:metro.cpp     **** 
  11:metro.cpp     **** static void AudioCallback(AudioHandle::InterleavingInputBuffer  in,
  12:metro.cpp     ****                           AudioHandle::InterleavingOutputBuffer out,
  13:metro.cpp     ****                           size_t                                size)
  14:metro.cpp     **** {
 128              		.loc 8 14 1 is_stmt 1 view -0
 129              		.cfi_startproc
 130              		@ args = 0, pretend = 0, frame = 0
 131              		@ frame_needed = 0, uses_anonymous_args = 0
  15:metro.cpp     ****     float   sine, freq;
 132              		.loc 8 15 5 view .LVU15
  16:metro.cpp     ****     uint8_t tic;
 133              		.loc 8 16 5 view .LVU16
  17:metro.cpp     ****     for(size_t i = 0; i < size; i += 2)
 134              		.loc 8 17 5 view .LVU17
 135              	.LBB76:
 136              		.loc 8 17 25 view .LVU18
 137 0000 92B3     		cbz	r2, .L17
 138 0002 013A     		subs	r2, r2, #1
 139              	.LVL4:
 140              		.loc 8 17 25 is_stmt 0 view .LVU19
 141              	.LBE76:
  14:metro.cpp     ****     float   sine, freq;
 142              		.loc 8 14 1 view .LVU20
 143 0004 F8B5     		push	{r3, r4, r5, r6, r7, lr}
ARM GAS  /tmp/ccEfOv66.s 			page 9


 144              		.cfi_def_cfa_offset 24
 145              		.cfi_offset 3, -24
 146              		.cfi_offset 4, -20
 147              		.cfi_offset 5, -16
 148              		.cfi_offset 6, -12
 149              		.cfi_offset 7, -8
 150              		.cfi_offset 14, -4
 151 0006 0C46     		mov	r4, r1
 152              	.LBB83:
 153              		.loc 8 17 16 view .LVU21
 154 0008 0025     		movs	r5, #0
 155 000a 22F00106 		bic	r6, r2, #1
 156 000e 0BE0     		b	.L8
 157              	.LVL5:
 158              	.L7:
  18:metro.cpp     ****     {
  19:metro.cpp     ****         tic = clock.Process();
  20:metro.cpp     ****         if(tic)
  21:metro.cpp     ****         {
  22:metro.cpp     ****             freq = rand() % 500;
  23:metro.cpp     ****             osc_sine.SetFreq(freq);
  24:metro.cpp     ****         }
  25:metro.cpp     **** 
  26:metro.cpp     ****         sine = osc_sine.Process();
 159              		.loc 8 26 9 is_stmt 1 discriminator 2 view .LVU22
 160              		.loc 8 26 32 is_stmt 0 discriminator 2 view .LVU23
 161 0010 1648     		ldr	r0, .L21
 162 0012 0834     		adds	r4, r4, #8
 163 0014 FFF7FEFF 		bl	_ZN7daisysp10Oscillator7ProcessEv
 164              	.LVL6:
  17:metro.cpp     ****     {
 165              		.loc 8 17 35 discriminator 2 view .LVU24
 166 0018 AB1C     		adds	r3, r5, #2
 167              	.LVL7:
  27:metro.cpp     **** 
  28:metro.cpp     ****         // left out
  29:metro.cpp     ****         out[i] = sine;
 168              		.loc 8 29 9 is_stmt 1 discriminator 2 view .LVU25
  17:metro.cpp     ****     {
 169              		.loc 8 17 25 is_stmt 0 discriminator 2 view .LVU26
 170 001a B542     		cmp	r5, r6
 171              		.loc 8 29 16 discriminator 2 view .LVU27
 172 001c 04ED020A 		vstr.32	s0, [r4, #-8]
  30:metro.cpp     **** 
  31:metro.cpp     ****         // right out
  32:metro.cpp     ****         out[i + 1] = sine;
 173              		.loc 8 32 9 is_stmt 1 discriminator 2 view .LVU28
 174              		.loc 8 32 20 is_stmt 0 discriminator 2 view .LVU29
 175 0020 04ED010A 		vstr.32	s0, [r4, #-4]
  17:metro.cpp     ****     {
 176              		.loc 8 17 5 is_stmt 1 discriminator 2 view .LVU30
 177              	.LVL8:
  17:metro.cpp     ****     {
 178              		.loc 8 17 25 discriminator 2 view .LVU31
 179 0024 1D46     		mov	r5, r3
 180 0026 1ED0     		beq	.L20
 181              	.LVL9:
ARM GAS  /tmp/ccEfOv66.s 			page 10


 182              	.L8:
  19:metro.cpp     ****         if(tic)
 183              		.loc 8 19 9 view .LVU32
  19:metro.cpp     ****         if(tic)
 184              		.loc 8 19 28 is_stmt 0 view .LVU33
 185 0028 1148     		ldr	r0, .L21+4
 186 002a FFF7FEFF 		bl	_ZN7daisysp5Metro7ProcessEv
 187              	.LVL10:
  20:metro.cpp     ****         {
 188              		.loc 8 20 9 is_stmt 1 view .LVU34
 189 002e 0028     		cmp	r0, #0
 190 0030 EED0     		beq	.L7
  22:metro.cpp     ****             osc_sine.SetFreq(freq);
 191              		.loc 8 22 13 view .LVU35
  22:metro.cpp     ****             osc_sine.SetFreq(freq);
 192              		.loc 8 22 24 is_stmt 0 view .LVU36
 193 0032 FFF7FEFF 		bl	rand
 194              	.LVL11:
  22:metro.cpp     ****             osc_sine.SetFreq(freq);
 195              		.loc 8 22 27 view .LVU37
 196 0036 0F4B     		ldr	r3, .L21+8
  22:metro.cpp     ****             osc_sine.SetFreq(freq);
 197              		.loc 8 22 24 view .LVU38
 198 0038 0146     		mov	r1, r0
  22:metro.cpp     ****             osc_sine.SetFreq(freq);
 199              		.loc 8 22 27 view .LVU39
 200 003a 4FF4FA7C 		mov	ip, #500
 201 003e 83FB0023 		smull	r2, r3, r3, r0
 202 0042 C217     		asrs	r2, r0, #31
 203              	.LBB77:
 204              	.LBB78:
  17:../../DaisySP/Source/Synthesis/oscillator.h ****     /** Choices for output waveforms, POLYBLEP are appropriately labeled. Others are naive forms.
  18:../../DaisySP/Source/Synthesis/oscillator.h ****     */
  19:../../DaisySP/Source/Synthesis/oscillator.h ****     enum
  20:../../DaisySP/Source/Synthesis/oscillator.h ****     {
  21:../../DaisySP/Source/Synthesis/oscillator.h ****         WAVE_SIN,
  22:../../DaisySP/Source/Synthesis/oscillator.h ****         WAVE_TRI,
  23:../../DaisySP/Source/Synthesis/oscillator.h ****         WAVE_SAW,
  24:../../DaisySP/Source/Synthesis/oscillator.h ****         WAVE_RAMP,
  25:../../DaisySP/Source/Synthesis/oscillator.h ****         WAVE_SQUARE,
  26:../../DaisySP/Source/Synthesis/oscillator.h ****         WAVE_POLYBLEP_TRI,
  27:../../DaisySP/Source/Synthesis/oscillator.h ****         WAVE_POLYBLEP_SAW,
  28:../../DaisySP/Source/Synthesis/oscillator.h ****         WAVE_POLYBLEP_SQUARE,
  29:../../DaisySP/Source/Synthesis/oscillator.h ****         WAVE_LAST,
  30:../../DaisySP/Source/Synthesis/oscillator.h ****     };
  31:../../DaisySP/Source/Synthesis/oscillator.h **** 
  32:../../DaisySP/Source/Synthesis/oscillator.h **** 
  33:../../DaisySP/Source/Synthesis/oscillator.h ****     /** Initializes the Oscillator
  34:../../DaisySP/Source/Synthesis/oscillator.h **** 
  35:../../DaisySP/Source/Synthesis/oscillator.h ****         \param sample_rate - sample rate of the audio engine being run, and the frequency that the 
  36:../../DaisySP/Source/Synthesis/oscillator.h **** 
  37:../../DaisySP/Source/Synthesis/oscillator.h ****         Defaults:
  38:../../DaisySP/Source/Synthesis/oscillator.h ****         - freq_ = 100 Hz
  39:../../DaisySP/Source/Synthesis/oscillator.h ****         - amp_ = 0.5
  40:../../DaisySP/Source/Synthesis/oscillator.h ****         - waveform_ = sine wave.
  41:../../DaisySP/Source/Synthesis/oscillator.h ****     */
  42:../../DaisySP/Source/Synthesis/oscillator.h ****     void Init(float sample_rate)
ARM GAS  /tmp/ccEfOv66.s 			page 11


  43:../../DaisySP/Source/Synthesis/oscillator.h ****     {
  44:../../DaisySP/Source/Synthesis/oscillator.h ****         sr_        = sample_rate;
  45:../../DaisySP/Source/Synthesis/oscillator.h ****         sr_recip_  = 1.0f / sample_rate;
  46:../../DaisySP/Source/Synthesis/oscillator.h ****         freq_      = 100.0f;
  47:../../DaisySP/Source/Synthesis/oscillator.h ****         amp_       = 0.5f;
  48:../../DaisySP/Source/Synthesis/oscillator.h ****         phase_     = 0.0f;
  49:../../DaisySP/Source/Synthesis/oscillator.h ****         phase_inc_ = CalcPhaseInc(freq_);
  50:../../DaisySP/Source/Synthesis/oscillator.h ****         waveform_  = WAVE_SIN;
  51:../../DaisySP/Source/Synthesis/oscillator.h ****         eoc_       = true;
  52:../../DaisySP/Source/Synthesis/oscillator.h ****         eor_       = true;
  53:../../DaisySP/Source/Synthesis/oscillator.h ****     }
  54:../../DaisySP/Source/Synthesis/oscillator.h **** 
  55:../../DaisySP/Source/Synthesis/oscillator.h **** 
  56:../../DaisySP/Source/Synthesis/oscillator.h ****     /** Changes the frequency of the Oscillator, and recalculates phase increment.
  57:../../DaisySP/Source/Synthesis/oscillator.h ****     */
  58:../../DaisySP/Source/Synthesis/oscillator.h ****     inline void SetFreq(const float f)
  59:../../DaisySP/Source/Synthesis/oscillator.h ****     {
  60:../../DaisySP/Source/Synthesis/oscillator.h ****         freq_      = f;
 205              		.loc 1 60 20 view .LVU40
 206 0044 094F     		ldr	r7, .L21
 207              	.LBE78:
 208              	.LBE77:
  22:metro.cpp     ****             osc_sine.SetFreq(freq);
 209              		.loc 8 22 27 view .LVU41
 210 0046 C2EB6313 		rsb	r3, r2, r3, asr #5
 211              	.LBB81:
 212              	.LBB79:
  61:../../DaisySP/Source/Synthesis/oscillator.h ****         phase_inc_ = CalcPhaseInc(f);
 213              		.loc 1 61 34 view .LVU42
 214 004a 3846     		mov	r0, r7
 215              	.LBE79:
 216              	.LBE81:
  22:metro.cpp     ****             osc_sine.SetFreq(freq);
 217              		.loc 8 22 27 view .LVU43
 218 004c 0CFB1313 		mls	r3, ip, r3, r1
 219 0050 00EE103A 		vmov	s0, r3	@ int
  22:metro.cpp     ****             osc_sine.SetFreq(freq);
 220              		.loc 8 22 18 view .LVU44
 221 0054 B8EEC00A 		vcvt.f32.s32	s0, s0
 222              	.LVL12:
  23:metro.cpp     ****         }
 223              		.loc 8 23 13 is_stmt 1 view .LVU45
 224              	.LBB82:
 225              	.LBI77:
  58:../../DaisySP/Source/Synthesis/oscillator.h ****     {
 226              		.loc 1 58 17 view .LVU46
 227              	.LBB80:
  60:../../DaisySP/Source/Synthesis/oscillator.h ****         phase_inc_ = CalcPhaseInc(f);
 228              		.loc 1 60 9 view .LVU47
  60:../../DaisySP/Source/Synthesis/oscillator.h ****         phase_inc_ = CalcPhaseInc(f);
 229              		.loc 1 60 20 is_stmt 0 view .LVU48
 230 0058 87ED020A 		vstr.32	s0, [r7, #8]
 231              		.loc 1 61 9 is_stmt 1 view .LVU49
 232              		.loc 1 61 34 is_stmt 0 view .LVU50
 233 005c FFF7FEFF 		bl	_ZN7daisysp10Oscillator12CalcPhaseIncEf
 234              	.LVL13:
 235              		.loc 1 61 20 view .LVU51
ARM GAS  /tmp/ccEfOv66.s 			page 12


 236 0060 87ED060A 		vstr.32	s0, [r7, #24]
  62:../../DaisySP/Source/Synthesis/oscillator.h ****     }
 237              		.loc 1 62 5 view .LVU52
 238 0064 D4E7     		b	.L7
 239              	.LVL14:
 240              	.L20:
 241              		.loc 1 62 5 view .LVU53
 242              	.LBE80:
 243              	.LBE82:
 244              	.LBE83:
  33:metro.cpp     ****     }
  34:metro.cpp     **** }
 245              		.loc 8 34 1 view .LVU54
 246 0066 F8BD     		pop	{r3, r4, r5, r6, r7, pc}
 247              	.LVL15:
 248              	.L17:
 249              		.cfi_def_cfa_offset 0
 250              		.cfi_restore 3
 251              		.cfi_restore 4
 252              		.cfi_restore 5
 253              		.cfi_restore 6
 254              		.cfi_restore 7
 255              		.cfi_restore 14
 256              		.loc 8 34 1 view .LVU55
 257 0068 7047     		bx	lr
 258              	.L22:
 259 006a 00BF     		.align	2
 260              	.L21:
 261 006c 00000000 		.word	.LANCHOR1
 262 0070 00000000 		.word	.LANCHOR0
 263 0074 D34D6210 		.word	274877907
 264              		.cfi_endproc
 265              	.LFE4212:
 267              		.section	.text.startup.main,"ax",%progbits
 268              		.align	1
 269              		.p2align 2,,3
 270              		.global	main
 271              		.syntax unified
 272              		.thumb
 273              		.thumb_func
 274              		.fpu fpv5-d16
 276              	main:
 277              	.LFB4213:
  35:metro.cpp     **** 
  36:metro.cpp     **** int main(void)
  37:metro.cpp     **** {
 278              		.loc 8 37 1 is_stmt 1 view -0
 279              		.cfi_startproc
 280              		@ args = 0, pretend = 0, frame = 0
 281              		@ frame_needed = 0, uses_anonymous_args = 0
  38:metro.cpp     ****     // initialize seed hardware and daisysp modules
  39:metro.cpp     ****     float sample_rate;
 282              		.loc 8 39 5 view .LVU57
  40:metro.cpp     ****     seed.Configure();
 283              		.loc 8 40 5 view .LVU58
  37:metro.cpp     ****     // initialize seed hardware and daisysp modules
 284              		.loc 8 37 1 is_stmt 0 view .LVU59
ARM GAS  /tmp/ccEfOv66.s 			page 13


 285 0000 10B5     		push	{r4, lr}
 286              		.cfi_def_cfa_offset 8
 287              		.cfi_offset 4, -8
 288              		.cfi_offset 14, -4
 289              		.loc 8 40 19 view .LVU60
 290 0002 2348     		ldr	r0, .L26
 291              	.LBB84:
 292              	.LBB85:
  44:../../DaisySP/Source/Synthesis/oscillator.h ****         sr_recip_  = 1.0f / sample_rate;
 293              		.loc 1 44 20 view .LVU61
 294 0004 234C     		ldr	r4, .L26+4
 295              	.LBE85:
 296              	.LBE84:
  37:metro.cpp     ****     // initialize seed hardware and daisysp modules
 297              		.loc 8 37 1 view .LVU62
 298 0006 2DED028B 		vpush.64	{d8}
 299              		.cfi_def_cfa_offset 16
 300              		.cfi_offset 80, -16
 301              		.cfi_offset 81, -12
 302              		.loc 8 40 19 view .LVU63
 303 000a FFF7FEFF 		bl	_ZN5daisy9DaisySeed9ConfigureEv
 304              	.LVL16:
  41:metro.cpp     ****     seed.Init();
 305              		.loc 8 41 5 is_stmt 1 view .LVU64
 306              		.loc 8 41 14 is_stmt 0 view .LVU65
 307 000e 0021     		movs	r1, #0
 308 0010 1F48     		ldr	r0, .L26
 309 0012 FFF7FEFF 		bl	_ZN5daisy9DaisySeed4InitEb
 310              	.LVL17:
  42:metro.cpp     ****     sample_rate = seed.AudioSampleRate();
 311              		.loc 8 42 5 is_stmt 1 view .LVU66
 312              		.loc 8 42 39 is_stmt 0 view .LVU67
 313 0016 1E48     		ldr	r0, .L26
 314 0018 FFF7FEFF 		bl	_ZN5daisy9DaisySeed15AudioSampleRateEv
 315              	.LVL18:
 316 001c B0EE408A 		vmov.f32	s16, s0
  43:metro.cpp     **** 
  44:metro.cpp     ****     // initialize Metro object at 2 hz
  45:metro.cpp     ****     clock.Init(2, sample_rate);
 317              		.loc 8 45 15 view .LVU68
 318 0020 1D48     		ldr	r0, .L26+8
 319 0022 B0EE000A 		vmov.f32	s0, #2.0e+0
 320              	.LVL19:
 321              		.loc 8 45 5 is_stmt 1 view .LVU69
 322              	.LBB90:
 323              	.LBB86:
  46:../../DaisySP/Source/Synthesis/oscillator.h ****         amp_       = 0.5f;
 324              		.loc 1 46 20 is_stmt 0 view .LVU70
 325 0026 DFED1D8A 		vldr.32	s17, .L26+12
 326              	.LBE86:
 327              	.LBE90:
 328              		.loc 8 45 15 view .LVU71
 329 002a F0EE480A 		vmov.f32	s1, s16
 330 002e FFF7FEFF 		bl	_ZN7daisysp5Metro4InitEff
 331              	.LVL20:
  46:metro.cpp     **** 
  47:metro.cpp     ****     // set parameters for sine oscillator object
ARM GAS  /tmp/ccEfOv66.s 			page 14


  48:metro.cpp     ****     osc_sine.Init(sample_rate);
 332              		.loc 8 48 5 is_stmt 1 view .LVU72
 333              	.LBB91:
 334              	.LBI84:
  42:../../DaisySP/Source/Synthesis/oscillator.h ****     {
 335              		.loc 1 42 10 view .LVU73
 336              	.LBB87:
  44:../../DaisySP/Source/Synthesis/oscillator.h ****         sr_recip_  = 1.0f / sample_rate;
 337              		.loc 1 44 9 view .LVU74
  45:../../DaisySP/Source/Synthesis/oscillator.h ****         freq_      = 100.0f;
 338              		.loc 1 45 27 is_stmt 0 view .LVU75
 339 0032 B7EE007A 		vmov.f32	s14, #1.0e+0
  47:../../DaisySP/Source/Synthesis/oscillator.h ****         phase_     = 0.0f;
 340              		.loc 1 47 20 view .LVU76
 341 0036 4FF07C52 		mov	r2, #1056964608
  48:../../DaisySP/Source/Synthesis/oscillator.h ****         phase_inc_ = CalcPhaseInc(freq_);
 342              		.loc 1 48 20 view .LVU77
 343 003a 0023     		movs	r3, #0
  49:../../DaisySP/Source/Synthesis/oscillator.h ****         waveform_  = WAVE_SIN;
 344              		.loc 1 49 34 view .LVU78
 345 003c 2046     		mov	r0, r4
 346 003e B0EE680A 		vmov.f32	s0, s17
  45:../../DaisySP/Source/Synthesis/oscillator.h ****         freq_      = 100.0f;
 347              		.loc 1 45 27 view .LVU79
 348 0042 C7EE087A 		vdiv.f32	s15, s14, s16
  47:../../DaisySP/Source/Synthesis/oscillator.h ****         phase_     = 0.0f;
 349              		.loc 1 47 20 view .LVU80
 350 0046 6260     		str	r2, [r4, #4]	@ float
  48:../../DaisySP/Source/Synthesis/oscillator.h ****         phase_inc_ = CalcPhaseInc(freq_);
 351              		.loc 1 48 20 view .LVU81
 352 0048 6361     		str	r3, [r4, #20]	@ float
  44:../../DaisySP/Source/Synthesis/oscillator.h ****         sr_recip_  = 1.0f / sample_rate;
 353              		.loc 1 44 20 view .LVU82
 354 004a 84ED038A 		vstr.32	s16, [r4, #12]
  45:../../DaisySP/Source/Synthesis/oscillator.h ****         freq_      = 100.0f;
 355              		.loc 1 45 9 is_stmt 1 view .LVU83
  46:../../DaisySP/Source/Synthesis/oscillator.h ****         amp_       = 0.5f;
 356              		.loc 1 46 20 is_stmt 0 view .LVU84
 357 004e C4ED028A 		vstr.32	s17, [r4, #8]
  45:../../DaisySP/Source/Synthesis/oscillator.h ****         freq_      = 100.0f;
 358              		.loc 1 45 20 view .LVU85
 359 0052 C4ED047A 		vstr.32	s15, [r4, #16]
  46:../../DaisySP/Source/Synthesis/oscillator.h ****         amp_       = 0.5f;
 360              		.loc 1 46 9 is_stmt 1 view .LVU86
  47:../../DaisySP/Source/Synthesis/oscillator.h ****         phase_     = 0.0f;
 361              		.loc 1 47 9 view .LVU87
  48:../../DaisySP/Source/Synthesis/oscillator.h ****         phase_inc_ = CalcPhaseInc(freq_);
 362              		.loc 1 48 9 view .LVU88
  49:../../DaisySP/Source/Synthesis/oscillator.h ****         waveform_  = WAVE_SIN;
 363              		.loc 1 49 9 view .LVU89
  49:../../DaisySP/Source/Synthesis/oscillator.h ****         waveform_  = WAVE_SIN;
 364              		.loc 1 49 34 is_stmt 0 view .LVU90
 365 0056 FFF7FEFF 		bl	_ZN7daisysp10Oscillator12CalcPhaseIncEf
 366              	.LVL21:
 367 005a F0EE407A 		vmov.f32	s15, s0
  52:../../DaisySP/Source/Synthesis/oscillator.h ****     }
 368              		.loc 1 52 20 view .LVU91
ARM GAS  /tmp/ccEfOv66.s 			page 15


 369 005e 40F20113 		movw	r3, #257
  50:../../DaisySP/Source/Synthesis/oscillator.h ****         eoc_       = true;
 370              		.loc 1 50 20 view .LVU92
 371 0062 0022     		movs	r2, #0
 372              	.LBE87:
 373              	.LBE91:
 374              	.LBB92:
 375              	.LBB93:
  61:../../DaisySP/Source/Synthesis/oscillator.h ****     }
 376              		.loc 1 61 34 view .LVU93
 377 0064 2046     		mov	r0, r4
 378 0066 B0EE680A 		vmov.f32	s0, s17
 379              	.LBE93:
 380              	.LBE92:
 381              	.LBB97:
 382              	.LBB88:
  52:../../DaisySP/Source/Synthesis/oscillator.h ****     }
 383              		.loc 1 52 20 view .LVU94
 384 006a A384     		strh	r3, [r4, #36]	@ movhi
 385              	.LBE88:
 386              	.LBE97:
 387              	.LBB98:
 388              	.LBB94:
  60:../../DaisySP/Source/Synthesis/oscillator.h ****         phase_inc_ = CalcPhaseInc(f);
 389              		.loc 1 60 20 view .LVU95
 390 006c C4ED028A 		vstr.32	s17, [r4, #8]
 391              	.LBE94:
 392              	.LBE98:
 393              	.LBB99:
 394              	.LBB89:
  49:../../DaisySP/Source/Synthesis/oscillator.h ****         waveform_  = WAVE_SIN;
 395              		.loc 1 49 20 view .LVU96
 396 0070 C4ED067A 		vstr.32	s15, [r4, #24]
  50:../../DaisySP/Source/Synthesis/oscillator.h ****         eoc_       = true;
 397              		.loc 1 50 9 is_stmt 1 view .LVU97
  50:../../DaisySP/Source/Synthesis/oscillator.h ****         eoc_       = true;
 398              		.loc 1 50 20 is_stmt 0 view .LVU98
 399 0074 2270     		strb	r2, [r4]
  51:../../DaisySP/Source/Synthesis/oscillator.h ****         eor_       = true;
 400              		.loc 1 51 9 is_stmt 1 view .LVU99
  52:../../DaisySP/Source/Synthesis/oscillator.h ****     }
 401              		.loc 1 52 9 view .LVU100
 402              	.LVL22:
  52:../../DaisySP/Source/Synthesis/oscillator.h ****     }
 403              		.loc 1 52 9 is_stmt 0 view .LVU101
 404              	.LBE89:
 405              	.LBE99:
  49:metro.cpp     ****     osc_sine.SetWaveform(Oscillator::WAVE_SIN);
 406              		.loc 8 49 5 is_stmt 1 view .LVU102
  63:../../DaisySP/Source/Synthesis/oscillator.h **** 
  64:../../DaisySP/Source/Synthesis/oscillator.h **** 
  65:../../DaisySP/Source/Synthesis/oscillator.h ****     /** Sets the amplitude of the waveform.
  66:../../DaisySP/Source/Synthesis/oscillator.h ****     */
  67:../../DaisySP/Source/Synthesis/oscillator.h ****     inline void SetAmp(const float a) { amp_ = a; }
  68:../../DaisySP/Source/Synthesis/oscillator.h ****     /** Sets the waveform to be synthesized by the Process() function.
  69:../../DaisySP/Source/Synthesis/oscillator.h ****     */
  70:../../DaisySP/Source/Synthesis/oscillator.h ****     inline void SetWaveform(const uint8_t wf)
ARM GAS  /tmp/ccEfOv66.s 			page 16


  71:../../DaisySP/Source/Synthesis/oscillator.h ****     {
  72:../../DaisySP/Source/Synthesis/oscillator.h ****         waveform_ = wf < WAVE_LAST ? wf : WAVE_SIN;
 407              		.loc 1 72 9 view .LVU103
  50:metro.cpp     ****     osc_sine.SetFreq(100);
 408              		.loc 8 50 5 view .LVU104
 409              	.LBB100:
 410              	.LBI92:
  58:../../DaisySP/Source/Synthesis/oscillator.h ****     {
 411              		.loc 1 58 17 view .LVU105
 412              	.LBB95:
  60:../../DaisySP/Source/Synthesis/oscillator.h ****         phase_inc_ = CalcPhaseInc(f);
 413              		.loc 1 60 9 view .LVU106
  61:../../DaisySP/Source/Synthesis/oscillator.h ****     }
 414              		.loc 1 61 9 view .LVU107
  61:../../DaisySP/Source/Synthesis/oscillator.h ****     }
 415              		.loc 1 61 34 is_stmt 0 view .LVU108
 416 0076 FFF7FEFF 		bl	_ZN7daisysp10Oscillator12CalcPhaseIncEf
 417              	.LVL23:
 418              	.LBE95:
 419              	.LBE100:
 420              	.LBB101:
 421              	.LBB102:
  67:../../DaisySP/Source/Synthesis/oscillator.h ****     /** Sets the waveform to be synthesized by the Process() function.
 422              		.loc 1 67 46 view .LVU109
 423 007a 4FF07A53 		mov	r3, #1048576000
 424              	.LBE102:
 425              	.LBE101:
  51:metro.cpp     ****     osc_sine.SetAmp(0.25);
  52:metro.cpp     **** 
  53:metro.cpp     **** 
  54:metro.cpp     ****     // start callback
  55:metro.cpp     ****     seed.StartAudio(AudioCallback);
 426              		.loc 8 55 20 view .LVU110
 427 007e 0849     		ldr	r1, .L26+16
 428 0080 0348     		ldr	r0, .L26
 429              	.LBB104:
 430              	.LBB96:
  61:../../DaisySP/Source/Synthesis/oscillator.h ****     }
 431              		.loc 1 61 20 view .LVU111
 432 0082 84ED060A 		vstr.32	s0, [r4, #24]
 433              	.LVL24:
  61:../../DaisySP/Source/Synthesis/oscillator.h ****     }
 434              		.loc 1 61 20 view .LVU112
 435              	.LBE96:
 436              	.LBE104:
  51:metro.cpp     ****     osc_sine.SetAmp(0.25);
 437              		.loc 8 51 5 is_stmt 1 view .LVU113
 438              	.LBB105:
 439              	.LBI101:
  67:../../DaisySP/Source/Synthesis/oscillator.h ****     /** Sets the waveform to be synthesized by the Process() function.
 440              		.loc 1 67 17 view .LVU114
 441              	.LBB103:
  67:../../DaisySP/Source/Synthesis/oscillator.h ****     /** Sets the waveform to be synthesized by the Process() function.
 442              		.loc 1 67 41 view .LVU115
  67:../../DaisySP/Source/Synthesis/oscillator.h ****     /** Sets the waveform to be synthesized by the Process() function.
 443              		.loc 1 67 46 is_stmt 0 view .LVU116
 444 0086 6360     		str	r3, [r4, #4]	@ float
ARM GAS  /tmp/ccEfOv66.s 			page 17


 445              	.LVL25:
  67:../../DaisySP/Source/Synthesis/oscillator.h ****     /** Sets the waveform to be synthesized by the Process() function.
 446              		.loc 1 67 46 view .LVU117
 447              	.LBE103:
 448              	.LBE105:
 449              		.loc 8 55 5 is_stmt 1 view .LVU118
 450              		.loc 8 55 20 is_stmt 0 view .LVU119
 451 0088 FFF7FEFF 		bl	_ZN5daisy9DaisySeed10StartAudioEPFvPKfPfjE
 452              	.LVL26:
 453              	.L24:
  56:metro.cpp     **** 
  57:metro.cpp     **** 
  58:metro.cpp     ****     while(1) {}
 454              		.loc 8 58 5 is_stmt 1 discriminator 1 view .LVU120
 455              		.loc 8 58 5 discriminator 1 view .LVU121
 456              		.loc 8 58 5 discriminator 1 view .LVU122
 457              		.loc 8 58 5 discriminator 1 view .LVU123
 458 008c FEE7     		b	.L24
 459              	.L27:
 460 008e 00BF     		.align	2
 461              	.L26:
 462 0090 00000000 		.word	.LANCHOR2
 463 0094 00000000 		.word	.LANCHOR1
 464 0098 00000000 		.word	.LANCHOR0
 465 009c 0000C842 		.word	1120403456
 466 00a0 00000000 		.word	_ZL13AudioCallbackPKfPfj
 467              		.cfi_endproc
 468              	.LFE4213:
 470              		.section	.text.startup._GLOBAL__sub_I_main,"ax",%progbits
 471              		.align	1
 472              		.p2align 2,,3
 473              		.syntax unified
 474              		.thumb
 475              		.thumb_func
 476              		.fpu fpv5-d16
 478              	_GLOBAL__sub_I_main:
 479              	.LFB4759:
  59:metro.cpp     **** }
 480              		.loc 8 59 1 view -0
 481              		.cfi_startproc
 482              		@ args = 0, pretend = 0, frame = 0
 483              		@ frame_needed = 0, uses_anonymous_args = 0
 484              	.LBB125:
 485              	.LBI125:
 486              		.loc 8 59 1 view .LVU125
 487              	.LVL27:
 488              	.LBB126:
 489              	.LBB127:
 490              	.LBI127:
  21:../../libdaisy/src/daisy_seed.h ****     ~DaisySeed() {}
 491              		.loc 3 21 5 view .LVU126
 492              	.LBB128:
 493              	.LBB129:
 494              	.LBI129:
  62:../../libdaisy/src/hid/audio.h ****     ~AudioHandle() {}
 495              		.loc 7 62 5 view .LVU127
 496              	.LBE129:
ARM GAS  /tmp/ccEfOv66.s 			page 18


 497              	.LBE128:
 498              	.LBE127:
 499              	.LBE126:
 500              	.LBE125:
 501              		.loc 8 59 1 is_stmt 0 view .LVU128
 502 0000 08B5     		push	{r3, lr}
 503              		.cfi_def_cfa_offset 8
 504              		.cfi_offset 3, -8
 505              		.cfi_offset 14, -4
 506              	.LBB150:
 507              	.LBB148:
 508              	.LBB144:
 509              	.LBB142:
 510              	.LBB134:
 511              	.LBB130:
 512              	.LBB131:
  62:../../libdaisy/src/hid/audio.h ****     ~AudioHandle() {}
 513              		.loc 7 62 35 view .LVU129
 514 0002 0A48     		ldr	r0, .L30
 515 0004 0023     		movs	r3, #0
 516              	.LBE131:
 517              	.LBE130:
 518              	.LBE134:
 519              	.LBE142:
 520              	.LBE144:
   7:metro.cpp     **** static Metro      clock;
 521              		.loc 8 7 19 view .LVU130
 522 0006 0A4A     		ldr	r2, .L30+4
 523              	.LBB145:
 524              	.LBB143:
 525              	.LBB135:
 526              	.LBB133:
 527              	.LBB132:
  62:../../libdaisy/src/hid/audio.h ****     ~AudioHandle() {}
 528              		.loc 7 62 35 view .LVU131
 529 0008 4361     		str	r3, [r0, #20]
 530              	.LVL28:
  62:../../libdaisy/src/hid/audio.h ****     ~AudioHandle() {}
 531              		.loc 7 62 35 view .LVU132
 532              	.LBE132:
 533              	.LBE133:
 534              	.LBE135:
 535              	.LBB136:
 536              	.LBI136:
  84:../../libdaisy/src/per/adc.h ****     ~AdcHandle() {}
 537              		.loc 6 84 5 is_stmt 1 view .LVU133
  84:../../libdaisy/src/per/adc.h ****     ~AdcHandle() {}
 538              		.loc 6 84 5 is_stmt 0 view .LVU134
 539              	.LBE136:
 540              	.LBB137:
 541              	.LBI137:
 542              		.file 9 "../../libdaisy/src/per/dac.h"
   1:../../libdaisy/src/per/dac.h **** #pragma once
   2:../../libdaisy/src/per/dac.h **** #ifndef DSY_DAC_H
   3:../../libdaisy/src/per/dac.h **** #define DSY_DAC_H
   4:../../libdaisy/src/per/dac.h **** 
   5:../../libdaisy/src/per/dac.h **** #include "daisy_core.h"
ARM GAS  /tmp/ccEfOv66.s 			page 19


   6:../../libdaisy/src/per/dac.h **** 
   7:../../libdaisy/src/per/dac.h **** namespace daisy
   8:../../libdaisy/src/per/dac.h **** {
   9:../../libdaisy/src/per/dac.h **** /** DAC handle for Built-in DAC Peripheral 
  10:../../libdaisy/src/per/dac.h ****  ** 
  11:../../libdaisy/src/per/dac.h ****  ** For now only Normal Mode is supported,
  12:../../libdaisy/src/per/dac.h ****  ** Sample and hold mode provides reduced power consumption, but requires a bit more setup.
  13:../../libdaisy/src/per/dac.h ****  **
  14:../../libdaisy/src/per/dac.h ****  ** For now connecting the DAC through other internal periphearls is also not supported.
  15:../../libdaisy/src/per/dac.h ****  **
  16:../../libdaisy/src/per/dac.h ****  ** Since the DAC channels have dedicated pins we don't need to pass in a pin config like with
  17:../../libdaisy/src/per/dac.h ****  ** other modules. However, it is still important to not try to use the DAC pins for anything else.
  18:../../libdaisy/src/per/dac.h ****  ** DAC Channel 1 is on PA4, and DAC Channel 2 is on PA5
  19:../../libdaisy/src/per/dac.h ****  ***/
  20:../../libdaisy/src/per/dac.h **** class DacHandle
  21:../../libdaisy/src/per/dac.h **** {
  22:../../libdaisy/src/per/dac.h ****   public:
  23:../../libdaisy/src/per/dac.h ****     /** Return Values for the DacHandle class */
  24:../../libdaisy/src/per/dac.h ****     enum class Result
  25:../../libdaisy/src/per/dac.h ****     {
  26:../../libdaisy/src/per/dac.h ****         OK,
  27:../../libdaisy/src/per/dac.h ****         ERR,
  28:../../libdaisy/src/per/dac.h ****     };
  29:../../libdaisy/src/per/dac.h **** 
  30:../../libdaisy/src/per/dac.h ****     /** Selects which channel(s) will be configured for use. */
  31:../../libdaisy/src/per/dac.h ****     enum class Channel
  32:../../libdaisy/src/per/dac.h ****     {
  33:../../libdaisy/src/per/dac.h ****         ONE,
  34:../../libdaisy/src/per/dac.h ****         TWO,
  35:../../libdaisy/src/per/dac.h ****         BOTH,
  36:../../libdaisy/src/per/dac.h ****     };
  37:../../libdaisy/src/per/dac.h **** 
  38:../../libdaisy/src/per/dac.h ****     /** Sets the Mode for the DAC channels.
  39:../../libdaisy/src/per/dac.h ****      **
  40:../../libdaisy/src/per/dac.h ****      ** Polling mode uses the blocking mode to transmit a single value at a time.
  41:../../libdaisy/src/per/dac.h ****      **
  42:../../libdaisy/src/per/dac.h ****      ** DMA mode uses a buffer, and periodically transmits it triggering a 
  43:../../libdaisy/src/per/dac.h ****      ** callback to fill the buffer when it is ready for more samples.
  44:../../libdaisy/src/per/dac.h ****      ***/
  45:../../libdaisy/src/per/dac.h ****     enum class Mode
  46:../../libdaisy/src/per/dac.h ****     {
  47:../../libdaisy/src/per/dac.h ****         POLLING,
  48:../../libdaisy/src/per/dac.h ****         DMA,
  49:../../libdaisy/src/per/dac.h ****     };
  50:../../libdaisy/src/per/dac.h **** 
  51:../../libdaisy/src/per/dac.h ****     /** Sets the number of bits per sample transmitted out of the DAC.
  52:../../libdaisy/src/per/dac.h ****      ** The output range will be: 0V - VDDA
  53:../../libdaisy/src/per/dac.h ****      ** The resolution will be roughly: bitdepth / (VDDA - 0V) 
  54:../../libdaisy/src/per/dac.h ****      ***/
  55:../../libdaisy/src/per/dac.h ****     enum class BitDepth
  56:../../libdaisy/src/per/dac.h ****     {
  57:../../libdaisy/src/per/dac.h ****         BITS_8,
  58:../../libdaisy/src/per/dac.h ****         BITS_12
  59:../../libdaisy/src/per/dac.h ****     };
  60:../../libdaisy/src/per/dac.h **** 
  61:../../libdaisy/src/per/dac.h ****     /** Sets whether the DAC output is buffered for higher drive ability. */
  62:../../libdaisy/src/per/dac.h ****     enum class BufferState
ARM GAS  /tmp/ccEfOv66.s 			page 20


  63:../../libdaisy/src/per/dac.h ****     {
  64:../../libdaisy/src/per/dac.h ****         ENABLED,
  65:../../libdaisy/src/per/dac.h ****         DISABLED,
  66:../../libdaisy/src/per/dac.h ****     };
  67:../../libdaisy/src/per/dac.h **** 
  68:../../libdaisy/src/per/dac.h ****     /** Configuration structure for initializing the DAC structure. */
  69:../../libdaisy/src/per/dac.h ****     struct Config
  70:../../libdaisy/src/per/dac.h ****     {
  71:../../libdaisy/src/per/dac.h ****         /** Target Samplerate in Hz used to configure the internal 
  72:../../libdaisy/src/per/dac.h ****          ** timebase for DMA mode. Does nothing in POLLING mode.
  73:../../libdaisy/src/per/dac.h ****          ** If the value is 0 at Init time this will default to 48000Hz 
  74:../../libdaisy/src/per/dac.h ****          ** otherwise the driver will attempt meet the target.*/
  75:../../libdaisy/src/per/dac.h ****         uint32_t target_samplerate;
  76:../../libdaisy/src/per/dac.h **** 
  77:../../libdaisy/src/per/dac.h ****         Channel     chn;
  78:../../libdaisy/src/per/dac.h ****         Mode        mode;
  79:../../libdaisy/src/per/dac.h ****         BitDepth    bitdepth;
  80:../../libdaisy/src/per/dac.h ****         BufferState buff_state;
  81:../../libdaisy/src/per/dac.h ****     };
  82:../../libdaisy/src/per/dac.h **** 
  83:../../libdaisy/src/per/dac.h ****     DacHandle() : pimpl_(nullptr) {}
 543              		.loc 9 83 5 is_stmt 1 view .LVU135
 544              	.LBB138:
 545              	.LBB139:
 546              		.loc 9 83 33 is_stmt 0 view .LVU136
 547 000a 0362     		str	r3, [r0, #32]
 548              	.LVL29:
 549              		.loc 9 83 33 view .LVU137
 550              	.LBE139:
 551              	.LBE138:
 552              	.LBE137:
 553              	.LBB140:
 554              	.LBI140:
  40:../../libdaisy/src/hid/usb.h **** 
 555              		.loc 5 40 5 is_stmt 1 view .LVU138
  40:../../libdaisy/src/hid/usb.h **** 
 556              		.loc 5 40 5 is_stmt 0 view .LVU139
 557              	.LBE140:
 558              	.LBB141:
 559              	.LBI141:
  58:../../libdaisy/src/sys/system.h ****     ~System() {}
 560              		.loc 4 58 5 is_stmt 1 view .LVU140
  58:../../libdaisy/src/sys/system.h ****     ~System() {}
 561              		.loc 4 58 5 is_stmt 0 view .LVU141
 562              	.LBE141:
 563              	.LBE143:
 564              	.LBE145:
   7:metro.cpp     **** static Metro      clock;
 565              		.loc 8 7 19 view .LVU142
 566 000c 0949     		ldr	r1, .L30+8
 567 000e FFF7FEFF 		bl	__aeabi_atexit
 568              	.LVL30:
 569              	.LBB146:
 570              	.LBI146:
  14:../../DaisySP/Source/Utility/metro.h ****     ~Metro() {}
 571              		.loc 2 14 5 is_stmt 1 view .LVU143
  14:../../DaisySP/Source/Utility/metro.h ****     ~Metro() {}
ARM GAS  /tmp/ccEfOv66.s 			page 21


 572              		.loc 2 14 5 is_stmt 0 view .LVU144
 573              	.LBE146:
   8:metro.cpp     **** static Oscillator osc_sine;
 574              		.loc 8 8 19 view .LVU145
 575 0012 074A     		ldr	r2, .L30+4
 576 0014 0849     		ldr	r1, .L30+12
 577 0016 0948     		ldr	r0, .L30+16
 578 0018 FFF7FEFF 		bl	__aeabi_atexit
 579              	.LVL31:
 580              	.LBB147:
 581              	.LBI147:
  15:../../DaisySP/Source/Synthesis/oscillator.h ****     ~Oscillator() {}
 582              		.loc 1 15 5 is_stmt 1 view .LVU146
  15:../../DaisySP/Source/Synthesis/oscillator.h ****     ~Oscillator() {}
 583              		.loc 1 15 5 is_stmt 0 view .LVU147
 584              	.LBE147:
   9:metro.cpp     **** 
 585              		.loc 8 9 19 view .LVU148
 586 001c 044A     		ldr	r2, .L30+4
 587 001e 0849     		ldr	r1, .L30+20
 588 0020 0848     		ldr	r0, .L30+24
 589              	.LBE148:
 590              	.LBE150:
 591              		.loc 8 59 1 view .LVU149
 592 0022 BDE80840 		pop	{r3, lr}
 593              		.cfi_restore 14
 594              		.cfi_restore 3
 595              		.cfi_def_cfa_offset 0
 596              	.LBB151:
 597              	.LBB149:
   9:metro.cpp     **** 
 598              		.loc 8 9 19 view .LVU150
 599 0026 FFF7FEBF 		b	__aeabi_atexit
 600              	.LVL32:
 601              	.L31:
 602 002a 00BF     		.align	2
 603              	.L30:
 604 002c 00000000 		.word	.LANCHOR2
 605 0030 00000000 		.word	__dso_handle
 606 0034 00000000 		.word	_ZN5daisy9DaisySeedD1Ev
 607 0038 00000000 		.word	_ZN7daisysp5MetroD1Ev
 608 003c 00000000 		.word	.LANCHOR0
 609 0040 00000000 		.word	_ZN7daisysp10OscillatorD1Ev
 610 0044 00000000 		.word	.LANCHOR1
 611              	.LBE149:
 612              	.LBE151:
 613              		.cfi_endproc
 614              	.LFE4759:
 616              		.section	.init_array,"aw",%init_array
 617              		.align	2
 618 0000 00000000 		.word	_GLOBAL__sub_I_main(target1)
 619              		.section	.bss._ZL4seed,"aw",%nobits
 620              		.align	2
 621              		.set	.LANCHOR2,. + 0
 624              	_ZL4seed:
 625 0000 00000000 		.space	60
 625      00000000 
ARM GAS  /tmp/ccEfOv66.s 			page 22


 625      00000000 
 625      00000000 
 625      00000000 
 626              		.section	.bss._ZL5clock,"aw",%nobits
 627              		.align	2
 628              		.set	.LANCHOR0,. + 0
 631              	_ZL5clock:
 632 0000 00000000 		.space	16
 632      00000000 
 632      00000000 
 632      00000000 
 633              		.section	.bss._ZL8osc_sine,"aw",%nobits
 634              		.align	2
 635              		.set	.LANCHOR1,. + 0
 638              	_ZL8osc_sine:
 639 0000 00000000 		.space	40
 639      00000000 
 639      00000000 
 639      00000000 
 639      00000000 
 640              		.text
 641              	.Letext0:
 642              		.file 10 "/usr/lib/gcc/arm-none-eabi/9.2.1/include/stdint.h"
 643              		.file 11 "../../libdaisy/Drivers/CMSIS/Include/core_cm7.h"
 644              		.file 12 "../../libdaisy/Drivers/CMSIS/Device/ST/STM32H7xx/Include/system_stm32h7xx.h"
 645              		.file 13 "/usr/lib/gcc/arm-none-eabi/9.2.1/include/stddef.h"
 646              		.file 14 "/usr/include/newlib/c++/9.2.1/cmath"
 647              		.file 15 "/usr/include/newlib/c++/9.2.1/bits/std_abs.h"
 648              		.file 16 "/usr/include/newlib/c++/9.2.1/cstdint"
 649              		.file 17 "/usr/include/newlib/c++/9.2.1/cstdlib"
 650              		.file 18 "/usr/include/newlib/c++/9.2.1/type_traits"
 651              		.file 19 "/usr/include/newlib/c++/9.2.1/arm-none-eabi/thumb/v7e-m+dp/hard/bits/c++config.h"
 652              		.file 20 "/usr/include/newlib/c++/9.2.1/bits/stl_pair.h"
 653              		.file 21 "/usr/include/newlib/c++/9.2.1/debug/debug.h"
 654              		.file 22 "/usr/include/newlib/c++/9.2.1/cwchar"
 655              		.file 23 "/usr/include/newlib/c++/9.2.1/bits/exception_ptr.h"
 656              		.file 24 "/usr/include/newlib/c++/9.2.1/new"
 657              		.file 25 "/usr/include/newlib/c++/9.2.1/clocale"
 658              		.file 26 "/usr/include/newlib/c++/9.2.1/cstdio"
 659              		.file 27 "/usr/include/newlib/c++/9.2.1/bits/basic_string.h"
 660              		.file 28 "/usr/include/newlib/c++/9.2.1/bits/uniform_int_dist.h"
 661              		.file 29 "/usr/include/newlib/c++/9.2.1/bits/random.h"
 662              		.file 30 "/usr/include/newlib/c++/9.2.1/cstring"
 663              		.file 31 "/usr/include/newlib/c++/9.2.1/bits/algorithmfwd.h"
 664              		.file 32 "/usr/include/newlib/c++/9.2.1/cstdarg"
 665              		.file 33 "/usr/include/newlib/c++/9.2.1/bits/predefined_ops.h"
 666              		.file 34 "/usr/include/newlib/c++/9.2.1/ext/new_allocator.h"
 667              		.file 35 "/usr/include/newlib/c++/9.2.1/ext/numeric_traits.h"
 668              		.file 36 "/usr/include/newlib/sys/_types.h"
 669              		.file 37 "<built-in>"
 670              		.file 38 "/usr/include/newlib/sys/reent.h"
 671              		.file 39 "/usr/include/newlib/sys/lock.h"
 672              		.file 40 "/usr/include/newlib/math.h"
 673              		.file 41 "/usr/include/newlib/stdlib.h"
 674              		.file 42 "/usr/include/newlib/c++/9.2.1/math.h"
 675              		.file 43 "../../libdaisy/Drivers/STM32H7xx_HAL_Driver/Inc/stm32h7xx_hal_def.h"
 676              		.file 44 "../../libdaisy/Drivers/STM32H7xx_HAL_Driver/Inc/stm32h7xx_hal_flash.h"
ARM GAS  /tmp/ccEfOv66.s 			page 23


 677              		.file 45 "../../DaisySP/Source/Control/adenv.h"
 678              		.file 46 "../../DaisySP/Source/Utility/dsp.h"
 679              		.file 47 "/usr/lib/gcc/arm-none-eabi/9.2.1/include/stdarg.h"
 680              		.file 48 "/usr/include/newlib/wchar.h"
 681              		.file 49 "/usr/include/newlib/locale.h"
 682              		.file 50 "/usr/include/newlib/ctype.h"
 683              		.file 51 "/usr/include/newlib/stdio.h"
 684              		.file 52 "/usr/include/newlib/sys/errno.h"
 685              		.file 53 "/usr/include/newlib/c++/9.2.1/stdlib.h"
 686              		.file 54 "/usr/include/newlib/string.h"
 687              		.file 55 "../../libdaisy/src/daisy_core.h"
 688              		.file 56 "../../libdaisy/src/per/tim.h"
 689              		.file 57 "../../libdaisy/src/per/sai.h"
 690              		.file 58 "../../libdaisy/src/util/wav_format.h"
 691              		.file 59 "../../libdaisy/src/per/qspi.h"
 692              		.file 60 "../../libdaisy/src/per/gpio.h"
 693              		.file 61 "../../libdaisy/src/dev/sdram.h"
 694              		.file 62 "/usr/include/newlib/sys/unistd.h"
 695              		.file 63 "../../libdaisy/src/util/oled_fonts.h"
 696              		.file 64 "../../libdaisy/Middlewares/Third_Party/FatFs/src/integer.h"
 697              		.file 65 "../../libdaisy/Middlewares/Third_Party/FatFs/src/ff.h"
 698              		.file 66 "../../libdaisy/Middlewares/Third_Party/FatFs/src/diskio.h"
 699              		.file 67 "../../libdaisy/Middlewares/Third_Party/FatFs/src/ff_gen_drv.h"
 700              		.file 68 "../../libdaisy/src/util/sd_diskio.h"
 701              		.file 69 "../../libdaisy/src/sys/fatfs.h"
 702              		.file 70 "../../libdaisy/src/dev/sr_595.h"
ARM GAS  /tmp/ccEfOv66.s 			page 24


DEFINED SYMBOLS
                            *ABS*:0000000000000000 metro.cpp
     /tmp/ccEfOv66.s:17     .text._ZN7daisysp10OscillatorD2Ev:0000000000000000 $t
     /tmp/ccEfOv66.s:26     .text._ZN7daisysp10OscillatorD2Ev:0000000000000000 _ZN7daisysp10OscillatorD2Ev
     /tmp/ccEfOv66.s:26     .text._ZN7daisysp10OscillatorD2Ev:0000000000000000 _ZN7daisysp10OscillatorD1Ev
     /tmp/ccEfOv66.s:43     .text._ZN7daisysp5MetroD2Ev:0000000000000000 $t
     /tmp/ccEfOv66.s:51     .text._ZN7daisysp5MetroD2Ev:0000000000000000 _ZN7daisysp5MetroD2Ev
     /tmp/ccEfOv66.s:51     .text._ZN7daisysp5MetroD2Ev:0000000000000000 _ZN7daisysp5MetroD1Ev
     /tmp/ccEfOv66.s:68     .text._ZN5daisy9DaisySeedD2Ev:0000000000000000 $t
     /tmp/ccEfOv66.s:76     .text._ZN5daisy9DaisySeedD2Ev:0000000000000000 _ZN5daisy9DaisySeedD2Ev
     /tmp/ccEfOv66.s:76     .text._ZN5daisy9DaisySeedD2Ev:0000000000000000 _ZN5daisy9DaisySeedD1Ev
     /tmp/ccEfOv66.s:117    .text._ZL13AudioCallbackPKfPfj:0000000000000000 $t
     /tmp/ccEfOv66.s:124    .text._ZL13AudioCallbackPKfPfj:0000000000000000 _ZL13AudioCallbackPKfPfj
     /tmp/ccEfOv66.s:261    .text._ZL13AudioCallbackPKfPfj:000000000000006c $d
     /tmp/ccEfOv66.s:268    .text.startup.main:0000000000000000 $t
     /tmp/ccEfOv66.s:276    .text.startup.main:0000000000000000 main
     /tmp/ccEfOv66.s:462    .text.startup.main:0000000000000090 $d
     /tmp/ccEfOv66.s:471    .text.startup._GLOBAL__sub_I_main:0000000000000000 $t
     /tmp/ccEfOv66.s:478    .text.startup._GLOBAL__sub_I_main:0000000000000000 _GLOBAL__sub_I_main
     /tmp/ccEfOv66.s:604    .text.startup._GLOBAL__sub_I_main:000000000000002c $d
     /tmp/ccEfOv66.s:617    .init_array:0000000000000000 $d
     /tmp/ccEfOv66.s:620    .bss._ZL4seed:0000000000000000 $d
     /tmp/ccEfOv66.s:624    .bss._ZL4seed:0000000000000000 _ZL4seed
     /tmp/ccEfOv66.s:627    .bss._ZL5clock:0000000000000000 $d
     /tmp/ccEfOv66.s:631    .bss._ZL5clock:0000000000000000 _ZL5clock
     /tmp/ccEfOv66.s:634    .bss._ZL8osc_sine:0000000000000000 $d
     /tmp/ccEfOv66.s:638    .bss._ZL8osc_sine:0000000000000000 _ZL8osc_sine
                           .group:0000000000000000 _ZN7daisysp10OscillatorD5Ev
                           .group:0000000000000000 _ZN7daisysp5MetroD5Ev
                           .group:0000000000000000 _ZN5daisy9DaisySeedD5Ev

UNDEFINED SYMBOLS
_ZN7daisysp10Oscillator7ProcessEv
_ZN7daisysp5Metro7ProcessEv
rand
_ZN7daisysp10Oscillator12CalcPhaseIncEf
_ZN5daisy9DaisySeed9ConfigureEv
_ZN5daisy9DaisySeed4InitEb
_ZN5daisy9DaisySeed15AudioSampleRateEv
_ZN7daisysp5Metro4InitEff
_ZN5daisy9DaisySeed10StartAudioEPFvPKfPfjE
__aeabi_atexit
__dso_handle
