ARM GAS  /tmp/ccTJZ7Mw.s 			page 1


   1              		.cpu cortex-m7
   2              		.eabi_attribute 28, 1
   3              		.eabi_attribute 20, 1
   4              		.eabi_attribute 21, 1
   5              		.eabi_attribute 23, 3
   6              		.eabi_attribute 24, 1
   7              		.eabi_attribute 25, 1
   8              		.eabi_attribute 26, 1
   9              		.eabi_attribute 30, 2
  10              		.eabi_attribute 34, 1
  11              		.eabi_attribute 18, 4
  12              		.file	"svf.cpp"
  13              		.text
  14              	.Ltext0:
  15              		.cfi_sections	.debug_frame
  16              		.section	.text._ZN7daisysp10OscillatorD2Ev,"axG",%progbits,_ZN7daisysp10OscillatorD5Ev,comdat
  17              		.align	1
  18              		.p2align 2,,3
  19              		.weak	_ZN7daisysp10OscillatorD2Ev
  20              		.arch armv7e-m
  21              		.syntax unified
  22              		.thumb
  23              		.thumb_func
  24              		.fpu fpv5-d16
  26              	_ZN7daisysp10OscillatorD2Ev:
  27              	.LVL0:
  28              	.LFB2797:
  29              		.file 1 "../../DaisySP/Source/Synthesis/oscillator.h"
   1:../../DaisySP/Source/Synthesis/oscillator.h **** #pragma once
   2:../../DaisySP/Source/Synthesis/oscillator.h **** #ifndef DSY_OSCILLATOR_H
   3:../../DaisySP/Source/Synthesis/oscillator.h **** #define DSY_OSCILLATOR_H
   4:../../DaisySP/Source/Synthesis/oscillator.h **** #include <stdint.h>
   5:../../DaisySP/Source/Synthesis/oscillator.h **** #include "Utility/dsp.h"
   6:../../DaisySP/Source/Synthesis/oscillator.h **** #ifdef __cplusplus
   7:../../DaisySP/Source/Synthesis/oscillator.h **** 
   8:../../DaisySP/Source/Synthesis/oscillator.h **** namespace daisysp
   9:../../DaisySP/Source/Synthesis/oscillator.h **** {
  10:../../DaisySP/Source/Synthesis/oscillator.h **** /** Synthesis of several waveforms, including polyBLEP bandlimited waveforms.
  11:../../DaisySP/Source/Synthesis/oscillator.h **** */
  12:../../DaisySP/Source/Synthesis/oscillator.h **** class Oscillator
  13:../../DaisySP/Source/Synthesis/oscillator.h **** {
  14:../../DaisySP/Source/Synthesis/oscillator.h ****   public:
  15:../../DaisySP/Source/Synthesis/oscillator.h ****     Oscillator() {}
  16:../../DaisySP/Source/Synthesis/oscillator.h ****     ~Oscillator() {}
  30              		.loc 1 16 5 view -0
  31              		.cfi_startproc
  32              		@ args = 0, pretend = 0, frame = 0
  33              		@ frame_needed = 0, uses_anonymous_args = 0
  34              		@ link register save eliminated.
  35              		.loc 1 16 20 is_stmt 0 view .LVU1
  36 0000 7047     		bx	lr
  37              		.cfi_endproc
  38              	.LFE2797:
  40              		.weak	_ZN7daisysp10OscillatorD1Ev
  41              		.thumb_set _ZN7daisysp10OscillatorD1Ev,_ZN7daisysp10OscillatorD2Ev
  42 0002 00BF     		.section	.text._ZN7daisysp3SvfD2Ev,"axG",%progbits,_ZN7daisysp3SvfD5Ev,comdat
  43              		.align	1
ARM GAS  /tmp/ccTJZ7Mw.s 			page 2


  44              		.p2align 2,,3
  45              		.weak	_ZN7daisysp3SvfD2Ev
  46              		.syntax unified
  47              		.thumb
  48              		.thumb_func
  49              		.fpu fpv5-d16
  51              	_ZN7daisysp3SvfD2Ev:
  52              	.LVL1:
  53              	.LFB2813:
  54              		.file 2 "../../DaisySP/Source/Filters/svf.h"
   1:../../DaisySP/Source/Filters/svf.h **** #pragma once
   2:../../DaisySP/Source/Filters/svf.h **** #ifndef DSY_SVF_H
   3:../../DaisySP/Source/Filters/svf.h **** #define DSY_SVF_H
   4:../../DaisySP/Source/Filters/svf.h **** 
   5:../../DaisySP/Source/Filters/svf.h **** namespace daisysp
   6:../../DaisySP/Source/Filters/svf.h **** {
   7:../../DaisySP/Source/Filters/svf.h **** /**      Double Sampled, Stable State Variable Filter
   8:../../DaisySP/Source/Filters/svf.h **** 
   9:../../DaisySP/Source/Filters/svf.h **** Credit to Andrew Simper from musicdsp.org
  10:../../DaisySP/Source/Filters/svf.h **** 
  11:../../DaisySP/Source/Filters/svf.h **** This is his "State Variable Filter (Double Sampled, Stable)"
  12:../../DaisySP/Source/Filters/svf.h **** 
  13:../../DaisySP/Source/Filters/svf.h **** Additional thanks to Laurent de Soras for stability limit, and 
  14:../../DaisySP/Source/Filters/svf.h **** Stefan Diedrichsen for the correct notch output
  15:../../DaisySP/Source/Filters/svf.h **** 
  16:../../DaisySP/Source/Filters/svf.h **** Ported by: Stephen Hensley
  17:../../DaisySP/Source/Filters/svf.h **** */
  18:../../DaisySP/Source/Filters/svf.h **** class Svf
  19:../../DaisySP/Source/Filters/svf.h **** {
  20:../../DaisySP/Source/Filters/svf.h ****   public:
  21:../../DaisySP/Source/Filters/svf.h ****     Svf() {}
  22:../../DaisySP/Source/Filters/svf.h ****     ~Svf() {}
  55              		.loc 2 22 5 is_stmt 1 view -0
  56              		.cfi_startproc
  57              		@ args = 0, pretend = 0, frame = 0
  58              		@ frame_needed = 0, uses_anonymous_args = 0
  59              		@ link register save eliminated.
  60              		.loc 2 22 13 is_stmt 0 view .LVU3
  61 0000 7047     		bx	lr
  62              		.cfi_endproc
  63              	.LFE2813:
  65              		.weak	_ZN7daisysp3SvfD1Ev
  66              		.thumb_set _ZN7daisysp3SvfD1Ev,_ZN7daisysp3SvfD2Ev
  67 0002 00BF     		.section	.text._ZN5daisy9DaisySeedD2Ev,"axG",%progbits,_ZN5daisy9DaisySeedD5Ev,comdat
  68              		.align	1
  69              		.p2align 2,,3
  70              		.weak	_ZN5daisy9DaisySeedD2Ev
  71              		.syntax unified
  72              		.thumb
  73              		.thumb_func
  74              		.fpu fpv5-d16
  76              	_ZN5daisy9DaisySeedD2Ev:
  77              	.LVL2:
  78              	.LFB4207:
  79              		.file 3 "../../libdaisy/src/daisy_seed.h"
   1:../../libdaisy/src/daisy_seed.h **** #pragma once
   2:../../libdaisy/src/daisy_seed.h **** #ifndef DSY_SEED_H
ARM GAS  /tmp/ccTJZ7Mw.s 			page 3


   3:../../libdaisy/src/daisy_seed.h **** #define DSY_SEED_H
   4:../../libdaisy/src/daisy_seed.h **** 
   5:../../libdaisy/src/daisy_seed.h **** #include "daisy.h"
   6:../../libdaisy/src/daisy_seed.h **** 
   7:../../libdaisy/src/daisy_seed.h **** //Uncomment this out if you're still using the rev2 hardware
   8:../../libdaisy/src/daisy_seed.h **** //#define SEED_REV2
   9:../../libdaisy/src/daisy_seed.h **** 
  10:../../libdaisy/src/daisy_seed.h **** namespace daisy
  11:../../libdaisy/src/daisy_seed.h **** {
  12:../../libdaisy/src/daisy_seed.h **** /**
  13:../../libdaisy/src/daisy_seed.h ****    @brief This is the higher-level interface for the Daisy board. \n 
  14:../../libdaisy/src/daisy_seed.h ****     All basic peripheral configuration/initialization is setup here. \n
  15:../../libdaisy/src/daisy_seed.h **** 
  16:../../libdaisy/src/daisy_seed.h ****    @ingroup boards
  17:../../libdaisy/src/daisy_seed.h **** */
  18:../../libdaisy/src/daisy_seed.h **** class DaisySeed
  19:../../libdaisy/src/daisy_seed.h **** {
  20:../../libdaisy/src/daisy_seed.h ****   public:
  21:../../libdaisy/src/daisy_seed.h ****     DaisySeed() {}
  22:../../libdaisy/src/daisy_seed.h ****     ~DaisySeed() {}
  80              		.loc 3 22 5 is_stmt 1 view -0
  81              		.cfi_startproc
  82              		@ args = 0, pretend = 0, frame = 0
  83              		@ frame_needed = 0, uses_anonymous_args = 0
  84              		@ link register save eliminated.
  85              	.LBB74:
  86              	.LBI74:
  87              		.file 4 "../../libdaisy/src/sys/system.h"
   1:../../libdaisy/src/sys/system.h **** #ifndef DSY_SYSTEM_H
   2:../../libdaisy/src/sys/system.h **** #define DSY_SYSTEM_H
   3:../../libdaisy/src/sys/system.h **** 
   4:../../libdaisy/src/sys/system.h **** #ifndef UNIT_TEST // for unit tests, a dummy implementation is provided below
   5:../../libdaisy/src/sys/system.h **** 
   6:../../libdaisy/src/sys/system.h **** #include <cstdint>
   7:../../libdaisy/src/sys/system.h **** #include "per/tim.h"
   8:../../libdaisy/src/sys/system.h **** 
   9:../../libdaisy/src/sys/system.h **** namespace daisy
  10:../../libdaisy/src/sys/system.h **** {
  11:../../libdaisy/src/sys/system.h **** /** A handle for interacting with the Core System. 
  12:../../libdaisy/src/sys/system.h ****  ** This includes the Clock tree, MPU, global DMA initialization,
  13:../../libdaisy/src/sys/system.h ****  ** cache handling, and any other necessary global initiailzation
  14:../../libdaisy/src/sys/system.h ****  **
  15:../../libdaisy/src/sys/system.h ****  ** @author shensley
  16:../../libdaisy/src/sys/system.h ****  ** @addtogroup system
  17:../../libdaisy/src/sys/system.h ****  */
  18:../../libdaisy/src/sys/system.h **** class System
  19:../../libdaisy/src/sys/system.h **** {
  20:../../libdaisy/src/sys/system.h ****   public:
  21:../../libdaisy/src/sys/system.h ****     /** Contains settings for initializing the System */
  22:../../libdaisy/src/sys/system.h ****     struct Config
  23:../../libdaisy/src/sys/system.h ****     {
  24:../../libdaisy/src/sys/system.h ****         /** Specifies the system clock frequency that feeds APB/AHB clocks, etc. */
  25:../../libdaisy/src/sys/system.h ****         enum class SysClkFreq
  26:../../libdaisy/src/sys/system.h ****         {
  27:../../libdaisy/src/sys/system.h ****             FREQ_400MHZ,
  28:../../libdaisy/src/sys/system.h ****             FREQ_480MHZ,
  29:../../libdaisy/src/sys/system.h ****         };
ARM GAS  /tmp/ccTJZ7Mw.s 			page 4


  30:../../libdaisy/src/sys/system.h **** 
  31:../../libdaisy/src/sys/system.h ****         /** Method to call on the struct to set to defaults
  32:../../libdaisy/src/sys/system.h ****          ** CPU Freq set to 400MHz
  33:../../libdaisy/src/sys/system.h ****          ** Cache Enabled 
  34:../../libdaisy/src/sys/system.h ****          ** */
  35:../../libdaisy/src/sys/system.h ****         void Defaults()
  36:../../libdaisy/src/sys/system.h ****         {
  37:../../libdaisy/src/sys/system.h ****             cpu_freq   = SysClkFreq::FREQ_400MHZ;
  38:../../libdaisy/src/sys/system.h ****             use_dcache = true;
  39:../../libdaisy/src/sys/system.h ****             use_icache = true;
  40:../../libdaisy/src/sys/system.h ****         }
  41:../../libdaisy/src/sys/system.h **** 
  42:../../libdaisy/src/sys/system.h ****         /** Method to call on the struct to set to boost mode:
  43:../../libdaisy/src/sys/system.h ****          ** CPU Freq set to 480MHz
  44:../../libdaisy/src/sys/system.h ****          ** Cache Enabled 
  45:../../libdaisy/src/sys/system.h ****          ** */
  46:../../libdaisy/src/sys/system.h ****         void Boost()
  47:../../libdaisy/src/sys/system.h ****         {
  48:../../libdaisy/src/sys/system.h ****             cpu_freq   = SysClkFreq::FREQ_480MHZ;
  49:../../libdaisy/src/sys/system.h ****             use_dcache = true;
  50:../../libdaisy/src/sys/system.h ****             use_icache = true;
  51:../../libdaisy/src/sys/system.h ****         }
  52:../../libdaisy/src/sys/system.h **** 
  53:../../libdaisy/src/sys/system.h ****         SysClkFreq cpu_freq;
  54:../../libdaisy/src/sys/system.h ****         bool       use_dcache;
  55:../../libdaisy/src/sys/system.h ****         bool       use_icache;
  56:../../libdaisy/src/sys/system.h ****     };
  57:../../libdaisy/src/sys/system.h **** 
  58:../../libdaisy/src/sys/system.h ****     System() {}
  59:../../libdaisy/src/sys/system.h ****     ~System() {}
  88              		.loc 4 59 5 view .LVU5
  89              		.loc 4 59 5 is_stmt 0 view .LVU6
  90              	.LBE74:
  91              	.LBB75:
  92              	.LBI75:
  93              		.file 5 "../../libdaisy/src/hid/usb.h"
   1:../../libdaisy/src/hid/usb.h **** #pragma once
   2:../../libdaisy/src/hid/usb.h **** #ifndef DSY_HID_USB_H
   3:../../libdaisy/src/hid/usb.h **** #define DSY_HID_USB_H
   4:../../libdaisy/src/hid/usb.h **** #include <stdint.h>
   5:../../libdaisy/src/hid/usb.h **** #include <stdlib.h>
   6:../../libdaisy/src/hid/usb.h **** 
   7:../../libdaisy/src/hid/usb.h **** namespace daisy
   8:../../libdaisy/src/hid/usb.h **** /** @addtogroup externals
   9:../../libdaisy/src/hid/usb.h ****     @{
  10:../../libdaisy/src/hid/usb.h **** */
  11:../../libdaisy/src/hid/usb.h **** 
  12:../../libdaisy/src/hid/usb.h **** {
  13:../../libdaisy/src/hid/usb.h **** /** 
  14:../../libdaisy/src/hid/usb.h ****     @brief Interface for initializing and using the USB Peripherals on the daisy
  15:../../libdaisy/src/hid/usb.h ****     @author Stephen Hensley
  16:../../libdaisy/src/hid/usb.h ****     @date December 2019
  17:../../libdaisy/src/hid/usb.h **** */
  18:../../libdaisy/src/hid/usb.h **** class UsbHandle
  19:../../libdaisy/src/hid/usb.h **** {
  20:../../libdaisy/src/hid/usb.h ****   public:
  21:../../libdaisy/src/hid/usb.h ****     /** Return values for USBHandle Functions */
ARM GAS  /tmp/ccTJZ7Mw.s 			page 5


  22:../../libdaisy/src/hid/usb.h ****     enum class Result
  23:../../libdaisy/src/hid/usb.h ****     {
  24:../../libdaisy/src/hid/usb.h ****         OK,
  25:../../libdaisy/src/hid/usb.h ****         ERR,
  26:../../libdaisy/src/hid/usb.h ****     };
  27:../../libdaisy/src/hid/usb.h **** 
  28:../../libdaisy/src/hid/usb.h ****     /** Specified which of the two USB Peripherals to initialize. */
  29:../../libdaisy/src/hid/usb.h ****     enum UsbPeriph
  30:../../libdaisy/src/hid/usb.h ****     {
  31:../../libdaisy/src/hid/usb.h ****         FS_INTERNAL, /**< Internal pin */
  32:../../libdaisy/src/hid/usb.h ****         FS_EXTERNAL, /**< FS External D+ pin is Pin 38 (GPIO32). FS External D- pin is Pin 37 (GPIO
  33:../../libdaisy/src/hid/usb.h ****         FS_BOTH,     /**< Both */
  34:../../libdaisy/src/hid/usb.h ****     };
  35:../../libdaisy/src/hid/usb.h **** 
  36:../../libdaisy/src/hid/usb.h **** 
  37:../../libdaisy/src/hid/usb.h ****     /** Function called upon reception of a buffer */
  38:../../libdaisy/src/hid/usb.h ****     typedef void (*ReceiveCallback)(uint8_t* buff, uint32_t* len);
  39:../../libdaisy/src/hid/usb.h **** 
  40:../../libdaisy/src/hid/usb.h ****     UsbHandle() {}
  41:../../libdaisy/src/hid/usb.h **** 
  42:../../libdaisy/src/hid/usb.h ****     ~UsbHandle() {}
  94              		.loc 5 42 5 is_stmt 1 view .LVU7
  95              		.loc 5 42 5 is_stmt 0 view .LVU8
  96              	.LBE75:
  97              	.LBB76:
  98              	.LBI76:
  99              		.file 6 "../../libdaisy/src/per/adc.h"
   1:../../libdaisy/src/per/adc.h **** #pragma once
   2:../../libdaisy/src/per/adc.h **** #ifndef DSY_ADC_H
   3:../../libdaisy/src/per/adc.h **** #define DSY_ADC_H /**< Macro */
   4:../../libdaisy/src/per/adc.h **** #include <stdint.h>
   5:../../libdaisy/src/per/adc.h **** #include <stdlib.h>
   6:../../libdaisy/src/per/adc.h **** #include "daisy_core.h"
   7:../../libdaisy/src/per/adc.h **** #include "per/gpio.h"
   8:../../libdaisy/src/per/adc.h **** 
   9:../../libdaisy/src/per/adc.h **** #define DSY_ADC_MAX_CHANNELS 14 /**< Maximum number of ADC channels */
  10:../../libdaisy/src/per/adc.h **** 
  11:../../libdaisy/src/per/adc.h **** namespace daisy
  12:../../libdaisy/src/per/adc.h **** {
  13:../../libdaisy/src/per/adc.h **** /** @addtogroup analog_digital_conversion
  14:../../libdaisy/src/per/adc.h ****     @{
  15:../../libdaisy/src/per/adc.h **** */
  16:../../libdaisy/src/per/adc.h **** 
  17:../../libdaisy/src/per/adc.h **** /* While there may not be many configuration options here,
  18:../../libdaisy/src/per/adc.h **** using a struct like this allows us to add more configuration
  19:../../libdaisy/src/per/adc.h **** later without breaking existing functionality.
  20:../../libdaisy/src/per/adc.h **** */
  21:../../libdaisy/src/per/adc.h **** 
  22:../../libdaisy/src/per/adc.h **** /** Configuration Structure for a given channel */
  23:../../libdaisy/src/per/adc.h **** struct AdcChannelConfig
  24:../../libdaisy/src/per/adc.h **** {
  25:../../libdaisy/src/per/adc.h ****     /** Which pin to use for multiplexing */
  26:../../libdaisy/src/per/adc.h ****     enum MuxPin
  27:../../libdaisy/src/per/adc.h ****     {
  28:../../libdaisy/src/per/adc.h ****         MUX_SEL_0,    /**< & */
  29:../../libdaisy/src/per/adc.h ****         MUX_SEL_1,    /**< & */
  30:../../libdaisy/src/per/adc.h ****         MUX_SEL_2,    /**< & */
ARM GAS  /tmp/ccTJZ7Mw.s 			page 6


  31:../../libdaisy/src/per/adc.h ****         MUX_SEL_LAST, /**< & */
  32:../../libdaisy/src/per/adc.h ****     };
  33:../../libdaisy/src/per/adc.h **** 
  34:../../libdaisy/src/per/adc.h ****     /** Initializes a single ADC pin as an ADC. 
  35:../../libdaisy/src/per/adc.h ****     \param pin Pin to init.
  36:../../libdaisy/src/per/adc.h ****      */
  37:../../libdaisy/src/per/adc.h ****     void InitSingle(dsy_gpio_pin pin);
  38:../../libdaisy/src/per/adc.h **** 
  39:../../libdaisy/src/per/adc.h ****     /** 
  40:../../libdaisy/src/per/adc.h ****     Initializes a single ADC pin as a Multiplexed ADC.
  41:../../libdaisy/src/per/adc.h ****     Requires a CD405X Multiplexer connected to the pin.
  42:../../libdaisy/src/per/adc.h ****     You only need to supply the mux pins that are required,
  43:../../libdaisy/src/per/adc.h ****     e.g. a 4052 mux would only require mux_0 and mux_1.
  44:../../libdaisy/src/per/adc.h ****     Internal Callbacks handle the pin addressing.
  45:../../libdaisy/src/per/adc.h ****     \param mux_channels must be 1-8
  46:../../libdaisy/src/per/adc.h ****     \param mux_0 First mux pin
  47:../../libdaisy/src/per/adc.h ****     \param mux_1 Second mux pin
  48:../../libdaisy/src/per/adc.h ****     \param mux_2 Third mux pin
  49:../../libdaisy/src/per/adc.h ****     \param adc_pin &
  50:../../libdaisy/src/per/adc.h ****     */
  51:../../libdaisy/src/per/adc.h ****     void InitMux(dsy_gpio_pin adc_pin,
  52:../../libdaisy/src/per/adc.h ****                  size_t       mux_channels,
  53:../../libdaisy/src/per/adc.h ****                  dsy_gpio_pin mux_0,
  54:../../libdaisy/src/per/adc.h ****                  dsy_gpio_pin mux_1 = {DSY_GPIOX, 0},
  55:../../libdaisy/src/per/adc.h ****                  dsy_gpio_pin mux_2 = {DSY_GPIOX, 0});
  56:../../libdaisy/src/per/adc.h **** 
  57:../../libdaisy/src/per/adc.h ****     dsy_gpio pin_;                   /**< & */
  58:../../libdaisy/src/per/adc.h ****     dsy_gpio mux_pin_[MUX_SEL_LAST]; /**< & */
  59:../../libdaisy/src/per/adc.h ****     uint8_t  mux_channels_;          /**< & */
  60:../../libdaisy/src/per/adc.h **** };
  61:../../libdaisy/src/per/adc.h **** 
  62:../../libdaisy/src/per/adc.h **** /**
  63:../../libdaisy/src/per/adc.h ****    Handler for analog to digital conversion
  64:../../libdaisy/src/per/adc.h **** */
  65:../../libdaisy/src/per/adc.h **** class AdcHandle
  66:../../libdaisy/src/per/adc.h **** {
  67:../../libdaisy/src/per/adc.h ****   public:
  68:../../libdaisy/src/per/adc.h ****     /** Supported oversampling amounts */
  69:../../libdaisy/src/per/adc.h ****     enum OverSampling
  70:../../libdaisy/src/per/adc.h ****     {
  71:../../libdaisy/src/per/adc.h ****         OVS_NONE, /**< & */
  72:../../libdaisy/src/per/adc.h ****         OVS_4,    /**< & */
  73:../../libdaisy/src/per/adc.h ****         OVS_8,    /**< & */
  74:../../libdaisy/src/per/adc.h ****         OVS_16,   /**< & */
  75:../../libdaisy/src/per/adc.h ****         OVS_32,   /**< & */
  76:../../libdaisy/src/per/adc.h ****         OVS_64,   /**< & */
  77:../../libdaisy/src/per/adc.h ****         OVS_128,  /**< & */
  78:../../libdaisy/src/per/adc.h ****         OVS_256,  /**< & */
  79:../../libdaisy/src/per/adc.h ****         OVS_512,  /**< & */
  80:../../libdaisy/src/per/adc.h ****         OVS_1024, /**< & */
  81:../../libdaisy/src/per/adc.h ****         OVS_LAST, /**< & */
  82:../../libdaisy/src/per/adc.h ****     };
  83:../../libdaisy/src/per/adc.h **** 
  84:../../libdaisy/src/per/adc.h ****     AdcHandle() {}
  85:../../libdaisy/src/per/adc.h ****     ~AdcHandle() {}
 100              		.loc 6 85 5 is_stmt 1 view .LVU9
 101              		.loc 6 85 5 is_stmt 0 view .LVU10
ARM GAS  /tmp/ccTJZ7Mw.s 			page 7


 102              	.LBE76:
 103              	.LBB77:
 104              	.LBI77:
 105              		.file 7 "../../libdaisy/src/hid/audio.h"
   1:../../libdaisy/src/hid/audio.h **** #ifndef DSY_AUDIO_H
   2:../../libdaisy/src/hid/audio.h **** #define DSY_AUDIO_H /**< & */
   3:../../libdaisy/src/hid/audio.h **** 
   4:../../libdaisy/src/hid/audio.h **** #include "per/sai.h"
   5:../../libdaisy/src/hid/audio.h **** 
   6:../../libdaisy/src/hid/audio.h **** namespace daisy
   7:../../libdaisy/src/hid/audio.h **** {
   8:../../libdaisy/src/hid/audio.h **** class AudioHandle
   9:../../libdaisy/src/hid/audio.h **** {
  10:../../libdaisy/src/hid/audio.h ****   public:
  11:../../libdaisy/src/hid/audio.h ****     /** Manually configurable details about the Audio Engine */
  12:../../libdaisy/src/hid/audio.h ****     /** TODO: Figure out how to get samplerate in here. */
  13:../../libdaisy/src/hid/audio.h ****     struct Config
  14:../../libdaisy/src/hid/audio.h ****     {
  15:../../libdaisy/src/hid/audio.h ****         size_t                        blocksize;
  16:../../libdaisy/src/hid/audio.h ****         SaiHandle::Config::SampleRate samplerate;
  17:../../libdaisy/src/hid/audio.h ****         float                         postgain;
  18:../../libdaisy/src/hid/audio.h ****     };
  19:../../libdaisy/src/hid/audio.h **** 
  20:../../libdaisy/src/hid/audio.h ****     enum class Result
  21:../../libdaisy/src/hid/audio.h ****     {
  22:../../libdaisy/src/hid/audio.h ****         OK,
  23:../../libdaisy/src/hid/audio.h ****         ERR,
  24:../../libdaisy/src/hid/audio.h ****     };
  25:../../libdaisy/src/hid/audio.h **** 
  26:../../libdaisy/src/hid/audio.h ****     /** Non-Interleaving input buffer
  27:../../libdaisy/src/hid/audio.h ****      * Buffer arranged by float[chn][sample] 
  28:../../libdaisy/src/hid/audio.h ****      * const so that the user can't modify the input
  29:../../libdaisy/src/hid/audio.h ****     */
  30:../../libdaisy/src/hid/audio.h ****     typedef const float* const* InputBuffer;
  31:../../libdaisy/src/hid/audio.h **** 
  32:../../libdaisy/src/hid/audio.h ****     /** Non-Interleaving output buffer
  33:../../libdaisy/src/hid/audio.h ****      * Arranged by float[chn][sample] 
  34:../../libdaisy/src/hid/audio.h ****     */
  35:../../libdaisy/src/hid/audio.h ****     typedef float** OutputBuffer;
  36:../../libdaisy/src/hid/audio.h **** 
  37:../../libdaisy/src/hid/audio.h ****     /** Type for a Non-Interleaving audio callback 
  38:../../libdaisy/src/hid/audio.h ****    * Non-Interleaving audio callbacks in daisy will be of this type
  39:../../libdaisy/src/hid/audio.h ****   */
  40:../../libdaisy/src/hid/audio.h ****     typedef void (*AudioCallback)(InputBuffer  in,
  41:../../libdaisy/src/hid/audio.h ****                                   OutputBuffer out,
  42:../../libdaisy/src/hid/audio.h ****                                   size_t       size);
  43:../../libdaisy/src/hid/audio.h **** 
  44:../../libdaisy/src/hid/audio.h ****     /** Interleaving Input buffer
  45:../../libdaisy/src/hid/audio.h ****      ** audio is prepared as { L0, R0, L1, R1, . . . LN, RN }]
  46:../../libdaisy/src/hid/audio.h ****      ** this is const, as the user shouldn't modify it
  47:../../libdaisy/src/hid/audio.h ****     */
  48:../../libdaisy/src/hid/audio.h ****     typedef const float* InterleavingInputBuffer;
  49:../../libdaisy/src/hid/audio.h **** 
  50:../../libdaisy/src/hid/audio.h ****     /** Interleaving Output buffer 
  51:../../libdaisy/src/hid/audio.h ****      ** audio is prepared as { L0, R0, L1, R1, . . . LN, RN }
  52:../../libdaisy/src/hid/audio.h ****     */
  53:../../libdaisy/src/hid/audio.h ****     typedef float* InterleavingOutputBuffer;
ARM GAS  /tmp/ccTJZ7Mw.s 			page 8


  54:../../libdaisy/src/hid/audio.h **** 
  55:../../libdaisy/src/hid/audio.h ****     /** Interleaving Audio Callback 
  56:../../libdaisy/src/hid/audio.h ****    * Interleaving audio callbacks in daisy must be of this type
  57:../../libdaisy/src/hid/audio.h ****   */
  58:../../libdaisy/src/hid/audio.h ****     typedef void (*InterleavingAudioCallback)(InterleavingInputBuffer  in,
  59:../../libdaisy/src/hid/audio.h ****                                               InterleavingOutputBuffer out,
  60:../../libdaisy/src/hid/audio.h ****                                               size_t                   size);
  61:../../libdaisy/src/hid/audio.h **** 
  62:../../libdaisy/src/hid/audio.h ****     AudioHandle() : pimpl_(nullptr) {}
  63:../../libdaisy/src/hid/audio.h ****     ~AudioHandle() {}
 106              		.loc 7 63 5 is_stmt 1 view .LVU11
 107              		.loc 7 63 5 is_stmt 0 view .LVU12
 108              	.LBE77:
 109              		.loc 3 22 19 view .LVU13
 110 0000 7047     		bx	lr
 111              		.cfi_endproc
 112              	.LFE4207:
 114              		.weak	_ZN5daisy9DaisySeedD1Ev
 115              		.thumb_set _ZN5daisy9DaisySeedD1Ev,_ZN5daisy9DaisySeedD2Ev
 116 0002 00BF     		.section	.text._ZL13AudioCallbackPKfPfj,"ax",%progbits
 117              		.align	1
 118              		.p2align 2,,3
 119              		.syntax unified
 120              		.thumb
 121              		.thumb_func
 122              		.fpu fpv5-d16
 124              	_ZL13AudioCallbackPKfPfj:
 125              	.LVL3:
 126              	.LFB4212:
 127              		.file 8 "svf.cpp"
   1:svf.cpp       **** #include "daisysp.h"
   2:svf.cpp       **** #include "daisy_seed.h"
   3:svf.cpp       **** 
   4:svf.cpp       **** using namespace daisy;
   5:svf.cpp       **** using namespace daisysp;
   6:svf.cpp       **** using namespace daisy;
   7:svf.cpp       **** 
   8:svf.cpp       **** static DaisySeed seed;
   9:svf.cpp       **** 
  10:svf.cpp       **** Oscillator osc;
  11:svf.cpp       **** Svf        filt;
  12:svf.cpp       **** 
  13:svf.cpp       **** static void AudioCallback(AudioHandle::InterleavingInputBuffer  in,
  14:svf.cpp       ****                           AudioHandle::InterleavingOutputBuffer out,
  15:svf.cpp       ****                           size_t                                size)
  16:svf.cpp       **** {
 128              		.loc 8 16 1 is_stmt 1 view -0
 129              		.cfi_startproc
 130              		@ args = 0, pretend = 0, frame = 0
 131              		@ frame_needed = 0, uses_anonymous_args = 0
  17:svf.cpp       ****     float sig;
 132              		.loc 8 17 5 view .LVU15
  18:svf.cpp       **** 
  19:svf.cpp       ****     for(size_t i = 0; i < size; i += 2)
 133              		.loc 8 19 5 view .LVU16
 134              	.LBB78:
 135              		.loc 8 19 25 view .LVU17
ARM GAS  /tmp/ccTJZ7Mw.s 			page 9


 136 0000 C2B1     		cbz	r2, .L13
 137 0002 013A     		subs	r2, r2, #1
 138              	.LVL4:
 139              		.loc 8 19 25 is_stmt 0 view .LVU18
 140              	.LBE78:
  16:svf.cpp       ****     float sig;
 141              		.loc 8 16 1 view .LVU19
 142 0004 F8B5     		push	{r3, r4, r5, r6, r7, lr}
 143              		.cfi_def_cfa_offset 24
 144              		.cfi_offset 3, -24
 145              		.cfi_offset 4, -20
 146              		.cfi_offset 5, -16
 147              		.cfi_offset 6, -12
 148              		.cfi_offset 7, -8
 149              		.cfi_offset 14, -4
 150 0006 0C46     		mov	r4, r1
 151              	.LBB79:
 152              		.loc 8 19 16 view .LVU20
 153 0008 0025     		movs	r5, #0
 154 000a 0B4E     		ldr	r6, .L16
 155 000c 22F00107 		bic	r7, r2, #1
 156              	.LVL5:
 157              	.L7:
  20:svf.cpp       ****     {
  21:svf.cpp       ****         sig = osc.Process();
 158              		.loc 8 21 9 is_stmt 1 discriminator 2 view .LVU21
 159              		.loc 8 21 26 is_stmt 0 discriminator 2 view .LVU22
 160 0010 0A48     		ldr	r0, .L16+4
 161 0012 0834     		adds	r4, r4, #8
 162 0014 FFF7FEFF 		bl	_ZN7daisysp10Oscillator7ProcessEv
 163              	.LVL6:
  22:svf.cpp       **** 
  23:svf.cpp       ****         filt.Process(sig);
 164              		.loc 8 23 9 is_stmt 1 discriminator 2 view .LVU23
 165              		.loc 8 23 21 is_stmt 0 discriminator 2 view .LVU24
 166 0018 0748     		ldr	r0, .L16
 167 001a FFF7FEFF 		bl	_ZN7daisysp3Svf7ProcessEf
 168              	.LVL7:
  24:svf.cpp       **** 
  25:svf.cpp       ****         // left out
  26:svf.cpp       ****         out[i] = filt.Low();
 169              		.loc 8 26 9 is_stmt 1 discriminator 2 view .LVU25
 170              		.loc 8 26 26 is_stmt 0 discriminator 2 view .LVU26
 171 001e 326B     		ldr	r2, [r6, #48]	@ float
 172              	.LVL8:
 173              		.loc 8 26 26 discriminator 2 view .LVU27
 174              	.LBE79:
  23:../../DaisySP/Source/Filters/svf.h ****     /** Initializes the filter
  24:../../DaisySP/Source/Filters/svf.h ****         float sample_rate - sample rate of the audio engine being run, and the frequency that the P
  25:../../DaisySP/Source/Filters/svf.h ****     */
  26:../../DaisySP/Source/Filters/svf.h ****     void Init(float sample_rate);
  27:../../DaisySP/Source/Filters/svf.h **** 
  28:../../DaisySP/Source/Filters/svf.h **** 
  29:../../DaisySP/Source/Filters/svf.h ****     /** 
  30:../../DaisySP/Source/Filters/svf.h ****         Process the input signal, updating all of the outputs.
  31:../../DaisySP/Source/Filters/svf.h ****     */
  32:../../DaisySP/Source/Filters/svf.h ****     void Process(float in);
ARM GAS  /tmp/ccTJZ7Mw.s 			page 10


  33:../../DaisySP/Source/Filters/svf.h **** 
  34:../../DaisySP/Source/Filters/svf.h **** 
  35:../../DaisySP/Source/Filters/svf.h ****     /** sets the frequency of the cutoff frequency. 
  36:../../DaisySP/Source/Filters/svf.h ****         f must be between 0.0 and sample_rate / 3
  37:../../DaisySP/Source/Filters/svf.h ****     */
  38:../../DaisySP/Source/Filters/svf.h ****     void SetFreq(float f);
  39:../../DaisySP/Source/Filters/svf.h **** 
  40:../../DaisySP/Source/Filters/svf.h ****     /** sets the resonance of the filter.
  41:../../DaisySP/Source/Filters/svf.h ****         Must be between 0.0 and 1.0 to ensure stability.
  42:../../DaisySP/Source/Filters/svf.h ****     */
  43:../../DaisySP/Source/Filters/svf.h ****     void SetRes(float r);
  44:../../DaisySP/Source/Filters/svf.h **** 
  45:../../DaisySP/Source/Filters/svf.h ****     /** sets the drive of the filter 
  46:../../DaisySP/Source/Filters/svf.h ****         affects the response of the resonance of the filter
  47:../../DaisySP/Source/Filters/svf.h ****     */
  48:../../DaisySP/Source/Filters/svf.h ****     void SetDrive(float d);
  49:../../DaisySP/Source/Filters/svf.h ****     /** lowpass output
  50:../../DaisySP/Source/Filters/svf.h ****         \return low pass output of the filter
  51:../../DaisySP/Source/Filters/svf.h ****     */
  52:../../DaisySP/Source/Filters/svf.h ****     inline float Low() { return out_low_; }
 175              		.loc 2 52 26 is_stmt 1 discriminator 2 view .LVU28
 176              	.LBB80:
  19:svf.cpp       ****     {
 177              		.loc 8 19 25 is_stmt 0 discriminator 2 view .LVU29
 178 0020 BD42     		cmp	r5, r7
 179 0022 05F10205 		add	r5, r5, #2
 180              	.LVL9:
 181              		.loc 8 26 16 discriminator 2 view .LVU30
 182 0026 44F8082C 		str	r2, [r4, #-8]	@ float
  27:svf.cpp       **** 
  28:svf.cpp       ****         // right out
  29:svf.cpp       ****         out[i + 1] = filt.High();
 183              		.loc 8 29 9 is_stmt 1 discriminator 2 view .LVU31
 184              		.loc 8 29 31 is_stmt 0 discriminator 2 view .LVU32
 185 002a 726B     		ldr	r2, [r6, #52]	@ float
 186              	.LVL10:
 187              		.loc 8 29 31 discriminator 2 view .LVU33
 188              	.LBE80:
  53:../../DaisySP/Source/Filters/svf.h ****     /** highpass output
  54:../../DaisySP/Source/Filters/svf.h ****         \return high pass output of the filter
  55:../../DaisySP/Source/Filters/svf.h ****     */
  56:../../DaisySP/Source/Filters/svf.h ****     inline float High() { return out_high_; }
 189              		.loc 2 56 27 is_stmt 1 discriminator 2 view .LVU34
 190              	.LBB81:
 191              		.loc 8 29 20 is_stmt 0 discriminator 2 view .LVU35
 192 002c 44F8042C 		str	r2, [r4, #-4]	@ float
  19:svf.cpp       ****     {
 193              		.loc 8 19 5 is_stmt 1 discriminator 2 view .LVU36
 194              	.LVL11:
  19:svf.cpp       ****     {
 195              		.loc 8 19 25 discriminator 2 view .LVU37
 196 0030 EED1     		bne	.L7
 197              	.LBE81:
  30:svf.cpp       ****     }
  31:svf.cpp       **** }
 198              		.loc 8 31 1 is_stmt 0 view .LVU38
 199 0032 F8BD     		pop	{r3, r4, r5, r6, r7, pc}
ARM GAS  /tmp/ccTJZ7Mw.s 			page 11


 200              	.LVL12:
 201              	.L13:
 202              		.cfi_def_cfa_offset 0
 203              		.cfi_restore 3
 204              		.cfi_restore 4
 205              		.cfi_restore 5
 206              		.cfi_restore 6
 207              		.cfi_restore 7
 208              		.cfi_restore 14
 209              		.loc 8 31 1 view .LVU39
 210 0034 7047     		bx	lr
 211              	.L17:
 212 0036 00BF     		.align	2
 213              	.L16:
 214 0038 00000000 		.word	.LANCHOR1
 215 003c 00000000 		.word	.LANCHOR0
 216              		.cfi_endproc
 217              	.LFE4212:
 219              		.section	.text.startup.main,"ax",%progbits
 220              		.align	1
 221              		.p2align 2,,3
 222              		.global	main
 223              		.syntax unified
 224              		.thumb
 225              		.thumb_func
 226              		.fpu fpv5-d16
 228              	main:
 229              	.LFB4213:
  32:svf.cpp       **** 
  33:svf.cpp       **** int main(void)
  34:svf.cpp       **** {
 230              		.loc 8 34 1 is_stmt 1 view -0
 231              		.cfi_startproc
 232              		@ args = 0, pretend = 0, frame = 0
 233              		@ frame_needed = 0, uses_anonymous_args = 0
  35:svf.cpp       ****     // initialize seed hardware and Svf daisysp module
  36:svf.cpp       ****     float sample_rate;
 234              		.loc 8 36 5 view .LVU41
  37:svf.cpp       ****     seed.Configure();
 235              		.loc 8 37 5 view .LVU42
  34:svf.cpp       ****     // initialize seed hardware and Svf daisysp module
 236              		.loc 8 34 1 is_stmt 0 view .LVU43
 237 0000 38B5     		push	{r3, r4, r5, lr}
 238              		.cfi_def_cfa_offset 16
 239              		.cfi_offset 3, -16
 240              		.cfi_offset 4, -12
 241              		.cfi_offset 5, -8
 242              		.cfi_offset 14, -4
 243              		.loc 8 37 19 view .LVU44
 244 0002 2848     		ldr	r0, .L21
 245              	.LBB82:
 246              	.LBB83:
  17:../../DaisySP/Source/Synthesis/oscillator.h ****     /** Choices for output waveforms, POLYBLEP are appropriately labeled. Others are naive forms.
  18:../../DaisySP/Source/Synthesis/oscillator.h ****     */
  19:../../DaisySP/Source/Synthesis/oscillator.h ****     enum
  20:../../DaisySP/Source/Synthesis/oscillator.h ****     {
  21:../../DaisySP/Source/Synthesis/oscillator.h ****         WAVE_SIN,
ARM GAS  /tmp/ccTJZ7Mw.s 			page 12


  22:../../DaisySP/Source/Synthesis/oscillator.h ****         WAVE_TRI,
  23:../../DaisySP/Source/Synthesis/oscillator.h ****         WAVE_SAW,
  24:../../DaisySP/Source/Synthesis/oscillator.h ****         WAVE_RAMP,
  25:../../DaisySP/Source/Synthesis/oscillator.h ****         WAVE_SQUARE,
  26:../../DaisySP/Source/Synthesis/oscillator.h ****         WAVE_POLYBLEP_TRI,
  27:../../DaisySP/Source/Synthesis/oscillator.h ****         WAVE_POLYBLEP_SAW,
  28:../../DaisySP/Source/Synthesis/oscillator.h ****         WAVE_POLYBLEP_SQUARE,
  29:../../DaisySP/Source/Synthesis/oscillator.h ****         WAVE_LAST,
  30:../../DaisySP/Source/Synthesis/oscillator.h ****     };
  31:../../DaisySP/Source/Synthesis/oscillator.h **** 
  32:../../DaisySP/Source/Synthesis/oscillator.h **** 
  33:../../DaisySP/Source/Synthesis/oscillator.h ****     /** Initializes the Oscillator
  34:../../DaisySP/Source/Synthesis/oscillator.h **** 
  35:../../DaisySP/Source/Synthesis/oscillator.h ****         \param sample_rate - sample rate of the audio engine being run, and the frequency that the 
  36:../../DaisySP/Source/Synthesis/oscillator.h **** 
  37:../../DaisySP/Source/Synthesis/oscillator.h ****         Defaults:
  38:../../DaisySP/Source/Synthesis/oscillator.h ****         - freq_ = 100 Hz
  39:../../DaisySP/Source/Synthesis/oscillator.h ****         - amp_ = 0.5
  40:../../DaisySP/Source/Synthesis/oscillator.h ****         - waveform_ = sine wave.
  41:../../DaisySP/Source/Synthesis/oscillator.h ****     */
  42:../../DaisySP/Source/Synthesis/oscillator.h ****     void Init(float sample_rate)
  43:../../DaisySP/Source/Synthesis/oscillator.h ****     {
  44:../../DaisySP/Source/Synthesis/oscillator.h ****         sr_        = sample_rate;
  45:../../DaisySP/Source/Synthesis/oscillator.h ****         sr_recip_  = 1.0f / sample_rate;
  46:../../DaisySP/Source/Synthesis/oscillator.h ****         freq_      = 100.0f;
  47:../../DaisySP/Source/Synthesis/oscillator.h ****         amp_       = 0.5f;
 247              		.loc 1 47 20 view .LVU45
 248 0004 4FF07C55 		mov	r5, #1056964608
  44:../../DaisySP/Source/Synthesis/oscillator.h ****         sr_recip_  = 1.0f / sample_rate;
 249              		.loc 1 44 20 view .LVU46
 250 0008 274C     		ldr	r4, .L21+4
 251              	.LBE83:
 252              	.LBE82:
  34:svf.cpp       ****     // initialize seed hardware and Svf daisysp module
 253              		.loc 8 34 1 view .LVU47
 254 000a 2DED028B 		vpush.64	{d8}
 255              		.cfi_def_cfa_offset 24
 256              		.cfi_offset 80, -24
 257              		.cfi_offset 81, -20
 258              		.loc 8 37 19 view .LVU48
 259 000e FFF7FEFF 		bl	_ZN5daisy9DaisySeed9ConfigureEv
 260              	.LVL13:
  38:svf.cpp       ****     seed.Init();
 261              		.loc 8 38 5 is_stmt 1 view .LVU49
 262              		.loc 8 38 14 is_stmt 0 view .LVU50
 263 0012 0021     		movs	r1, #0
 264 0014 2348     		ldr	r0, .L21
 265 0016 FFF7FEFF 		bl	_ZN5daisy9DaisySeed4InitEb
 266              	.LVL14:
  39:svf.cpp       ****     sample_rate = seed.AudioSampleRate();
 267              		.loc 8 39 5 is_stmt 1 view .LVU51
 268              		.loc 8 39 39 is_stmt 0 view .LVU52
 269 001a 2248     		ldr	r0, .L21
 270 001c FFF7FEFF 		bl	_ZN5daisy9DaisySeed15AudioSampleRateEv
 271              	.LVL15:
 272              	.LBB88:
 273              	.LBB84:
ARM GAS  /tmp/ccTJZ7Mw.s 			page 13


  45:../../DaisySP/Source/Synthesis/oscillator.h ****         freq_      = 100.0f;
 274              		.loc 1 45 27 view .LVU53
 275 0020 B7EE007A 		vmov.f32	s14, #1.0e+0
 276              	.LBE84:
 277              	.LBE88:
 278              		.loc 8 39 39 view .LVU54
 279 0024 B0EE408A 		vmov.f32	s16, s0
 280              	.LVL16:
  40:svf.cpp       ****     // Initialize Oscillator, and set parameters.
  41:svf.cpp       ****     osc.Init(sample_rate);
 281              		.loc 8 41 5 is_stmt 1 view .LVU55
 282              	.LBB89:
 283              	.LBI82:
  42:../../DaisySP/Source/Synthesis/oscillator.h ****     {
 284              		.loc 1 42 10 view .LVU56
 285              	.LBB85:
  44:../../DaisySP/Source/Synthesis/oscillator.h ****         sr_recip_  = 1.0f / sample_rate;
 286              		.loc 1 44 9 view .LVU57
  48:../../DaisySP/Source/Synthesis/oscillator.h ****         phase_     = 0.0f;
 287              		.loc 1 48 20 is_stmt 0 view .LVU58
 288 0028 0023     		movs	r3, #0
  46:../../DaisySP/Source/Synthesis/oscillator.h ****         amp_       = 0.5f;
 289              		.loc 1 46 20 view .LVU59
 290 002a 9FED200A 		vldr.32	s0, .L21+8
 291              	.LVL17:
  49:../../DaisySP/Source/Synthesis/oscillator.h ****         phase_inc_ = CalcPhaseInc(freq_);
 292              		.loc 1 49 34 view .LVU60
 293 002e 2046     		mov	r0, r4
  48:../../DaisySP/Source/Synthesis/oscillator.h ****         phase_     = 0.0f;
 294              		.loc 1 48 20 view .LVU61
 295 0030 6361     		str	r3, [r4, #20]	@ float
  45:../../DaisySP/Source/Synthesis/oscillator.h ****         freq_      = 100.0f;
 296              		.loc 1 45 27 view .LVU62
 297 0032 C7EE087A 		vdiv.f32	s15, s14, s16
  44:../../DaisySP/Source/Synthesis/oscillator.h ****         sr_recip_  = 1.0f / sample_rate;
 298              		.loc 1 44 20 view .LVU63
 299 0036 84ED038A 		vstr.32	s16, [r4, #12]
  45:../../DaisySP/Source/Synthesis/oscillator.h ****         freq_      = 100.0f;
 300              		.loc 1 45 9 is_stmt 1 view .LVU64
  46:../../DaisySP/Source/Synthesis/oscillator.h ****         amp_       = 0.5f;
 301              		.loc 1 46 20 is_stmt 0 view .LVU65
 302 003a 84ED020A 		vstr.32	s0, [r4, #8]
  47:../../DaisySP/Source/Synthesis/oscillator.h ****         phase_     = 0.0f;
 303              		.loc 1 47 20 view .LVU66
 304 003e 6560     		str	r5, [r4, #4]	@ float
  45:../../DaisySP/Source/Synthesis/oscillator.h ****         freq_      = 100.0f;
 305              		.loc 1 45 20 view .LVU67
 306 0040 C4ED047A 		vstr.32	s15, [r4, #16]
  46:../../DaisySP/Source/Synthesis/oscillator.h ****         amp_       = 0.5f;
 307              		.loc 1 46 9 is_stmt 1 view .LVU68
  47:../../DaisySP/Source/Synthesis/oscillator.h ****         phase_     = 0.0f;
 308              		.loc 1 47 9 view .LVU69
  48:../../DaisySP/Source/Synthesis/oscillator.h ****         phase_inc_ = CalcPhaseInc(freq_);
 309              		.loc 1 48 9 view .LVU70
 310              		.loc 1 49 9 view .LVU71
 311              		.loc 1 49 34 is_stmt 0 view .LVU72
 312 0044 FFF7FEFF 		bl	_ZN7daisysp10Oscillator12CalcPhaseIncEf
ARM GAS  /tmp/ccTJZ7Mw.s 			page 14


 313              	.LVL18:
 314 0048 F0EE407A 		vmov.f32	s15, s0
  50:../../DaisySP/Source/Synthesis/oscillator.h ****         waveform_  = WAVE_SIN;
  51:../../DaisySP/Source/Synthesis/oscillator.h ****         eoc_       = true;
  52:../../DaisySP/Source/Synthesis/oscillator.h ****         eor_       = true;
 315              		.loc 1 52 20 view .LVU73
 316 004c 40F20112 		movw	r2, #257
 317              	.LBE85:
 318              	.LBE89:
 319              	.LBB90:
 320              	.LBB91:
  53:../../DaisySP/Source/Synthesis/oscillator.h ****     }
  54:../../DaisySP/Source/Synthesis/oscillator.h **** 
  55:../../DaisySP/Source/Synthesis/oscillator.h **** 
  56:../../DaisySP/Source/Synthesis/oscillator.h ****     /** Changes the frequency of the Oscillator, and recalculates phase increment.
  57:../../DaisySP/Source/Synthesis/oscillator.h ****     */
  58:../../DaisySP/Source/Synthesis/oscillator.h ****     inline void SetFreq(const float f)
  59:../../DaisySP/Source/Synthesis/oscillator.h ****     {
  60:../../DaisySP/Source/Synthesis/oscillator.h ****         freq_      = f;
  61:../../DaisySP/Source/Synthesis/oscillator.h ****         phase_inc_ = CalcPhaseInc(f);
  62:../../DaisySP/Source/Synthesis/oscillator.h ****     }
  63:../../DaisySP/Source/Synthesis/oscillator.h **** 
  64:../../DaisySP/Source/Synthesis/oscillator.h **** 
  65:../../DaisySP/Source/Synthesis/oscillator.h ****     /** Sets the amplitude of the waveform.
  66:../../DaisySP/Source/Synthesis/oscillator.h ****     */
  67:../../DaisySP/Source/Synthesis/oscillator.h ****     inline void SetAmp(const float a) { amp_ = a; }
  68:../../DaisySP/Source/Synthesis/oscillator.h ****     /** Sets the waveform to be synthesized by the Process() function.
  69:../../DaisySP/Source/Synthesis/oscillator.h ****     */
  70:../../DaisySP/Source/Synthesis/oscillator.h ****     inline void SetWaveform(const uint8_t wf)
  71:../../DaisySP/Source/Synthesis/oscillator.h ****     {
  72:../../DaisySP/Source/Synthesis/oscillator.h ****         waveform_ = wf < WAVE_LAST ? wf : WAVE_SIN;
 321              		.loc 1 72 19 view .LVU74
 322 0050 0623     		movs	r3, #6
 323              	.LBE91:
 324              	.LBE90:
 325              	.LBB94:
 326              	.LBB95:
  60:../../DaisySP/Source/Synthesis/oscillator.h ****         phase_inc_ = CalcPhaseInc(f);
 327              		.loc 1 60 20 view .LVU75
 328 0052 9FED170A 		vldr.32	s0, .L21+12
  61:../../DaisySP/Source/Synthesis/oscillator.h ****     }
 329              		.loc 1 61 34 view .LVU76
 330 0056 2046     		mov	r0, r4
 331              	.LBE95:
 332              	.LBE94:
 333              	.LBB98:
 334              	.LBB86:
  52:../../DaisySP/Source/Synthesis/oscillator.h ****     }
 335              		.loc 1 52 20 view .LVU77
 336 0058 A284     		strh	r2, [r4, #36]	@ movhi
 337              	.LBE86:
 338              	.LBE98:
 339              	.LBB99:
 340              	.LBB92:
 341              		.loc 1 72 19 view .LVU78
 342 005a 2370     		strb	r3, [r4]
 343              	.LBE92:
ARM GAS  /tmp/ccTJZ7Mw.s 			page 15


 344              	.LBE99:
 345              	.LBB100:
 346              	.LBB87:
  49:../../DaisySP/Source/Synthesis/oscillator.h ****         waveform_  = WAVE_SIN;
 347              		.loc 1 49 20 view .LVU79
 348 005c C4ED067A 		vstr.32	s15, [r4, #24]
  50:../../DaisySP/Source/Synthesis/oscillator.h ****         eoc_       = true;
 349              		.loc 1 50 9 is_stmt 1 view .LVU80
  51:../../DaisySP/Source/Synthesis/oscillator.h ****         eor_       = true;
 350              		.loc 1 51 9 view .LVU81
  52:../../DaisySP/Source/Synthesis/oscillator.h ****     }
 351              		.loc 1 52 9 view .LVU82
 352              	.LVL19:
  52:../../DaisySP/Source/Synthesis/oscillator.h ****     }
 353              		.loc 1 52 9 is_stmt 0 view .LVU83
 354              	.LBE87:
 355              	.LBE100:
  42:svf.cpp       ****     osc.SetWaveform(osc.WAVE_POLYBLEP_SAW);
 356              		.loc 8 42 5 is_stmt 1 view .LVU84
 357              	.LBB101:
 358              	.LBI90:
  70:../../DaisySP/Source/Synthesis/oscillator.h ****     {
 359              		.loc 1 70 17 view .LVU85
 360              	.LBB93:
 361              		.loc 1 72 9 view .LVU86
 362              		.loc 1 72 9 is_stmt 0 view .LVU87
 363              	.LBE93:
 364              	.LBE101:
  43:svf.cpp       ****     osc.SetFreq(250.0);
 365              		.loc 8 43 5 is_stmt 1 view .LVU88
 366              	.LBB102:
 367              	.LBI94:
  58:../../DaisySP/Source/Synthesis/oscillator.h ****     {
 368              		.loc 1 58 17 view .LVU89
 369              	.LBB96:
  60:../../DaisySP/Source/Synthesis/oscillator.h ****         phase_inc_ = CalcPhaseInc(f);
 370              		.loc 1 60 9 view .LVU90
  60:../../DaisySP/Source/Synthesis/oscillator.h ****         phase_inc_ = CalcPhaseInc(f);
 371              		.loc 1 60 20 is_stmt 0 view .LVU91
 372 0060 84ED020A 		vstr.32	s0, [r4, #8]
  61:../../DaisySP/Source/Synthesis/oscillator.h ****     }
 373              		.loc 1 61 9 is_stmt 1 view .LVU92
  61:../../DaisySP/Source/Synthesis/oscillator.h ****     }
 374              		.loc 1 61 34 is_stmt 0 view .LVU93
 375 0064 FFF7FEFF 		bl	_ZN7daisysp10Oscillator12CalcPhaseIncEf
 376              	.LVL20:
 377 0068 F0EE407A 		vmov.f32	s15, s0
 378              	.LBE96:
 379              	.LBE102:
  44:svf.cpp       ****     osc.SetAmp(0.5);
  45:svf.cpp       ****     // Initialize Filter, and set parameters.
  46:svf.cpp       ****     filt.Init(sample_rate);
 380              		.loc 8 46 14 view .LVU94
 381 006c 1148     		ldr	r0, .L21+16
 382 006e B0EE480A 		vmov.f32	s0, s16
 383              	.LBB103:
 384              	.LBB104:
ARM GAS  /tmp/ccTJZ7Mw.s 			page 16


  67:../../DaisySP/Source/Synthesis/oscillator.h ****     /** Sets the waveform to be synthesized by the Process() function.
 385              		.loc 1 67 46 view .LVU95
 386 0072 6560     		str	r5, [r4, #4]	@ float
 387              	.LBE104:
 388              	.LBE103:
 389              	.LBB106:
 390              	.LBB97:
  61:../../DaisySP/Source/Synthesis/oscillator.h ****     }
 391              		.loc 1 61 20 view .LVU96
 392 0074 C4ED067A 		vstr.32	s15, [r4, #24]
 393              	.LVL21:
  61:../../DaisySP/Source/Synthesis/oscillator.h ****     }
 394              		.loc 1 61 20 view .LVU97
 395              	.LBE97:
 396              	.LBE106:
  44:svf.cpp       ****     osc.SetAmp(0.5);
 397              		.loc 8 44 5 is_stmt 1 view .LVU98
 398              	.LBB107:
 399              	.LBI103:
  67:../../DaisySP/Source/Synthesis/oscillator.h ****     /** Sets the waveform to be synthesized by the Process() function.
 400              		.loc 1 67 17 view .LVU99
 401              	.LBB105:
  67:../../DaisySP/Source/Synthesis/oscillator.h ****     /** Sets the waveform to be synthesized by the Process() function.
 402              		.loc 1 67 41 view .LVU100
  67:../../DaisySP/Source/Synthesis/oscillator.h ****     /** Sets the waveform to be synthesized by the Process() function.
 403              		.loc 1 67 41 is_stmt 0 view .LVU101
 404              	.LBE105:
 405              	.LBE107:
 406              		.loc 8 46 5 is_stmt 1 view .LVU102
 407              		.loc 8 46 14 is_stmt 0 view .LVU103
 408 0078 FFF7FEFF 		bl	_ZN7daisysp3Svf4InitEf
 409              	.LVL22:
  47:svf.cpp       ****     filt.SetFreq(500.0);
 410              		.loc 8 47 5 is_stmt 1 view .LVU104
 411              		.loc 8 47 17 is_stmt 0 view .LVU105
 412 007c 9FED0E0A 		vldr.32	s0, .L21+20
 413 0080 0C48     		ldr	r0, .L21+16
 414 0082 FFF7FEFF 		bl	_ZN7daisysp3Svf7SetFreqEf
 415              	.LVL23:
  48:svf.cpp       ****     filt.SetRes(0.85);
 416              		.loc 8 48 5 is_stmt 1 view .LVU106
 417              		.loc 8 48 16 is_stmt 0 view .LVU107
 418 0086 9FED0D0A 		vldr.32	s0, .L21+24
 419 008a 0A48     		ldr	r0, .L21+16
 420 008c FFF7FEFF 		bl	_ZN7daisysp3Svf6SetResEf
 421              	.LVL24:
  49:svf.cpp       ****     filt.SetDrive(0.8);
 422              		.loc 8 49 5 is_stmt 1 view .LVU108
 423              		.loc 8 49 18 is_stmt 0 view .LVU109
 424 0090 0848     		ldr	r0, .L21+16
 425 0092 9FED0B0A 		vldr.32	s0, .L21+28
 426 0096 FFF7FEFF 		bl	_ZN7daisysp3Svf8SetDriveEf
 427              	.LVL25:
  50:svf.cpp       **** 
  51:svf.cpp       ****     // start callback
  52:svf.cpp       ****     seed.StartAudio(AudioCallback);
 428              		.loc 8 52 5 is_stmt 1 view .LVU110
ARM GAS  /tmp/ccTJZ7Mw.s 			page 17


 429              		.loc 8 52 20 is_stmt 0 view .LVU111
 430 009a 0A49     		ldr	r1, .L21+32
 431 009c 0148     		ldr	r0, .L21
 432 009e FFF7FEFF 		bl	_ZN5daisy9DaisySeed10StartAudioEPFvPKfPfjE
 433              	.LVL26:
 434              	.L19:
  53:svf.cpp       **** 
  54:svf.cpp       ****     while(1) {}
 435              		.loc 8 54 5 is_stmt 1 discriminator 1 view .LVU112
 436              		.loc 8 54 5 discriminator 1 view .LVU113
 437              		.loc 8 54 5 discriminator 1 view .LVU114
 438              		.loc 8 54 5 discriminator 1 view .LVU115
 439 00a2 FEE7     		b	.L19
 440              	.L22:
 441              		.align	2
 442              	.L21:
 443 00a4 00000000 		.word	.LANCHOR2
 444 00a8 00000000 		.word	.LANCHOR0
 445 00ac 0000C842 		.word	1120403456
 446 00b0 00007A43 		.word	1132068864
 447 00b4 00000000 		.word	.LANCHOR1
 448 00b8 0000FA43 		.word	1140457472
 449 00bc 9A99593F 		.word	1062836634
 450 00c0 CDCC4C3F 		.word	1061997773
 451 00c4 00000000 		.word	_ZL13AudioCallbackPKfPfj
 452              		.cfi_endproc
 453              	.LFE4213:
 455              		.section	.text.startup._GLOBAL__sub_I_osc,"ax",%progbits
 456              		.align	1
 457              		.p2align 2,,3
 458              		.syntax unified
 459              		.thumb
 460              		.thumb_func
 461              		.fpu fpv5-d16
 463              	_GLOBAL__sub_I_osc:
 464              	.LFB4759:
  55:svf.cpp       **** }
 465              		.loc 8 55 1 view -0
 466              		.cfi_startproc
 467              		@ args = 0, pretend = 0, frame = 0
 468              		@ frame_needed = 0, uses_anonymous_args = 0
 469              	.LBB127:
 470              	.LBI127:
 471              		.loc 8 55 1 view .LVU117
 472              	.LVL27:
 473              	.LBB128:
 474              	.LBB129:
 475              	.LBI129:
  21:../../libdaisy/src/daisy_seed.h ****     ~DaisySeed() {}
 476              		.loc 3 21 5 view .LVU118
 477              	.LBB130:
 478              	.LBB131:
 479              	.LBI131:
  62:../../libdaisy/src/hid/audio.h ****     ~AudioHandle() {}
 480              		.loc 7 62 5 view .LVU119
 481              	.LBE131:
 482              	.LBE130:
ARM GAS  /tmp/ccTJZ7Mw.s 			page 18


 483              	.LBE129:
 484              	.LBE128:
 485              	.LBE127:
 486              		.loc 8 55 1 is_stmt 0 view .LVU120
 487 0000 08B5     		push	{r3, lr}
 488              		.cfi_def_cfa_offset 8
 489              		.cfi_offset 3, -8
 490              		.cfi_offset 14, -4
 491              	.LBB152:
 492              	.LBB150:
 493              	.LBB146:
 494              	.LBB144:
 495              	.LBB136:
 496              	.LBB132:
 497              	.LBB133:
  62:../../libdaisy/src/hid/audio.h ****     ~AudioHandle() {}
 498              		.loc 7 62 35 view .LVU121
 499 0002 0A48     		ldr	r0, .L25
 500 0004 0023     		movs	r3, #0
 501              	.LBE133:
 502              	.LBE132:
 503              	.LBE136:
 504              	.LBE144:
 505              	.LBE146:
   8:svf.cpp       **** 
 506              		.loc 8 8 18 view .LVU122
 507 0006 0A4A     		ldr	r2, .L25+4
 508              	.LBB147:
 509              	.LBB145:
 510              	.LBB137:
 511              	.LBB135:
 512              	.LBB134:
  62:../../libdaisy/src/hid/audio.h ****     ~AudioHandle() {}
 513              		.loc 7 62 35 view .LVU123
 514 0008 4361     		str	r3, [r0, #20]
 515              	.LVL28:
  62:../../libdaisy/src/hid/audio.h ****     ~AudioHandle() {}
 516              		.loc 7 62 35 view .LVU124
 517              	.LBE134:
 518              	.LBE135:
 519              	.LBE137:
 520              	.LBB138:
 521              	.LBI138:
  84:../../libdaisy/src/per/adc.h ****     ~AdcHandle() {}
 522              		.loc 6 84 5 is_stmt 1 view .LVU125
  84:../../libdaisy/src/per/adc.h ****     ~AdcHandle() {}
 523              		.loc 6 84 5 is_stmt 0 view .LVU126
 524              	.LBE138:
 525              	.LBB139:
 526              	.LBI139:
 527              		.file 9 "../../libdaisy/src/per/dac.h"
   1:../../libdaisy/src/per/dac.h **** #pragma once
   2:../../libdaisy/src/per/dac.h **** #ifndef DSY_DAC_H
   3:../../libdaisy/src/per/dac.h **** #define DSY_DAC_H
   4:../../libdaisy/src/per/dac.h **** 
   5:../../libdaisy/src/per/dac.h **** #include "daisy_core.h"
   6:../../libdaisy/src/per/dac.h **** 
ARM GAS  /tmp/ccTJZ7Mw.s 			page 19


   7:../../libdaisy/src/per/dac.h **** namespace daisy
   8:../../libdaisy/src/per/dac.h **** {
   9:../../libdaisy/src/per/dac.h **** /** DAC handle for Built-in DAC Peripheral 
  10:../../libdaisy/src/per/dac.h ****  ** 
  11:../../libdaisy/src/per/dac.h ****  ** For now only Normal Mode is supported,
  12:../../libdaisy/src/per/dac.h ****  ** Sample and hold mode provides reduced power consumption, but requires a bit more setup.
  13:../../libdaisy/src/per/dac.h ****  **
  14:../../libdaisy/src/per/dac.h ****  ** For now connecting the DAC through other internal periphearls is also not supported.
  15:../../libdaisy/src/per/dac.h ****  **
  16:../../libdaisy/src/per/dac.h ****  ** Since the DAC channels have dedicated pins we don't need to pass in a pin config like with
  17:../../libdaisy/src/per/dac.h ****  ** other modules. However, it is still important to not try to use the DAC pins for anything else.
  18:../../libdaisy/src/per/dac.h ****  ** DAC Channel 1 is on PA4, and DAC Channel 2 is on PA5
  19:../../libdaisy/src/per/dac.h ****  ***/
  20:../../libdaisy/src/per/dac.h **** class DacHandle
  21:../../libdaisy/src/per/dac.h **** {
  22:../../libdaisy/src/per/dac.h ****   public:
  23:../../libdaisy/src/per/dac.h ****     /** Return Values for the DacHandle class */
  24:../../libdaisy/src/per/dac.h ****     enum class Result
  25:../../libdaisy/src/per/dac.h ****     {
  26:../../libdaisy/src/per/dac.h ****         OK,
  27:../../libdaisy/src/per/dac.h ****         ERR,
  28:../../libdaisy/src/per/dac.h ****     };
  29:../../libdaisy/src/per/dac.h **** 
  30:../../libdaisy/src/per/dac.h ****     /** Selects which channel(s) will be configured for use. */
  31:../../libdaisy/src/per/dac.h ****     enum class Channel
  32:../../libdaisy/src/per/dac.h ****     {
  33:../../libdaisy/src/per/dac.h ****         ONE,
  34:../../libdaisy/src/per/dac.h ****         TWO,
  35:../../libdaisy/src/per/dac.h ****         BOTH,
  36:../../libdaisy/src/per/dac.h ****     };
  37:../../libdaisy/src/per/dac.h **** 
  38:../../libdaisy/src/per/dac.h ****     /** Sets the Mode for the DAC channels.
  39:../../libdaisy/src/per/dac.h ****      **
  40:../../libdaisy/src/per/dac.h ****      ** Polling mode uses the blocking mode to transmit a single value at a time.
  41:../../libdaisy/src/per/dac.h ****      **
  42:../../libdaisy/src/per/dac.h ****      ** DMA mode uses a buffer, and periodically transmits it triggering a 
  43:../../libdaisy/src/per/dac.h ****      ** callback to fill the buffer when it is ready for more samples.
  44:../../libdaisy/src/per/dac.h ****      ***/
  45:../../libdaisy/src/per/dac.h ****     enum class Mode
  46:../../libdaisy/src/per/dac.h ****     {
  47:../../libdaisy/src/per/dac.h ****         POLLING,
  48:../../libdaisy/src/per/dac.h ****         DMA,
  49:../../libdaisy/src/per/dac.h ****     };
  50:../../libdaisy/src/per/dac.h **** 
  51:../../libdaisy/src/per/dac.h ****     /** Sets the number of bits per sample transmitted out of the DAC.
  52:../../libdaisy/src/per/dac.h ****      ** The output range will be: 0V - VDDA
  53:../../libdaisy/src/per/dac.h ****      ** The resolution will be roughly: bitdepth / (VDDA - 0V) 
  54:../../libdaisy/src/per/dac.h ****      ***/
  55:../../libdaisy/src/per/dac.h ****     enum class BitDepth
  56:../../libdaisy/src/per/dac.h ****     {
  57:../../libdaisy/src/per/dac.h ****         BITS_8,
  58:../../libdaisy/src/per/dac.h ****         BITS_12
  59:../../libdaisy/src/per/dac.h ****     };
  60:../../libdaisy/src/per/dac.h **** 
  61:../../libdaisy/src/per/dac.h ****     /** Sets whether the DAC output is buffered for higher drive ability. */
  62:../../libdaisy/src/per/dac.h ****     enum class BufferState
  63:../../libdaisy/src/per/dac.h ****     {
ARM GAS  /tmp/ccTJZ7Mw.s 			page 20


  64:../../libdaisy/src/per/dac.h ****         ENABLED,
  65:../../libdaisy/src/per/dac.h ****         DISABLED,
  66:../../libdaisy/src/per/dac.h ****     };
  67:../../libdaisy/src/per/dac.h **** 
  68:../../libdaisy/src/per/dac.h ****     /** Configuration structure for initializing the DAC structure. */
  69:../../libdaisy/src/per/dac.h ****     struct Config
  70:../../libdaisy/src/per/dac.h ****     {
  71:../../libdaisy/src/per/dac.h ****         /** Target Samplerate in Hz used to configure the internal 
  72:../../libdaisy/src/per/dac.h ****          ** timebase for DMA mode. Does nothing in POLLING mode.
  73:../../libdaisy/src/per/dac.h ****          ** If the value is 0 at Init time this will default to 48000Hz 
  74:../../libdaisy/src/per/dac.h ****          ** otherwise the driver will attempt meet the target.*/
  75:../../libdaisy/src/per/dac.h ****         uint32_t target_samplerate;
  76:../../libdaisy/src/per/dac.h **** 
  77:../../libdaisy/src/per/dac.h ****         Channel     chn;
  78:../../libdaisy/src/per/dac.h ****         Mode        mode;
  79:../../libdaisy/src/per/dac.h ****         BitDepth    bitdepth;
  80:../../libdaisy/src/per/dac.h ****         BufferState buff_state;
  81:../../libdaisy/src/per/dac.h ****     };
  82:../../libdaisy/src/per/dac.h **** 
  83:../../libdaisy/src/per/dac.h ****     DacHandle() : pimpl_(nullptr) {}
 528              		.loc 9 83 5 is_stmt 1 view .LVU127
 529              	.LBB140:
 530              	.LBB141:
 531              		.loc 9 83 33 is_stmt 0 view .LVU128
 532 000a 0362     		str	r3, [r0, #32]
 533              	.LVL29:
 534              		.loc 9 83 33 view .LVU129
 535              	.LBE141:
 536              	.LBE140:
 537              	.LBE139:
 538              	.LBB142:
 539              	.LBI142:
  40:../../libdaisy/src/hid/usb.h **** 
 540              		.loc 5 40 5 is_stmt 1 view .LVU130
  40:../../libdaisy/src/hid/usb.h **** 
 541              		.loc 5 40 5 is_stmt 0 view .LVU131
 542              	.LBE142:
 543              	.LBB143:
 544              	.LBI143:
  58:../../libdaisy/src/sys/system.h ****     ~System() {}
 545              		.loc 4 58 5 is_stmt 1 view .LVU132
  58:../../libdaisy/src/sys/system.h ****     ~System() {}
 546              		.loc 4 58 5 is_stmt 0 view .LVU133
 547              	.LBE143:
 548              	.LBE145:
 549              	.LBE147:
   8:svf.cpp       **** 
 550              		.loc 8 8 18 view .LVU134
 551 000c 0949     		ldr	r1, .L25+8
 552 000e FFF7FEFF 		bl	__aeabi_atexit
 553              	.LVL30:
 554              	.LBB148:
 555              	.LBI148:
  15:../../DaisySP/Source/Synthesis/oscillator.h ****     ~Oscillator() {}
 556              		.loc 1 15 5 is_stmt 1 view .LVU135
  15:../../DaisySP/Source/Synthesis/oscillator.h ****     ~Oscillator() {}
 557              		.loc 1 15 5 is_stmt 0 view .LVU136
ARM GAS  /tmp/ccTJZ7Mw.s 			page 21


 558              	.LBE148:
  10:svf.cpp       **** Svf        filt;
 559              		.loc 8 10 12 view .LVU137
 560 0012 074A     		ldr	r2, .L25+4
 561 0014 0849     		ldr	r1, .L25+12
 562 0016 0948     		ldr	r0, .L25+16
 563 0018 FFF7FEFF 		bl	__aeabi_atexit
 564              	.LVL31:
 565              	.LBB149:
 566              	.LBI149:
  21:../../DaisySP/Source/Filters/svf.h ****     ~Svf() {}
 567              		.loc 2 21 5 is_stmt 1 view .LVU138
  21:../../DaisySP/Source/Filters/svf.h ****     ~Svf() {}
 568              		.loc 2 21 5 is_stmt 0 view .LVU139
 569              	.LBE149:
  11:svf.cpp       **** 
 570              		.loc 8 11 12 view .LVU140
 571 001c 044A     		ldr	r2, .L25+4
 572 001e 0849     		ldr	r1, .L25+20
 573 0020 0848     		ldr	r0, .L25+24
 574              	.LBE150:
 575              	.LBE152:
 576              		.loc 8 55 1 view .LVU141
 577 0022 BDE80840 		pop	{r3, lr}
 578              		.cfi_restore 14
 579              		.cfi_restore 3
 580              		.cfi_def_cfa_offset 0
 581              	.LBB153:
 582              	.LBB151:
  11:svf.cpp       **** 
 583              		.loc 8 11 12 view .LVU142
 584 0026 FFF7FEBF 		b	__aeabi_atexit
 585              	.LVL32:
 586              	.L26:
 587 002a 00BF     		.align	2
 588              	.L25:
 589 002c 00000000 		.word	.LANCHOR2
 590 0030 00000000 		.word	__dso_handle
 591 0034 00000000 		.word	_ZN5daisy9DaisySeedD1Ev
 592 0038 00000000 		.word	_ZN7daisysp10OscillatorD1Ev
 593 003c 00000000 		.word	.LANCHOR0
 594 0040 00000000 		.word	_ZN7daisysp3SvfD1Ev
 595 0044 00000000 		.word	.LANCHOR1
 596              	.LBE151:
 597              	.LBE153:
 598              		.cfi_endproc
 599              	.LFE4759:
 601              		.section	.init_array,"aw",%init_array
 602              		.align	2
 603 0000 00000000 		.word	_GLOBAL__sub_I_osc(target1)
 604              		.global	filt
 605              		.global	osc
 606              		.section	.bss._ZL4seed,"aw",%nobits
 607              		.align	2
 608              		.set	.LANCHOR2,. + 0
 611              	_ZL4seed:
 612 0000 00000000 		.space	60
ARM GAS  /tmp/ccTJZ7Mw.s 			page 22


 612      00000000 
 612      00000000 
 612      00000000 
 612      00000000 
 613              		.section	.bss.filt,"aw",%nobits
 614              		.align	2
 615              		.set	.LANCHOR1,. + 0
 618              	filt:
 619 0000 00000000 		.space	76
 619      00000000 
 619      00000000 
 619      00000000 
 619      00000000 
 620              		.section	.bss.osc,"aw",%nobits
 621              		.align	2
 622              		.set	.LANCHOR0,. + 0
 625              	osc:
 626 0000 00000000 		.space	40
 626      00000000 
 626      00000000 
 626      00000000 
 626      00000000 
 627              		.text
 628              	.Letext0:
 629              		.file 10 "/usr/lib/gcc/arm-none-eabi/9.2.1/include/stdint.h"
 630              		.file 11 "../../libdaisy/Drivers/CMSIS/Include/core_cm7.h"
 631              		.file 12 "../../libdaisy/Drivers/CMSIS/Device/ST/STM32H7xx/Include/system_stm32h7xx.h"
 632              		.file 13 "/usr/lib/gcc/arm-none-eabi/9.2.1/include/stddef.h"
 633              		.file 14 "/usr/include/newlib/c++/9.2.1/cmath"
 634              		.file 15 "/usr/include/newlib/c++/9.2.1/bits/std_abs.h"
 635              		.file 16 "/usr/include/newlib/c++/9.2.1/cstdint"
 636              		.file 17 "/usr/include/newlib/c++/9.2.1/cstdlib"
 637              		.file 18 "/usr/include/newlib/c++/9.2.1/type_traits"
 638              		.file 19 "/usr/include/newlib/c++/9.2.1/arm-none-eabi/thumb/v7e-m+dp/hard/bits/c++config.h"
 639              		.file 20 "/usr/include/newlib/c++/9.2.1/bits/stl_pair.h"
 640              		.file 21 "/usr/include/newlib/c++/9.2.1/debug/debug.h"
 641              		.file 22 "/usr/include/newlib/c++/9.2.1/cwchar"
 642              		.file 23 "/usr/include/newlib/c++/9.2.1/bits/exception_ptr.h"
 643              		.file 24 "/usr/include/newlib/c++/9.2.1/new"
 644              		.file 25 "/usr/include/newlib/c++/9.2.1/clocale"
 645              		.file 26 "/usr/include/newlib/c++/9.2.1/cstdio"
 646              		.file 27 "/usr/include/newlib/c++/9.2.1/bits/basic_string.h"
 647              		.file 28 "/usr/include/newlib/c++/9.2.1/bits/uniform_int_dist.h"
 648              		.file 29 "/usr/include/newlib/c++/9.2.1/bits/random.h"
 649              		.file 30 "/usr/include/newlib/c++/9.2.1/cstring"
 650              		.file 31 "/usr/include/newlib/c++/9.2.1/bits/algorithmfwd.h"
 651              		.file 32 "/usr/include/newlib/c++/9.2.1/cstdarg"
 652              		.file 33 "/usr/include/newlib/c++/9.2.1/bits/predefined_ops.h"
 653              		.file 34 "/usr/include/newlib/c++/9.2.1/ext/new_allocator.h"
 654              		.file 35 "/usr/include/newlib/c++/9.2.1/ext/numeric_traits.h"
 655              		.file 36 "/usr/include/newlib/sys/_types.h"
 656              		.file 37 "<built-in>"
 657              		.file 38 "/usr/include/newlib/sys/reent.h"
 658              		.file 39 "/usr/include/newlib/sys/lock.h"
 659              		.file 40 "/usr/include/newlib/math.h"
 660              		.file 41 "/usr/include/newlib/stdlib.h"
 661              		.file 42 "/usr/include/newlib/c++/9.2.1/math.h"
ARM GAS  /tmp/ccTJZ7Mw.s 			page 23


 662              		.file 43 "../../libdaisy/Drivers/STM32H7xx_HAL_Driver/Inc/stm32h7xx_hal_def.h"
 663              		.file 44 "../../libdaisy/Drivers/STM32H7xx_HAL_Driver/Inc/stm32h7xx_hal_flash.h"
 664              		.file 45 "../../DaisySP/Source/Control/adenv.h"
 665              		.file 46 "../../DaisySP/Source/Utility/dsp.h"
 666              		.file 47 "/usr/lib/gcc/arm-none-eabi/9.2.1/include/stdarg.h"
 667              		.file 48 "/usr/include/newlib/wchar.h"
 668              		.file 49 "/usr/include/newlib/locale.h"
 669              		.file 50 "/usr/include/newlib/ctype.h"
 670              		.file 51 "/usr/include/newlib/stdio.h"
 671              		.file 52 "/usr/include/newlib/sys/errno.h"
 672              		.file 53 "/usr/include/newlib/c++/9.2.1/stdlib.h"
 673              		.file 54 "/usr/include/newlib/string.h"
 674              		.file 55 "../../libdaisy/src/daisy_core.h"
 675              		.file 56 "../../libdaisy/src/per/tim.h"
 676              		.file 57 "../../libdaisy/src/per/sai.h"
 677              		.file 58 "../../libdaisy/src/util/wav_format.h"
 678              		.file 59 "../../libdaisy/src/per/qspi.h"
 679              		.file 60 "../../libdaisy/src/per/gpio.h"
 680              		.file 61 "../../libdaisy/src/dev/sdram.h"
 681              		.file 62 "/usr/include/newlib/sys/unistd.h"
 682              		.file 63 "../../libdaisy/src/util/oled_fonts.h"
 683              		.file 64 "../../libdaisy/Middlewares/Third_Party/FatFs/src/integer.h"
 684              		.file 65 "../../libdaisy/Middlewares/Third_Party/FatFs/src/ff.h"
 685              		.file 66 "../../libdaisy/Middlewares/Third_Party/FatFs/src/diskio.h"
 686              		.file 67 "../../libdaisy/Middlewares/Third_Party/FatFs/src/ff_gen_drv.h"
 687              		.file 68 "../../libdaisy/src/util/sd_diskio.h"
 688              		.file 69 "../../libdaisy/src/sys/fatfs.h"
 689              		.file 70 "../../libdaisy/src/dev/sr_595.h"
ARM GAS  /tmp/ccTJZ7Mw.s 			page 24


DEFINED SYMBOLS
                            *ABS*:0000000000000000 svf.cpp
     /tmp/ccTJZ7Mw.s:17     .text._ZN7daisysp10OscillatorD2Ev:0000000000000000 $t
     /tmp/ccTJZ7Mw.s:26     .text._ZN7daisysp10OscillatorD2Ev:0000000000000000 _ZN7daisysp10OscillatorD2Ev
     /tmp/ccTJZ7Mw.s:26     .text._ZN7daisysp10OscillatorD2Ev:0000000000000000 _ZN7daisysp10OscillatorD1Ev
     /tmp/ccTJZ7Mw.s:43     .text._ZN7daisysp3SvfD2Ev:0000000000000000 $t
     /tmp/ccTJZ7Mw.s:51     .text._ZN7daisysp3SvfD2Ev:0000000000000000 _ZN7daisysp3SvfD2Ev
     /tmp/ccTJZ7Mw.s:51     .text._ZN7daisysp3SvfD2Ev:0000000000000000 _ZN7daisysp3SvfD1Ev
     /tmp/ccTJZ7Mw.s:68     .text._ZN5daisy9DaisySeedD2Ev:0000000000000000 $t
     /tmp/ccTJZ7Mw.s:76     .text._ZN5daisy9DaisySeedD2Ev:0000000000000000 _ZN5daisy9DaisySeedD2Ev
     /tmp/ccTJZ7Mw.s:76     .text._ZN5daisy9DaisySeedD2Ev:0000000000000000 _ZN5daisy9DaisySeedD1Ev
     /tmp/ccTJZ7Mw.s:117    .text._ZL13AudioCallbackPKfPfj:0000000000000000 $t
     /tmp/ccTJZ7Mw.s:124    .text._ZL13AudioCallbackPKfPfj:0000000000000000 _ZL13AudioCallbackPKfPfj
     /tmp/ccTJZ7Mw.s:214    .text._ZL13AudioCallbackPKfPfj:0000000000000038 $d
     /tmp/ccTJZ7Mw.s:220    .text.startup.main:0000000000000000 $t
     /tmp/ccTJZ7Mw.s:228    .text.startup.main:0000000000000000 main
     /tmp/ccTJZ7Mw.s:443    .text.startup.main:00000000000000a4 $d
     /tmp/ccTJZ7Mw.s:456    .text.startup._GLOBAL__sub_I_osc:0000000000000000 $t
     /tmp/ccTJZ7Mw.s:463    .text.startup._GLOBAL__sub_I_osc:0000000000000000 _GLOBAL__sub_I_osc
     /tmp/ccTJZ7Mw.s:589    .text.startup._GLOBAL__sub_I_osc:000000000000002c $d
     /tmp/ccTJZ7Mw.s:602    .init_array:0000000000000000 $d
     /tmp/ccTJZ7Mw.s:618    .bss.filt:0000000000000000 filt
     /tmp/ccTJZ7Mw.s:625    .bss.osc:0000000000000000 osc
     /tmp/ccTJZ7Mw.s:607    .bss._ZL4seed:0000000000000000 $d
     /tmp/ccTJZ7Mw.s:611    .bss._ZL4seed:0000000000000000 _ZL4seed
     /tmp/ccTJZ7Mw.s:614    .bss.filt:0000000000000000 $d
     /tmp/ccTJZ7Mw.s:621    .bss.osc:0000000000000000 $d
                           .group:0000000000000000 _ZN7daisysp10OscillatorD5Ev
                           .group:0000000000000000 _ZN7daisysp3SvfD5Ev
                           .group:0000000000000000 _ZN5daisy9DaisySeedD5Ev

UNDEFINED SYMBOLS
_ZN7daisysp10Oscillator7ProcessEv
_ZN7daisysp3Svf7ProcessEf
_ZN5daisy9DaisySeed9ConfigureEv
_ZN5daisy9DaisySeed4InitEb
_ZN5daisy9DaisySeed15AudioSampleRateEv
_ZN7daisysp10Oscillator12CalcPhaseIncEf
_ZN7daisysp3Svf4InitEf
_ZN7daisysp3Svf7SetFreqEf
_ZN7daisysp3Svf6SetResEf
_ZN7daisysp3Svf8SetDriveEf
_ZN5daisy9DaisySeed10StartAudioEPFvPKfPfjE
__aeabi_atexit
__dso_handle
