ARM GAS  /tmp/ccPZzaLK.s 			page 1


   1              		.cpu cortex-m7
   2              		.eabi_attribute 28, 1
   3              		.eabi_attribute 20, 1
   4              		.eabi_attribute 21, 1
   5              		.eabi_attribute 23, 3
   6              		.eabi_attribute 24, 1
   7              		.eabi_attribute 25, 1
   8              		.eabi_attribute 26, 1
   9              		.eabi_attribute 30, 2
  10              		.eabi_attribute 34, 1
  11              		.eabi_attribute 18, 4
  12              		.file	"zoscillator.cpp"
  13              		.text
  14              	.Ltext0:
  15              		.cfi_sections	.debug_frame
  16              		.section	.text._ZN5daisy9DaisySeedD2Ev,"axG",%progbits,_ZN5daisy9DaisySeedD5Ev,comdat
  17              		.align	1
  18              		.p2align 2,,3
  19              		.weak	_ZN5daisy9DaisySeedD2Ev
  20              		.arch armv7e-m
  21              		.syntax unified
  22              		.thumb
  23              		.thumb_func
  24              		.fpu fpv5-d16
  26              	_ZN5daisy9DaisySeedD2Ev:
  27              	.LVL0:
  28              	.LFB2037:
  29              		.file 1 "../../libdaisy/src/daisy_seed.h"
   1:../../libdaisy/src/daisy_seed.h **** #pragma once
   2:../../libdaisy/src/daisy_seed.h **** #ifndef DSY_SEED_H
   3:../../libdaisy/src/daisy_seed.h **** #define DSY_SEED_H
   4:../../libdaisy/src/daisy_seed.h **** 
   5:../../libdaisy/src/daisy_seed.h **** #include "daisy.h"
   6:../../libdaisy/src/daisy_seed.h **** 
   7:../../libdaisy/src/daisy_seed.h **** //Uncomment this out if you're still using the rev2 hardware
   8:../../libdaisy/src/daisy_seed.h **** //#define SEED_REV2
   9:../../libdaisy/src/daisy_seed.h **** 
  10:../../libdaisy/src/daisy_seed.h **** namespace daisy
  11:../../libdaisy/src/daisy_seed.h **** {
  12:../../libdaisy/src/daisy_seed.h **** /**
  13:../../libdaisy/src/daisy_seed.h ****    @brief This is the higher-level interface for the Daisy board. \n 
  14:../../libdaisy/src/daisy_seed.h ****     All basic peripheral configuration/initialization is setup here. \n
  15:../../libdaisy/src/daisy_seed.h **** 
  16:../../libdaisy/src/daisy_seed.h ****    @ingroup boards
  17:../../libdaisy/src/daisy_seed.h **** */
  18:../../libdaisy/src/daisy_seed.h **** class DaisySeed
  19:../../libdaisy/src/daisy_seed.h **** {
  20:../../libdaisy/src/daisy_seed.h ****   public:
  21:../../libdaisy/src/daisy_seed.h ****     DaisySeed() {}
  22:../../libdaisy/src/daisy_seed.h ****     ~DaisySeed() {}
  30              		.loc 1 22 5 view -0
  31              		.cfi_startproc
  32              		@ args = 0, pretend = 0, frame = 0
  33              		@ frame_needed = 0, uses_anonymous_args = 0
  34              		@ link register save eliminated.
  35              	.LBB77:
  36              	.LBI77:
ARM GAS  /tmp/ccPZzaLK.s 			page 2


  37              		.file 2 "../../libdaisy/src/sys/system.h"
   1:../../libdaisy/src/sys/system.h **** #ifndef DSY_SYSTEM_H
   2:../../libdaisy/src/sys/system.h **** #define DSY_SYSTEM_H
   3:../../libdaisy/src/sys/system.h **** 
   4:../../libdaisy/src/sys/system.h **** #ifndef UNIT_TEST // for unit tests, a dummy implementation is provided below
   5:../../libdaisy/src/sys/system.h **** 
   6:../../libdaisy/src/sys/system.h **** #include <cstdint>
   7:../../libdaisy/src/sys/system.h **** #include "per/tim.h"
   8:../../libdaisy/src/sys/system.h **** 
   9:../../libdaisy/src/sys/system.h **** namespace daisy
  10:../../libdaisy/src/sys/system.h **** {
  11:../../libdaisy/src/sys/system.h **** /** A handle for interacting with the Core System. 
  12:../../libdaisy/src/sys/system.h ****  ** This includes the Clock tree, MPU, global DMA initialization,
  13:../../libdaisy/src/sys/system.h ****  ** cache handling, and any other necessary global initiailzation
  14:../../libdaisy/src/sys/system.h ****  **
  15:../../libdaisy/src/sys/system.h ****  ** @author shensley
  16:../../libdaisy/src/sys/system.h ****  ** @addtogroup system
  17:../../libdaisy/src/sys/system.h ****  */
  18:../../libdaisy/src/sys/system.h **** class System
  19:../../libdaisy/src/sys/system.h **** {
  20:../../libdaisy/src/sys/system.h ****   public:
  21:../../libdaisy/src/sys/system.h ****     /** Contains settings for initializing the System */
  22:../../libdaisy/src/sys/system.h ****     struct Config
  23:../../libdaisy/src/sys/system.h ****     {
  24:../../libdaisy/src/sys/system.h ****         /** Specifies the system clock frequency that feeds APB/AHB clocks, etc. */
  25:../../libdaisy/src/sys/system.h ****         enum class SysClkFreq
  26:../../libdaisy/src/sys/system.h ****         {
  27:../../libdaisy/src/sys/system.h ****             FREQ_400MHZ,
  28:../../libdaisy/src/sys/system.h ****             FREQ_480MHZ,
  29:../../libdaisy/src/sys/system.h ****         };
  30:../../libdaisy/src/sys/system.h **** 
  31:../../libdaisy/src/sys/system.h ****         /** Method to call on the struct to set to defaults
  32:../../libdaisy/src/sys/system.h ****          ** CPU Freq set to 400MHz
  33:../../libdaisy/src/sys/system.h ****          ** Cache Enabled 
  34:../../libdaisy/src/sys/system.h ****          ** */
  35:../../libdaisy/src/sys/system.h ****         void Defaults()
  36:../../libdaisy/src/sys/system.h ****         {
  37:../../libdaisy/src/sys/system.h ****             cpu_freq   = SysClkFreq::FREQ_400MHZ;
  38:../../libdaisy/src/sys/system.h ****             use_dcache = true;
  39:../../libdaisy/src/sys/system.h ****             use_icache = true;
  40:../../libdaisy/src/sys/system.h ****         }
  41:../../libdaisy/src/sys/system.h **** 
  42:../../libdaisy/src/sys/system.h ****         /** Method to call on the struct to set to boost mode:
  43:../../libdaisy/src/sys/system.h ****          ** CPU Freq set to 480MHz
  44:../../libdaisy/src/sys/system.h ****          ** Cache Enabled 
  45:../../libdaisy/src/sys/system.h ****          ** */
  46:../../libdaisy/src/sys/system.h ****         void Boost()
  47:../../libdaisy/src/sys/system.h ****         {
  48:../../libdaisy/src/sys/system.h ****             cpu_freq   = SysClkFreq::FREQ_480MHZ;
  49:../../libdaisy/src/sys/system.h ****             use_dcache = true;
  50:../../libdaisy/src/sys/system.h ****             use_icache = true;
  51:../../libdaisy/src/sys/system.h ****         }
  52:../../libdaisy/src/sys/system.h **** 
  53:../../libdaisy/src/sys/system.h ****         SysClkFreq cpu_freq;
  54:../../libdaisy/src/sys/system.h ****         bool       use_dcache;
  55:../../libdaisy/src/sys/system.h ****         bool       use_icache;
  56:../../libdaisy/src/sys/system.h ****     };
ARM GAS  /tmp/ccPZzaLK.s 			page 3


  57:../../libdaisy/src/sys/system.h **** 
  58:../../libdaisy/src/sys/system.h ****     System() {}
  59:../../libdaisy/src/sys/system.h ****     ~System() {}
  38              		.loc 2 59 5 view .LVU1
  39              		.loc 2 59 5 is_stmt 0 view .LVU2
  40              	.LBE77:
  41              	.LBB78:
  42              	.LBI78:
  43              		.file 3 "../../libdaisy/src/hid/usb.h"
   1:../../libdaisy/src/hid/usb.h **** #pragma once
   2:../../libdaisy/src/hid/usb.h **** #ifndef DSY_HID_USB_H
   3:../../libdaisy/src/hid/usb.h **** #define DSY_HID_USB_H
   4:../../libdaisy/src/hid/usb.h **** #include <stdint.h>
   5:../../libdaisy/src/hid/usb.h **** #include <stdlib.h>
   6:../../libdaisy/src/hid/usb.h **** 
   7:../../libdaisy/src/hid/usb.h **** namespace daisy
   8:../../libdaisy/src/hid/usb.h **** /** @addtogroup externals
   9:../../libdaisy/src/hid/usb.h ****     @{
  10:../../libdaisy/src/hid/usb.h **** */
  11:../../libdaisy/src/hid/usb.h **** 
  12:../../libdaisy/src/hid/usb.h **** {
  13:../../libdaisy/src/hid/usb.h **** /** 
  14:../../libdaisy/src/hid/usb.h ****     @brief Interface for initializing and using the USB Peripherals on the daisy
  15:../../libdaisy/src/hid/usb.h ****     @author Stephen Hensley
  16:../../libdaisy/src/hid/usb.h ****     @date December 2019
  17:../../libdaisy/src/hid/usb.h **** */
  18:../../libdaisy/src/hid/usb.h **** class UsbHandle
  19:../../libdaisy/src/hid/usb.h **** {
  20:../../libdaisy/src/hid/usb.h ****   public:
  21:../../libdaisy/src/hid/usb.h ****     /** Return values for USBHandle Functions */
  22:../../libdaisy/src/hid/usb.h ****     enum class Result
  23:../../libdaisy/src/hid/usb.h ****     {
  24:../../libdaisy/src/hid/usb.h ****         OK,
  25:../../libdaisy/src/hid/usb.h ****         ERR,
  26:../../libdaisy/src/hid/usb.h ****     };
  27:../../libdaisy/src/hid/usb.h **** 
  28:../../libdaisy/src/hid/usb.h ****     /** Specified which of the two USB Peripherals to initialize. */
  29:../../libdaisy/src/hid/usb.h ****     enum UsbPeriph
  30:../../libdaisy/src/hid/usb.h ****     {
  31:../../libdaisy/src/hid/usb.h ****         FS_INTERNAL, /**< Internal pin */
  32:../../libdaisy/src/hid/usb.h ****         FS_EXTERNAL, /**< FS External D+ pin is Pin 38 (GPIO32). FS External D- pin is Pin 37 (GPIO
  33:../../libdaisy/src/hid/usb.h ****         FS_BOTH,     /**< Both */
  34:../../libdaisy/src/hid/usb.h ****     };
  35:../../libdaisy/src/hid/usb.h **** 
  36:../../libdaisy/src/hid/usb.h **** 
  37:../../libdaisy/src/hid/usb.h ****     /** Function called upon reception of a buffer */
  38:../../libdaisy/src/hid/usb.h ****     typedef void (*ReceiveCallback)(uint8_t* buff, uint32_t* len);
  39:../../libdaisy/src/hid/usb.h **** 
  40:../../libdaisy/src/hid/usb.h ****     UsbHandle() {}
  41:../../libdaisy/src/hid/usb.h **** 
  42:../../libdaisy/src/hid/usb.h ****     ~UsbHandle() {}
  44              		.loc 3 42 5 is_stmt 1 view .LVU3
  45              		.loc 3 42 5 is_stmt 0 view .LVU4
  46              	.LBE78:
  47              	.LBB79:
  48              	.LBI79:
  49              		.file 4 "../../libdaisy/src/per/adc.h"
ARM GAS  /tmp/ccPZzaLK.s 			page 4


   1:../../libdaisy/src/per/adc.h **** #pragma once
   2:../../libdaisy/src/per/adc.h **** #ifndef DSY_ADC_H
   3:../../libdaisy/src/per/adc.h **** #define DSY_ADC_H /**< Macro */
   4:../../libdaisy/src/per/adc.h **** #include <stdint.h>
   5:../../libdaisy/src/per/adc.h **** #include <stdlib.h>
   6:../../libdaisy/src/per/adc.h **** #include "daisy_core.h"
   7:../../libdaisy/src/per/adc.h **** #include "per/gpio.h"
   8:../../libdaisy/src/per/adc.h **** 
   9:../../libdaisy/src/per/adc.h **** #define DSY_ADC_MAX_CHANNELS 14 /**< Maximum number of ADC channels */
  10:../../libdaisy/src/per/adc.h **** 
  11:../../libdaisy/src/per/adc.h **** namespace daisy
  12:../../libdaisy/src/per/adc.h **** {
  13:../../libdaisy/src/per/adc.h **** /** @addtogroup analog_digital_conversion
  14:../../libdaisy/src/per/adc.h ****     @{
  15:../../libdaisy/src/per/adc.h **** */
  16:../../libdaisy/src/per/adc.h **** 
  17:../../libdaisy/src/per/adc.h **** /* While there may not be many configuration options here,
  18:../../libdaisy/src/per/adc.h **** using a struct like this allows us to add more configuration
  19:../../libdaisy/src/per/adc.h **** later without breaking existing functionality.
  20:../../libdaisy/src/per/adc.h **** */
  21:../../libdaisy/src/per/adc.h **** 
  22:../../libdaisy/src/per/adc.h **** /** Configuration Structure for a given channel */
  23:../../libdaisy/src/per/adc.h **** struct AdcChannelConfig
  24:../../libdaisy/src/per/adc.h **** {
  25:../../libdaisy/src/per/adc.h ****     /** Which pin to use for multiplexing */
  26:../../libdaisy/src/per/adc.h ****     enum MuxPin
  27:../../libdaisy/src/per/adc.h ****     {
  28:../../libdaisy/src/per/adc.h ****         MUX_SEL_0,    /**< & */
  29:../../libdaisy/src/per/adc.h ****         MUX_SEL_1,    /**< & */
  30:../../libdaisy/src/per/adc.h ****         MUX_SEL_2,    /**< & */
  31:../../libdaisy/src/per/adc.h ****         MUX_SEL_LAST, /**< & */
  32:../../libdaisy/src/per/adc.h ****     };
  33:../../libdaisy/src/per/adc.h **** 
  34:../../libdaisy/src/per/adc.h ****     /** Initializes a single ADC pin as an ADC. 
  35:../../libdaisy/src/per/adc.h ****     \param pin Pin to init.
  36:../../libdaisy/src/per/adc.h ****      */
  37:../../libdaisy/src/per/adc.h ****     void InitSingle(dsy_gpio_pin pin);
  38:../../libdaisy/src/per/adc.h **** 
  39:../../libdaisy/src/per/adc.h ****     /** 
  40:../../libdaisy/src/per/adc.h ****     Initializes a single ADC pin as a Multiplexed ADC.
  41:../../libdaisy/src/per/adc.h ****     Requires a CD405X Multiplexer connected to the pin.
  42:../../libdaisy/src/per/adc.h ****     You only need to supply the mux pins that are required,
  43:../../libdaisy/src/per/adc.h ****     e.g. a 4052 mux would only require mux_0 and mux_1.
  44:../../libdaisy/src/per/adc.h ****     Internal Callbacks handle the pin addressing.
  45:../../libdaisy/src/per/adc.h ****     \param mux_channels must be 1-8
  46:../../libdaisy/src/per/adc.h ****     \param mux_0 First mux pin
  47:../../libdaisy/src/per/adc.h ****     \param mux_1 Second mux pin
  48:../../libdaisy/src/per/adc.h ****     \param mux_2 Third mux pin
  49:../../libdaisy/src/per/adc.h ****     \param adc_pin &
  50:../../libdaisy/src/per/adc.h ****     */
  51:../../libdaisy/src/per/adc.h ****     void InitMux(dsy_gpio_pin adc_pin,
  52:../../libdaisy/src/per/adc.h ****                  size_t       mux_channels,
  53:../../libdaisy/src/per/adc.h ****                  dsy_gpio_pin mux_0,
  54:../../libdaisy/src/per/adc.h ****                  dsy_gpio_pin mux_1 = {DSY_GPIOX, 0},
  55:../../libdaisy/src/per/adc.h ****                  dsy_gpio_pin mux_2 = {DSY_GPIOX, 0});
  56:../../libdaisy/src/per/adc.h **** 
  57:../../libdaisy/src/per/adc.h ****     dsy_gpio pin_;                   /**< & */
ARM GAS  /tmp/ccPZzaLK.s 			page 5


  58:../../libdaisy/src/per/adc.h ****     dsy_gpio mux_pin_[MUX_SEL_LAST]; /**< & */
  59:../../libdaisy/src/per/adc.h ****     uint8_t  mux_channels_;          /**< & */
  60:../../libdaisy/src/per/adc.h **** };
  61:../../libdaisy/src/per/adc.h **** 
  62:../../libdaisy/src/per/adc.h **** /**
  63:../../libdaisy/src/per/adc.h ****    Handler for analog to digital conversion
  64:../../libdaisy/src/per/adc.h **** */
  65:../../libdaisy/src/per/adc.h **** class AdcHandle
  66:../../libdaisy/src/per/adc.h **** {
  67:../../libdaisy/src/per/adc.h ****   public:
  68:../../libdaisy/src/per/adc.h ****     /** Supported oversampling amounts */
  69:../../libdaisy/src/per/adc.h ****     enum OverSampling
  70:../../libdaisy/src/per/adc.h ****     {
  71:../../libdaisy/src/per/adc.h ****         OVS_NONE, /**< & */
  72:../../libdaisy/src/per/adc.h ****         OVS_4,    /**< & */
  73:../../libdaisy/src/per/adc.h ****         OVS_8,    /**< & */
  74:../../libdaisy/src/per/adc.h ****         OVS_16,   /**< & */
  75:../../libdaisy/src/per/adc.h ****         OVS_32,   /**< & */
  76:../../libdaisy/src/per/adc.h ****         OVS_64,   /**< & */
  77:../../libdaisy/src/per/adc.h ****         OVS_128,  /**< & */
  78:../../libdaisy/src/per/adc.h ****         OVS_256,  /**< & */
  79:../../libdaisy/src/per/adc.h ****         OVS_512,  /**< & */
  80:../../libdaisy/src/per/adc.h ****         OVS_1024, /**< & */
  81:../../libdaisy/src/per/adc.h ****         OVS_LAST, /**< & */
  82:../../libdaisy/src/per/adc.h ****     };
  83:../../libdaisy/src/per/adc.h **** 
  84:../../libdaisy/src/per/adc.h ****     AdcHandle() {}
  85:../../libdaisy/src/per/adc.h ****     ~AdcHandle() {}
  50              		.loc 4 85 5 is_stmt 1 view .LVU5
  51              		.loc 4 85 5 is_stmt 0 view .LVU6
  52              	.LBE79:
  53              	.LBB80:
  54              	.LBI80:
  55              		.file 5 "../../libdaisy/src/hid/audio.h"
   1:../../libdaisy/src/hid/audio.h **** #ifndef DSY_AUDIO_H
   2:../../libdaisy/src/hid/audio.h **** #define DSY_AUDIO_H /**< & */
   3:../../libdaisy/src/hid/audio.h **** 
   4:../../libdaisy/src/hid/audio.h **** #include "per/sai.h"
   5:../../libdaisy/src/hid/audio.h **** 
   6:../../libdaisy/src/hid/audio.h **** namespace daisy
   7:../../libdaisy/src/hid/audio.h **** {
   8:../../libdaisy/src/hid/audio.h **** class AudioHandle
   9:../../libdaisy/src/hid/audio.h **** {
  10:../../libdaisy/src/hid/audio.h ****   public:
  11:../../libdaisy/src/hid/audio.h ****     /** Manually configurable details about the Audio Engine */
  12:../../libdaisy/src/hid/audio.h ****     /** TODO: Figure out how to get samplerate in here. */
  13:../../libdaisy/src/hid/audio.h ****     struct Config
  14:../../libdaisy/src/hid/audio.h ****     {
  15:../../libdaisy/src/hid/audio.h ****         size_t                        blocksize;
  16:../../libdaisy/src/hid/audio.h ****         SaiHandle::Config::SampleRate samplerate;
  17:../../libdaisy/src/hid/audio.h ****         float                         postgain;
  18:../../libdaisy/src/hid/audio.h ****     };
  19:../../libdaisy/src/hid/audio.h **** 
  20:../../libdaisy/src/hid/audio.h ****     enum class Result
  21:../../libdaisy/src/hid/audio.h ****     {
  22:../../libdaisy/src/hid/audio.h ****         OK,
  23:../../libdaisy/src/hid/audio.h ****         ERR,
ARM GAS  /tmp/ccPZzaLK.s 			page 6


  24:../../libdaisy/src/hid/audio.h ****     };
  25:../../libdaisy/src/hid/audio.h **** 
  26:../../libdaisy/src/hid/audio.h ****     /** Non-Interleaving input buffer
  27:../../libdaisy/src/hid/audio.h ****      * Buffer arranged by float[chn][sample] 
  28:../../libdaisy/src/hid/audio.h ****      * const so that the user can't modify the input
  29:../../libdaisy/src/hid/audio.h ****     */
  30:../../libdaisy/src/hid/audio.h ****     typedef const float* const* InputBuffer;
  31:../../libdaisy/src/hid/audio.h **** 
  32:../../libdaisy/src/hid/audio.h ****     /** Non-Interleaving output buffer
  33:../../libdaisy/src/hid/audio.h ****      * Arranged by float[chn][sample] 
  34:../../libdaisy/src/hid/audio.h ****     */
  35:../../libdaisy/src/hid/audio.h ****     typedef float** OutputBuffer;
  36:../../libdaisy/src/hid/audio.h **** 
  37:../../libdaisy/src/hid/audio.h ****     /** Type for a Non-Interleaving audio callback 
  38:../../libdaisy/src/hid/audio.h ****    * Non-Interleaving audio callbacks in daisy will be of this type
  39:../../libdaisy/src/hid/audio.h ****   */
  40:../../libdaisy/src/hid/audio.h ****     typedef void (*AudioCallback)(InputBuffer  in,
  41:../../libdaisy/src/hid/audio.h ****                                   OutputBuffer out,
  42:../../libdaisy/src/hid/audio.h ****                                   size_t       size);
  43:../../libdaisy/src/hid/audio.h **** 
  44:../../libdaisy/src/hid/audio.h ****     /** Interleaving Input buffer
  45:../../libdaisy/src/hid/audio.h ****      ** audio is prepared as { L0, R0, L1, R1, . . . LN, RN }]
  46:../../libdaisy/src/hid/audio.h ****      ** this is const, as the user shouldn't modify it
  47:../../libdaisy/src/hid/audio.h ****     */
  48:../../libdaisy/src/hid/audio.h ****     typedef const float* InterleavingInputBuffer;
  49:../../libdaisy/src/hid/audio.h **** 
  50:../../libdaisy/src/hid/audio.h ****     /** Interleaving Output buffer 
  51:../../libdaisy/src/hid/audio.h ****      ** audio is prepared as { L0, R0, L1, R1, . . . LN, RN }
  52:../../libdaisy/src/hid/audio.h ****     */
  53:../../libdaisy/src/hid/audio.h ****     typedef float* InterleavingOutputBuffer;
  54:../../libdaisy/src/hid/audio.h **** 
  55:../../libdaisy/src/hid/audio.h ****     /** Interleaving Audio Callback 
  56:../../libdaisy/src/hid/audio.h ****    * Interleaving audio callbacks in daisy must be of this type
  57:../../libdaisy/src/hid/audio.h ****   */
  58:../../libdaisy/src/hid/audio.h ****     typedef void (*InterleavingAudioCallback)(InterleavingInputBuffer  in,
  59:../../libdaisy/src/hid/audio.h ****                                               InterleavingOutputBuffer out,
  60:../../libdaisy/src/hid/audio.h ****                                               size_t                   size);
  61:../../libdaisy/src/hid/audio.h **** 
  62:../../libdaisy/src/hid/audio.h ****     AudioHandle() : pimpl_(nullptr) {}
  63:../../libdaisy/src/hid/audio.h ****     ~AudioHandle() {}
  56              		.loc 5 63 5 is_stmt 1 view .LVU7
  57              		.loc 5 63 5 is_stmt 0 view .LVU8
  58              	.LBE80:
  59              		.loc 1 22 19 view .LVU9
  60 0000 7047     		bx	lr
  61              		.cfi_endproc
  62              	.LFE2037:
  64              		.weak	_ZN5daisy9DaisySeedD1Ev
  65              		.thumb_set _ZN5daisy9DaisySeedD1Ev,_ZN5daisy9DaisySeedD2Ev
  66 0002 00BF     		.section	.text._ZN7daisysp10OscillatorD2Ev,"axG",%progbits,_ZN7daisysp10OscillatorD5Ev,comdat
  67              		.align	1
  68              		.p2align 2,,3
  69              		.weak	_ZN7daisysp10OscillatorD2Ev
  70              		.syntax unified
  71              		.thumb
  72              		.thumb_func
  73              		.fpu fpv5-d16
ARM GAS  /tmp/ccPZzaLK.s 			page 7


  75              	_ZN7daisysp10OscillatorD2Ev:
  76              	.LVL1:
  77              	.LFB3674:
  78              		.file 6 "../../DaisySP/Source/Synthesis/oscillator.h"
   1:../../DaisySP/Source/Synthesis/oscillator.h **** #pragma once
   2:../../DaisySP/Source/Synthesis/oscillator.h **** #ifndef DSY_OSCILLATOR_H
   3:../../DaisySP/Source/Synthesis/oscillator.h **** #define DSY_OSCILLATOR_H
   4:../../DaisySP/Source/Synthesis/oscillator.h **** #include <stdint.h>
   5:../../DaisySP/Source/Synthesis/oscillator.h **** #include "Utility/dsp.h"
   6:../../DaisySP/Source/Synthesis/oscillator.h **** #ifdef __cplusplus
   7:../../DaisySP/Source/Synthesis/oscillator.h **** 
   8:../../DaisySP/Source/Synthesis/oscillator.h **** namespace daisysp
   9:../../DaisySP/Source/Synthesis/oscillator.h **** {
  10:../../DaisySP/Source/Synthesis/oscillator.h **** /** Synthesis of several waveforms, including polyBLEP bandlimited waveforms.
  11:../../DaisySP/Source/Synthesis/oscillator.h **** */
  12:../../DaisySP/Source/Synthesis/oscillator.h **** class Oscillator
  13:../../DaisySP/Source/Synthesis/oscillator.h **** {
  14:../../DaisySP/Source/Synthesis/oscillator.h ****   public:
  15:../../DaisySP/Source/Synthesis/oscillator.h ****     Oscillator() {}
  16:../../DaisySP/Source/Synthesis/oscillator.h ****     ~Oscillator() {}
  79              		.loc 6 16 5 is_stmt 1 view -0
  80              		.cfi_startproc
  81              		@ args = 0, pretend = 0, frame = 0
  82              		@ frame_needed = 0, uses_anonymous_args = 0
  83              		@ link register save eliminated.
  84              		.loc 6 16 20 is_stmt 0 view .LVU11
  85 0000 7047     		bx	lr
  86              		.cfi_endproc
  87              	.LFE3674:
  89              		.weak	_ZN7daisysp10OscillatorD1Ev
  90              		.thumb_set _ZN7daisysp10OscillatorD1Ev,_ZN7daisysp10OscillatorD2Ev
  91 0002 00BF     		.section	.text._ZN7daisysp11ZOscillatorD2Ev,"axG",%progbits,_ZN7daisysp11ZOscillatorD5Ev,comdat
  92              		.align	1
  93              		.p2align 2,,3
  94              		.weak	_ZN7daisysp11ZOscillatorD2Ev
  95              		.syntax unified
  96              		.thumb
  97              		.thumb_func
  98              		.fpu fpv5-d16
 100              	_ZN7daisysp11ZOscillatorD2Ev:
 101              	.LVL2:
 102              	.LFB4164:
 103              		.file 7 "../../DaisySP/Source/Synthesis/zoscillator.h"
   1:../../DaisySP/Source/Synthesis/zoscillator.h **** #pragma once
   2:../../DaisySP/Source/Synthesis/zoscillator.h **** #ifndef DSY_ZOSCILLATOR_H
   3:../../DaisySP/Source/Synthesis/zoscillator.h **** #define DSY_ZOSCILLATOR_H
   4:../../DaisySP/Source/Synthesis/zoscillator.h **** 
   5:../../DaisySP/Source/Synthesis/zoscillator.h **** #include <stdint.h>
   6:../../DaisySP/Source/Synthesis/zoscillator.h **** #ifdef __cplusplus
   7:../../DaisySP/Source/Synthesis/zoscillator.h **** 
   8:../../DaisySP/Source/Synthesis/zoscillator.h **** /** @file zoscillator.h */
   9:../../DaisySP/Source/Synthesis/zoscillator.h **** namespace daisysp
  10:../../DaisySP/Source/Synthesis/zoscillator.h **** {
  11:../../DaisySP/Source/Synthesis/zoscillator.h **** /**  
  12:../../DaisySP/Source/Synthesis/zoscillator.h ****     @brief     ZOscillator Module \n 
  13:../../DaisySP/Source/Synthesis/zoscillator.h ****     @author Ben Sergentanis
  14:../../DaisySP/Source/Synthesis/zoscillator.h ****     @date Dec 2020 
ARM GAS  /tmp/ccPZzaLK.s 			page 8


  15:../../DaisySP/Source/Synthesis/zoscillator.h ****     Sinewave multiplied by and sync'ed to a carrier. \n \n
  16:../../DaisySP/Source/Synthesis/zoscillator.h ****     Ported from pichenettes/eurorack/plaits/dsp/oscillator/z_oscillator.h \n 
  17:../../DaisySP/Source/Synthesis/zoscillator.h ****     \n to an independent module. \n
  18:../../DaisySP/Source/Synthesis/zoscillator.h ****     Original code written by Emilie Gillet in 2016. \n
  19:../../DaisySP/Source/Synthesis/zoscillator.h **** */
  20:../../DaisySP/Source/Synthesis/zoscillator.h **** class ZOscillator
  21:../../DaisySP/Source/Synthesis/zoscillator.h **** {
  22:../../DaisySP/Source/Synthesis/zoscillator.h ****   public:
  23:../../DaisySP/Source/Synthesis/zoscillator.h ****     ZOscillator() {}
  24:../../DaisySP/Source/Synthesis/zoscillator.h ****     ~ZOscillator() {}
 104              		.loc 7 24 5 is_stmt 1 view -0
 105              		.cfi_startproc
 106              		@ args = 0, pretend = 0, frame = 0
 107              		@ frame_needed = 0, uses_anonymous_args = 0
 108              		@ link register save eliminated.
 109              		.loc 7 24 21 is_stmt 0 view .LVU13
 110 0000 7047     		bx	lr
 111              		.cfi_endproc
 112              	.LFE4164:
 114              		.weak	_ZN7daisysp11ZOscillatorD1Ev
 115              		.thumb_set _ZN7daisysp11ZOscillatorD1Ev,_ZN7daisysp11ZOscillatorD2Ev
 116 0002 00BF     		.section	.text._Z13AudioCallbackPKPKfPPfj,"ax",%progbits
 117              		.align	1
 118              		.p2align 2,,3
 119              		.global	_Z13AudioCallbackPKPKfPPfj
 120              		.syntax unified
 121              		.thumb
 122              		.thumb_func
 123              		.fpu fpv5-d16
 125              	_Z13AudioCallbackPKPKfPPfj:
 126              	.LVL3:
 127              	.LFB4212:
 128              		.file 8 "zoscillator.cpp"
   1:zoscillator.cpp **** #include "daisy_seed.h"
   2:zoscillator.cpp **** #include "daisysp.h"
   3:zoscillator.cpp **** 
   4:zoscillator.cpp **** using namespace daisy;
   5:zoscillator.cpp **** using namespace daisysp;
   6:zoscillator.cpp **** 
   7:zoscillator.cpp **** DaisySeed   hw;
   8:zoscillator.cpp **** ZOscillator zosc;
   9:zoscillator.cpp **** Oscillator  lfo1, lfo2;
  10:zoscillator.cpp **** 
  11:zoscillator.cpp **** void AudioCallback(AudioHandle::InputBuffer  in,
  12:zoscillator.cpp ****                    AudioHandle::OutputBuffer out,
  13:zoscillator.cpp ****                    size_t                    size)
  14:zoscillator.cpp **** {
 129              		.loc 8 14 1 is_stmt 1 view -0
 130              		.cfi_startproc
 131              		@ args = 0, pretend = 0, frame = 0
 132              		@ frame_needed = 0, uses_anonymous_args = 0
  15:zoscillator.cpp ****     for(size_t i = 0; i < size; i++)
 133              		.loc 8 15 5 view .LVU15
 134              	.LBB81:
 135              		.loc 8 15 25 view .LVU16
 136 0000 B2B3     		cbz	r2, .L13
 137              	.LBE81:
ARM GAS  /tmp/ccPZzaLK.s 			page 9


  14:zoscillator.cpp ****     for(size_t i = 0; i < size; i++)
 138              		.loc 8 14 1 is_stmt 0 view .LVU17
 139 0002 2DE9F041 		push	{r4, r5, r6, r7, r8, lr}
 140              		.cfi_def_cfa_offset 24
 141              		.cfi_offset 4, -24
 142              		.cfi_offset 5, -20
 143              		.cfi_offset 6, -16
 144              		.cfi_offset 7, -12
 145              		.cfi_offset 8, -8
 146              		.cfi_offset 14, -4
 147 0006 0E46     		mov	r6, r1
 148 0008 9046     		mov	r8, r2
 149              	.LBB85:
 150              		.loc 8 15 16 view .LVU18
 151 000a 0024     		movs	r4, #0
 152              	.LBE85:
  14:zoscillator.cpp ****     for(size_t i = 0; i < size; i++)
 153              		.loc 8 14 1 view .LVU19
 154 000c 2DED028B 		vpush.64	{d8}
 155              		.cfi_def_cfa_offset 32
 156              		.cfi_offset 80, -32
 157              		.cfi_offset 81, -28
 158              	.LVL4:
 159              	.L7:
 160              	.LBB86:
 161              	.LBB82:
  16:zoscillator.cpp ****     {
  17:zoscillator.cpp ****         float mod1 = lfo1.Process();
 162              		.loc 8 17 9 is_stmt 1 discriminator 2 view .LVU20
 163              		.loc 8 17 34 is_stmt 0 discriminator 2 view .LVU21
 164 0010 1848     		ldr	r0, .L16
 165 0012 A700     		lsls	r7, r4, #2
 166 0014 FFF7FEFF 		bl	_ZN7daisysp10Oscillator7ProcessEv
 167              	.LVL5:
  18:zoscillator.cpp ****         float mod2 = lfo2.Process();
 168              		.loc 8 18 34 discriminator 2 view .LVU22
 169 0018 1748     		ldr	r0, .L16+4
  17:zoscillator.cpp ****         float mod2 = lfo2.Process();
 170              		.loc 8 17 34 discriminator 2 view .LVU23
 171 001a F0EE408A 		vmov.f32	s17, s0
 172              	.LVL6:
 173              		.loc 8 18 9 is_stmt 1 discriminator 2 view .LVU24
 174              		.loc 8 18 34 is_stmt 0 discriminator 2 view .LVU25
 175 001e FFF7FEFF 		bl	_ZN7daisysp10Oscillator7ProcessEv
 176              	.LVL7:
  19:zoscillator.cpp **** 
  20:zoscillator.cpp ****         zosc.SetFormantFreq(250.f * (1.f + mod1 * .8f));
 177              		.loc 8 20 42 discriminator 2 view .LVU26
 178 0022 F7EE007A 		vmov.f32	s15, #1.0e+0
 179 0026 DFED156A 		vldr.32	s13, .L16+8
 180              		.loc 8 20 28 discriminator 2 view .LVU27
 181 002a 9FED157A 		vldr.32	s14, .L16+12
  18:zoscillator.cpp **** 
 182              		.loc 8 18 34 discriminator 2 view .LVU28
 183 002e B0EE408A 		vmov.f32	s16, s0
 184              	.LVL8:
 185              		.loc 8 20 9 is_stmt 1 discriminator 2 view .LVU29
ARM GAS  /tmp/ccPZzaLK.s 			page 10


 186              		.loc 8 20 28 is_stmt 0 discriminator 2 view .LVU30
 187 0032 1448     		ldr	r0, .L16+16
 188              		.loc 8 20 42 discriminator 2 view .LVU31
 189 0034 E8EEA67A 		vfma.f32	s15, s17, s13
 190              		.loc 8 20 28 discriminator 2 view .LVU32
 191 0038 27EE870A 		vmul.f32	s0, s15, s14
 192              	.LVL9:
 193              		.loc 8 20 28 discriminator 2 view .LVU33
 194 003c FFF7FEFF 		bl	_ZN7daisysp11ZOscillator14SetFormantFreqEf
 195              	.LVL10:
  21:zoscillator.cpp ****         zosc.SetMode(mod2);
 196              		.loc 8 21 9 is_stmt 1 discriminator 2 view .LVU34
 197              		.loc 8 21 21 is_stmt 0 discriminator 2 view .LVU35
 198 0040 B0EE480A 		vmov.f32	s0, s16
 199 0044 0F48     		ldr	r0, .L16+16
 200 0046 FFF7FEFF 		bl	_ZN7daisysp11ZOscillator7SetModeEf
 201              	.LVL11:
  22:zoscillator.cpp **** 
  23:zoscillator.cpp ****         out[0][i] = out[1][i] = zosc.Process();
 202              		.loc 8 23 9 is_stmt 1 discriminator 2 view .LVU36
 203              		.loc 8 23 29 is_stmt 0 discriminator 2 view .LVU37
 204 004a 7568     		ldr	r5, [r6, #4]
 205              		.loc 8 23 45 discriminator 2 view .LVU38
 206 004c 0D48     		ldr	r0, .L16+16
 207 004e FFF7FEFF 		bl	_ZN7daisysp11ZOscillator7ProcessEv
 208              	.LVL12:
 209              		.loc 8 23 19 discriminator 2 view .LVU39
 210 0052 3368     		ldr	r3, [r6]
 211              		.loc 8 23 29 discriminator 2 view .LVU40
 212 0054 05EB8405 		add	r5, r5, r4, lsl #2
 213              	.LBE82:
  15:zoscillator.cpp ****     {
 214              		.loc 8 15 5 discriminator 2 view .LVU41
 215 0058 0134     		adds	r4, r4, #1
 216              	.LVL13:
 217              	.LBB83:
 218              		.loc 8 23 19 discriminator 2 view .LVU42
 219 005a 3B44     		add	r3, r3, r7
 220              	.LBE83:
  15:zoscillator.cpp ****     {
 221              		.loc 8 15 25 discriminator 2 view .LVU43
 222 005c A045     		cmp	r8, r4
 223              	.LBB84:
 224              		.loc 8 23 31 discriminator 2 view .LVU44
 225 005e 85ED000A 		vstr.32	s0, [r5]
 226              		.loc 8 23 19 discriminator 2 view .LVU45
 227 0062 83ED000A 		vstr.32	s0, [r3]
 228              	.LBE84:
  15:zoscillator.cpp ****     {
 229              		.loc 8 15 5 is_stmt 1 discriminator 2 view .LVU46
 230              	.LVL14:
  15:zoscillator.cpp ****     {
 231              		.loc 8 15 25 discriminator 2 view .LVU47
 232 0066 D3D1     		bne	.L7
 233              	.LBE86:
  24:zoscillator.cpp ****     }
  25:zoscillator.cpp **** }
ARM GAS  /tmp/ccPZzaLK.s 			page 11


 234              		.loc 8 25 1 is_stmt 0 view .LVU48
 235 0068 BDEC028B 		vldm	sp!, {d8}
 236              		.cfi_restore 80
 237              		.cfi_restore 81
 238              		.cfi_def_cfa_offset 24
 239              	.LVL15:
 240              		.loc 8 25 1 view .LVU49
 241 006c BDE8F081 		pop	{r4, r5, r6, r7, r8, pc}
 242              	.LVL16:
 243              	.L13:
 244              		.cfi_def_cfa_offset 0
 245              		.cfi_restore 4
 246              		.cfi_restore 5
 247              		.cfi_restore 6
 248              		.cfi_restore 7
 249              		.cfi_restore 8
 250              		.cfi_restore 14
 251              		.loc 8 25 1 view .LVU50
 252 0070 7047     		bx	lr
 253              	.L17:
 254 0072 00BF     		.align	2
 255              	.L16:
 256 0074 00000000 		.word	.LANCHOR0
 257 0078 00000000 		.word	.LANCHOR1
 258 007c CDCC4C3F 		.word	1061997773
 259 0080 00007A43 		.word	1132068864
 260 0084 00000000 		.word	.LANCHOR2
 261              		.cfi_endproc
 262              	.LFE4212:
 264              		.section	.text.startup.main,"ax",%progbits
 265              		.align	1
 266              		.p2align 2,,3
 267              		.global	main
 268              		.syntax unified
 269              		.thumb
 270              		.thumb_func
 271              		.fpu fpv5-d16
 273              	main:
 274              	.LFB4213:
  26:zoscillator.cpp **** 
  27:zoscillator.cpp **** int main(void)
  28:zoscillator.cpp **** {
 275              		.loc 8 28 1 is_stmt 1 view -0
 276              		.cfi_startproc
 277              		@ args = 0, pretend = 0, frame = 0
 278              		@ frame_needed = 0, uses_anonymous_args = 0
  29:zoscillator.cpp ****     hw.Configure();
 279              		.loc 8 29 5 view .LVU52
  28:zoscillator.cpp ****     hw.Configure();
 280              		.loc 8 28 1 is_stmt 0 view .LVU53
 281 0000 2DE9F041 		push	{r4, r5, r6, r7, r8, lr}
 282              		.cfi_def_cfa_offset 24
 283              		.cfi_offset 4, -24
 284              		.cfi_offset 5, -20
 285              		.cfi_offset 6, -16
 286              		.cfi_offset 7, -12
 287              		.cfi_offset 8, -8
ARM GAS  /tmp/ccPZzaLK.s 			page 12


 288              		.cfi_offset 14, -4
 289              		.loc 8 29 17 view .LVU54
 290 0004 3848     		ldr	r0, .L21
 291              	.LBB87:
 292              	.LBB88:
  17:../../DaisySP/Source/Synthesis/oscillator.h ****     /** Choices for output waveforms, POLYBLEP are appropriately labeled. Others are naive forms.
  18:../../DaisySP/Source/Synthesis/oscillator.h ****     */
  19:../../DaisySP/Source/Synthesis/oscillator.h ****     enum
  20:../../DaisySP/Source/Synthesis/oscillator.h ****     {
  21:../../DaisySP/Source/Synthesis/oscillator.h ****         WAVE_SIN,
  22:../../DaisySP/Source/Synthesis/oscillator.h ****         WAVE_TRI,
  23:../../DaisySP/Source/Synthesis/oscillator.h ****         WAVE_SAW,
  24:../../DaisySP/Source/Synthesis/oscillator.h ****         WAVE_RAMP,
  25:../../DaisySP/Source/Synthesis/oscillator.h ****         WAVE_SQUARE,
  26:../../DaisySP/Source/Synthesis/oscillator.h ****         WAVE_POLYBLEP_TRI,
  27:../../DaisySP/Source/Synthesis/oscillator.h ****         WAVE_POLYBLEP_SAW,
  28:../../DaisySP/Source/Synthesis/oscillator.h ****         WAVE_POLYBLEP_SQUARE,
  29:../../DaisySP/Source/Synthesis/oscillator.h ****         WAVE_LAST,
  30:../../DaisySP/Source/Synthesis/oscillator.h ****     };
  31:../../DaisySP/Source/Synthesis/oscillator.h **** 
  32:../../DaisySP/Source/Synthesis/oscillator.h **** 
  33:../../DaisySP/Source/Synthesis/oscillator.h ****     /** Initializes the Oscillator
  34:../../DaisySP/Source/Synthesis/oscillator.h **** 
  35:../../DaisySP/Source/Synthesis/oscillator.h ****         \param sample_rate - sample rate of the audio engine being run, and the frequency that the 
  36:../../DaisySP/Source/Synthesis/oscillator.h **** 
  37:../../DaisySP/Source/Synthesis/oscillator.h ****         Defaults:
  38:../../DaisySP/Source/Synthesis/oscillator.h ****         - freq_ = 100 Hz
  39:../../DaisySP/Source/Synthesis/oscillator.h ****         - amp_ = 0.5
  40:../../DaisySP/Source/Synthesis/oscillator.h ****         - waveform_ = sine wave.
  41:../../DaisySP/Source/Synthesis/oscillator.h ****     */
  42:../../DaisySP/Source/Synthesis/oscillator.h ****     void Init(float sample_rate)
  43:../../DaisySP/Source/Synthesis/oscillator.h ****     {
  44:../../DaisySP/Source/Synthesis/oscillator.h ****         sr_        = sample_rate;
  45:../../DaisySP/Source/Synthesis/oscillator.h ****         sr_recip_  = 1.0f / sample_rate;
  46:../../DaisySP/Source/Synthesis/oscillator.h ****         freq_      = 100.0f;
  47:../../DaisySP/Source/Synthesis/oscillator.h ****         amp_       = 0.5f;
  48:../../DaisySP/Source/Synthesis/oscillator.h ****         phase_     = 0.0f;
 293              		.loc 6 48 20 view .LVU55
 294 0006 4FF00008 		mov	r8, #0
  44:../../DaisySP/Source/Synthesis/oscillator.h ****         sr_recip_  = 1.0f / sample_rate;
 295              		.loc 6 44 20 view .LVU56
 296 000a 384D     		ldr	r5, .L21+4
  49:../../DaisySP/Source/Synthesis/oscillator.h ****         phase_inc_ = CalcPhaseInc(freq_);
  50:../../DaisySP/Source/Synthesis/oscillator.h ****         waveform_  = WAVE_SIN;
 297              		.loc 6 50 20 view .LVU57
 298 000c 0027     		movs	r7, #0
  51:../../DaisySP/Source/Synthesis/oscillator.h ****         eoc_       = true;
  52:../../DaisySP/Source/Synthesis/oscillator.h ****         eor_       = true;
 299              		.loc 6 52 20 view .LVU58
 300 000e 40F20116 		movw	r6, #257
 301              	.LBE88:
 302              	.LBE87:
 303              	.LBB93:
 304              	.LBB94:
  44:../../DaisySP/Source/Synthesis/oscillator.h ****         sr_recip_  = 1.0f / sample_rate;
 305              		.loc 6 44 20 view .LVU59
 306 0012 374C     		ldr	r4, .L21+8
ARM GAS  /tmp/ccPZzaLK.s 			page 13


 307              	.LBE94:
 308              	.LBE93:
  28:zoscillator.cpp ****     hw.Configure();
 309              		.loc 8 28 1 view .LVU60
 310 0014 2DED068B 		vpush.64	{d8, d9, d10}
 311              		.cfi_def_cfa_offset 48
 312              		.cfi_offset 80, -48
 313              		.cfi_offset 81, -44
 314              		.cfi_offset 82, -40
 315              		.cfi_offset 83, -36
 316              		.cfi_offset 84, -32
 317              		.cfi_offset 85, -28
 318              		.loc 8 29 17 view .LVU61
 319 0018 FFF7FEFF 		bl	_ZN5daisy9DaisySeed9ConfigureEv
 320              	.LVL17:
  30:zoscillator.cpp ****     hw.Init();
 321              		.loc 8 30 5 is_stmt 1 view .LVU62
 322              		.loc 8 30 12 is_stmt 0 view .LVU63
 323 001c 0021     		movs	r1, #0
 324 001e 3248     		ldr	r0, .L21
 325              	.LBB99:
 326              	.LBB89:
  45:../../DaisySP/Source/Synthesis/oscillator.h ****         freq_      = 100.0f;
 327              		.loc 6 45 27 view .LVU64
 328 0020 B7EE008A 		vmov.f32	s16, #1.0e+0
 329              	.LBE89:
 330              	.LBE99:
 331              		.loc 8 30 12 view .LVU65
 332 0024 FFF7FEFF 		bl	_ZN5daisy9DaisySeed4InitEb
 333              	.LVL18:
  31:zoscillator.cpp ****     float sample_rate = hw.AudioSampleRate();
 334              		.loc 8 31 5 is_stmt 1 view .LVU66
 335              		.loc 8 31 43 is_stmt 0 view .LVU67
 336 0028 2F48     		ldr	r0, .L21
 337 002a FFF7FEFF 		bl	_ZN5daisy9DaisySeed15AudioSampleRateEv
 338              	.LVL19:
  32:zoscillator.cpp **** 
  33:zoscillator.cpp ****     zosc.Init(sample_rate);
 339              		.loc 8 33 14 view .LVU68
 340 002e 3148     		ldr	r0, .L21+12
  31:zoscillator.cpp ****     float sample_rate = hw.AudioSampleRate();
 341              		.loc 8 31 43 view .LVU69
 342 0030 F0EE408A 		vmov.f32	s17, s0
 343              	.LVL20:
 344              		.loc 8 33 5 is_stmt 1 view .LVU70
 345              		.loc 8 33 14 is_stmt 0 view .LVU71
 346 0034 FFF7FEFF 		bl	_ZN7daisysp11ZOscillator4InitEf
 347              	.LVL21:
  34:zoscillator.cpp ****     zosc.SetFreq(80.f);
 348              		.loc 8 34 5 is_stmt 1 view .LVU72
 349              		.loc 8 34 17 is_stmt 0 view .LVU73
 350 0038 9FED2F0A 		vldr.32	s0, .L21+16
 351              	.LBB100:
 352              	.LBB90:
  47:../../DaisySP/Source/Synthesis/oscillator.h ****         phase_     = 0.0f;
 353              		.loc 6 47 20 view .LVU74
 354 003c B6EE009A 		vmov.f32	s18, #5.0e-1
ARM GAS  /tmp/ccPZzaLK.s 			page 14


 355              	.LBE90:
 356              	.LBE100:
 357              		.loc 8 34 17 view .LVU75
 358 0040 2C48     		ldr	r0, .L21+12
 359 0042 FFF7FEFF 		bl	_ZN7daisysp11ZOscillator7SetFreqEf
 360              	.LVL22:
  35:zoscillator.cpp ****     zosc.SetShape(1.f);
 361              		.loc 8 35 5 is_stmt 1 view .LVU76
 362              		.loc 8 35 18 is_stmt 0 view .LVU77
 363 0046 B0EE480A 		vmov.f32	s0, s16
 364 004a 2A48     		ldr	r0, .L21+12
 365 004c FFF7FEFF 		bl	_ZN7daisysp11ZOscillator8SetShapeEf
 366              	.LVL23:
  36:zoscillator.cpp **** 
  37:zoscillator.cpp ****     lfo1.Init(sample_rate);
 367              		.loc 8 37 5 is_stmt 1 view .LVU78
 368              	.LBB101:
 369              	.LBI87:
  42:../../DaisySP/Source/Synthesis/oscillator.h ****     {
 370              		.loc 6 42 10 view .LVU79
 371              	.LBB91:
  44:../../DaisySP/Source/Synthesis/oscillator.h ****         sr_recip_  = 1.0f / sample_rate;
 372              		.loc 6 44 9 view .LVU80
  45:../../DaisySP/Source/Synthesis/oscillator.h ****         freq_      = 100.0f;
 373              		.loc 6 45 27 is_stmt 0 view .LVU81
 374 0050 88EE28AA 		vdiv.f32	s20, s16, s17
  46:../../DaisySP/Source/Synthesis/oscillator.h ****         amp_       = 0.5f;
 375              		.loc 6 46 20 view .LVU82
 376 0054 DFED299A 		vldr.32	s19, .L21+20
  49:../../DaisySP/Source/Synthesis/oscillator.h ****         waveform_  = WAVE_SIN;
 377              		.loc 6 49 34 view .LVU83
 378 0058 2846     		mov	r0, r5
  44:../../DaisySP/Source/Synthesis/oscillator.h ****         sr_recip_  = 1.0f / sample_rate;
 379              		.loc 6 44 20 view .LVU84
 380 005a C5ED038A 		vstr.32	s17, [r5, #12]
  45:../../DaisySP/Source/Synthesis/oscillator.h ****         freq_      = 100.0f;
 381              		.loc 6 45 9 is_stmt 1 view .LVU85
  46:../../DaisySP/Source/Synthesis/oscillator.h ****         amp_       = 0.5f;
 382              		.loc 6 46 20 is_stmt 0 view .LVU86
 383 005e C5ED029A 		vstr.32	s19, [r5, #8]
  47:../../DaisySP/Source/Synthesis/oscillator.h ****         phase_     = 0.0f;
 384              		.loc 6 47 20 view .LVU87
 385 0062 85ED019A 		vstr.32	s18, [r5, #4]
  49:../../DaisySP/Source/Synthesis/oscillator.h ****         waveform_  = WAVE_SIN;
 386              		.loc 6 49 34 view .LVU88
 387 0066 B0EE690A 		vmov.f32	s0, s19
  48:../../DaisySP/Source/Synthesis/oscillator.h ****         phase_inc_ = CalcPhaseInc(freq_);
 388              		.loc 6 48 20 view .LVU89
 389 006a C5F81480 		str	r8, [r5, #20]	@ float
  45:../../DaisySP/Source/Synthesis/oscillator.h ****         freq_      = 100.0f;
 390              		.loc 6 45 20 view .LVU90
 391 006e 85ED04AA 		vstr.32	s20, [r5, #16]
  46:../../DaisySP/Source/Synthesis/oscillator.h ****         amp_       = 0.5f;
 392              		.loc 6 46 9 is_stmt 1 view .LVU91
  47:../../DaisySP/Source/Synthesis/oscillator.h ****         phase_     = 0.0f;
 393              		.loc 6 47 9 view .LVU92
  48:../../DaisySP/Source/Synthesis/oscillator.h ****         phase_inc_ = CalcPhaseInc(freq_);
ARM GAS  /tmp/ccPZzaLK.s 			page 15


 394              		.loc 6 48 9 view .LVU93
  49:../../DaisySP/Source/Synthesis/oscillator.h ****         waveform_  = WAVE_SIN;
 395              		.loc 6 49 9 view .LVU94
  49:../../DaisySP/Source/Synthesis/oscillator.h ****         waveform_  = WAVE_SIN;
 396              		.loc 6 49 34 is_stmt 0 view .LVU95
 397 0072 FFF7FEFF 		bl	_ZN7daisysp10Oscillator12CalcPhaseIncEf
 398              	.LVL24:
 399 0076 F0EE407A 		vmov.f32	s15, s0
 400              	.LBE91:
 401              	.LBE101:
 402              	.LBB102:
 403              	.LBB103:
  53:../../DaisySP/Source/Synthesis/oscillator.h ****     }
  54:../../DaisySP/Source/Synthesis/oscillator.h **** 
  55:../../DaisySP/Source/Synthesis/oscillator.h **** 
  56:../../DaisySP/Source/Synthesis/oscillator.h ****     /** Changes the frequency of the Oscillator, and recalculates phase increment.
  57:../../DaisySP/Source/Synthesis/oscillator.h ****     */
  58:../../DaisySP/Source/Synthesis/oscillator.h ****     inline void SetFreq(const float f)
  59:../../DaisySP/Source/Synthesis/oscillator.h ****     {
  60:../../DaisySP/Source/Synthesis/oscillator.h ****         freq_      = f;
  61:../../DaisySP/Source/Synthesis/oscillator.h ****         phase_inc_ = CalcPhaseInc(f);
 404              		.loc 6 61 34 view .LVU96
 405 007a 2846     		mov	r0, r5
 406 007c B0EE480A 		vmov.f32	s0, s16
 407              	.LBE103:
 408              	.LBE102:
 409              	.LBB107:
 410              	.LBB108:
  62:../../DaisySP/Source/Synthesis/oscillator.h ****     }
  63:../../DaisySP/Source/Synthesis/oscillator.h **** 
  64:../../DaisySP/Source/Synthesis/oscillator.h **** 
  65:../../DaisySP/Source/Synthesis/oscillator.h ****     /** Sets the amplitude of the waveform.
  66:../../DaisySP/Source/Synthesis/oscillator.h ****     */
  67:../../DaisySP/Source/Synthesis/oscillator.h ****     inline void SetAmp(const float a) { amp_ = a; }
 411              		.loc 6 67 46 view .LVU97
 412 0080 85ED018A 		vstr.32	s16, [r5, #4]
 413              	.LBE108:
 414              	.LBE107:
 415              	.LBB110:
 416              	.LBB104:
  60:../../DaisySP/Source/Synthesis/oscillator.h ****         phase_inc_ = CalcPhaseInc(f);
 417              		.loc 6 60 20 view .LVU98
 418 0084 85ED028A 		vstr.32	s16, [r5, #8]
 419              	.LBE104:
 420              	.LBE110:
 421              	.LBB111:
 422              	.LBB92:
  49:../../DaisySP/Source/Synthesis/oscillator.h ****         waveform_  = WAVE_SIN;
 423              		.loc 6 49 20 view .LVU99
 424 0088 C5ED067A 		vstr.32	s15, [r5, #24]
  50:../../DaisySP/Source/Synthesis/oscillator.h ****         eoc_       = true;
 425              		.loc 6 50 9 is_stmt 1 view .LVU100
  50:../../DaisySP/Source/Synthesis/oscillator.h ****         eoc_       = true;
 426              		.loc 6 50 20 is_stmt 0 view .LVU101
 427 008c 2F70     		strb	r7, [r5]
  51:../../DaisySP/Source/Synthesis/oscillator.h ****         eor_       = true;
 428              		.loc 6 51 9 is_stmt 1 view .LVU102
ARM GAS  /tmp/ccPZzaLK.s 			page 16


  52:../../DaisySP/Source/Synthesis/oscillator.h ****     }
 429              		.loc 6 52 9 view .LVU103
  52:../../DaisySP/Source/Synthesis/oscillator.h ****     }
 430              		.loc 6 52 20 is_stmt 0 view .LVU104
 431 008e AE84     		strh	r6, [r5, #36]	@ movhi
 432              	.LVL25:
  52:../../DaisySP/Source/Synthesis/oscillator.h ****     }
 433              		.loc 6 52 20 view .LVU105
 434              	.LBE92:
 435              	.LBE111:
  38:zoscillator.cpp ****     lfo1.SetAmp(1.f);
 436              		.loc 8 38 5 is_stmt 1 view .LVU106
 437              	.LBB112:
 438              	.LBI107:
 439              		.loc 6 67 17 view .LVU107
 440              	.LBB109:
 441              		.loc 6 67 41 view .LVU108
 442              		.loc 6 67 41 is_stmt 0 view .LVU109
 443              	.LBE109:
 444              	.LBE112:
  39:zoscillator.cpp ****     lfo1.SetFreq(1.f);
 445              		.loc 8 39 5 is_stmt 1 view .LVU110
 446              	.LBB113:
 447              	.LBI102:
  58:../../DaisySP/Source/Synthesis/oscillator.h ****     {
 448              		.loc 6 58 17 view .LVU111
 449              	.LBB105:
  60:../../DaisySP/Source/Synthesis/oscillator.h ****         phase_inc_ = CalcPhaseInc(f);
 450              		.loc 6 60 9 view .LVU112
  61:../../DaisySP/Source/Synthesis/oscillator.h ****     }
 451              		.loc 6 61 9 view .LVU113
  61:../../DaisySP/Source/Synthesis/oscillator.h ****     }
 452              		.loc 6 61 34 is_stmt 0 view .LVU114
 453 0090 FFF7FEFF 		bl	_ZN7daisysp10Oscillator12CalcPhaseIncEf
 454              	.LVL26:
 455 0094 F0EE407A 		vmov.f32	s15, s0
 456              	.LBE105:
 457              	.LBE113:
 458              	.LBB114:
 459              	.LBB95:
  49:../../DaisySP/Source/Synthesis/oscillator.h ****         waveform_  = WAVE_SIN;
 460              		.loc 6 49 34 view .LVU115
 461 0098 2046     		mov	r0, r4
 462 009a B0EE690A 		vmov.f32	s0, s19
  45:../../DaisySP/Source/Synthesis/oscillator.h ****         freq_      = 100.0f;
 463              		.loc 6 45 20 view .LVU116
 464 009e 84ED04AA 		vstr.32	s20, [r4, #16]
  44:../../DaisySP/Source/Synthesis/oscillator.h ****         sr_recip_  = 1.0f / sample_rate;
 465              		.loc 6 44 20 view .LVU117
 466 00a2 C4ED038A 		vstr.32	s17, [r4, #12]
 467              	.LBE95:
 468              	.LBE114:
 469              	.LBB115:
 470              	.LBB106:
  61:../../DaisySP/Source/Synthesis/oscillator.h ****     }
 471              		.loc 6 61 20 view .LVU118
 472 00a6 C5ED067A 		vstr.32	s15, [r5, #24]
ARM GAS  /tmp/ccPZzaLK.s 			page 17


 473              	.LVL27:
  61:../../DaisySP/Source/Synthesis/oscillator.h ****     }
 474              		.loc 6 61 20 view .LVU119
 475              	.LBE106:
 476              	.LBE115:
  40:zoscillator.cpp **** 
  41:zoscillator.cpp ****     lfo2.Init(sample_rate);
 477              		.loc 8 41 5 is_stmt 1 view .LVU120
 478              	.LBB116:
 479              	.LBI93:
  42:../../DaisySP/Source/Synthesis/oscillator.h ****     {
 480              		.loc 6 42 10 view .LVU121
 481              	.LBB96:
  44:../../DaisySP/Source/Synthesis/oscillator.h ****         sr_recip_  = 1.0f / sample_rate;
 482              		.loc 6 44 9 view .LVU122
  45:../../DaisySP/Source/Synthesis/oscillator.h ****         freq_      = 100.0f;
 483              		.loc 6 45 9 view .LVU123
  46:../../DaisySP/Source/Synthesis/oscillator.h ****         amp_       = 0.5f;
 484              		.loc 6 46 9 view .LVU124
  47:../../DaisySP/Source/Synthesis/oscillator.h ****         phase_     = 0.0f;
 485              		.loc 6 47 9 view .LVU125
  48:../../DaisySP/Source/Synthesis/oscillator.h ****         phase_inc_ = CalcPhaseInc(freq_);
 486              		.loc 6 48 9 view .LVU126
  49:../../DaisySP/Source/Synthesis/oscillator.h ****         waveform_  = WAVE_SIN;
 487              		.loc 6 49 9 view .LVU127
  46:../../DaisySP/Source/Synthesis/oscillator.h ****         amp_       = 0.5f;
 488              		.loc 6 46 20 is_stmt 0 view .LVU128
 489 00aa C4ED029A 		vstr.32	s19, [r4, #8]
  47:../../DaisySP/Source/Synthesis/oscillator.h ****         phase_     = 0.0f;
 490              		.loc 6 47 20 view .LVU129
 491 00ae 84ED019A 		vstr.32	s18, [r4, #4]
  48:../../DaisySP/Source/Synthesis/oscillator.h ****         phase_inc_ = CalcPhaseInc(freq_);
 492              		.loc 6 48 20 view .LVU130
 493 00b2 C4F81480 		str	r8, [r4, #20]	@ float
  49:../../DaisySP/Source/Synthesis/oscillator.h ****         waveform_  = WAVE_SIN;
 494              		.loc 6 49 34 view .LVU131
 495 00b6 FFF7FEFF 		bl	_ZN7daisysp10Oscillator12CalcPhaseIncEf
 496              	.LVL28:
 497 00ba F0EE407A 		vmov.f32	s15, s0
 498              	.LBE96:
 499              	.LBE116:
 500              	.LBB117:
 501              	.LBB118:
  61:../../DaisySP/Source/Synthesis/oscillator.h ****     }
 502              		.loc 6 61 34 view .LVU132
 503 00be 2046     		mov	r0, r4
 504 00c0 B0EE490A 		vmov.f32	s0, s18
 505              	.LBE118:
 506              	.LBE117:
 507              	.LBB122:
 508              	.LBB97:
  50:../../DaisySP/Source/Synthesis/oscillator.h ****         eoc_       = true;
 509              		.loc 6 50 20 view .LVU133
 510 00c4 2770     		strb	r7, [r4]
  52:../../DaisySP/Source/Synthesis/oscillator.h ****     }
 511              		.loc 6 52 20 view .LVU134
 512 00c6 A684     		strh	r6, [r4, #36]	@ movhi
ARM GAS  /tmp/ccPZzaLK.s 			page 18


 513              	.LBE97:
 514              	.LBE122:
 515              	.LBB123:
 516              	.LBB124:
 517              		.loc 6 67 46 view .LVU135
 518 00c8 84ED018A 		vstr.32	s16, [r4, #4]
 519              	.LBE124:
 520              	.LBE123:
 521              	.LBB126:
 522              	.LBB119:
  60:../../DaisySP/Source/Synthesis/oscillator.h ****         phase_inc_ = CalcPhaseInc(f);
 523              		.loc 6 60 20 view .LVU136
 524 00cc 84ED029A 		vstr.32	s18, [r4, #8]
 525              	.LBE119:
 526              	.LBE126:
 527              	.LBB127:
 528              	.LBB98:
  49:../../DaisySP/Source/Synthesis/oscillator.h ****         waveform_  = WAVE_SIN;
 529              		.loc 6 49 20 view .LVU137
 530 00d0 C4ED067A 		vstr.32	s15, [r4, #24]
  50:../../DaisySP/Source/Synthesis/oscillator.h ****         eoc_       = true;
 531              		.loc 6 50 9 is_stmt 1 view .LVU138
  51:../../DaisySP/Source/Synthesis/oscillator.h ****         eor_       = true;
 532              		.loc 6 51 9 view .LVU139
  52:../../DaisySP/Source/Synthesis/oscillator.h ****     }
 533              		.loc 6 52 9 view .LVU140
 534              	.LVL29:
  52:../../DaisySP/Source/Synthesis/oscillator.h ****     }
 535              		.loc 6 52 9 is_stmt 0 view .LVU141
 536              	.LBE98:
 537              	.LBE127:
  42:zoscillator.cpp ****     lfo2.SetAmp(1.f);
 538              		.loc 8 42 5 is_stmt 1 view .LVU142
 539              	.LBB128:
 540              	.LBI123:
 541              		.loc 6 67 17 view .LVU143
 542              	.LBB125:
 543              		.loc 6 67 41 view .LVU144
 544              		.loc 6 67 41 is_stmt 0 view .LVU145
 545              	.LBE125:
 546              	.LBE128:
  43:zoscillator.cpp ****     lfo2.SetFreq(.5f);
 547              		.loc 8 43 5 is_stmt 1 view .LVU146
 548              	.LBB129:
 549              	.LBI117:
  58:../../DaisySP/Source/Synthesis/oscillator.h ****     {
 550              		.loc 6 58 17 view .LVU147
 551              	.LBB120:
  60:../../DaisySP/Source/Synthesis/oscillator.h ****         phase_inc_ = CalcPhaseInc(f);
 552              		.loc 6 60 9 view .LVU148
  61:../../DaisySP/Source/Synthesis/oscillator.h ****     }
 553              		.loc 6 61 9 view .LVU149
  61:../../DaisySP/Source/Synthesis/oscillator.h ****     }
 554              		.loc 6 61 34 is_stmt 0 view .LVU150
 555 00d4 FFF7FEFF 		bl	_ZN7daisysp10Oscillator12CalcPhaseIncEf
 556              	.LVL30:
 557              	.LBE120:
ARM GAS  /tmp/ccPZzaLK.s 			page 19


 558              	.LBE129:
  44:zoscillator.cpp **** 
  45:zoscillator.cpp ****     hw.StartAudio(AudioCallback);
 559              		.loc 8 45 18 view .LVU151
 560 00d8 0949     		ldr	r1, .L21+24
 561 00da 0348     		ldr	r0, .L21
 562              	.LBB130:
 563              	.LBB121:
  61:../../DaisySP/Source/Synthesis/oscillator.h ****     }
 564              		.loc 6 61 20 view .LVU152
 565 00dc 84ED060A 		vstr.32	s0, [r4, #24]
 566              	.LVL31:
  61:../../DaisySP/Source/Synthesis/oscillator.h ****     }
 567              		.loc 6 61 20 view .LVU153
 568              	.LBE121:
 569              	.LBE130:
 570              		.loc 8 45 5 is_stmt 1 view .LVU154
 571              		.loc 8 45 18 is_stmt 0 view .LVU155
 572 00e0 FFF7FEFF 		bl	_ZN5daisy9DaisySeed10StartAudioEPFvPKPKfPPfjE
 573              	.LVL32:
 574              	.L19:
  46:zoscillator.cpp ****     while(1) {}
 575              		.loc 8 46 5 is_stmt 1 discriminator 1 view .LVU156
 576              		.loc 8 46 5 discriminator 1 view .LVU157
 577              		.loc 8 46 5 discriminator 1 view .LVU158
 578              		.loc 8 46 5 discriminator 1 view .LVU159
 579 00e4 FEE7     		b	.L19
 580              	.L22:
 581 00e6 00BF     		.align	2
 582              	.L21:
 583 00e8 00000000 		.word	.LANCHOR3
 584 00ec 00000000 		.word	.LANCHOR0
 585 00f0 00000000 		.word	.LANCHOR1
 586 00f4 00000000 		.word	.LANCHOR2
 587 00f8 0000A042 		.word	1117782016
 588 00fc 0000C842 		.word	1120403456
 589 0100 00000000 		.word	_Z13AudioCallbackPKPKfPPfj
 590              		.cfi_endproc
 591              	.LFE4213:
 593              		.section	.text.startup._GLOBAL__sub_I_hw,"ax",%progbits
 594              		.align	1
 595              		.p2align 2,,3
 596              		.syntax unified
 597              		.thumb
 598              		.thumb_func
 599              		.fpu fpv5-d16
 601              	_GLOBAL__sub_I_hw:
 602              	.LFB4759:
  47:zoscillator.cpp **** }
 603              		.loc 8 47 1 view -0
 604              		.cfi_startproc
 605              		@ args = 0, pretend = 0, frame = 0
 606              		@ frame_needed = 0, uses_anonymous_args = 0
 607              	.LBB152:
 608              	.LBI152:
 609              		.loc 8 47 1 view .LVU161
 610              	.LVL33:
ARM GAS  /tmp/ccPZzaLK.s 			page 20


 611              	.LBB153:
 612              	.LBB154:
 613              	.LBI154:
  21:../../libdaisy/src/daisy_seed.h ****     ~DaisySeed() {}
 614              		.loc 1 21 5 view .LVU162
 615              	.LBB155:
 616              	.LBB156:
 617              	.LBI156:
  62:../../libdaisy/src/hid/audio.h ****     ~AudioHandle() {}
 618              		.loc 5 62 5 view .LVU163
 619              	.LBB157:
 620              	.LBB158:
  62:../../libdaisy/src/hid/audio.h ****     ~AudioHandle() {}
 621              		.loc 5 62 35 is_stmt 0 view .LVU164
 622 0000 0023     		movs	r3, #0
 623 0002 0D48     		ldr	r0, .L25
 624              	.LBE158:
 625              	.LBE157:
 626              	.LBE156:
 627              	.LBE155:
 628              	.LBE154:
   7:zoscillator.cpp **** ZOscillator zosc;
 629              		.loc 8 7 13 view .LVU165
 630 0004 0D4A     		ldr	r2, .L25+4
 631 0006 0E49     		ldr	r1, .L25+8
 632              	.LBE153:
 633              	.LBE152:
 634              		.loc 8 47 1 view .LVU166
 635 0008 10B5     		push	{r4, lr}
 636              		.cfi_def_cfa_offset 8
 637              		.cfi_offset 4, -8
 638              		.cfi_offset 14, -4
 639              	.LBB175:
 640              	.LBB173:
   9:zoscillator.cpp **** 
 641              		.loc 8 9 13 view .LVU167
 642 000a 0E4C     		ldr	r4, .L25+12
 643              	.LBB169:
 644              	.LBB168:
 645              	.LBB161:
 646              	.LBB160:
 647              	.LBB159:
  62:../../libdaisy/src/hid/audio.h ****     ~AudioHandle() {}
 648              		.loc 5 62 35 view .LVU168
 649 000c 4361     		str	r3, [r0, #20]
 650              	.LVL34:
  62:../../libdaisy/src/hid/audio.h ****     ~AudioHandle() {}
 651              		.loc 5 62 35 view .LVU169
 652              	.LBE159:
 653              	.LBE160:
 654              	.LBE161:
 655              	.LBB162:
 656              	.LBI162:
  84:../../libdaisy/src/per/adc.h ****     ~AdcHandle() {}
 657              		.loc 4 84 5 is_stmt 1 view .LVU170
  84:../../libdaisy/src/per/adc.h ****     ~AdcHandle() {}
 658              		.loc 4 84 5 is_stmt 0 view .LVU171
ARM GAS  /tmp/ccPZzaLK.s 			page 21


 659              	.LBE162:
 660              	.LBB163:
 661              	.LBI163:
 662              		.file 9 "../../libdaisy/src/per/dac.h"
   1:../../libdaisy/src/per/dac.h **** #pragma once
   2:../../libdaisy/src/per/dac.h **** #ifndef DSY_DAC_H
   3:../../libdaisy/src/per/dac.h **** #define DSY_DAC_H
   4:../../libdaisy/src/per/dac.h **** 
   5:../../libdaisy/src/per/dac.h **** #include "daisy_core.h"
   6:../../libdaisy/src/per/dac.h **** 
   7:../../libdaisy/src/per/dac.h **** namespace daisy
   8:../../libdaisy/src/per/dac.h **** {
   9:../../libdaisy/src/per/dac.h **** /** DAC handle for Built-in DAC Peripheral 
  10:../../libdaisy/src/per/dac.h ****  ** 
  11:../../libdaisy/src/per/dac.h ****  ** For now only Normal Mode is supported,
  12:../../libdaisy/src/per/dac.h ****  ** Sample and hold mode provides reduced power consumption, but requires a bit more setup.
  13:../../libdaisy/src/per/dac.h ****  **
  14:../../libdaisy/src/per/dac.h ****  ** For now connecting the DAC through other internal periphearls is also not supported.
  15:../../libdaisy/src/per/dac.h ****  **
  16:../../libdaisy/src/per/dac.h ****  ** Since the DAC channels have dedicated pins we don't need to pass in a pin config like with
  17:../../libdaisy/src/per/dac.h ****  ** other modules. However, it is still important to not try to use the DAC pins for anything else.
  18:../../libdaisy/src/per/dac.h ****  ** DAC Channel 1 is on PA4, and DAC Channel 2 is on PA5
  19:../../libdaisy/src/per/dac.h ****  ***/
  20:../../libdaisy/src/per/dac.h **** class DacHandle
  21:../../libdaisy/src/per/dac.h **** {
  22:../../libdaisy/src/per/dac.h ****   public:
  23:../../libdaisy/src/per/dac.h ****     /** Return Values for the DacHandle class */
  24:../../libdaisy/src/per/dac.h ****     enum class Result
  25:../../libdaisy/src/per/dac.h ****     {
  26:../../libdaisy/src/per/dac.h ****         OK,
  27:../../libdaisy/src/per/dac.h ****         ERR,
  28:../../libdaisy/src/per/dac.h ****     };
  29:../../libdaisy/src/per/dac.h **** 
  30:../../libdaisy/src/per/dac.h ****     /** Selects which channel(s) will be configured for use. */
  31:../../libdaisy/src/per/dac.h ****     enum class Channel
  32:../../libdaisy/src/per/dac.h ****     {
  33:../../libdaisy/src/per/dac.h ****         ONE,
  34:../../libdaisy/src/per/dac.h ****         TWO,
  35:../../libdaisy/src/per/dac.h ****         BOTH,
  36:../../libdaisy/src/per/dac.h ****     };
  37:../../libdaisy/src/per/dac.h **** 
  38:../../libdaisy/src/per/dac.h ****     /** Sets the Mode for the DAC channels.
  39:../../libdaisy/src/per/dac.h ****      **
  40:../../libdaisy/src/per/dac.h ****      ** Polling mode uses the blocking mode to transmit a single value at a time.
  41:../../libdaisy/src/per/dac.h ****      **
  42:../../libdaisy/src/per/dac.h ****      ** DMA mode uses a buffer, and periodically transmits it triggering a 
  43:../../libdaisy/src/per/dac.h ****      ** callback to fill the buffer when it is ready for more samples.
  44:../../libdaisy/src/per/dac.h ****      ***/
  45:../../libdaisy/src/per/dac.h ****     enum class Mode
  46:../../libdaisy/src/per/dac.h ****     {
  47:../../libdaisy/src/per/dac.h ****         POLLING,
  48:../../libdaisy/src/per/dac.h ****         DMA,
  49:../../libdaisy/src/per/dac.h ****     };
  50:../../libdaisy/src/per/dac.h **** 
  51:../../libdaisy/src/per/dac.h ****     /** Sets the number of bits per sample transmitted out of the DAC.
  52:../../libdaisy/src/per/dac.h ****      ** The output range will be: 0V - VDDA
  53:../../libdaisy/src/per/dac.h ****      ** The resolution will be roughly: bitdepth / (VDDA - 0V) 
ARM GAS  /tmp/ccPZzaLK.s 			page 22


  54:../../libdaisy/src/per/dac.h ****      ***/
  55:../../libdaisy/src/per/dac.h ****     enum class BitDepth
  56:../../libdaisy/src/per/dac.h ****     {
  57:../../libdaisy/src/per/dac.h ****         BITS_8,
  58:../../libdaisy/src/per/dac.h ****         BITS_12
  59:../../libdaisy/src/per/dac.h ****     };
  60:../../libdaisy/src/per/dac.h **** 
  61:../../libdaisy/src/per/dac.h ****     /** Sets whether the DAC output is buffered for higher drive ability. */
  62:../../libdaisy/src/per/dac.h ****     enum class BufferState
  63:../../libdaisy/src/per/dac.h ****     {
  64:../../libdaisy/src/per/dac.h ****         ENABLED,
  65:../../libdaisy/src/per/dac.h ****         DISABLED,
  66:../../libdaisy/src/per/dac.h ****     };
  67:../../libdaisy/src/per/dac.h **** 
  68:../../libdaisy/src/per/dac.h ****     /** Configuration structure for initializing the DAC structure. */
  69:../../libdaisy/src/per/dac.h ****     struct Config
  70:../../libdaisy/src/per/dac.h ****     {
  71:../../libdaisy/src/per/dac.h ****         /** Target Samplerate in Hz used to configure the internal 
  72:../../libdaisy/src/per/dac.h ****          ** timebase for DMA mode. Does nothing in POLLING mode.
  73:../../libdaisy/src/per/dac.h ****          ** If the value is 0 at Init time this will default to 48000Hz 
  74:../../libdaisy/src/per/dac.h ****          ** otherwise the driver will attempt meet the target.*/
  75:../../libdaisy/src/per/dac.h ****         uint32_t target_samplerate;
  76:../../libdaisy/src/per/dac.h **** 
  77:../../libdaisy/src/per/dac.h ****         Channel     chn;
  78:../../libdaisy/src/per/dac.h ****         Mode        mode;
  79:../../libdaisy/src/per/dac.h ****         BitDepth    bitdepth;
  80:../../libdaisy/src/per/dac.h ****         BufferState buff_state;
  81:../../libdaisy/src/per/dac.h ****     };
  82:../../libdaisy/src/per/dac.h **** 
  83:../../libdaisy/src/per/dac.h ****     DacHandle() : pimpl_(nullptr) {}
 663              		.loc 9 83 5 is_stmt 1 view .LVU172
 664              	.LBB164:
 665              	.LBB165:
 666              		.loc 9 83 33 is_stmt 0 view .LVU173
 667 000e 0362     		str	r3, [r0, #32]
 668              	.LVL35:
 669              		.loc 9 83 33 view .LVU174
 670              	.LBE165:
 671              	.LBE164:
 672              	.LBE163:
 673              	.LBB166:
 674              	.LBI166:
  40:../../libdaisy/src/hid/usb.h **** 
 675              		.loc 3 40 5 is_stmt 1 view .LVU175
  40:../../libdaisy/src/hid/usb.h **** 
 676              		.loc 3 40 5 is_stmt 0 view .LVU176
 677              	.LBE166:
 678              	.LBB167:
 679              	.LBI167:
  58:../../libdaisy/src/sys/system.h ****     ~System() {}
 680              		.loc 2 58 5 is_stmt 1 view .LVU177
  58:../../libdaisy/src/sys/system.h ****     ~System() {}
 681              		.loc 2 58 5 is_stmt 0 view .LVU178
 682              	.LBE167:
 683              	.LBE168:
 684              	.LBE169:
   7:zoscillator.cpp **** ZOscillator zosc;
ARM GAS  /tmp/ccPZzaLK.s 			page 23


 685              		.loc 8 7 13 view .LVU179
 686 0010 FFF7FEFF 		bl	__aeabi_atexit
 687              	.LVL36:
 688              	.LBB170:
 689              	.LBI170:
  23:../../DaisySP/Source/Synthesis/zoscillator.h ****     ~ZOscillator() {}
 690              		.loc 7 23 5 is_stmt 1 view .LVU180
  23:../../DaisySP/Source/Synthesis/zoscillator.h ****     ~ZOscillator() {}
 691              		.loc 7 23 5 is_stmt 0 view .LVU181
 692              	.LBE170:
   8:zoscillator.cpp **** Oscillator  lfo1, lfo2;
 693              		.loc 8 8 13 view .LVU182
 694 0014 094A     		ldr	r2, .L25+4
 695 0016 0C49     		ldr	r1, .L25+16
 696 0018 0C48     		ldr	r0, .L25+20
 697 001a FFF7FEFF 		bl	__aeabi_atexit
 698              	.LVL37:
 699              	.LBB171:
 700              	.LBI171:
  15:../../DaisySP/Source/Synthesis/oscillator.h ****     ~Oscillator() {}
 701              		.loc 6 15 5 is_stmt 1 view .LVU183
  15:../../DaisySP/Source/Synthesis/oscillator.h ****     ~Oscillator() {}
 702              		.loc 6 15 5 is_stmt 0 view .LVU184
 703              	.LBE171:
   9:zoscillator.cpp **** 
 704              		.loc 8 9 13 view .LVU185
 705 001e 2146     		mov	r1, r4
 706 0020 064A     		ldr	r2, .L25+4
 707 0022 0B48     		ldr	r0, .L25+24
 708 0024 FFF7FEFF 		bl	__aeabi_atexit
 709              	.LVL38:
 710              	.LBB172:
 711              	.LBI172:
  15:../../DaisySP/Source/Synthesis/oscillator.h ****     ~Oscillator() {}
 712              		.loc 6 15 5 is_stmt 1 view .LVU186
  15:../../DaisySP/Source/Synthesis/oscillator.h ****     ~Oscillator() {}
 713              		.loc 6 15 5 is_stmt 0 view .LVU187
 714              	.LBE172:
   9:zoscillator.cpp **** 
 715              		.loc 8 9 19 view .LVU188
 716 0028 2146     		mov	r1, r4
 717 002a 044A     		ldr	r2, .L25+4
 718 002c 0948     		ldr	r0, .L25+28
 719              	.LBE173:
 720              	.LBE175:
 721              		.loc 8 47 1 view .LVU189
 722 002e BDE81040 		pop	{r4, lr}
 723              		.cfi_restore 14
 724              		.cfi_restore 4
 725              		.cfi_def_cfa_offset 0
 726              	.LBB176:
 727              	.LBB174:
   9:zoscillator.cpp **** 
 728              		.loc 8 9 19 view .LVU190
 729 0032 FFF7FEBF 		b	__aeabi_atexit
 730              	.LVL39:
 731              	.L26:
ARM GAS  /tmp/ccPZzaLK.s 			page 24


 732 0036 00BF     		.align	2
 733              	.L25:
 734 0038 00000000 		.word	.LANCHOR3
 735 003c 00000000 		.word	__dso_handle
 736 0040 00000000 		.word	_ZN5daisy9DaisySeedD1Ev
 737 0044 00000000 		.word	_ZN7daisysp10OscillatorD1Ev
 738 0048 00000000 		.word	_ZN7daisysp11ZOscillatorD1Ev
 739 004c 00000000 		.word	.LANCHOR2
 740 0050 00000000 		.word	.LANCHOR0
 741 0054 00000000 		.word	.LANCHOR1
 742              	.LBE174:
 743              	.LBE176:
 744              		.cfi_endproc
 745              	.LFE4759:
 747              		.section	.init_array,"aw",%init_array
 748              		.align	2
 749 0000 00000000 		.word	_GLOBAL__sub_I_hw(target1)
 750              		.global	lfo2
 751              		.global	lfo1
 752              		.global	zosc
 753              		.global	hw
 754              		.section	.bss.hw,"aw",%nobits
 755              		.align	2
 756              		.set	.LANCHOR3,. + 0
 759              	hw:
 760 0000 00000000 		.space	60
 760      00000000 
 760      00000000 
 760      00000000 
 760      00000000 
 761              		.section	.bss.lfo1,"aw",%nobits
 762              		.align	2
 763              		.set	.LANCHOR0,. + 0
 766              	lfo1:
 767 0000 00000000 		.space	40
 767      00000000 
 767      00000000 
 767      00000000 
 767      00000000 
 768              		.section	.bss.lfo2,"aw",%nobits
 769              		.align	2
 770              		.set	.LANCHOR1,. + 0
 773              	lfo2:
 774 0000 00000000 		.space	40
 774      00000000 
 774      00000000 
 774      00000000 
 774      00000000 
 775              		.section	.bss.zosc,"aw",%nobits
 776              		.align	2
 777              		.set	.LANCHOR2,. + 0
 780              	zosc:
 781 0000 00000000 		.space	44
 781      00000000 
 781      00000000 
 781      00000000 
 781      00000000 
ARM GAS  /tmp/ccPZzaLK.s 			page 25


 782              		.text
 783              	.Letext0:
 784              		.file 10 "/usr/lib/gcc/arm-none-eabi/9.2.1/include/stdint.h"
 785              		.file 11 "../../libdaisy/Drivers/CMSIS/Include/core_cm7.h"
 786              		.file 12 "../../libdaisy/Drivers/CMSIS/Device/ST/STM32H7xx/Include/system_stm32h7xx.h"
 787              		.file 13 "/usr/lib/gcc/arm-none-eabi/9.2.1/include/stddef.h"
 788              		.file 14 "/usr/include/newlib/c++/9.2.1/cmath"
 789              		.file 15 "/usr/include/newlib/c++/9.2.1/bits/std_abs.h"
 790              		.file 16 "/usr/include/newlib/c++/9.2.1/cstdlib"
 791              		.file 17 "/usr/include/newlib/c++/9.2.1/cstdint"
 792              		.file 18 "/usr/include/newlib/c++/9.2.1/type_traits"
 793              		.file 19 "/usr/include/newlib/c++/9.2.1/arm-none-eabi/thumb/v7e-m+dp/hard/bits/c++config.h"
 794              		.file 20 "/usr/include/newlib/c++/9.2.1/bits/stl_pair.h"
 795              		.file 21 "/usr/include/newlib/c++/9.2.1/debug/debug.h"
 796              		.file 22 "/usr/include/newlib/c++/9.2.1/bits/algorithmfwd.h"
 797              		.file 23 "/usr/include/newlib/c++/9.2.1/bits/exception_ptr.h"
 798              		.file 24 "/usr/include/newlib/c++/9.2.1/new"
 799              		.file 25 "/usr/include/newlib/c++/9.2.1/cstdarg"
 800              		.file 26 "/usr/include/newlib/c++/9.2.1/cstdio"
 801              		.file 27 "/usr/include/newlib/c++/9.2.1/cwchar"
 802              		.file 28 "/usr/include/newlib/c++/9.2.1/clocale"
 803              		.file 29 "/usr/include/newlib/c++/9.2.1/bits/basic_string.h"
 804              		.file 30 "/usr/include/newlib/c++/9.2.1/bits/uniform_int_dist.h"
 805              		.file 31 "/usr/include/newlib/c++/9.2.1/bits/random.h"
 806              		.file 32 "/usr/include/newlib/c++/9.2.1/cstring"
 807              		.file 33 "/usr/include/newlib/c++/9.2.1/bits/predefined_ops.h"
 808              		.file 34 "/usr/include/newlib/c++/9.2.1/ext/numeric_traits.h"
 809              		.file 35 "/usr/include/newlib/c++/9.2.1/ext/new_allocator.h"
 810              		.file 36 "/usr/include/newlib/sys/_types.h"
 811              		.file 37 "<built-in>"
 812              		.file 38 "/usr/include/newlib/sys/reent.h"
 813              		.file 39 "/usr/include/newlib/sys/lock.h"
 814              		.file 40 "/usr/include/newlib/math.h"
 815              		.file 41 "/usr/include/newlib/stdlib.h"
 816              		.file 42 "/usr/include/newlib/c++/9.2.1/math.h"
 817              		.file 43 "../../libdaisy/Drivers/STM32H7xx_HAL_Driver/Inc/stm32h7xx_hal_def.h"
 818              		.file 44 "../../libdaisy/Drivers/STM32H7xx_HAL_Driver/Inc/stm32h7xx_hal_flash.h"
 819              		.file 45 "/usr/include/newlib/c++/9.2.1/stdlib.h"
 820              		.file 46 "../../libdaisy/src/daisy_core.h"
 821              		.file 47 "../../libdaisy/src/per/tim.h"
 822              		.file 48 "../../libdaisy/src/per/sai.h"
 823              		.file 49 "../../libdaisy/src/util/wav_format.h"
 824              		.file 50 "../../libdaisy/src/per/qspi.h"
 825              		.file 51 "../../libdaisy/src/per/gpio.h"
 826              		.file 52 "../../libdaisy/src/dev/sdram.h"
 827              		.file 53 "/usr/lib/gcc/arm-none-eabi/9.2.1/include/stdarg.h"
 828              		.file 54 "/usr/include/newlib/stdio.h"
 829              		.file 55 "/usr/include/newlib/sys/unistd.h"
 830              		.file 56 "../../libdaisy/src/util/oled_fonts.h"
 831              		.file 57 "../../libdaisy/Middlewares/Third_Party/FatFs/src/integer.h"
 832              		.file 58 "../../libdaisy/Middlewares/Third_Party/FatFs/src/ff.h"
 833              		.file 59 "../../libdaisy/Middlewares/Third_Party/FatFs/src/diskio.h"
 834              		.file 60 "../../libdaisy/Middlewares/Third_Party/FatFs/src/ff_gen_drv.h"
 835              		.file 61 "../../libdaisy/src/util/sd_diskio.h"
 836              		.file 62 "../../libdaisy/src/sys/fatfs.h"
 837              		.file 63 "../../DaisySP/Source/Control/adenv.h"
 838              		.file 64 "../../DaisySP/Source/Utility/dsp.h"
ARM GAS  /tmp/ccPZzaLK.s 			page 26


 839              		.file 65 "/usr/include/newlib/wchar.h"
 840              		.file 66 "/usr/include/newlib/locale.h"
 841              		.file 67 "/usr/include/newlib/ctype.h"
 842              		.file 68 "/usr/include/newlib/sys/errno.h"
 843              		.file 69 "/usr/include/newlib/string.h"
 844              		.file 70 "../../libdaisy/src/dev/sr_595.h"
ARM GAS  /tmp/ccPZzaLK.s 			page 27


DEFINED SYMBOLS
                            *ABS*:0000000000000000 zoscillator.cpp
     /tmp/ccPZzaLK.s:17     .text._ZN5daisy9DaisySeedD2Ev:0000000000000000 $t
     /tmp/ccPZzaLK.s:26     .text._ZN5daisy9DaisySeedD2Ev:0000000000000000 _ZN5daisy9DaisySeedD2Ev
     /tmp/ccPZzaLK.s:26     .text._ZN5daisy9DaisySeedD2Ev:0000000000000000 _ZN5daisy9DaisySeedD1Ev
     /tmp/ccPZzaLK.s:67     .text._ZN7daisysp10OscillatorD2Ev:0000000000000000 $t
     /tmp/ccPZzaLK.s:75     .text._ZN7daisysp10OscillatorD2Ev:0000000000000000 _ZN7daisysp10OscillatorD2Ev
     /tmp/ccPZzaLK.s:75     .text._ZN7daisysp10OscillatorD2Ev:0000000000000000 _ZN7daisysp10OscillatorD1Ev
     /tmp/ccPZzaLK.s:92     .text._ZN7daisysp11ZOscillatorD2Ev:0000000000000000 $t
     /tmp/ccPZzaLK.s:100    .text._ZN7daisysp11ZOscillatorD2Ev:0000000000000000 _ZN7daisysp11ZOscillatorD2Ev
     /tmp/ccPZzaLK.s:100    .text._ZN7daisysp11ZOscillatorD2Ev:0000000000000000 _ZN7daisysp11ZOscillatorD1Ev
     /tmp/ccPZzaLK.s:117    .text._Z13AudioCallbackPKPKfPPfj:0000000000000000 $t
     /tmp/ccPZzaLK.s:125    .text._Z13AudioCallbackPKPKfPPfj:0000000000000000 _Z13AudioCallbackPKPKfPPfj
     /tmp/ccPZzaLK.s:256    .text._Z13AudioCallbackPKPKfPPfj:0000000000000074 $d
     /tmp/ccPZzaLK.s:265    .text.startup.main:0000000000000000 $t
     /tmp/ccPZzaLK.s:273    .text.startup.main:0000000000000000 main
     /tmp/ccPZzaLK.s:583    .text.startup.main:00000000000000e8 $d
     /tmp/ccPZzaLK.s:594    .text.startup._GLOBAL__sub_I_hw:0000000000000000 $t
     /tmp/ccPZzaLK.s:601    .text.startup._GLOBAL__sub_I_hw:0000000000000000 _GLOBAL__sub_I_hw
     /tmp/ccPZzaLK.s:734    .text.startup._GLOBAL__sub_I_hw:0000000000000038 $d
     /tmp/ccPZzaLK.s:748    .init_array:0000000000000000 $d
     /tmp/ccPZzaLK.s:773    .bss.lfo2:0000000000000000 lfo2
     /tmp/ccPZzaLK.s:766    .bss.lfo1:0000000000000000 lfo1
     /tmp/ccPZzaLK.s:780    .bss.zosc:0000000000000000 zosc
     /tmp/ccPZzaLK.s:759    .bss.hw:0000000000000000 hw
     /tmp/ccPZzaLK.s:755    .bss.hw:0000000000000000 $d
     /tmp/ccPZzaLK.s:762    .bss.lfo1:0000000000000000 $d
     /tmp/ccPZzaLK.s:769    .bss.lfo2:0000000000000000 $d
     /tmp/ccPZzaLK.s:776    .bss.zosc:0000000000000000 $d
                           .group:0000000000000000 _ZN5daisy9DaisySeedD5Ev
                           .group:0000000000000000 _ZN7daisysp10OscillatorD5Ev
                           .group:0000000000000000 _ZN7daisysp11ZOscillatorD5Ev

UNDEFINED SYMBOLS
_ZN7daisysp10Oscillator7ProcessEv
_ZN7daisysp11ZOscillator14SetFormantFreqEf
_ZN7daisysp11ZOscillator7SetModeEf
_ZN7daisysp11ZOscillator7ProcessEv
_ZN5daisy9DaisySeed9ConfigureEv
_ZN5daisy9DaisySeed4InitEb
_ZN5daisy9DaisySeed15AudioSampleRateEv
_ZN7daisysp11ZOscillator4InitEf
_ZN7daisysp11ZOscillator7SetFreqEf
_ZN7daisysp11ZOscillator8SetShapeEf
_ZN7daisysp10Oscillator12CalcPhaseIncEf
_ZN5daisy9DaisySeed10StartAudioEPFvPKPKfPPfjE
__aeabi_atexit
__dso_handle
