ARM GAS  /tmp/ccsx7j7y.s 			page 1


   1              		.cpu cortex-m7
   2              		.eabi_attribute 28, 1
   3              		.eabi_attribute 20, 1
   4              		.eabi_attribute 21, 1
   5              		.eabi_attribute 23, 3
   6              		.eabi_attribute 24, 1
   7              		.eabi_attribute 25, 1
   8              		.eabi_attribute 26, 1
   9              		.eabi_attribute 30, 2
  10              		.eabi_attribute 34, 1
  11              		.eabi_attribute 18, 4
  12              		.file	"particle.cpp"
  13              		.text
  14              	.Ltext0:
  15              		.cfi_sections	.debug_frame
  16              		.section	.text._ZN5daisy9DaisySeedD2Ev,"axG",%progbits,_ZN5daisy9DaisySeedD5Ev,comdat
  17              		.align	1
  18              		.p2align 2,,3
  19              		.weak	_ZN5daisy9DaisySeedD2Ev
  20              		.arch armv7e-m
  21              		.syntax unified
  22              		.thumb
  23              		.thumb_func
  24              		.fpu fpv5-d16
  26              	_ZN5daisy9DaisySeedD2Ev:
  27              	.LVL0:
  28              	.LFB2037:
  29              		.file 1 "../../libdaisy/src/daisy_seed.h"
   1:../../libdaisy/src/daisy_seed.h **** #pragma once
   2:../../libdaisy/src/daisy_seed.h **** #ifndef DSY_SEED_H
   3:../../libdaisy/src/daisy_seed.h **** #define DSY_SEED_H
   4:../../libdaisy/src/daisy_seed.h **** 
   5:../../libdaisy/src/daisy_seed.h **** #include "daisy.h"
   6:../../libdaisy/src/daisy_seed.h **** 
   7:../../libdaisy/src/daisy_seed.h **** //Uncomment this out if you're still using the rev2 hardware
   8:../../libdaisy/src/daisy_seed.h **** //#define SEED_REV2
   9:../../libdaisy/src/daisy_seed.h **** 
  10:../../libdaisy/src/daisy_seed.h **** namespace daisy
  11:../../libdaisy/src/daisy_seed.h **** {
  12:../../libdaisy/src/daisy_seed.h **** /**
  13:../../libdaisy/src/daisy_seed.h ****    @brief This is the higher-level interface for the Daisy board. \n 
  14:../../libdaisy/src/daisy_seed.h ****     All basic peripheral configuration/initialization is setup here. \n
  15:../../libdaisy/src/daisy_seed.h **** 
  16:../../libdaisy/src/daisy_seed.h ****    @ingroup boards
  17:../../libdaisy/src/daisy_seed.h **** */
  18:../../libdaisy/src/daisy_seed.h **** class DaisySeed
  19:../../libdaisy/src/daisy_seed.h **** {
  20:../../libdaisy/src/daisy_seed.h ****   public:
  21:../../libdaisy/src/daisy_seed.h ****     DaisySeed() {}
  22:../../libdaisy/src/daisy_seed.h ****     ~DaisySeed() {}
  30              		.loc 1 22 5 view -0
  31              		.cfi_startproc
  32              		@ args = 0, pretend = 0, frame = 0
  33              		@ frame_needed = 0, uses_anonymous_args = 0
  34              		@ link register save eliminated.
  35              	.LBB78:
  36              	.LBI78:
ARM GAS  /tmp/ccsx7j7y.s 			page 2


  37              		.file 2 "../../libdaisy/src/sys/system.h"
   1:../../libdaisy/src/sys/system.h **** #ifndef DSY_SYSTEM_H
   2:../../libdaisy/src/sys/system.h **** #define DSY_SYSTEM_H
   3:../../libdaisy/src/sys/system.h **** 
   4:../../libdaisy/src/sys/system.h **** #ifndef UNIT_TEST // for unit tests, a dummy implementation is provided below
   5:../../libdaisy/src/sys/system.h **** 
   6:../../libdaisy/src/sys/system.h **** #include <cstdint>
   7:../../libdaisy/src/sys/system.h **** #include "per/tim.h"
   8:../../libdaisy/src/sys/system.h **** 
   9:../../libdaisy/src/sys/system.h **** namespace daisy
  10:../../libdaisy/src/sys/system.h **** {
  11:../../libdaisy/src/sys/system.h **** /** A handle for interacting with the Core System. 
  12:../../libdaisy/src/sys/system.h ****  ** This includes the Clock tree, MPU, global DMA initialization,
  13:../../libdaisy/src/sys/system.h ****  ** cache handling, and any other necessary global initiailzation
  14:../../libdaisy/src/sys/system.h ****  **
  15:../../libdaisy/src/sys/system.h ****  ** @author shensley
  16:../../libdaisy/src/sys/system.h ****  ** @addtogroup system
  17:../../libdaisy/src/sys/system.h ****  */
  18:../../libdaisy/src/sys/system.h **** class System
  19:../../libdaisy/src/sys/system.h **** {
  20:../../libdaisy/src/sys/system.h ****   public:
  21:../../libdaisy/src/sys/system.h ****     /** Contains settings for initializing the System */
  22:../../libdaisy/src/sys/system.h ****     struct Config
  23:../../libdaisy/src/sys/system.h ****     {
  24:../../libdaisy/src/sys/system.h ****         /** Specifies the system clock frequency that feeds APB/AHB clocks, etc. */
  25:../../libdaisy/src/sys/system.h ****         enum class SysClkFreq
  26:../../libdaisy/src/sys/system.h ****         {
  27:../../libdaisy/src/sys/system.h ****             FREQ_400MHZ,
  28:../../libdaisy/src/sys/system.h ****             FREQ_480MHZ,
  29:../../libdaisy/src/sys/system.h ****         };
  30:../../libdaisy/src/sys/system.h **** 
  31:../../libdaisy/src/sys/system.h ****         /** Method to call on the struct to set to defaults
  32:../../libdaisy/src/sys/system.h ****          ** CPU Freq set to 400MHz
  33:../../libdaisy/src/sys/system.h ****          ** Cache Enabled 
  34:../../libdaisy/src/sys/system.h ****          ** */
  35:../../libdaisy/src/sys/system.h ****         void Defaults()
  36:../../libdaisy/src/sys/system.h ****         {
  37:../../libdaisy/src/sys/system.h ****             cpu_freq   = SysClkFreq::FREQ_400MHZ;
  38:../../libdaisy/src/sys/system.h ****             use_dcache = true;
  39:../../libdaisy/src/sys/system.h ****             use_icache = true;
  40:../../libdaisy/src/sys/system.h ****         }
  41:../../libdaisy/src/sys/system.h **** 
  42:../../libdaisy/src/sys/system.h ****         /** Method to call on the struct to set to boost mode:
  43:../../libdaisy/src/sys/system.h ****          ** CPU Freq set to 480MHz
  44:../../libdaisy/src/sys/system.h ****          ** Cache Enabled 
  45:../../libdaisy/src/sys/system.h ****          ** */
  46:../../libdaisy/src/sys/system.h ****         void Boost()
  47:../../libdaisy/src/sys/system.h ****         {
  48:../../libdaisy/src/sys/system.h ****             cpu_freq   = SysClkFreq::FREQ_480MHZ;
  49:../../libdaisy/src/sys/system.h ****             use_dcache = true;
  50:../../libdaisy/src/sys/system.h ****             use_icache = true;
  51:../../libdaisy/src/sys/system.h ****         }
  52:../../libdaisy/src/sys/system.h **** 
  53:../../libdaisy/src/sys/system.h ****         SysClkFreq cpu_freq;
  54:../../libdaisy/src/sys/system.h ****         bool       use_dcache;
  55:../../libdaisy/src/sys/system.h ****         bool       use_icache;
  56:../../libdaisy/src/sys/system.h ****     };
ARM GAS  /tmp/ccsx7j7y.s 			page 3


  57:../../libdaisy/src/sys/system.h **** 
  58:../../libdaisy/src/sys/system.h ****     System() {}
  59:../../libdaisy/src/sys/system.h ****     ~System() {}
  38              		.loc 2 59 5 view .LVU1
  39              		.loc 2 59 5 is_stmt 0 view .LVU2
  40              	.LBE78:
  41              	.LBB79:
  42              	.LBI79:
  43              		.file 3 "../../libdaisy/src/hid/usb.h"
   1:../../libdaisy/src/hid/usb.h **** #pragma once
   2:../../libdaisy/src/hid/usb.h **** #ifndef DSY_HID_USB_H
   3:../../libdaisy/src/hid/usb.h **** #define DSY_HID_USB_H
   4:../../libdaisy/src/hid/usb.h **** #include <stdint.h>
   5:../../libdaisy/src/hid/usb.h **** #include <stdlib.h>
   6:../../libdaisy/src/hid/usb.h **** 
   7:../../libdaisy/src/hid/usb.h **** namespace daisy
   8:../../libdaisy/src/hid/usb.h **** /** @addtogroup externals
   9:../../libdaisy/src/hid/usb.h ****     @{
  10:../../libdaisy/src/hid/usb.h **** */
  11:../../libdaisy/src/hid/usb.h **** 
  12:../../libdaisy/src/hid/usb.h **** {
  13:../../libdaisy/src/hid/usb.h **** /** 
  14:../../libdaisy/src/hid/usb.h ****     @brief Interface for initializing and using the USB Peripherals on the daisy
  15:../../libdaisy/src/hid/usb.h ****     @author Stephen Hensley
  16:../../libdaisy/src/hid/usb.h ****     @date December 2019
  17:../../libdaisy/src/hid/usb.h **** */
  18:../../libdaisy/src/hid/usb.h **** class UsbHandle
  19:../../libdaisy/src/hid/usb.h **** {
  20:../../libdaisy/src/hid/usb.h ****   public:
  21:../../libdaisy/src/hid/usb.h ****     /** Return values for USBHandle Functions */
  22:../../libdaisy/src/hid/usb.h ****     enum class Result
  23:../../libdaisy/src/hid/usb.h ****     {
  24:../../libdaisy/src/hid/usb.h ****         OK,
  25:../../libdaisy/src/hid/usb.h ****         ERR,
  26:../../libdaisy/src/hid/usb.h ****     };
  27:../../libdaisy/src/hid/usb.h **** 
  28:../../libdaisy/src/hid/usb.h ****     /** Specified which of the two USB Peripherals to initialize. */
  29:../../libdaisy/src/hid/usb.h ****     enum UsbPeriph
  30:../../libdaisy/src/hid/usb.h ****     {
  31:../../libdaisy/src/hid/usb.h ****         FS_INTERNAL, /**< Internal pin */
  32:../../libdaisy/src/hid/usb.h ****         FS_EXTERNAL, /**< FS External D+ pin is Pin 38 (GPIO32). FS External D- pin is Pin 37 (GPIO
  33:../../libdaisy/src/hid/usb.h ****         FS_BOTH,     /**< Both */
  34:../../libdaisy/src/hid/usb.h ****     };
  35:../../libdaisy/src/hid/usb.h **** 
  36:../../libdaisy/src/hid/usb.h **** 
  37:../../libdaisy/src/hid/usb.h ****     /** Function called upon reception of a buffer */
  38:../../libdaisy/src/hid/usb.h ****     typedef void (*ReceiveCallback)(uint8_t* buff, uint32_t* len);
  39:../../libdaisy/src/hid/usb.h **** 
  40:../../libdaisy/src/hid/usb.h ****     UsbHandle() {}
  41:../../libdaisy/src/hid/usb.h **** 
  42:../../libdaisy/src/hid/usb.h ****     ~UsbHandle() {}
  44              		.loc 3 42 5 is_stmt 1 view .LVU3
  45              		.loc 3 42 5 is_stmt 0 view .LVU4
  46              	.LBE79:
  47              	.LBB80:
  48              	.LBI80:
  49              		.file 4 "../../libdaisy/src/per/adc.h"
ARM GAS  /tmp/ccsx7j7y.s 			page 4


   1:../../libdaisy/src/per/adc.h **** #pragma once
   2:../../libdaisy/src/per/adc.h **** #ifndef DSY_ADC_H
   3:../../libdaisy/src/per/adc.h **** #define DSY_ADC_H /**< Macro */
   4:../../libdaisy/src/per/adc.h **** #include <stdint.h>
   5:../../libdaisy/src/per/adc.h **** #include <stdlib.h>
   6:../../libdaisy/src/per/adc.h **** #include "daisy_core.h"
   7:../../libdaisy/src/per/adc.h **** #include "per/gpio.h"
   8:../../libdaisy/src/per/adc.h **** 
   9:../../libdaisy/src/per/adc.h **** #define DSY_ADC_MAX_CHANNELS 14 /**< Maximum number of ADC channels */
  10:../../libdaisy/src/per/adc.h **** 
  11:../../libdaisy/src/per/adc.h **** namespace daisy
  12:../../libdaisy/src/per/adc.h **** {
  13:../../libdaisy/src/per/adc.h **** /** @addtogroup analog_digital_conversion
  14:../../libdaisy/src/per/adc.h ****     @{
  15:../../libdaisy/src/per/adc.h **** */
  16:../../libdaisy/src/per/adc.h **** 
  17:../../libdaisy/src/per/adc.h **** /* While there may not be many configuration options here,
  18:../../libdaisy/src/per/adc.h **** using a struct like this allows us to add more configuration
  19:../../libdaisy/src/per/adc.h **** later without breaking existing functionality.
  20:../../libdaisy/src/per/adc.h **** */
  21:../../libdaisy/src/per/adc.h **** 
  22:../../libdaisy/src/per/adc.h **** /** Configuration Structure for a given channel */
  23:../../libdaisy/src/per/adc.h **** struct AdcChannelConfig
  24:../../libdaisy/src/per/adc.h **** {
  25:../../libdaisy/src/per/adc.h ****     /** Which pin to use for multiplexing */
  26:../../libdaisy/src/per/adc.h ****     enum MuxPin
  27:../../libdaisy/src/per/adc.h ****     {
  28:../../libdaisy/src/per/adc.h ****         MUX_SEL_0,    /**< & */
  29:../../libdaisy/src/per/adc.h ****         MUX_SEL_1,    /**< & */
  30:../../libdaisy/src/per/adc.h ****         MUX_SEL_2,    /**< & */
  31:../../libdaisy/src/per/adc.h ****         MUX_SEL_LAST, /**< & */
  32:../../libdaisy/src/per/adc.h ****     };
  33:../../libdaisy/src/per/adc.h **** 
  34:../../libdaisy/src/per/adc.h ****     /** Initializes a single ADC pin as an ADC. 
  35:../../libdaisy/src/per/adc.h ****     \param pin Pin to init.
  36:../../libdaisy/src/per/adc.h ****      */
  37:../../libdaisy/src/per/adc.h ****     void InitSingle(dsy_gpio_pin pin);
  38:../../libdaisy/src/per/adc.h **** 
  39:../../libdaisy/src/per/adc.h ****     /** 
  40:../../libdaisy/src/per/adc.h ****     Initializes a single ADC pin as a Multiplexed ADC.
  41:../../libdaisy/src/per/adc.h ****     Requires a CD405X Multiplexer connected to the pin.
  42:../../libdaisy/src/per/adc.h ****     You only need to supply the mux pins that are required,
  43:../../libdaisy/src/per/adc.h ****     e.g. a 4052 mux would only require mux_0 and mux_1.
  44:../../libdaisy/src/per/adc.h ****     Internal Callbacks handle the pin addressing.
  45:../../libdaisy/src/per/adc.h ****     \param mux_channels must be 1-8
  46:../../libdaisy/src/per/adc.h ****     \param mux_0 First mux pin
  47:../../libdaisy/src/per/adc.h ****     \param mux_1 Second mux pin
  48:../../libdaisy/src/per/adc.h ****     \param mux_2 Third mux pin
  49:../../libdaisy/src/per/adc.h ****     \param adc_pin &
  50:../../libdaisy/src/per/adc.h ****     */
  51:../../libdaisy/src/per/adc.h ****     void InitMux(dsy_gpio_pin adc_pin,
  52:../../libdaisy/src/per/adc.h ****                  size_t       mux_channels,
  53:../../libdaisy/src/per/adc.h ****                  dsy_gpio_pin mux_0,
  54:../../libdaisy/src/per/adc.h ****                  dsy_gpio_pin mux_1 = {DSY_GPIOX, 0},
  55:../../libdaisy/src/per/adc.h ****                  dsy_gpio_pin mux_2 = {DSY_GPIOX, 0});
  56:../../libdaisy/src/per/adc.h **** 
  57:../../libdaisy/src/per/adc.h ****     dsy_gpio pin_;                   /**< & */
ARM GAS  /tmp/ccsx7j7y.s 			page 5


  58:../../libdaisy/src/per/adc.h ****     dsy_gpio mux_pin_[MUX_SEL_LAST]; /**< & */
  59:../../libdaisy/src/per/adc.h ****     uint8_t  mux_channels_;          /**< & */
  60:../../libdaisy/src/per/adc.h **** };
  61:../../libdaisy/src/per/adc.h **** 
  62:../../libdaisy/src/per/adc.h **** /**
  63:../../libdaisy/src/per/adc.h ****    Handler for analog to digital conversion
  64:../../libdaisy/src/per/adc.h **** */
  65:../../libdaisy/src/per/adc.h **** class AdcHandle
  66:../../libdaisy/src/per/adc.h **** {
  67:../../libdaisy/src/per/adc.h ****   public:
  68:../../libdaisy/src/per/adc.h ****     /** Supported oversampling amounts */
  69:../../libdaisy/src/per/adc.h ****     enum OverSampling
  70:../../libdaisy/src/per/adc.h ****     {
  71:../../libdaisy/src/per/adc.h ****         OVS_NONE, /**< & */
  72:../../libdaisy/src/per/adc.h ****         OVS_4,    /**< & */
  73:../../libdaisy/src/per/adc.h ****         OVS_8,    /**< & */
  74:../../libdaisy/src/per/adc.h ****         OVS_16,   /**< & */
  75:../../libdaisy/src/per/adc.h ****         OVS_32,   /**< & */
  76:../../libdaisy/src/per/adc.h ****         OVS_64,   /**< & */
  77:../../libdaisy/src/per/adc.h ****         OVS_128,  /**< & */
  78:../../libdaisy/src/per/adc.h ****         OVS_256,  /**< & */
  79:../../libdaisy/src/per/adc.h ****         OVS_512,  /**< & */
  80:../../libdaisy/src/per/adc.h ****         OVS_1024, /**< & */
  81:../../libdaisy/src/per/adc.h ****         OVS_LAST, /**< & */
  82:../../libdaisy/src/per/adc.h ****     };
  83:../../libdaisy/src/per/adc.h **** 
  84:../../libdaisy/src/per/adc.h ****     AdcHandle() {}
  85:../../libdaisy/src/per/adc.h ****     ~AdcHandle() {}
  50              		.loc 4 85 5 is_stmt 1 view .LVU5
  51              		.loc 4 85 5 is_stmt 0 view .LVU6
  52              	.LBE80:
  53              	.LBB81:
  54              	.LBI81:
  55              		.file 5 "../../libdaisy/src/hid/audio.h"
   1:../../libdaisy/src/hid/audio.h **** #ifndef DSY_AUDIO_H
   2:../../libdaisy/src/hid/audio.h **** #define DSY_AUDIO_H /**< & */
   3:../../libdaisy/src/hid/audio.h **** 
   4:../../libdaisy/src/hid/audio.h **** #include "per/sai.h"
   5:../../libdaisy/src/hid/audio.h **** 
   6:../../libdaisy/src/hid/audio.h **** namespace daisy
   7:../../libdaisy/src/hid/audio.h **** {
   8:../../libdaisy/src/hid/audio.h **** class AudioHandle
   9:../../libdaisy/src/hid/audio.h **** {
  10:../../libdaisy/src/hid/audio.h ****   public:
  11:../../libdaisy/src/hid/audio.h ****     /** Manually configurable details about the Audio Engine */
  12:../../libdaisy/src/hid/audio.h ****     /** TODO: Figure out how to get samplerate in here. */
  13:../../libdaisy/src/hid/audio.h ****     struct Config
  14:../../libdaisy/src/hid/audio.h ****     {
  15:../../libdaisy/src/hid/audio.h ****         size_t                        blocksize;
  16:../../libdaisy/src/hid/audio.h ****         SaiHandle::Config::SampleRate samplerate;
  17:../../libdaisy/src/hid/audio.h ****         float                         postgain;
  18:../../libdaisy/src/hid/audio.h ****     };
  19:../../libdaisy/src/hid/audio.h **** 
  20:../../libdaisy/src/hid/audio.h ****     enum class Result
  21:../../libdaisy/src/hid/audio.h ****     {
  22:../../libdaisy/src/hid/audio.h ****         OK,
  23:../../libdaisy/src/hid/audio.h ****         ERR,
ARM GAS  /tmp/ccsx7j7y.s 			page 6


  24:../../libdaisy/src/hid/audio.h ****     };
  25:../../libdaisy/src/hid/audio.h **** 
  26:../../libdaisy/src/hid/audio.h ****     /** Non-Interleaving input buffer
  27:../../libdaisy/src/hid/audio.h ****      * Buffer arranged by float[chn][sample] 
  28:../../libdaisy/src/hid/audio.h ****      * const so that the user can't modify the input
  29:../../libdaisy/src/hid/audio.h ****     */
  30:../../libdaisy/src/hid/audio.h ****     typedef const float* const* InputBuffer;
  31:../../libdaisy/src/hid/audio.h **** 
  32:../../libdaisy/src/hid/audio.h ****     /** Non-Interleaving output buffer
  33:../../libdaisy/src/hid/audio.h ****      * Arranged by float[chn][sample] 
  34:../../libdaisy/src/hid/audio.h ****     */
  35:../../libdaisy/src/hid/audio.h ****     typedef float** OutputBuffer;
  36:../../libdaisy/src/hid/audio.h **** 
  37:../../libdaisy/src/hid/audio.h ****     /** Type for a Non-Interleaving audio callback 
  38:../../libdaisy/src/hid/audio.h ****    * Non-Interleaving audio callbacks in daisy will be of this type
  39:../../libdaisy/src/hid/audio.h ****   */
  40:../../libdaisy/src/hid/audio.h ****     typedef void (*AudioCallback)(InputBuffer  in,
  41:../../libdaisy/src/hid/audio.h ****                                   OutputBuffer out,
  42:../../libdaisy/src/hid/audio.h ****                                   size_t       size);
  43:../../libdaisy/src/hid/audio.h **** 
  44:../../libdaisy/src/hid/audio.h ****     /** Interleaving Input buffer
  45:../../libdaisy/src/hid/audio.h ****      ** audio is prepared as { L0, R0, L1, R1, . . . LN, RN }]
  46:../../libdaisy/src/hid/audio.h ****      ** this is const, as the user shouldn't modify it
  47:../../libdaisy/src/hid/audio.h ****     */
  48:../../libdaisy/src/hid/audio.h ****     typedef const float* InterleavingInputBuffer;
  49:../../libdaisy/src/hid/audio.h **** 
  50:../../libdaisy/src/hid/audio.h ****     /** Interleaving Output buffer 
  51:../../libdaisy/src/hid/audio.h ****      ** audio is prepared as { L0, R0, L1, R1, . . . LN, RN }
  52:../../libdaisy/src/hid/audio.h ****     */
  53:../../libdaisy/src/hid/audio.h ****     typedef float* InterleavingOutputBuffer;
  54:../../libdaisy/src/hid/audio.h **** 
  55:../../libdaisy/src/hid/audio.h ****     /** Interleaving Audio Callback 
  56:../../libdaisy/src/hid/audio.h ****    * Interleaving audio callbacks in daisy must be of this type
  57:../../libdaisy/src/hid/audio.h ****   */
  58:../../libdaisy/src/hid/audio.h ****     typedef void (*InterleavingAudioCallback)(InterleavingInputBuffer  in,
  59:../../libdaisy/src/hid/audio.h ****                                               InterleavingOutputBuffer out,
  60:../../libdaisy/src/hid/audio.h ****                                               size_t                   size);
  61:../../libdaisy/src/hid/audio.h **** 
  62:../../libdaisy/src/hid/audio.h ****     AudioHandle() : pimpl_(nullptr) {}
  63:../../libdaisy/src/hid/audio.h ****     ~AudioHandle() {}
  56              		.loc 5 63 5 is_stmt 1 view .LVU7
  57              		.loc 5 63 5 is_stmt 0 view .LVU8
  58              	.LBE81:
  59              		.loc 1 22 19 view .LVU9
  60 0000 7047     		bx	lr
  61              		.cfi_endproc
  62              	.LFE2037:
  64              		.weak	_ZN5daisy9DaisySeedD1Ev
  65              		.thumb_set _ZN5daisy9DaisySeedD1Ev,_ZN5daisy9DaisySeedD2Ev
  66 0002 00BF     		.section	.text._ZN7daisysp10OscillatorD2Ev,"axG",%progbits,_ZN7daisysp10OscillatorD5Ev,comdat
  67              		.align	1
  68              		.p2align 2,,3
  69              		.weak	_ZN7daisysp10OscillatorD2Ev
  70              		.syntax unified
  71              		.thumb
  72              		.thumb_func
  73              		.fpu fpv5-d16
ARM GAS  /tmp/ccsx7j7y.s 			page 7


  75              	_ZN7daisysp10OscillatorD2Ev:
  76              	.LVL1:
  77              	.LFB3674:
  78              		.file 6 "../../DaisySP/Source/Synthesis/oscillator.h"
   1:../../DaisySP/Source/Synthesis/oscillator.h **** #pragma once
   2:../../DaisySP/Source/Synthesis/oscillator.h **** #ifndef DSY_OSCILLATOR_H
   3:../../DaisySP/Source/Synthesis/oscillator.h **** #define DSY_OSCILLATOR_H
   4:../../DaisySP/Source/Synthesis/oscillator.h **** #include <stdint.h>
   5:../../DaisySP/Source/Synthesis/oscillator.h **** #include "Utility/dsp.h"
   6:../../DaisySP/Source/Synthesis/oscillator.h **** #ifdef __cplusplus
   7:../../DaisySP/Source/Synthesis/oscillator.h **** 
   8:../../DaisySP/Source/Synthesis/oscillator.h **** namespace daisysp
   9:../../DaisySP/Source/Synthesis/oscillator.h **** {
  10:../../DaisySP/Source/Synthesis/oscillator.h **** /** Synthesis of several waveforms, including polyBLEP bandlimited waveforms.
  11:../../DaisySP/Source/Synthesis/oscillator.h **** */
  12:../../DaisySP/Source/Synthesis/oscillator.h **** class Oscillator
  13:../../DaisySP/Source/Synthesis/oscillator.h **** {
  14:../../DaisySP/Source/Synthesis/oscillator.h ****   public:
  15:../../DaisySP/Source/Synthesis/oscillator.h ****     Oscillator() {}
  16:../../DaisySP/Source/Synthesis/oscillator.h ****     ~Oscillator() {}
  79              		.loc 6 16 5 is_stmt 1 view -0
  80              		.cfi_startproc
  81              		@ args = 0, pretend = 0, frame = 0
  82              		@ frame_needed = 0, uses_anonymous_args = 0
  83              		@ link register save eliminated.
  84              		.loc 6 16 20 is_stmt 0 view .LVU11
  85 0000 7047     		bx	lr
  86              		.cfi_endproc
  87              	.LFE3674:
  89              		.weak	_ZN7daisysp10OscillatorD1Ev
  90              		.thumb_set _ZN7daisysp10OscillatorD1Ev,_ZN7daisysp10OscillatorD2Ev
  91 0002 00BF     		.section	.text._ZN7daisysp8ParticleD2Ev,"axG",%progbits,_ZN7daisysp8ParticleD5Ev,comdat
  92              		.align	1
  93              		.p2align 2,,3
  94              		.weak	_ZN7daisysp8ParticleD2Ev
  95              		.syntax unified
  96              		.thumb
  97              		.thumb_func
  98              		.fpu fpv5-d16
 100              	_ZN7daisysp8ParticleD2Ev:
 101              	.LVL2:
 102              	.LFB4033:
 103              		.file 7 "../../DaisySP/Source/Noise/particle.h"
   1:../../DaisySP/Source/Noise/particle.h **** #pragma once
   2:../../DaisySP/Source/Noise/particle.h **** #ifndef DSY_PARTICLE_H
   3:../../DaisySP/Source/Noise/particle.h **** #define DSY_PARTICLE_H
   4:../../DaisySP/Source/Noise/particle.h **** 
   5:../../DaisySP/Source/Noise/particle.h **** #include "Filters/svf.h"
   6:../../DaisySP/Source/Noise/particle.h **** #include <stdint.h>
   7:../../DaisySP/Source/Noise/particle.h **** #include <cstdlib>
   8:../../DaisySP/Source/Noise/particle.h **** #ifdef __cplusplus
   9:../../DaisySP/Source/Noise/particle.h **** 
  10:../../DaisySP/Source/Noise/particle.h **** /** @file particle.h */
  11:../../DaisySP/Source/Noise/particle.h **** 
  12:../../DaisySP/Source/Noise/particle.h **** namespace daisysp
  13:../../DaisySP/Source/Noise/particle.h **** {
  14:../../DaisySP/Source/Noise/particle.h **** /**  
ARM GAS  /tmp/ccsx7j7y.s 			page 8


  15:../../DaisySP/Source/Noise/particle.h ****        @brief Random impulse train processed by a resonant filter.
  16:../../DaisySP/Source/Noise/particle.h ****        @author Ported by Ben Sergentanis 
  17:../../DaisySP/Source/Noise/particle.h ****        @date Jan 2021 
  18:../../DaisySP/Source/Noise/particle.h ****        Noise processed by a sample and hold running at a target frequency. \n \n
  19:../../DaisySP/Source/Noise/particle.h ****        Ported from pichenettes/eurorack/plaits/dsp/noise/particle.h \n
  20:../../DaisySP/Source/Noise/particle.h ****        to an independent module. \n
  21:../../DaisySP/Source/Noise/particle.h ****        Original code written by Emilie Gillet in 2016. \n
  22:../../DaisySP/Source/Noise/particle.h **** */
  23:../../DaisySP/Source/Noise/particle.h **** class Particle
  24:../../DaisySP/Source/Noise/particle.h **** {
  25:../../DaisySP/Source/Noise/particle.h ****   public:
  26:../../DaisySP/Source/Noise/particle.h ****     Particle() {}
  27:../../DaisySP/Source/Noise/particle.h ****     ~Particle() {}
 104              		.loc 7 27 5 is_stmt 1 view -0
 105              		.cfi_startproc
 106              		@ args = 0, pretend = 0, frame = 0
 107              		@ frame_needed = 0, uses_anonymous_args = 0
 108              		@ link register save eliminated.
 109              	.LBB82:
 110              	.LBI82:
 111              		.file 8 "../../DaisySP/Source/Filters/svf.h"
   1:../../DaisySP/Source/Filters/svf.h **** #pragma once
   2:../../DaisySP/Source/Filters/svf.h **** #ifndef DSY_SVF_H
   3:../../DaisySP/Source/Filters/svf.h **** #define DSY_SVF_H
   4:../../DaisySP/Source/Filters/svf.h **** 
   5:../../DaisySP/Source/Filters/svf.h **** namespace daisysp
   6:../../DaisySP/Source/Filters/svf.h **** {
   7:../../DaisySP/Source/Filters/svf.h **** /**      Double Sampled, Stable State Variable Filter
   8:../../DaisySP/Source/Filters/svf.h **** 
   9:../../DaisySP/Source/Filters/svf.h **** Credit to Andrew Simper from musicdsp.org
  10:../../DaisySP/Source/Filters/svf.h **** 
  11:../../DaisySP/Source/Filters/svf.h **** This is his "State Variable Filter (Double Sampled, Stable)"
  12:../../DaisySP/Source/Filters/svf.h **** 
  13:../../DaisySP/Source/Filters/svf.h **** Additional thanks to Laurent de Soras for stability limit, and 
  14:../../DaisySP/Source/Filters/svf.h **** Stefan Diedrichsen for the correct notch output
  15:../../DaisySP/Source/Filters/svf.h **** 
  16:../../DaisySP/Source/Filters/svf.h **** Ported by: Stephen Hensley
  17:../../DaisySP/Source/Filters/svf.h **** */
  18:../../DaisySP/Source/Filters/svf.h **** class Svf
  19:../../DaisySP/Source/Filters/svf.h **** {
  20:../../DaisySP/Source/Filters/svf.h ****   public:
  21:../../DaisySP/Source/Filters/svf.h ****     Svf() {}
  22:../../DaisySP/Source/Filters/svf.h ****     ~Svf() {}
 112              		.loc 8 22 5 view .LVU13
 113              		.loc 8 22 5 is_stmt 0 view .LVU14
 114              	.LBE82:
 115              		.loc 7 27 18 view .LVU15
 116 0000 7047     		bx	lr
 117              		.cfi_endproc
 118              	.LFE4033:
 120              		.weak	_ZN7daisysp8ParticleD1Ev
 121              		.thumb_set _ZN7daisysp8ParticleD1Ev,_ZN7daisysp8ParticleD2Ev
 122 0002 00BF     		.section	.text._Z13AudioCallbackPKPKfPPfj,"ax",%progbits
 123              		.align	1
 124              		.p2align 2,,3
 125              		.global	_Z13AudioCallbackPKPKfPPfj
 126              		.syntax unified
ARM GAS  /tmp/ccsx7j7y.s 			page 9


 127              		.thumb
 128              		.thumb_func
 129              		.fpu fpv5-d16
 131              	_Z13AudioCallbackPKPKfPPfj:
 132              	.LVL3:
 133              	.LFB4212:
 134              		.file 9 "particle.cpp"
   1:particle.cpp  **** #include "daisy_seed.h"
   2:particle.cpp  **** #include "daisysp.h"
   3:particle.cpp  **** 
   4:particle.cpp  **** using namespace daisy;
   5:particle.cpp  **** using namespace daisysp;
   6:particle.cpp  **** 
   7:particle.cpp  **** DaisySeed  hw;
   8:particle.cpp  **** Particle   particle;
   9:particle.cpp  **** Oscillator lfo;
  10:particle.cpp  **** 
  11:particle.cpp  **** void AudioCallback(AudioHandle::InputBuffer  in,
  12:particle.cpp  ****                    AudioHandle::OutputBuffer out,
  13:particle.cpp  ****                    size_t                    size)
  14:particle.cpp  **** {
 135              		.loc 9 14 1 is_stmt 1 view -0
 136              		.cfi_startproc
 137              		@ args = 0, pretend = 0, frame = 0
 138              		@ frame_needed = 0, uses_anonymous_args = 0
  15:particle.cpp  ****     for(size_t i = 0; i < size; i++)
 139              		.loc 9 15 5 view .LVU17
 140              	.LBB83:
 141              		.loc 9 15 25 view .LVU18
 142 0000 F2B1     		cbz	r2, .L13
 143              	.LBE83:
  14:particle.cpp  ****     for(size_t i = 0; i < size; i++)
 144              		.loc 9 14 1 is_stmt 0 view .LVU19
 145 0002 2DE9F041 		push	{r4, r5, r6, r7, r8, lr}
 146              		.cfi_def_cfa_offset 24
 147              		.cfi_offset 4, -24
 148              		.cfi_offset 5, -20
 149              		.cfi_offset 6, -16
 150              		.cfi_offset 7, -12
 151              		.cfi_offset 8, -8
 152              		.cfi_offset 14, -4
 153 0006 0E46     		mov	r6, r1
 154 0008 9046     		mov	r8, r2
 155              	.LBB84:
 156              		.loc 9 15 16 view .LVU20
 157 000a 0024     		movs	r4, #0
 158              	.LVL4:
 159              	.L7:
  16:particle.cpp  ****     {
  17:particle.cpp  ****         particle.SetDensity(fabsf(lfo.Process()));
 160              		.loc 9 17 9 is_stmt 1 discriminator 2 view .LVU21
 161              		.loc 9 17 46 is_stmt 0 discriminator 2 view .LVU22
 162 000c 0D48     		ldr	r0, .L16
 163 000e A700     		lsls	r7, r4, #2
 164 0010 FFF7FEFF 		bl	_ZN7daisysp10Oscillator7ProcessEv
 165              	.LVL5:
 166              		.loc 9 17 28 discriminator 2 view .LVU23
ARM GAS  /tmp/ccsx7j7y.s 			page 10


 167 0014 0C48     		ldr	r0, .L16+4
 168 0016 B0EEC00A 		vabs.f32	s0, s0
 169 001a FFF7FEFF 		bl	_ZN7daisysp8Particle10SetDensityEf
 170              	.LVL6:
  18:particle.cpp  ****         out[0][i] = out[1][i] = particle.Process();
 171              		.loc 9 18 9 is_stmt 1 discriminator 2 view .LVU24
 172              		.loc 9 18 29 is_stmt 0 discriminator 2 view .LVU25
 173 001e 7568     		ldr	r5, [r6, #4]
 174              		.loc 9 18 49 discriminator 2 view .LVU26
 175 0020 0948     		ldr	r0, .L16+4
 176 0022 FFF7FEFF 		bl	_ZN7daisysp8Particle7ProcessEv
 177              	.LVL7:
 178              		.loc 9 18 19 discriminator 2 view .LVU27
 179 0026 3368     		ldr	r3, [r6]
 180              		.loc 9 18 29 discriminator 2 view .LVU28
 181 0028 05EB8405 		add	r5, r5, r4, lsl #2
  15:particle.cpp  ****     {
 182              		.loc 9 15 5 discriminator 2 view .LVU29
 183 002c 0134     		adds	r4, r4, #1
 184              	.LVL8:
 185              		.loc 9 18 19 discriminator 2 view .LVU30
 186 002e 3B44     		add	r3, r3, r7
  15:particle.cpp  ****     {
 187              		.loc 9 15 25 discriminator 2 view .LVU31
 188 0030 A045     		cmp	r8, r4
 189              		.loc 9 18 31 discriminator 2 view .LVU32
 190 0032 85ED000A 		vstr.32	s0, [r5]
 191              		.loc 9 18 19 discriminator 2 view .LVU33
 192 0036 83ED000A 		vstr.32	s0, [r3]
  15:particle.cpp  ****     {
 193              		.loc 9 15 5 is_stmt 1 discriminator 2 view .LVU34
 194              	.LVL9:
  15:particle.cpp  ****     {
 195              		.loc 9 15 25 discriminator 2 view .LVU35
 196 003a E7D1     		bne	.L7
 197              	.LBE84:
  19:particle.cpp  ****     }
  20:particle.cpp  **** }
 198              		.loc 9 20 1 is_stmt 0 view .LVU36
 199 003c BDE8F081 		pop	{r4, r5, r6, r7, r8, pc}
 200              	.LVL10:
 201              	.L13:
 202              		.cfi_def_cfa_offset 0
 203              		.cfi_restore 4
 204              		.cfi_restore 5
 205              		.cfi_restore 6
 206              		.cfi_restore 7
 207              		.cfi_restore 8
 208              		.cfi_restore 14
 209              		.loc 9 20 1 view .LVU37
 210 0040 7047     		bx	lr
 211              	.L17:
 212 0042 00BF     		.align	2
 213              	.L16:
 214 0044 00000000 		.word	.LANCHOR0
 215 0048 00000000 		.word	.LANCHOR1
 216              		.cfi_endproc
ARM GAS  /tmp/ccsx7j7y.s 			page 11


 217              	.LFE4212:
 219              		.section	.text.startup.main,"ax",%progbits
 220              		.align	1
 221              		.p2align 2,,3
 222              		.global	main
 223              		.syntax unified
 224              		.thumb
 225              		.thumb_func
 226              		.fpu fpv5-d16
 228              	main:
 229              	.LFB4213:
  21:particle.cpp  **** 
  22:particle.cpp  **** int main(void)
  23:particle.cpp  **** {
 230              		.loc 9 23 1 is_stmt 1 view -0
 231              		.cfi_startproc
 232              		@ args = 0, pretend = 0, frame = 0
 233              		@ frame_needed = 0, uses_anonymous_args = 0
  24:particle.cpp  ****     hw.Configure();
 234              		.loc 9 24 5 view .LVU39
  23:particle.cpp  ****     hw.Configure();
 235              		.loc 9 23 1 is_stmt 0 view .LVU40
 236 0000 38B5     		push	{r3, r4, r5, lr}
 237              		.cfi_def_cfa_offset 16
 238              		.cfi_offset 3, -16
 239              		.cfi_offset 4, -12
 240              		.cfi_offset 5, -8
 241              		.cfi_offset 14, -4
 242              		.loc 9 24 17 view .LVU41
 243 0002 2348     		ldr	r0, .L21
 244              	.LBB85:
 245              	.LBB86:
  17:../../DaisySP/Source/Synthesis/oscillator.h ****     /** Choices for output waveforms, POLYBLEP are appropriately labeled. Others are naive forms.
  18:../../DaisySP/Source/Synthesis/oscillator.h ****     */
  19:../../DaisySP/Source/Synthesis/oscillator.h ****     enum
  20:../../DaisySP/Source/Synthesis/oscillator.h ****     {
  21:../../DaisySP/Source/Synthesis/oscillator.h ****         WAVE_SIN,
  22:../../DaisySP/Source/Synthesis/oscillator.h ****         WAVE_TRI,
  23:../../DaisySP/Source/Synthesis/oscillator.h ****         WAVE_SAW,
  24:../../DaisySP/Source/Synthesis/oscillator.h ****         WAVE_RAMP,
  25:../../DaisySP/Source/Synthesis/oscillator.h ****         WAVE_SQUARE,
  26:../../DaisySP/Source/Synthesis/oscillator.h ****         WAVE_POLYBLEP_TRI,
  27:../../DaisySP/Source/Synthesis/oscillator.h ****         WAVE_POLYBLEP_SAW,
  28:../../DaisySP/Source/Synthesis/oscillator.h ****         WAVE_POLYBLEP_SQUARE,
  29:../../DaisySP/Source/Synthesis/oscillator.h ****         WAVE_LAST,
  30:../../DaisySP/Source/Synthesis/oscillator.h ****     };
  31:../../DaisySP/Source/Synthesis/oscillator.h **** 
  32:../../DaisySP/Source/Synthesis/oscillator.h **** 
  33:../../DaisySP/Source/Synthesis/oscillator.h ****     /** Initializes the Oscillator
  34:../../DaisySP/Source/Synthesis/oscillator.h **** 
  35:../../DaisySP/Source/Synthesis/oscillator.h ****         \param sample_rate - sample rate of the audio engine being run, and the frequency that the 
  36:../../DaisySP/Source/Synthesis/oscillator.h **** 
  37:../../DaisySP/Source/Synthesis/oscillator.h ****         Defaults:
  38:../../DaisySP/Source/Synthesis/oscillator.h ****         - freq_ = 100 Hz
  39:../../DaisySP/Source/Synthesis/oscillator.h ****         - amp_ = 0.5
  40:../../DaisySP/Source/Synthesis/oscillator.h ****         - waveform_ = sine wave.
  41:../../DaisySP/Source/Synthesis/oscillator.h ****     */
ARM GAS  /tmp/ccsx7j7y.s 			page 12


  42:../../DaisySP/Source/Synthesis/oscillator.h ****     void Init(float sample_rate)
  43:../../DaisySP/Source/Synthesis/oscillator.h ****     {
  44:../../DaisySP/Source/Synthesis/oscillator.h ****         sr_        = sample_rate;
  45:../../DaisySP/Source/Synthesis/oscillator.h ****         sr_recip_  = 1.0f / sample_rate;
  46:../../DaisySP/Source/Synthesis/oscillator.h ****         freq_      = 100.0f;
  47:../../DaisySP/Source/Synthesis/oscillator.h ****         amp_       = 0.5f;
 246              		.loc 6 47 20 view .LVU42
 247 0004 4FF07C55 		mov	r5, #1056964608
  44:../../DaisySP/Source/Synthesis/oscillator.h ****         sr_recip_  = 1.0f / sample_rate;
 248              		.loc 6 44 20 view .LVU43
 249 0008 224C     		ldr	r4, .L21+4
 250              	.LBE86:
 251              	.LBE85:
  23:particle.cpp  ****     hw.Configure();
 252              		.loc 9 23 1 view .LVU44
 253 000a 2DED028B 		vpush.64	{d8}
 254              		.cfi_def_cfa_offset 24
 255              		.cfi_offset 80, -24
 256              		.cfi_offset 81, -20
 257              		.loc 9 24 17 view .LVU45
 258 000e FFF7FEFF 		bl	_ZN5daisy9DaisySeed9ConfigureEv
 259              	.LVL11:
  25:particle.cpp  ****     hw.Init();
 260              		.loc 9 25 5 is_stmt 1 view .LVU46
 261              		.loc 9 25 12 is_stmt 0 view .LVU47
 262 0012 0021     		movs	r1, #0
 263 0014 1E48     		ldr	r0, .L21
 264 0016 FFF7FEFF 		bl	_ZN5daisy9DaisySeed4InitEb
 265              	.LVL12:
  26:particle.cpp  ****     float sample_rate = hw.AudioSampleRate();
 266              		.loc 9 26 5 is_stmt 1 view .LVU48
 267              		.loc 9 26 43 is_stmt 0 view .LVU49
 268 001a 1D48     		ldr	r0, .L21
 269 001c FFF7FEFF 		bl	_ZN5daisy9DaisySeed15AudioSampleRateEv
 270              	.LVL13:
 271              	.LBB90:
 272              	.LBB87:
  45:../../DaisySP/Source/Synthesis/oscillator.h ****         freq_      = 100.0f;
 273              		.loc 6 45 27 view .LVU50
 274 0020 B7EE007A 		vmov.f32	s14, #1.0e+0
 275              	.LBE87:
 276              	.LBE90:
 277              		.loc 9 26 43 view .LVU51
 278 0024 B0EE408A 		vmov.f32	s16, s0
 279              	.LVL14:
  27:particle.cpp  **** 
  28:particle.cpp  ****     lfo.Init(sample_rate);
 280              		.loc 9 28 5 is_stmt 1 view .LVU52
 281              	.LBB91:
 282              	.LBI85:
  42:../../DaisySP/Source/Synthesis/oscillator.h ****     {
 283              		.loc 6 42 10 view .LVU53
 284              	.LBB88:
  44:../../DaisySP/Source/Synthesis/oscillator.h ****         sr_recip_  = 1.0f / sample_rate;
 285              		.loc 6 44 9 view .LVU54
  48:../../DaisySP/Source/Synthesis/oscillator.h ****         phase_     = 0.0f;
 286              		.loc 6 48 20 is_stmt 0 view .LVU55
ARM GAS  /tmp/ccsx7j7y.s 			page 13


 287 0028 0023     		movs	r3, #0
  46:../../DaisySP/Source/Synthesis/oscillator.h ****         amp_       = 0.5f;
 288              		.loc 6 46 20 view .LVU56
 289 002a 9FED1B0A 		vldr.32	s0, .L21+8
 290              	.LVL15:
  49:../../DaisySP/Source/Synthesis/oscillator.h ****         phase_inc_ = CalcPhaseInc(freq_);
 291              		.loc 6 49 34 view .LVU57
 292 002e 2046     		mov	r0, r4
  48:../../DaisySP/Source/Synthesis/oscillator.h ****         phase_     = 0.0f;
 293              		.loc 6 48 20 view .LVU58
 294 0030 6361     		str	r3, [r4, #20]	@ float
  45:../../DaisySP/Source/Synthesis/oscillator.h ****         freq_      = 100.0f;
 295              		.loc 6 45 27 view .LVU59
 296 0032 C7EE087A 		vdiv.f32	s15, s14, s16
  44:../../DaisySP/Source/Synthesis/oscillator.h ****         sr_recip_  = 1.0f / sample_rate;
 297              		.loc 6 44 20 view .LVU60
 298 0036 84ED038A 		vstr.32	s16, [r4, #12]
  45:../../DaisySP/Source/Synthesis/oscillator.h ****         freq_      = 100.0f;
 299              		.loc 6 45 9 is_stmt 1 view .LVU61
  46:../../DaisySP/Source/Synthesis/oscillator.h ****         amp_       = 0.5f;
 300              		.loc 6 46 20 is_stmt 0 view .LVU62
 301 003a 84ED020A 		vstr.32	s0, [r4, #8]
  47:../../DaisySP/Source/Synthesis/oscillator.h ****         phase_     = 0.0f;
 302              		.loc 6 47 20 view .LVU63
 303 003e 6560     		str	r5, [r4, #4]	@ float
  45:../../DaisySP/Source/Synthesis/oscillator.h ****         freq_      = 100.0f;
 304              		.loc 6 45 20 view .LVU64
 305 0040 C4ED047A 		vstr.32	s15, [r4, #16]
  46:../../DaisySP/Source/Synthesis/oscillator.h ****         amp_       = 0.5f;
 306              		.loc 6 46 9 is_stmt 1 view .LVU65
  47:../../DaisySP/Source/Synthesis/oscillator.h ****         phase_     = 0.0f;
 307              		.loc 6 47 9 view .LVU66
  48:../../DaisySP/Source/Synthesis/oscillator.h ****         phase_inc_ = CalcPhaseInc(freq_);
 308              		.loc 6 48 9 view .LVU67
 309              		.loc 6 49 9 view .LVU68
 310              		.loc 6 49 34 is_stmt 0 view .LVU69
 311 0044 FFF7FEFF 		bl	_ZN7daisysp10Oscillator12CalcPhaseIncEf
 312              	.LVL16:
 313 0048 F0EE407A 		vmov.f32	s15, s0
  50:../../DaisySP/Source/Synthesis/oscillator.h ****         waveform_  = WAVE_SIN;
 314              		.loc 6 50 20 view .LVU70
 315 004c 0022     		movs	r2, #0
  51:../../DaisySP/Source/Synthesis/oscillator.h ****         eoc_       = true;
  52:../../DaisySP/Source/Synthesis/oscillator.h ****         eor_       = true;
 316              		.loc 6 52 20 view .LVU71
 317 004e 40F20113 		movw	r3, #257
 318              	.LBE88:
 319              	.LBE91:
 320              	.LBB92:
 321              	.LBB93:
  53:../../DaisySP/Source/Synthesis/oscillator.h ****     }
  54:../../DaisySP/Source/Synthesis/oscillator.h **** 
  55:../../DaisySP/Source/Synthesis/oscillator.h **** 
  56:../../DaisySP/Source/Synthesis/oscillator.h ****     /** Changes the frequency of the Oscillator, and recalculates phase increment.
  57:../../DaisySP/Source/Synthesis/oscillator.h ****     */
  58:../../DaisySP/Source/Synthesis/oscillator.h ****     inline void SetFreq(const float f)
  59:../../DaisySP/Source/Synthesis/oscillator.h ****     {
ARM GAS  /tmp/ccsx7j7y.s 			page 14


  60:../../DaisySP/Source/Synthesis/oscillator.h ****         freq_      = f;
 322              		.loc 6 60 20 view .LVU72
 323 0052 9FED120A 		vldr.32	s0, .L21+12
  61:../../DaisySP/Source/Synthesis/oscillator.h ****         phase_inc_ = CalcPhaseInc(f);
 324              		.loc 6 61 34 view .LVU73
 325 0056 2046     		mov	r0, r4
 326              	.LBE93:
 327              	.LBE92:
 328              	.LBB97:
 329              	.LBB89:
  50:../../DaisySP/Source/Synthesis/oscillator.h ****         eoc_       = true;
 330              		.loc 6 50 20 view .LVU74
 331 0058 2270     		strb	r2, [r4]
  52:../../DaisySP/Source/Synthesis/oscillator.h ****     }
 332              		.loc 6 52 20 view .LVU75
 333 005a A384     		strh	r3, [r4, #36]	@ movhi
  49:../../DaisySP/Source/Synthesis/oscillator.h ****         waveform_  = WAVE_SIN;
 334              		.loc 6 49 20 view .LVU76
 335 005c C4ED067A 		vstr.32	s15, [r4, #24]
  50:../../DaisySP/Source/Synthesis/oscillator.h ****         eoc_       = true;
 336              		.loc 6 50 9 is_stmt 1 view .LVU77
  51:../../DaisySP/Source/Synthesis/oscillator.h ****         eor_       = true;
 337              		.loc 6 51 9 view .LVU78
  52:../../DaisySP/Source/Synthesis/oscillator.h ****     }
 338              		.loc 6 52 9 view .LVU79
 339              	.LVL17:
  52:../../DaisySP/Source/Synthesis/oscillator.h ****     }
 340              		.loc 6 52 9 is_stmt 0 view .LVU80
 341              	.LBE89:
 342              	.LBE97:
  29:particle.cpp  ****     lfo.SetAmp(.5f);
 343              		.loc 9 29 5 is_stmt 1 view .LVU81
 344              	.LBB98:
 345              	.LBI98:
  62:../../DaisySP/Source/Synthesis/oscillator.h ****     }
  63:../../DaisySP/Source/Synthesis/oscillator.h **** 
  64:../../DaisySP/Source/Synthesis/oscillator.h **** 
  65:../../DaisySP/Source/Synthesis/oscillator.h ****     /** Sets the amplitude of the waveform.
  66:../../DaisySP/Source/Synthesis/oscillator.h ****     */
  67:../../DaisySP/Source/Synthesis/oscillator.h ****     inline void SetAmp(const float a) { amp_ = a; }
 346              		.loc 6 67 17 view .LVU82
 347              	.LBB99:
 348              		.loc 6 67 41 view .LVU83
 349              		.loc 6 67 41 is_stmt 0 view .LVU84
 350              	.LBE99:
 351              	.LBE98:
  30:particle.cpp  ****     lfo.SetFreq(.1f);
 352              		.loc 9 30 5 is_stmt 1 view .LVU85
 353              	.LBB101:
 354              	.LBI92:
  58:../../DaisySP/Source/Synthesis/oscillator.h ****     {
 355              		.loc 6 58 17 view .LVU86
 356              	.LBB94:
  60:../../DaisySP/Source/Synthesis/oscillator.h ****         phase_inc_ = CalcPhaseInc(f);
 357              		.loc 6 60 9 view .LVU87
 358              	.LBE94:
 359              	.LBE101:
ARM GAS  /tmp/ccsx7j7y.s 			page 15


 360              	.LBB102:
 361              	.LBB100:
 362              		.loc 6 67 46 is_stmt 0 view .LVU88
 363 0060 6560     		str	r5, [r4, #4]	@ float
 364              	.LBE100:
 365              	.LBE102:
 366              	.LBB103:
 367              	.LBB95:
  60:../../DaisySP/Source/Synthesis/oscillator.h ****         phase_inc_ = CalcPhaseInc(f);
 368              		.loc 6 60 20 view .LVU89
 369 0062 84ED020A 		vstr.32	s0, [r4, #8]
  61:../../DaisySP/Source/Synthesis/oscillator.h ****     }
 370              		.loc 6 61 9 is_stmt 1 view .LVU90
  61:../../DaisySP/Source/Synthesis/oscillator.h ****     }
 371              		.loc 6 61 34 is_stmt 0 view .LVU91
 372 0066 FFF7FEFF 		bl	_ZN7daisysp10Oscillator12CalcPhaseIncEf
 373              	.LVL18:
 374 006a F0EE407A 		vmov.f32	s15, s0
 375              	.LBE95:
 376              	.LBE103:
  31:particle.cpp  **** 
  32:particle.cpp  ****     particle.Init(sample_rate);
 377              		.loc 9 32 18 view .LVU92
 378 006e 0C48     		ldr	r0, .L21+16
 379 0070 B0EE480A 		vmov.f32	s0, s16
 380              	.LBB104:
 381              	.LBB96:
  61:../../DaisySP/Source/Synthesis/oscillator.h ****     }
 382              		.loc 6 61 20 view .LVU93
 383 0074 C4ED067A 		vstr.32	s15, [r4, #24]
 384              	.LVL19:
  61:../../DaisySP/Source/Synthesis/oscillator.h ****     }
 385              		.loc 6 61 20 view .LVU94
 386              	.LBE96:
 387              	.LBE104:
 388              		.loc 9 32 5 is_stmt 1 view .LVU95
 389              		.loc 9 32 18 is_stmt 0 view .LVU96
 390 0078 FFF7FEFF 		bl	_ZN7daisysp8Particle4InitEf
 391              	.LVL20:
  33:particle.cpp  ****     particle.SetSpread(2.f);
 392              		.loc 9 33 5 is_stmt 1 view .LVU97
 393              		.loc 9 33 23 is_stmt 0 view .LVU98
 394 007c 0848     		ldr	r0, .L21+16
 395 007e B0EE000A 		vmov.f32	s0, #2.0e+0
 396 0082 FFF7FEFF 		bl	_ZN7daisysp8Particle9SetSpreadEf
 397              	.LVL21:
  34:particle.cpp  **** 
  35:particle.cpp  ****     hw.StartAudio(AudioCallback);
 398              		.loc 9 35 5 is_stmt 1 view .LVU99
 399              		.loc 9 35 18 is_stmt 0 view .LVU100
 400 0086 0749     		ldr	r1, .L21+20
 401 0088 0148     		ldr	r0, .L21
 402 008a FFF7FEFF 		bl	_ZN5daisy9DaisySeed10StartAudioEPFvPKPKfPPfjE
 403              	.LVL22:
 404              	.L19:
  36:particle.cpp  ****     while(1) {}
 405              		.loc 9 36 5 is_stmt 1 discriminator 1 view .LVU101
ARM GAS  /tmp/ccsx7j7y.s 			page 16


 406              		.loc 9 36 5 discriminator 1 view .LVU102
 407              		.loc 9 36 5 discriminator 1 view .LVU103
 408              		.loc 9 36 5 discriminator 1 view .LVU104
 409 008e FEE7     		b	.L19
 410              	.L22:
 411              		.align	2
 412              	.L21:
 413 0090 00000000 		.word	.LANCHOR2
 414 0094 00000000 		.word	.LANCHOR0
 415 0098 0000C842 		.word	1120403456
 416 009c CDCCCC3D 		.word	1036831949
 417 00a0 00000000 		.word	.LANCHOR1
 418 00a4 00000000 		.word	_Z13AudioCallbackPKPKfPPfj
 419              		.cfi_endproc
 420              	.LFE4213:
 422              		.section	.text.startup._GLOBAL__sub_I_hw,"ax",%progbits
 423              		.align	1
 424              		.p2align 2,,3
 425              		.syntax unified
 426              		.thumb
 427              		.thumb_func
 428              		.fpu fpv5-d16
 430              	_GLOBAL__sub_I_hw:
 431              	.LFB4759:
  37:particle.cpp  **** }
 432              		.loc 9 37 1 view -0
 433              		.cfi_startproc
 434              		@ args = 0, pretend = 0, frame = 0
 435              		@ frame_needed = 0, uses_anonymous_args = 0
 436              	.LBB126:
 437              	.LBI126:
 438              		.loc 9 37 1 view .LVU106
 439              	.LVL23:
 440              	.LBB127:
 441              	.LBB128:
 442              	.LBI128:
  21:../../libdaisy/src/daisy_seed.h ****     ~DaisySeed() {}
 443              		.loc 1 21 5 view .LVU107
 444              	.LBB129:
 445              	.LBB130:
 446              	.LBI130:
  62:../../libdaisy/src/hid/audio.h ****     ~AudioHandle() {}
 447              		.loc 5 62 5 view .LVU108
 448              	.LBE130:
 449              	.LBE129:
 450              	.LBE128:
 451              	.LBE127:
 452              	.LBE126:
 453              		.loc 9 37 1 is_stmt 0 view .LVU109
 454 0000 08B5     		push	{r3, lr}
 455              		.cfi_def_cfa_offset 8
 456              		.cfi_offset 3, -8
 457              		.cfi_offset 14, -4
 458              	.LBB153:
 459              	.LBB151:
 460              	.LBB145:
 461              	.LBB143:
ARM GAS  /tmp/ccsx7j7y.s 			page 17


 462              	.LBB135:
 463              	.LBB131:
 464              	.LBB132:
  62:../../libdaisy/src/hid/audio.h ****     ~AudioHandle() {}
 465              		.loc 5 62 35 view .LVU110
 466 0002 0A48     		ldr	r0, .L25
 467 0004 0023     		movs	r3, #0
 468              	.LBE132:
 469              	.LBE131:
 470              	.LBE135:
 471              	.LBE143:
 472              	.LBE145:
   7:particle.cpp  **** Particle   particle;
 473              		.loc 9 7 12 view .LVU111
 474 0006 0A4A     		ldr	r2, .L25+4
 475              	.LBB146:
 476              	.LBB144:
 477              	.LBB136:
 478              	.LBB134:
 479              	.LBB133:
  62:../../libdaisy/src/hid/audio.h ****     ~AudioHandle() {}
 480              		.loc 5 62 35 view .LVU112
 481 0008 4361     		str	r3, [r0, #20]
 482              	.LVL24:
  62:../../libdaisy/src/hid/audio.h ****     ~AudioHandle() {}
 483              		.loc 5 62 35 view .LVU113
 484              	.LBE133:
 485              	.LBE134:
 486              	.LBE136:
 487              	.LBB137:
 488              	.LBI137:
  84:../../libdaisy/src/per/adc.h ****     ~AdcHandle() {}
 489              		.loc 4 84 5 is_stmt 1 view .LVU114
  84:../../libdaisy/src/per/adc.h ****     ~AdcHandle() {}
 490              		.loc 4 84 5 is_stmt 0 view .LVU115
 491              	.LBE137:
 492              	.LBB138:
 493              	.LBI138:
 494              		.file 10 "../../libdaisy/src/per/dac.h"
   1:../../libdaisy/src/per/dac.h **** #pragma once
   2:../../libdaisy/src/per/dac.h **** #ifndef DSY_DAC_H
   3:../../libdaisy/src/per/dac.h **** #define DSY_DAC_H
   4:../../libdaisy/src/per/dac.h **** 
   5:../../libdaisy/src/per/dac.h **** #include "daisy_core.h"
   6:../../libdaisy/src/per/dac.h **** 
   7:../../libdaisy/src/per/dac.h **** namespace daisy
   8:../../libdaisy/src/per/dac.h **** {
   9:../../libdaisy/src/per/dac.h **** /** DAC handle for Built-in DAC Peripheral 
  10:../../libdaisy/src/per/dac.h ****  ** 
  11:../../libdaisy/src/per/dac.h ****  ** For now only Normal Mode is supported,
  12:../../libdaisy/src/per/dac.h ****  ** Sample and hold mode provides reduced power consumption, but requires a bit more setup.
  13:../../libdaisy/src/per/dac.h ****  **
  14:../../libdaisy/src/per/dac.h ****  ** For now connecting the DAC through other internal periphearls is also not supported.
  15:../../libdaisy/src/per/dac.h ****  **
  16:../../libdaisy/src/per/dac.h ****  ** Since the DAC channels have dedicated pins we don't need to pass in a pin config like with
  17:../../libdaisy/src/per/dac.h ****  ** other modules. However, it is still important to not try to use the DAC pins for anything else.
  18:../../libdaisy/src/per/dac.h ****  ** DAC Channel 1 is on PA4, and DAC Channel 2 is on PA5
ARM GAS  /tmp/ccsx7j7y.s 			page 18


  19:../../libdaisy/src/per/dac.h ****  ***/
  20:../../libdaisy/src/per/dac.h **** class DacHandle
  21:../../libdaisy/src/per/dac.h **** {
  22:../../libdaisy/src/per/dac.h ****   public:
  23:../../libdaisy/src/per/dac.h ****     /** Return Values for the DacHandle class */
  24:../../libdaisy/src/per/dac.h ****     enum class Result
  25:../../libdaisy/src/per/dac.h ****     {
  26:../../libdaisy/src/per/dac.h ****         OK,
  27:../../libdaisy/src/per/dac.h ****         ERR,
  28:../../libdaisy/src/per/dac.h ****     };
  29:../../libdaisy/src/per/dac.h **** 
  30:../../libdaisy/src/per/dac.h ****     /** Selects which channel(s) will be configured for use. */
  31:../../libdaisy/src/per/dac.h ****     enum class Channel
  32:../../libdaisy/src/per/dac.h ****     {
  33:../../libdaisy/src/per/dac.h ****         ONE,
  34:../../libdaisy/src/per/dac.h ****         TWO,
  35:../../libdaisy/src/per/dac.h ****         BOTH,
  36:../../libdaisy/src/per/dac.h ****     };
  37:../../libdaisy/src/per/dac.h **** 
  38:../../libdaisy/src/per/dac.h ****     /** Sets the Mode for the DAC channels.
  39:../../libdaisy/src/per/dac.h ****      **
  40:../../libdaisy/src/per/dac.h ****      ** Polling mode uses the blocking mode to transmit a single value at a time.
  41:../../libdaisy/src/per/dac.h ****      **
  42:../../libdaisy/src/per/dac.h ****      ** DMA mode uses a buffer, and periodically transmits it triggering a 
  43:../../libdaisy/src/per/dac.h ****      ** callback to fill the buffer when it is ready for more samples.
  44:../../libdaisy/src/per/dac.h ****      ***/
  45:../../libdaisy/src/per/dac.h ****     enum class Mode
  46:../../libdaisy/src/per/dac.h ****     {
  47:../../libdaisy/src/per/dac.h ****         POLLING,
  48:../../libdaisy/src/per/dac.h ****         DMA,
  49:../../libdaisy/src/per/dac.h ****     };
  50:../../libdaisy/src/per/dac.h **** 
  51:../../libdaisy/src/per/dac.h ****     /** Sets the number of bits per sample transmitted out of the DAC.
  52:../../libdaisy/src/per/dac.h ****      ** The output range will be: 0V - VDDA
  53:../../libdaisy/src/per/dac.h ****      ** The resolution will be roughly: bitdepth / (VDDA - 0V) 
  54:../../libdaisy/src/per/dac.h ****      ***/
  55:../../libdaisy/src/per/dac.h ****     enum class BitDepth
  56:../../libdaisy/src/per/dac.h ****     {
  57:../../libdaisy/src/per/dac.h ****         BITS_8,
  58:../../libdaisy/src/per/dac.h ****         BITS_12
  59:../../libdaisy/src/per/dac.h ****     };
  60:../../libdaisy/src/per/dac.h **** 
  61:../../libdaisy/src/per/dac.h ****     /** Sets whether the DAC output is buffered for higher drive ability. */
  62:../../libdaisy/src/per/dac.h ****     enum class BufferState
  63:../../libdaisy/src/per/dac.h ****     {
  64:../../libdaisy/src/per/dac.h ****         ENABLED,
  65:../../libdaisy/src/per/dac.h ****         DISABLED,
  66:../../libdaisy/src/per/dac.h ****     };
  67:../../libdaisy/src/per/dac.h **** 
  68:../../libdaisy/src/per/dac.h ****     /** Configuration structure for initializing the DAC structure. */
  69:../../libdaisy/src/per/dac.h ****     struct Config
  70:../../libdaisy/src/per/dac.h ****     {
  71:../../libdaisy/src/per/dac.h ****         /** Target Samplerate in Hz used to configure the internal 
  72:../../libdaisy/src/per/dac.h ****          ** timebase for DMA mode. Does nothing in POLLING mode.
  73:../../libdaisy/src/per/dac.h ****          ** If the value is 0 at Init time this will default to 48000Hz 
  74:../../libdaisy/src/per/dac.h ****          ** otherwise the driver will attempt meet the target.*/
  75:../../libdaisy/src/per/dac.h ****         uint32_t target_samplerate;
ARM GAS  /tmp/ccsx7j7y.s 			page 19


  76:../../libdaisy/src/per/dac.h **** 
  77:../../libdaisy/src/per/dac.h ****         Channel     chn;
  78:../../libdaisy/src/per/dac.h ****         Mode        mode;
  79:../../libdaisy/src/per/dac.h ****         BitDepth    bitdepth;
  80:../../libdaisy/src/per/dac.h ****         BufferState buff_state;
  81:../../libdaisy/src/per/dac.h ****     };
  82:../../libdaisy/src/per/dac.h **** 
  83:../../libdaisy/src/per/dac.h ****     DacHandle() : pimpl_(nullptr) {}
 495              		.loc 10 83 5 is_stmt 1 view .LVU116
 496              	.LBB139:
 497              	.LBB140:
 498              		.loc 10 83 33 is_stmt 0 view .LVU117
 499 000a 0362     		str	r3, [r0, #32]
 500              	.LVL25:
 501              		.loc 10 83 33 view .LVU118
 502              	.LBE140:
 503              	.LBE139:
 504              	.LBE138:
 505              	.LBB141:
 506              	.LBI141:
  40:../../libdaisy/src/hid/usb.h **** 
 507              		.loc 3 40 5 is_stmt 1 view .LVU119
  40:../../libdaisy/src/hid/usb.h **** 
 508              		.loc 3 40 5 is_stmt 0 view .LVU120
 509              	.LBE141:
 510              	.LBB142:
 511              	.LBI142:
  58:../../libdaisy/src/sys/system.h ****     ~System() {}
 512              		.loc 2 58 5 is_stmt 1 view .LVU121
  58:../../libdaisy/src/sys/system.h ****     ~System() {}
 513              		.loc 2 58 5 is_stmt 0 view .LVU122
 514              	.LBE142:
 515              	.LBE144:
 516              	.LBE146:
   7:particle.cpp  **** Particle   particle;
 517              		.loc 9 7 12 view .LVU123
 518 000c 0949     		ldr	r1, .L25+8
 519 000e FFF7FEFF 		bl	__aeabi_atexit
 520              	.LVL26:
 521              	.LBB147:
 522              	.LBI147:
  26:../../DaisySP/Source/Noise/particle.h ****     ~Particle() {}
 523              		.loc 7 26 5 is_stmt 1 view .LVU124
 524              	.LBB148:
 525              	.LBB149:
 526              	.LBI149:
  21:../../DaisySP/Source/Filters/svf.h ****     ~Svf() {}
 527              		.loc 8 21 5 view .LVU125
  21:../../DaisySP/Source/Filters/svf.h ****     ~Svf() {}
 528              		.loc 8 21 5 is_stmt 0 view .LVU126
 529              	.LBE149:
 530              	.LBE148:
 531              	.LBE147:
   8:particle.cpp  **** Oscillator lfo;
 532              		.loc 9 8 12 view .LVU127
 533 0012 074A     		ldr	r2, .L25+4
 534 0014 0849     		ldr	r1, .L25+12
ARM GAS  /tmp/ccsx7j7y.s 			page 20


 535 0016 0948     		ldr	r0, .L25+16
 536 0018 FFF7FEFF 		bl	__aeabi_atexit
 537              	.LVL27:
 538              	.LBB150:
 539              	.LBI150:
  15:../../DaisySP/Source/Synthesis/oscillator.h ****     ~Oscillator() {}
 540              		.loc 6 15 5 is_stmt 1 view .LVU128
  15:../../DaisySP/Source/Synthesis/oscillator.h ****     ~Oscillator() {}
 541              		.loc 6 15 5 is_stmt 0 view .LVU129
 542              	.LBE150:
   9:particle.cpp  **** 
 543              		.loc 9 9 12 view .LVU130
 544 001c 044A     		ldr	r2, .L25+4
 545 001e 0849     		ldr	r1, .L25+20
 546 0020 0848     		ldr	r0, .L25+24
 547              	.LBE151:
 548              	.LBE153:
 549              		.loc 9 37 1 view .LVU131
 550 0022 BDE80840 		pop	{r3, lr}
 551              		.cfi_restore 14
 552              		.cfi_restore 3
 553              		.cfi_def_cfa_offset 0
 554              	.LBB154:
 555              	.LBB152:
   9:particle.cpp  **** 
 556              		.loc 9 9 12 view .LVU132
 557 0026 FFF7FEBF 		b	__aeabi_atexit
 558              	.LVL28:
 559              	.L26:
 560 002a 00BF     		.align	2
 561              	.L25:
 562 002c 00000000 		.word	.LANCHOR2
 563 0030 00000000 		.word	__dso_handle
 564 0034 00000000 		.word	_ZN5daisy9DaisySeedD1Ev
 565 0038 00000000 		.word	_ZN7daisysp8ParticleD1Ev
 566 003c 00000000 		.word	.LANCHOR1
 567 0040 00000000 		.word	_ZN7daisysp10OscillatorD1Ev
 568 0044 00000000 		.word	.LANCHOR0
 569              	.LBE152:
 570              	.LBE154:
 571              		.cfi_endproc
 572              	.LFE4759:
 574              		.section	.init_array,"aw",%init_array
 575              		.align	2
 576 0000 00000000 		.word	_GLOBAL__sub_I_hw(target1)
 577              		.global	lfo
 578              		.global	particle
 579              		.global	hw
 580              		.section	.bss.hw,"aw",%nobits
 581              		.align	2
 582              		.set	.LANCHOR2,. + 0
 585              	hw:
 586 0000 00000000 		.space	60
 586      00000000 
 586      00000000 
 586      00000000 
 586      00000000 
ARM GAS  /tmp/ccsx7j7y.s 			page 21


 587              		.section	.bss.lfo,"aw",%nobits
 588              		.align	2
 589              		.set	.LANCHOR0,. + 0
 592              	lfo:
 593 0000 00000000 		.space	40
 593      00000000 
 593      00000000 
 593      00000000 
 593      00000000 
 594              		.section	.bss.particle,"aw",%nobits
 595              		.align	2
 596              		.set	.LANCHOR1,. + 0
 599              	particle:
 600 0000 00000000 		.space	120
 600      00000000 
 600      00000000 
 600      00000000 
 600      00000000 
 601              		.text
 602              	.Letext0:
 603              		.file 11 "/usr/lib/gcc/arm-none-eabi/9.2.1/include/stdint.h"
 604              		.file 12 "../../libdaisy/Drivers/CMSIS/Include/core_cm7.h"
 605              		.file 13 "../../libdaisy/Drivers/CMSIS/Device/ST/STM32H7xx/Include/system_stm32h7xx.h"
 606              		.file 14 "/usr/lib/gcc/arm-none-eabi/9.2.1/include/stddef.h"
 607              		.file 15 "/usr/include/newlib/c++/9.2.1/cmath"
 608              		.file 16 "/usr/include/newlib/c++/9.2.1/bits/std_abs.h"
 609              		.file 17 "/usr/include/newlib/c++/9.2.1/cstdlib"
 610              		.file 18 "/usr/include/newlib/c++/9.2.1/cstdint"
 611              		.file 19 "/usr/include/newlib/c++/9.2.1/type_traits"
 612              		.file 20 "/usr/include/newlib/c++/9.2.1/arm-none-eabi/thumb/v7e-m+dp/hard/bits/c++config.h"
 613              		.file 21 "/usr/include/newlib/c++/9.2.1/bits/stl_pair.h"
 614              		.file 22 "/usr/include/newlib/c++/9.2.1/debug/debug.h"
 615              		.file 23 "/usr/include/newlib/c++/9.2.1/bits/algorithmfwd.h"
 616              		.file 24 "/usr/include/newlib/c++/9.2.1/bits/exception_ptr.h"
 617              		.file 25 "/usr/include/newlib/c++/9.2.1/new"
 618              		.file 26 "/usr/include/newlib/c++/9.2.1/cstdarg"
 619              		.file 27 "/usr/include/newlib/c++/9.2.1/cstdio"
 620              		.file 28 "/usr/include/newlib/c++/9.2.1/cwchar"
 621              		.file 29 "/usr/include/newlib/c++/9.2.1/clocale"
 622              		.file 30 "/usr/include/newlib/c++/9.2.1/bits/basic_string.h"
 623              		.file 31 "/usr/include/newlib/c++/9.2.1/bits/uniform_int_dist.h"
 624              		.file 32 "/usr/include/newlib/c++/9.2.1/bits/random.h"
 625              		.file 33 "/usr/include/newlib/c++/9.2.1/cstring"
 626              		.file 34 "/usr/include/newlib/c++/9.2.1/bits/predefined_ops.h"
 627              		.file 35 "/usr/include/newlib/c++/9.2.1/ext/numeric_traits.h"
 628              		.file 36 "/usr/include/newlib/c++/9.2.1/ext/new_allocator.h"
 629              		.file 37 "/usr/include/newlib/sys/_types.h"
 630              		.file 38 "<built-in>"
 631              		.file 39 "/usr/include/newlib/sys/reent.h"
 632              		.file 40 "/usr/include/newlib/sys/lock.h"
 633              		.file 41 "/usr/include/newlib/math.h"
 634              		.file 42 "/usr/include/newlib/stdlib.h"
 635              		.file 43 "/usr/include/newlib/c++/9.2.1/math.h"
 636              		.file 44 "../../libdaisy/Drivers/STM32H7xx_HAL_Driver/Inc/stm32h7xx_hal_def.h"
 637              		.file 45 "../../libdaisy/Drivers/STM32H7xx_HAL_Driver/Inc/stm32h7xx_hal_flash.h"
 638              		.file 46 "/usr/include/newlib/c++/9.2.1/stdlib.h"
 639              		.file 47 "../../libdaisy/src/daisy_core.h"
ARM GAS  /tmp/ccsx7j7y.s 			page 22


 640              		.file 48 "../../libdaisy/src/per/tim.h"
 641              		.file 49 "../../libdaisy/src/per/sai.h"
 642              		.file 50 "../../libdaisy/src/util/wav_format.h"
 643              		.file 51 "../../libdaisy/src/per/qspi.h"
 644              		.file 52 "../../libdaisy/src/per/gpio.h"
 645              		.file 53 "../../libdaisy/src/dev/sdram.h"
 646              		.file 54 "/usr/lib/gcc/arm-none-eabi/9.2.1/include/stdarg.h"
 647              		.file 55 "/usr/include/newlib/stdio.h"
 648              		.file 56 "/usr/include/newlib/sys/unistd.h"
 649              		.file 57 "../../libdaisy/src/util/oled_fonts.h"
 650              		.file 58 "../../libdaisy/Middlewares/Third_Party/FatFs/src/integer.h"
 651              		.file 59 "../../libdaisy/Middlewares/Third_Party/FatFs/src/ff.h"
 652              		.file 60 "../../libdaisy/Middlewares/Third_Party/FatFs/src/diskio.h"
 653              		.file 61 "../../libdaisy/Middlewares/Third_Party/FatFs/src/ff_gen_drv.h"
 654              		.file 62 "../../libdaisy/src/util/sd_diskio.h"
 655              		.file 63 "../../libdaisy/src/sys/fatfs.h"
 656              		.file 64 "../../DaisySP/Source/Control/adenv.h"
 657              		.file 65 "../../DaisySP/Source/Utility/dsp.h"
 658              		.file 66 "/usr/include/newlib/wchar.h"
 659              		.file 67 "/usr/include/newlib/locale.h"
 660              		.file 68 "/usr/include/newlib/ctype.h"
 661              		.file 69 "/usr/include/newlib/sys/errno.h"
 662              		.file 70 "/usr/include/newlib/string.h"
 663              		.file 71 "../../libdaisy/src/dev/sr_595.h"
ARM GAS  /tmp/ccsx7j7y.s 			page 23


DEFINED SYMBOLS
                            *ABS*:0000000000000000 particle.cpp
     /tmp/ccsx7j7y.s:17     .text._ZN5daisy9DaisySeedD2Ev:0000000000000000 $t
     /tmp/ccsx7j7y.s:26     .text._ZN5daisy9DaisySeedD2Ev:0000000000000000 _ZN5daisy9DaisySeedD2Ev
     /tmp/ccsx7j7y.s:26     .text._ZN5daisy9DaisySeedD2Ev:0000000000000000 _ZN5daisy9DaisySeedD1Ev
     /tmp/ccsx7j7y.s:67     .text._ZN7daisysp10OscillatorD2Ev:0000000000000000 $t
     /tmp/ccsx7j7y.s:75     .text._ZN7daisysp10OscillatorD2Ev:0000000000000000 _ZN7daisysp10OscillatorD2Ev
     /tmp/ccsx7j7y.s:75     .text._ZN7daisysp10OscillatorD2Ev:0000000000000000 _ZN7daisysp10OscillatorD1Ev
     /tmp/ccsx7j7y.s:92     .text._ZN7daisysp8ParticleD2Ev:0000000000000000 $t
     /tmp/ccsx7j7y.s:100    .text._ZN7daisysp8ParticleD2Ev:0000000000000000 _ZN7daisysp8ParticleD2Ev
     /tmp/ccsx7j7y.s:100    .text._ZN7daisysp8ParticleD2Ev:0000000000000000 _ZN7daisysp8ParticleD1Ev
     /tmp/ccsx7j7y.s:123    .text._Z13AudioCallbackPKPKfPPfj:0000000000000000 $t
     /tmp/ccsx7j7y.s:131    .text._Z13AudioCallbackPKPKfPPfj:0000000000000000 _Z13AudioCallbackPKPKfPPfj
     /tmp/ccsx7j7y.s:214    .text._Z13AudioCallbackPKPKfPPfj:0000000000000044 $d
     /tmp/ccsx7j7y.s:220    .text.startup.main:0000000000000000 $t
     /tmp/ccsx7j7y.s:228    .text.startup.main:0000000000000000 main
     /tmp/ccsx7j7y.s:413    .text.startup.main:0000000000000090 $d
     /tmp/ccsx7j7y.s:423    .text.startup._GLOBAL__sub_I_hw:0000000000000000 $t
     /tmp/ccsx7j7y.s:430    .text.startup._GLOBAL__sub_I_hw:0000000000000000 _GLOBAL__sub_I_hw
     /tmp/ccsx7j7y.s:562    .text.startup._GLOBAL__sub_I_hw:000000000000002c $d
     /tmp/ccsx7j7y.s:575    .init_array:0000000000000000 $d
     /tmp/ccsx7j7y.s:592    .bss.lfo:0000000000000000 lfo
     /tmp/ccsx7j7y.s:599    .bss.particle:0000000000000000 particle
     /tmp/ccsx7j7y.s:585    .bss.hw:0000000000000000 hw
     /tmp/ccsx7j7y.s:581    .bss.hw:0000000000000000 $d
     /tmp/ccsx7j7y.s:588    .bss.lfo:0000000000000000 $d
     /tmp/ccsx7j7y.s:595    .bss.particle:0000000000000000 $d
                           .group:0000000000000000 _ZN5daisy9DaisySeedD5Ev
                           .group:0000000000000000 _ZN7daisysp10OscillatorD5Ev
                           .group:0000000000000000 _ZN7daisysp8ParticleD5Ev

UNDEFINED SYMBOLS
_ZN7daisysp10Oscillator7ProcessEv
_ZN7daisysp8Particle10SetDensityEf
_ZN7daisysp8Particle7ProcessEv
_ZN5daisy9DaisySeed9ConfigureEv
_ZN5daisy9DaisySeed4InitEb
_ZN5daisy9DaisySeed15AudioSampleRateEv
_ZN7daisysp10Oscillator12CalcPhaseIncEf
_ZN7daisysp8Particle4InitEf
_ZN7daisysp8Particle9SetSpreadEf
_ZN5daisy9DaisySeed10StartAudioEPFvPKPKfPPfjE
__aeabi_atexit
__dso_handle
