ARM GAS  /tmp/ccsHxKjo.s 			page 1


   1              		.cpu cortex-m7
   2              		.eabi_attribute 28, 1
   3              		.eabi_attribute 20, 1
   4              		.eabi_attribute 21, 1
   5              		.eabi_attribute 23, 3
   6              		.eabi_attribute 24, 1
   7              		.eabi_attribute 25, 1
   8              		.eabi_attribute 26, 1
   9              		.eabi_attribute 30, 2
  10              		.eabi_attribute 34, 1
  11              		.eabi_attribute 18, 4
  12              		.file	"jitter.cpp"
  13              		.text
  14              	.Ltext0:
  15              		.cfi_sections	.debug_frame
  16              		.section	.text._ZN7daisysp10OscillatorD2Ev,"axG",%progbits,_ZN7daisysp10OscillatorD5Ev,comdat
  17              		.align	1
  18              		.p2align 2,,3
  19              		.weak	_ZN7daisysp10OscillatorD2Ev
  20              		.arch armv7e-m
  21              		.syntax unified
  22              		.thumb
  23              		.thumb_func
  24              		.fpu fpv5-d16
  26              	_ZN7daisysp10OscillatorD2Ev:
  27              	.LVL0:
  28              	.LFB2797:
  29              		.file 1 "../../DaisySP/Source/Synthesis/oscillator.h"
   1:../../DaisySP/Source/Synthesis/oscillator.h **** #pragma once
   2:../../DaisySP/Source/Synthesis/oscillator.h **** #ifndef DSY_OSCILLATOR_H
   3:../../DaisySP/Source/Synthesis/oscillator.h **** #define DSY_OSCILLATOR_H
   4:../../DaisySP/Source/Synthesis/oscillator.h **** #include <stdint.h>
   5:../../DaisySP/Source/Synthesis/oscillator.h **** #include "Utility/dsp.h"
   6:../../DaisySP/Source/Synthesis/oscillator.h **** #ifdef __cplusplus
   7:../../DaisySP/Source/Synthesis/oscillator.h **** 
   8:../../DaisySP/Source/Synthesis/oscillator.h **** namespace daisysp
   9:../../DaisySP/Source/Synthesis/oscillator.h **** {
  10:../../DaisySP/Source/Synthesis/oscillator.h **** /** Synthesis of several waveforms, including polyBLEP bandlimited waveforms.
  11:../../DaisySP/Source/Synthesis/oscillator.h **** */
  12:../../DaisySP/Source/Synthesis/oscillator.h **** class Oscillator
  13:../../DaisySP/Source/Synthesis/oscillator.h **** {
  14:../../DaisySP/Source/Synthesis/oscillator.h ****   public:
  15:../../DaisySP/Source/Synthesis/oscillator.h ****     Oscillator() {}
  16:../../DaisySP/Source/Synthesis/oscillator.h ****     ~Oscillator() {}
  30              		.loc 1 16 5 view -0
  31              		.cfi_startproc
  32              		@ args = 0, pretend = 0, frame = 0
  33              		@ frame_needed = 0, uses_anonymous_args = 0
  34              		@ link register save eliminated.
  35              		.loc 1 16 20 is_stmt 0 view .LVU1
  36 0000 7047     		bx	lr
  37              		.cfi_endproc
  38              	.LFE2797:
  40              		.weak	_ZN7daisysp10OscillatorD1Ev
  41              		.thumb_set _ZN7daisysp10OscillatorD1Ev,_ZN7daisysp10OscillatorD2Ev
  42 0002 00BF     		.section	.text._ZN7daisysp6JitterD2Ev,"axG",%progbits,_ZN7daisysp6JitterD5Ev,comdat
  43              		.align	1
ARM GAS  /tmp/ccsHxKjo.s 			page 2


  44              		.p2align 2,,3
  45              		.weak	_ZN7daisysp6JitterD2Ev
  46              		.syntax unified
  47              		.thumb
  48              		.thumb_func
  49              		.fpu fpv5-d16
  51              	_ZN7daisysp6JitterD2Ev:
  52              	.LVL1:
  53              	.LFB3319:
  54              		.file 2 "../../DaisySP/Source/Utility/jitter.h"
   1:../../DaisySP/Source/Utility/jitter.h **** #pragma once
   2:../../DaisySP/Source/Utility/jitter.h **** #ifndef DAISY_JITTER
   3:../../DaisySP/Source/Utility/jitter.h **** #define DAISY_JITTER
   4:../../DaisySP/Source/Utility/jitter.h **** 
   5:../../DaisySP/Source/Utility/jitter.h **** namespace daisysp
   6:../../DaisySP/Source/Utility/jitter.h **** {
   7:../../DaisySP/Source/Utility/jitter.h **** /** Randomly segmented line generator \n 
   8:../../DaisySP/Source/Utility/jitter.h ****     Originally extracted from csound by Paul Batchelor.\n 
   9:../../DaisySP/Source/Utility/jitter.h ****     Ported by Ben Sergentanis, June 2020
  10:../../DaisySP/Source/Utility/jitter.h **** 
  11:../../DaisySP/Source/Utility/jitter.h ****     @author Gabriel Maldonado
  12:../../DaisySP/Source/Utility/jitter.h **** 
  13:../../DaisySP/Source/Utility/jitter.h ****     @year 1998
  14:../../DaisySP/Source/Utility/jitter.h **** 
  15:../../DaisySP/Source/Utility/jitter.h ****     Location: Opcodes/uggab.c (csound)
  16:../../DaisySP/Source/Utility/jitter.h **** */
  17:../../DaisySP/Source/Utility/jitter.h **** class Jitter
  18:../../DaisySP/Source/Utility/jitter.h **** {
  19:../../DaisySP/Source/Utility/jitter.h ****   public:
  20:../../DaisySP/Source/Utility/jitter.h ****     Jitter() {}
  21:../../DaisySP/Source/Utility/jitter.h ****     ~Jitter() {}
  55              		.loc 2 21 5 is_stmt 1 view -0
  56              		.cfi_startproc
  57              		@ args = 0, pretend = 0, frame = 0
  58              		@ frame_needed = 0, uses_anonymous_args = 0
  59              		@ link register save eliminated.
  60              		.loc 2 21 16 is_stmt 0 view .LVU3
  61 0000 7047     		bx	lr
  62              		.cfi_endproc
  63              	.LFE3319:
  65              		.weak	_ZN7daisysp6JitterD1Ev
  66              		.thumb_set _ZN7daisysp6JitterD1Ev,_ZN7daisysp6JitterD2Ev
  67 0002 00BF     		.section	.text._ZN5daisy9DaisySeedD2Ev,"axG",%progbits,_ZN5daisy9DaisySeedD5Ev,comdat
  68              		.align	1
  69              		.p2align 2,,3
  70              		.weak	_ZN5daisy9DaisySeedD2Ev
  71              		.syntax unified
  72              		.thumb
  73              		.thumb_func
  74              		.fpu fpv5-d16
  76              	_ZN5daisy9DaisySeedD2Ev:
  77              	.LVL2:
  78              	.LFB4207:
  79              		.file 3 "../../libdaisy/src/daisy_seed.h"
   1:../../libdaisy/src/daisy_seed.h **** #pragma once
   2:../../libdaisy/src/daisy_seed.h **** #ifndef DSY_SEED_H
   3:../../libdaisy/src/daisy_seed.h **** #define DSY_SEED_H
ARM GAS  /tmp/ccsHxKjo.s 			page 3


   4:../../libdaisy/src/daisy_seed.h **** 
   5:../../libdaisy/src/daisy_seed.h **** #include "daisy.h"
   6:../../libdaisy/src/daisy_seed.h **** 
   7:../../libdaisy/src/daisy_seed.h **** //Uncomment this out if you're still using the rev2 hardware
   8:../../libdaisy/src/daisy_seed.h **** //#define SEED_REV2
   9:../../libdaisy/src/daisy_seed.h **** 
  10:../../libdaisy/src/daisy_seed.h **** namespace daisy
  11:../../libdaisy/src/daisy_seed.h **** {
  12:../../libdaisy/src/daisy_seed.h **** /**
  13:../../libdaisy/src/daisy_seed.h ****    @brief This is the higher-level interface for the Daisy board. \n 
  14:../../libdaisy/src/daisy_seed.h ****     All basic peripheral configuration/initialization is setup here. \n
  15:../../libdaisy/src/daisy_seed.h **** 
  16:../../libdaisy/src/daisy_seed.h ****    @ingroup boards
  17:../../libdaisy/src/daisy_seed.h **** */
  18:../../libdaisy/src/daisy_seed.h **** class DaisySeed
  19:../../libdaisy/src/daisy_seed.h **** {
  20:../../libdaisy/src/daisy_seed.h ****   public:
  21:../../libdaisy/src/daisy_seed.h ****     DaisySeed() {}
  22:../../libdaisy/src/daisy_seed.h ****     ~DaisySeed() {}
  80              		.loc 3 22 5 is_stmt 1 view -0
  81              		.cfi_startproc
  82              		@ args = 0, pretend = 0, frame = 0
  83              		@ frame_needed = 0, uses_anonymous_args = 0
  84              		@ link register save eliminated.
  85              	.LBB72:
  86              	.LBI72:
  87              		.file 4 "../../libdaisy/src/sys/system.h"
   1:../../libdaisy/src/sys/system.h **** #ifndef DSY_SYSTEM_H
   2:../../libdaisy/src/sys/system.h **** #define DSY_SYSTEM_H
   3:../../libdaisy/src/sys/system.h **** 
   4:../../libdaisy/src/sys/system.h **** #ifndef UNIT_TEST // for unit tests, a dummy implementation is provided below
   5:../../libdaisy/src/sys/system.h **** 
   6:../../libdaisy/src/sys/system.h **** #include <cstdint>
   7:../../libdaisy/src/sys/system.h **** #include "per/tim.h"
   8:../../libdaisy/src/sys/system.h **** 
   9:../../libdaisy/src/sys/system.h **** namespace daisy
  10:../../libdaisy/src/sys/system.h **** {
  11:../../libdaisy/src/sys/system.h **** /** A handle for interacting with the Core System. 
  12:../../libdaisy/src/sys/system.h ****  ** This includes the Clock tree, MPU, global DMA initialization,
  13:../../libdaisy/src/sys/system.h ****  ** cache handling, and any other necessary global initiailzation
  14:../../libdaisy/src/sys/system.h ****  **
  15:../../libdaisy/src/sys/system.h ****  ** @author shensley
  16:../../libdaisy/src/sys/system.h ****  ** @addtogroup system
  17:../../libdaisy/src/sys/system.h ****  */
  18:../../libdaisy/src/sys/system.h **** class System
  19:../../libdaisy/src/sys/system.h **** {
  20:../../libdaisy/src/sys/system.h ****   public:
  21:../../libdaisy/src/sys/system.h ****     /** Contains settings for initializing the System */
  22:../../libdaisy/src/sys/system.h ****     struct Config
  23:../../libdaisy/src/sys/system.h ****     {
  24:../../libdaisy/src/sys/system.h ****         /** Specifies the system clock frequency that feeds APB/AHB clocks, etc. */
  25:../../libdaisy/src/sys/system.h ****         enum class SysClkFreq
  26:../../libdaisy/src/sys/system.h ****         {
  27:../../libdaisy/src/sys/system.h ****             FREQ_400MHZ,
  28:../../libdaisy/src/sys/system.h ****             FREQ_480MHZ,
  29:../../libdaisy/src/sys/system.h ****         };
  30:../../libdaisy/src/sys/system.h **** 
ARM GAS  /tmp/ccsHxKjo.s 			page 4


  31:../../libdaisy/src/sys/system.h ****         /** Method to call on the struct to set to defaults
  32:../../libdaisy/src/sys/system.h ****          ** CPU Freq set to 400MHz
  33:../../libdaisy/src/sys/system.h ****          ** Cache Enabled 
  34:../../libdaisy/src/sys/system.h ****          ** */
  35:../../libdaisy/src/sys/system.h ****         void Defaults()
  36:../../libdaisy/src/sys/system.h ****         {
  37:../../libdaisy/src/sys/system.h ****             cpu_freq   = SysClkFreq::FREQ_400MHZ;
  38:../../libdaisy/src/sys/system.h ****             use_dcache = true;
  39:../../libdaisy/src/sys/system.h ****             use_icache = true;
  40:../../libdaisy/src/sys/system.h ****         }
  41:../../libdaisy/src/sys/system.h **** 
  42:../../libdaisy/src/sys/system.h ****         /** Method to call on the struct to set to boost mode:
  43:../../libdaisy/src/sys/system.h ****          ** CPU Freq set to 480MHz
  44:../../libdaisy/src/sys/system.h ****          ** Cache Enabled 
  45:../../libdaisy/src/sys/system.h ****          ** */
  46:../../libdaisy/src/sys/system.h ****         void Boost()
  47:../../libdaisy/src/sys/system.h ****         {
  48:../../libdaisy/src/sys/system.h ****             cpu_freq   = SysClkFreq::FREQ_480MHZ;
  49:../../libdaisy/src/sys/system.h ****             use_dcache = true;
  50:../../libdaisy/src/sys/system.h ****             use_icache = true;
  51:../../libdaisy/src/sys/system.h ****         }
  52:../../libdaisy/src/sys/system.h **** 
  53:../../libdaisy/src/sys/system.h ****         SysClkFreq cpu_freq;
  54:../../libdaisy/src/sys/system.h ****         bool       use_dcache;
  55:../../libdaisy/src/sys/system.h ****         bool       use_icache;
  56:../../libdaisy/src/sys/system.h ****     };
  57:../../libdaisy/src/sys/system.h **** 
  58:../../libdaisy/src/sys/system.h ****     System() {}
  59:../../libdaisy/src/sys/system.h ****     ~System() {}
  88              		.loc 4 59 5 view .LVU5
  89              		.loc 4 59 5 is_stmt 0 view .LVU6
  90              	.LBE72:
  91              	.LBB73:
  92              	.LBI73:
  93              		.file 5 "../../libdaisy/src/hid/usb.h"
   1:../../libdaisy/src/hid/usb.h **** #pragma once
   2:../../libdaisy/src/hid/usb.h **** #ifndef DSY_HID_USB_H
   3:../../libdaisy/src/hid/usb.h **** #define DSY_HID_USB_H
   4:../../libdaisy/src/hid/usb.h **** #include <stdint.h>
   5:../../libdaisy/src/hid/usb.h **** #include <stdlib.h>
   6:../../libdaisy/src/hid/usb.h **** 
   7:../../libdaisy/src/hid/usb.h **** namespace daisy
   8:../../libdaisy/src/hid/usb.h **** /** @addtogroup externals
   9:../../libdaisy/src/hid/usb.h ****     @{
  10:../../libdaisy/src/hid/usb.h **** */
  11:../../libdaisy/src/hid/usb.h **** 
  12:../../libdaisy/src/hid/usb.h **** {
  13:../../libdaisy/src/hid/usb.h **** /** 
  14:../../libdaisy/src/hid/usb.h ****     @brief Interface for initializing and using the USB Peripherals on the daisy
  15:../../libdaisy/src/hid/usb.h ****     @author Stephen Hensley
  16:../../libdaisy/src/hid/usb.h ****     @date December 2019
  17:../../libdaisy/src/hid/usb.h **** */
  18:../../libdaisy/src/hid/usb.h **** class UsbHandle
  19:../../libdaisy/src/hid/usb.h **** {
  20:../../libdaisy/src/hid/usb.h ****   public:
  21:../../libdaisy/src/hid/usb.h ****     /** Return values for USBHandle Functions */
  22:../../libdaisy/src/hid/usb.h ****     enum class Result
ARM GAS  /tmp/ccsHxKjo.s 			page 5


  23:../../libdaisy/src/hid/usb.h ****     {
  24:../../libdaisy/src/hid/usb.h ****         OK,
  25:../../libdaisy/src/hid/usb.h ****         ERR,
  26:../../libdaisy/src/hid/usb.h ****     };
  27:../../libdaisy/src/hid/usb.h **** 
  28:../../libdaisy/src/hid/usb.h ****     /** Specified which of the two USB Peripherals to initialize. */
  29:../../libdaisy/src/hid/usb.h ****     enum UsbPeriph
  30:../../libdaisy/src/hid/usb.h ****     {
  31:../../libdaisy/src/hid/usb.h ****         FS_INTERNAL, /**< Internal pin */
  32:../../libdaisy/src/hid/usb.h ****         FS_EXTERNAL, /**< FS External D+ pin is Pin 38 (GPIO32). FS External D- pin is Pin 37 (GPIO
  33:../../libdaisy/src/hid/usb.h ****         FS_BOTH,     /**< Both */
  34:../../libdaisy/src/hid/usb.h ****     };
  35:../../libdaisy/src/hid/usb.h **** 
  36:../../libdaisy/src/hid/usb.h **** 
  37:../../libdaisy/src/hid/usb.h ****     /** Function called upon reception of a buffer */
  38:../../libdaisy/src/hid/usb.h ****     typedef void (*ReceiveCallback)(uint8_t* buff, uint32_t* len);
  39:../../libdaisy/src/hid/usb.h **** 
  40:../../libdaisy/src/hid/usb.h ****     UsbHandle() {}
  41:../../libdaisy/src/hid/usb.h **** 
  42:../../libdaisy/src/hid/usb.h ****     ~UsbHandle() {}
  94              		.loc 5 42 5 is_stmt 1 view .LVU7
  95              		.loc 5 42 5 is_stmt 0 view .LVU8
  96              	.LBE73:
  97              	.LBB74:
  98              	.LBI74:
  99              		.file 6 "../../libdaisy/src/per/adc.h"
   1:../../libdaisy/src/per/adc.h **** #pragma once
   2:../../libdaisy/src/per/adc.h **** #ifndef DSY_ADC_H
   3:../../libdaisy/src/per/adc.h **** #define DSY_ADC_H /**< Macro */
   4:../../libdaisy/src/per/adc.h **** #include <stdint.h>
   5:../../libdaisy/src/per/adc.h **** #include <stdlib.h>
   6:../../libdaisy/src/per/adc.h **** #include "daisy_core.h"
   7:../../libdaisy/src/per/adc.h **** #include "per/gpio.h"
   8:../../libdaisy/src/per/adc.h **** 
   9:../../libdaisy/src/per/adc.h **** #define DSY_ADC_MAX_CHANNELS 14 /**< Maximum number of ADC channels */
  10:../../libdaisy/src/per/adc.h **** 
  11:../../libdaisy/src/per/adc.h **** namespace daisy
  12:../../libdaisy/src/per/adc.h **** {
  13:../../libdaisy/src/per/adc.h **** /** @addtogroup analog_digital_conversion
  14:../../libdaisy/src/per/adc.h ****     @{
  15:../../libdaisy/src/per/adc.h **** */
  16:../../libdaisy/src/per/adc.h **** 
  17:../../libdaisy/src/per/adc.h **** /* While there may not be many configuration options here,
  18:../../libdaisy/src/per/adc.h **** using a struct like this allows us to add more configuration
  19:../../libdaisy/src/per/adc.h **** later without breaking existing functionality.
  20:../../libdaisy/src/per/adc.h **** */
  21:../../libdaisy/src/per/adc.h **** 
  22:../../libdaisy/src/per/adc.h **** /** Configuration Structure for a given channel */
  23:../../libdaisy/src/per/adc.h **** struct AdcChannelConfig
  24:../../libdaisy/src/per/adc.h **** {
  25:../../libdaisy/src/per/adc.h ****     /** Which pin to use for multiplexing */
  26:../../libdaisy/src/per/adc.h ****     enum MuxPin
  27:../../libdaisy/src/per/adc.h ****     {
  28:../../libdaisy/src/per/adc.h ****         MUX_SEL_0,    /**< & */
  29:../../libdaisy/src/per/adc.h ****         MUX_SEL_1,    /**< & */
  30:../../libdaisy/src/per/adc.h ****         MUX_SEL_2,    /**< & */
  31:../../libdaisy/src/per/adc.h ****         MUX_SEL_LAST, /**< & */
ARM GAS  /tmp/ccsHxKjo.s 			page 6


  32:../../libdaisy/src/per/adc.h ****     };
  33:../../libdaisy/src/per/adc.h **** 
  34:../../libdaisy/src/per/adc.h ****     /** Initializes a single ADC pin as an ADC. 
  35:../../libdaisy/src/per/adc.h ****     \param pin Pin to init.
  36:../../libdaisy/src/per/adc.h ****      */
  37:../../libdaisy/src/per/adc.h ****     void InitSingle(dsy_gpio_pin pin);
  38:../../libdaisy/src/per/adc.h **** 
  39:../../libdaisy/src/per/adc.h ****     /** 
  40:../../libdaisy/src/per/adc.h ****     Initializes a single ADC pin as a Multiplexed ADC.
  41:../../libdaisy/src/per/adc.h ****     Requires a CD405X Multiplexer connected to the pin.
  42:../../libdaisy/src/per/adc.h ****     You only need to supply the mux pins that are required,
  43:../../libdaisy/src/per/adc.h ****     e.g. a 4052 mux would only require mux_0 and mux_1.
  44:../../libdaisy/src/per/adc.h ****     Internal Callbacks handle the pin addressing.
  45:../../libdaisy/src/per/adc.h ****     \param mux_channels must be 1-8
  46:../../libdaisy/src/per/adc.h ****     \param mux_0 First mux pin
  47:../../libdaisy/src/per/adc.h ****     \param mux_1 Second mux pin
  48:../../libdaisy/src/per/adc.h ****     \param mux_2 Third mux pin
  49:../../libdaisy/src/per/adc.h ****     \param adc_pin &
  50:../../libdaisy/src/per/adc.h ****     */
  51:../../libdaisy/src/per/adc.h ****     void InitMux(dsy_gpio_pin adc_pin,
  52:../../libdaisy/src/per/adc.h ****                  size_t       mux_channels,
  53:../../libdaisy/src/per/adc.h ****                  dsy_gpio_pin mux_0,
  54:../../libdaisy/src/per/adc.h ****                  dsy_gpio_pin mux_1 = {DSY_GPIOX, 0},
  55:../../libdaisy/src/per/adc.h ****                  dsy_gpio_pin mux_2 = {DSY_GPIOX, 0});
  56:../../libdaisy/src/per/adc.h **** 
  57:../../libdaisy/src/per/adc.h ****     dsy_gpio pin_;                   /**< & */
  58:../../libdaisy/src/per/adc.h ****     dsy_gpio mux_pin_[MUX_SEL_LAST]; /**< & */
  59:../../libdaisy/src/per/adc.h ****     uint8_t  mux_channels_;          /**< & */
  60:../../libdaisy/src/per/adc.h **** };
  61:../../libdaisy/src/per/adc.h **** 
  62:../../libdaisy/src/per/adc.h **** /**
  63:../../libdaisy/src/per/adc.h ****    Handler for analog to digital conversion
  64:../../libdaisy/src/per/adc.h **** */
  65:../../libdaisy/src/per/adc.h **** class AdcHandle
  66:../../libdaisy/src/per/adc.h **** {
  67:../../libdaisy/src/per/adc.h ****   public:
  68:../../libdaisy/src/per/adc.h ****     /** Supported oversampling amounts */
  69:../../libdaisy/src/per/adc.h ****     enum OverSampling
  70:../../libdaisy/src/per/adc.h ****     {
  71:../../libdaisy/src/per/adc.h ****         OVS_NONE, /**< & */
  72:../../libdaisy/src/per/adc.h ****         OVS_4,    /**< & */
  73:../../libdaisy/src/per/adc.h ****         OVS_8,    /**< & */
  74:../../libdaisy/src/per/adc.h ****         OVS_16,   /**< & */
  75:../../libdaisy/src/per/adc.h ****         OVS_32,   /**< & */
  76:../../libdaisy/src/per/adc.h ****         OVS_64,   /**< & */
  77:../../libdaisy/src/per/adc.h ****         OVS_128,  /**< & */
  78:../../libdaisy/src/per/adc.h ****         OVS_256,  /**< & */
  79:../../libdaisy/src/per/adc.h ****         OVS_512,  /**< & */
  80:../../libdaisy/src/per/adc.h ****         OVS_1024, /**< & */
  81:../../libdaisy/src/per/adc.h ****         OVS_LAST, /**< & */
  82:../../libdaisy/src/per/adc.h ****     };
  83:../../libdaisy/src/per/adc.h **** 
  84:../../libdaisy/src/per/adc.h ****     AdcHandle() {}
  85:../../libdaisy/src/per/adc.h ****     ~AdcHandle() {}
 100              		.loc 6 85 5 is_stmt 1 view .LVU9
 101              		.loc 6 85 5 is_stmt 0 view .LVU10
 102              	.LBE74:
ARM GAS  /tmp/ccsHxKjo.s 			page 7


 103              	.LBB75:
 104              	.LBI75:
 105              		.file 7 "../../libdaisy/src/hid/audio.h"
   1:../../libdaisy/src/hid/audio.h **** #ifndef DSY_AUDIO_H
   2:../../libdaisy/src/hid/audio.h **** #define DSY_AUDIO_H /**< & */
   3:../../libdaisy/src/hid/audio.h **** 
   4:../../libdaisy/src/hid/audio.h **** #include "per/sai.h"
   5:../../libdaisy/src/hid/audio.h **** 
   6:../../libdaisy/src/hid/audio.h **** namespace daisy
   7:../../libdaisy/src/hid/audio.h **** {
   8:../../libdaisy/src/hid/audio.h **** class AudioHandle
   9:../../libdaisy/src/hid/audio.h **** {
  10:../../libdaisy/src/hid/audio.h ****   public:
  11:../../libdaisy/src/hid/audio.h ****     /** Manually configurable details about the Audio Engine */
  12:../../libdaisy/src/hid/audio.h ****     /** TODO: Figure out how to get samplerate in here. */
  13:../../libdaisy/src/hid/audio.h ****     struct Config
  14:../../libdaisy/src/hid/audio.h ****     {
  15:../../libdaisy/src/hid/audio.h ****         size_t                        blocksize;
  16:../../libdaisy/src/hid/audio.h ****         SaiHandle::Config::SampleRate samplerate;
  17:../../libdaisy/src/hid/audio.h ****         float                         postgain;
  18:../../libdaisy/src/hid/audio.h ****     };
  19:../../libdaisy/src/hid/audio.h **** 
  20:../../libdaisy/src/hid/audio.h ****     enum class Result
  21:../../libdaisy/src/hid/audio.h ****     {
  22:../../libdaisy/src/hid/audio.h ****         OK,
  23:../../libdaisy/src/hid/audio.h ****         ERR,
  24:../../libdaisy/src/hid/audio.h ****     };
  25:../../libdaisy/src/hid/audio.h **** 
  26:../../libdaisy/src/hid/audio.h ****     /** Non-Interleaving input buffer
  27:../../libdaisy/src/hid/audio.h ****      * Buffer arranged by float[chn][sample] 
  28:../../libdaisy/src/hid/audio.h ****      * const so that the user can't modify the input
  29:../../libdaisy/src/hid/audio.h ****     */
  30:../../libdaisy/src/hid/audio.h ****     typedef const float* const* InputBuffer;
  31:../../libdaisy/src/hid/audio.h **** 
  32:../../libdaisy/src/hid/audio.h ****     /** Non-Interleaving output buffer
  33:../../libdaisy/src/hid/audio.h ****      * Arranged by float[chn][sample] 
  34:../../libdaisy/src/hid/audio.h ****     */
  35:../../libdaisy/src/hid/audio.h ****     typedef float** OutputBuffer;
  36:../../libdaisy/src/hid/audio.h **** 
  37:../../libdaisy/src/hid/audio.h ****     /** Type for a Non-Interleaving audio callback 
  38:../../libdaisy/src/hid/audio.h ****    * Non-Interleaving audio callbacks in daisy will be of this type
  39:../../libdaisy/src/hid/audio.h ****   */
  40:../../libdaisy/src/hid/audio.h ****     typedef void (*AudioCallback)(InputBuffer  in,
  41:../../libdaisy/src/hid/audio.h ****                                   OutputBuffer out,
  42:../../libdaisy/src/hid/audio.h ****                                   size_t       size);
  43:../../libdaisy/src/hid/audio.h **** 
  44:../../libdaisy/src/hid/audio.h ****     /** Interleaving Input buffer
  45:../../libdaisy/src/hid/audio.h ****      ** audio is prepared as { L0, R0, L1, R1, . . . LN, RN }]
  46:../../libdaisy/src/hid/audio.h ****      ** this is const, as the user shouldn't modify it
  47:../../libdaisy/src/hid/audio.h ****     */
  48:../../libdaisy/src/hid/audio.h ****     typedef const float* InterleavingInputBuffer;
  49:../../libdaisy/src/hid/audio.h **** 
  50:../../libdaisy/src/hid/audio.h ****     /** Interleaving Output buffer 
  51:../../libdaisy/src/hid/audio.h ****      ** audio is prepared as { L0, R0, L1, R1, . . . LN, RN }
  52:../../libdaisy/src/hid/audio.h ****     */
  53:../../libdaisy/src/hid/audio.h ****     typedef float* InterleavingOutputBuffer;
  54:../../libdaisy/src/hid/audio.h **** 
ARM GAS  /tmp/ccsHxKjo.s 			page 8


  55:../../libdaisy/src/hid/audio.h ****     /** Interleaving Audio Callback 
  56:../../libdaisy/src/hid/audio.h ****    * Interleaving audio callbacks in daisy must be of this type
  57:../../libdaisy/src/hid/audio.h ****   */
  58:../../libdaisy/src/hid/audio.h ****     typedef void (*InterleavingAudioCallback)(InterleavingInputBuffer  in,
  59:../../libdaisy/src/hid/audio.h ****                                               InterleavingOutputBuffer out,
  60:../../libdaisy/src/hid/audio.h ****                                               size_t                   size);
  61:../../libdaisy/src/hid/audio.h **** 
  62:../../libdaisy/src/hid/audio.h ****     AudioHandle() : pimpl_(nullptr) {}
  63:../../libdaisy/src/hid/audio.h ****     ~AudioHandle() {}
 106              		.loc 7 63 5 is_stmt 1 view .LVU11
 107              		.loc 7 63 5 is_stmt 0 view .LVU12
 108              	.LBE75:
 109              		.loc 3 22 19 view .LVU13
 110 0000 7047     		bx	lr
 111              		.cfi_endproc
 112              	.LFE4207:
 114              		.weak	_ZN5daisy9DaisySeedD1Ev
 115              		.thumb_set _ZN5daisy9DaisySeedD1Ev,_ZN5daisy9DaisySeedD2Ev
 116 0002 00BF     		.section	.text._ZL13AudioCallbackPKfPfj,"ax",%progbits
 117              		.align	1
 118              		.p2align 2,,3
 119              		.syntax unified
 120              		.thumb
 121              		.thumb_func
 122              		.fpu fpv5-d16
 124              	_ZL13AudioCallbackPKfPfj:
 125              	.LVL3:
 126              	.LFB4212:
 127              		.file 8 "jitter.cpp"
   1:jitter.cpp    **** // jitter module example
   2:jitter.cpp    **** 
   3:jitter.cpp    **** #include "daisysp.h"
   4:jitter.cpp    **** #include "daisy_seed.h"
   5:jitter.cpp    **** 
   6:jitter.cpp    **** // Shortening long macro for sample rate
   7:jitter.cpp    **** #ifndef sample_rate
   8:jitter.cpp    **** 
   9:jitter.cpp    **** #endif
  10:jitter.cpp    **** 
  11:jitter.cpp    **** // Interleaved audio definitions
  12:jitter.cpp    **** #define LEFT (i)
  13:jitter.cpp    **** #define RIGHT (i + 1)
  14:jitter.cpp    **** 
  15:jitter.cpp    **** using namespace daisysp;
  16:jitter.cpp    **** using namespace daisy;
  17:jitter.cpp    **** 
  18:jitter.cpp    **** static DaisySeed  seed;
  19:jitter.cpp    **** static Jitter     jitter;
  20:jitter.cpp    **** static Oscillator osc;
  21:jitter.cpp    **** bool              gate;
  22:jitter.cpp    **** 
  23:jitter.cpp    **** static void AudioCallback(AudioHandle::InterleavingInputBuffer  in,
  24:jitter.cpp    ****                           AudioHandle::InterleavingOutputBuffer out,
  25:jitter.cpp    ****                           size_t                                size)
  26:jitter.cpp    **** {
 128              		.loc 8 26 1 is_stmt 1 view -0
 129              		.cfi_startproc
ARM GAS  /tmp/ccsHxKjo.s 			page 9


 130              		@ args = 0, pretend = 0, frame = 0
 131              		@ frame_needed = 0, uses_anonymous_args = 0
  27:jitter.cpp    ****     float osc_out, jitter_out;
 132              		.loc 8 27 5 view .LVU15
  28:jitter.cpp    ****     for(size_t i = 0; i < size; i += 2)
 133              		.loc 8 28 5 view .LVU16
 134              	.LBB76:
 135              		.loc 8 28 25 view .LVU17
 136 0000 C2B1     		cbz	r2, .L13
 137 0002 013A     		subs	r2, r2, #1
 138              	.LVL4:
 139              		.loc 8 28 25 is_stmt 0 view .LVU18
 140              	.LBE76:
  26:jitter.cpp    ****     float osc_out, jitter_out;
 141              		.loc 8 26 1 view .LVU19
 142 0004 F8B5     		push	{r3, r4, r5, r6, r7, lr}
 143              		.cfi_def_cfa_offset 24
 144              		.cfi_offset 3, -24
 145              		.cfi_offset 4, -20
 146              		.cfi_offset 5, -16
 147              		.cfi_offset 6, -12
 148              		.cfi_offset 7, -8
 149              		.cfi_offset 14, -4
 150 0006 0C46     		mov	r4, r1
 151              	.LBB81:
 152              		.loc 8 28 16 view .LVU20
 153 0008 0025     		movs	r5, #0
 154 000a 0B4F     		ldr	r7, .L16
 155 000c 22F00106 		bic	r6, r2, #1
 156              	.LVL5:
 157              	.L7:
  29:jitter.cpp    ****     {
  30:jitter.cpp    ****         // Use jitter to control the amplitude of the oscillator.
  31:jitter.cpp    ****         jitter_out = jitter.Process();
 158              		.loc 8 31 9 is_stmt 1 discriminator 2 view .LVU21
 159              		.loc 8 31 36 is_stmt 0 discriminator 2 view .LVU22
 160 0010 0A48     		ldr	r0, .L16+4
 161 0012 0834     		adds	r4, r4, #8
 162 0014 FFF7FEFF 		bl	_ZN7daisysp6Jitter7ProcessEv
 163              	.LVL6:
  32:jitter.cpp    ****         osc.SetAmp(jitter_out);
 164              		.loc 8 32 9 is_stmt 1 discriminator 2 view .LVU23
 165              	.LBB77:
 166              	.LBI77:
  17:../../DaisySP/Source/Synthesis/oscillator.h ****     /** Choices for output waveforms, POLYBLEP are appropriately labeled. Others are naive forms.
  18:../../DaisySP/Source/Synthesis/oscillator.h ****     */
  19:../../DaisySP/Source/Synthesis/oscillator.h ****     enum
  20:../../DaisySP/Source/Synthesis/oscillator.h ****     {
  21:../../DaisySP/Source/Synthesis/oscillator.h ****         WAVE_SIN,
  22:../../DaisySP/Source/Synthesis/oscillator.h ****         WAVE_TRI,
  23:../../DaisySP/Source/Synthesis/oscillator.h ****         WAVE_SAW,
  24:../../DaisySP/Source/Synthesis/oscillator.h ****         WAVE_RAMP,
  25:../../DaisySP/Source/Synthesis/oscillator.h ****         WAVE_SQUARE,
  26:../../DaisySP/Source/Synthesis/oscillator.h ****         WAVE_POLYBLEP_TRI,
  27:../../DaisySP/Source/Synthesis/oscillator.h ****         WAVE_POLYBLEP_SAW,
  28:../../DaisySP/Source/Synthesis/oscillator.h ****         WAVE_POLYBLEP_SQUARE,
  29:../../DaisySP/Source/Synthesis/oscillator.h ****         WAVE_LAST,
ARM GAS  /tmp/ccsHxKjo.s 			page 10


  30:../../DaisySP/Source/Synthesis/oscillator.h ****     };
  31:../../DaisySP/Source/Synthesis/oscillator.h **** 
  32:../../DaisySP/Source/Synthesis/oscillator.h **** 
  33:../../DaisySP/Source/Synthesis/oscillator.h ****     /** Initializes the Oscillator
  34:../../DaisySP/Source/Synthesis/oscillator.h **** 
  35:../../DaisySP/Source/Synthesis/oscillator.h ****         \param sample_rate - sample rate of the audio engine being run, and the frequency that the 
  36:../../DaisySP/Source/Synthesis/oscillator.h **** 
  37:../../DaisySP/Source/Synthesis/oscillator.h ****         Defaults:
  38:../../DaisySP/Source/Synthesis/oscillator.h ****         - freq_ = 100 Hz
  39:../../DaisySP/Source/Synthesis/oscillator.h ****         - amp_ = 0.5
  40:../../DaisySP/Source/Synthesis/oscillator.h ****         - waveform_ = sine wave.
  41:../../DaisySP/Source/Synthesis/oscillator.h ****     */
  42:../../DaisySP/Source/Synthesis/oscillator.h ****     void Init(float sample_rate)
  43:../../DaisySP/Source/Synthesis/oscillator.h ****     {
  44:../../DaisySP/Source/Synthesis/oscillator.h ****         sr_        = sample_rate;
  45:../../DaisySP/Source/Synthesis/oscillator.h ****         sr_recip_  = 1.0f / sample_rate;
  46:../../DaisySP/Source/Synthesis/oscillator.h ****         freq_      = 100.0f;
  47:../../DaisySP/Source/Synthesis/oscillator.h ****         amp_       = 0.5f;
  48:../../DaisySP/Source/Synthesis/oscillator.h ****         phase_     = 0.0f;
  49:../../DaisySP/Source/Synthesis/oscillator.h ****         phase_inc_ = CalcPhaseInc(freq_);
  50:../../DaisySP/Source/Synthesis/oscillator.h ****         waveform_  = WAVE_SIN;
  51:../../DaisySP/Source/Synthesis/oscillator.h ****         eoc_       = true;
  52:../../DaisySP/Source/Synthesis/oscillator.h ****         eor_       = true;
  53:../../DaisySP/Source/Synthesis/oscillator.h ****     }
  54:../../DaisySP/Source/Synthesis/oscillator.h **** 
  55:../../DaisySP/Source/Synthesis/oscillator.h **** 
  56:../../DaisySP/Source/Synthesis/oscillator.h ****     /** Changes the frequency of the Oscillator, and recalculates phase increment.
  57:../../DaisySP/Source/Synthesis/oscillator.h ****     */
  58:../../DaisySP/Source/Synthesis/oscillator.h ****     inline void SetFreq(const float f)
  59:../../DaisySP/Source/Synthesis/oscillator.h ****     {
  60:../../DaisySP/Source/Synthesis/oscillator.h ****         freq_      = f;
  61:../../DaisySP/Source/Synthesis/oscillator.h ****         phase_inc_ = CalcPhaseInc(f);
  62:../../DaisySP/Source/Synthesis/oscillator.h ****     }
  63:../../DaisySP/Source/Synthesis/oscillator.h **** 
  64:../../DaisySP/Source/Synthesis/oscillator.h **** 
  65:../../DaisySP/Source/Synthesis/oscillator.h ****     /** Sets the amplitude of the waveform.
  66:../../DaisySP/Source/Synthesis/oscillator.h ****     */
  67:../../DaisySP/Source/Synthesis/oscillator.h ****     inline void SetAmp(const float a) { amp_ = a; }
 167              		.loc 1 67 17 discriminator 2 view .LVU24
 168              	.LBB78:
 169              		.loc 1 67 41 discriminator 2 view .LVU25
 170              	.LBE78:
 171              	.LBE77:
  33:jitter.cpp    ****         osc_out = osc.Process();
 172              		.loc 8 33 30 is_stmt 0 discriminator 2 view .LVU26
 173 0018 0748     		ldr	r0, .L16
 174              	.LBB80:
 175              	.LBB79:
 176              		.loc 1 67 46 discriminator 2 view .LVU27
 177 001a 87ED010A 		vstr.32	s0, [r7, #4]
 178              	.LVL7:
 179              		.loc 1 67 46 discriminator 2 view .LVU28
 180              	.LBE79:
 181              	.LBE80:
 182              		.loc 8 33 9 is_stmt 1 discriminator 2 view .LVU29
 183              		.loc 8 33 30 is_stmt 0 discriminator 2 view .LVU30
 184 001e FFF7FEFF 		bl	_ZN7daisysp10Oscillator7ProcessEv
ARM GAS  /tmp/ccsHxKjo.s 			page 11


 185              	.LVL8:
  34:jitter.cpp    **** 
  35:jitter.cpp    ****         out[LEFT]  = osc_out;
 186              		.loc 8 35 9 is_stmt 1 discriminator 2 view .LVU31
  28:jitter.cpp    ****     {
 187              		.loc 8 28 25 is_stmt 0 discriminator 2 view .LVU32
 188 0022 B542     		cmp	r5, r6
 189              		.loc 8 35 20 discriminator 2 view .LVU33
 190 0024 04ED020A 		vstr.32	s0, [r4, #-8]
  36:jitter.cpp    ****         out[RIGHT] = osc_out;
 191              		.loc 8 36 9 is_stmt 1 discriminator 2 view .LVU34
 192              		.loc 8 36 20 is_stmt 0 discriminator 2 view .LVU35
 193 0028 04ED010A 		vstr.32	s0, [r4, #-4]
  28:jitter.cpp    ****     {
 194              		.loc 8 28 5 is_stmt 1 discriminator 2 view .LVU36
  28:jitter.cpp    ****     {
 195              		.loc 8 28 25 discriminator 2 view .LVU37
 196 002c 05F10205 		add	r5, r5, #2
 197              	.LVL9:
  28:jitter.cpp    ****     {
 198              		.loc 8 28 25 is_stmt 0 discriminator 2 view .LVU38
 199 0030 EED1     		bne	.L7
 200              	.LBE81:
  37:jitter.cpp    ****     }
  38:jitter.cpp    **** }
 201              		.loc 8 38 1 view .LVU39
 202 0032 F8BD     		pop	{r3, r4, r5, r6, r7, pc}
 203              	.LVL10:
 204              	.L13:
 205              		.cfi_def_cfa_offset 0
 206              		.cfi_restore 3
 207              		.cfi_restore 4
 208              		.cfi_restore 5
 209              		.cfi_restore 6
 210              		.cfi_restore 7
 211              		.cfi_restore 14
 212              		.loc 8 38 1 view .LVU40
 213 0034 7047     		bx	lr
 214              	.L17:
 215 0036 00BF     		.align	2
 216              	.L16:
 217 0038 00000000 		.word	.LANCHOR1
 218 003c 00000000 		.word	.LANCHOR0
 219              		.cfi_endproc
 220              	.LFE4212:
 222              		.section	.text.startup.main,"ax",%progbits
 223              		.align	1
 224              		.p2align 2,,3
 225              		.global	main
 226              		.syntax unified
 227              		.thumb
 228              		.thumb_func
 229              		.fpu fpv5-d16
 231              	main:
 232              	.LFB4213:
  39:jitter.cpp    **** 
  40:jitter.cpp    **** int main(void)
ARM GAS  /tmp/ccsHxKjo.s 			page 12


  41:jitter.cpp    **** {
 233              		.loc 8 41 1 is_stmt 1 view -0
 234              		.cfi_startproc
 235              		@ args = 0, pretend = 0, frame = 0
 236              		@ frame_needed = 0, uses_anonymous_args = 0
  42:jitter.cpp    ****     // initialize seed hardware and daisysp modules
  43:jitter.cpp    ****     float sample_rate;
 237              		.loc 8 43 5 view .LVU42
  44:jitter.cpp    ****     seed.Configure();
 238              		.loc 8 44 5 view .LVU43
  41:jitter.cpp    ****     // initialize seed hardware and daisysp modules
 239              		.loc 8 41 1 is_stmt 0 view .LVU44
 240 0000 10B5     		push	{r4, lr}
 241              		.cfi_def_cfa_offset 8
 242              		.cfi_offset 4, -8
 243              		.cfi_offset 14, -4
 244              		.loc 8 44 19 view .LVU45
 245 0002 2948     		ldr	r0, .L21
 246              	.LBB82:
 247              	.LBB83:
  44:../../DaisySP/Source/Synthesis/oscillator.h ****         sr_recip_  = 1.0f / sample_rate;
 248              		.loc 1 44 20 view .LVU46
 249 0004 294C     		ldr	r4, .L21+4
 250              	.LBE83:
 251              	.LBE82:
  41:jitter.cpp    ****     // initialize seed hardware and daisysp modules
 252              		.loc 8 41 1 view .LVU47
 253 0006 2DED028B 		vpush.64	{d8}
 254              		.cfi_def_cfa_offset 16
 255              		.cfi_offset 80, -16
 256              		.cfi_offset 81, -12
 257              		.loc 8 44 19 view .LVU48
 258 000a FFF7FEFF 		bl	_ZN5daisy9DaisySeed9ConfigureEv
 259              	.LVL11:
  45:jitter.cpp    ****     seed.Init();
 260              		.loc 8 45 5 is_stmt 1 view .LVU49
 261              		.loc 8 45 14 is_stmt 0 view .LVU50
 262 000e 0021     		movs	r1, #0
 263 0010 2548     		ldr	r0, .L21
 264              	.LBB87:
 265              	.LBB84:
  45:../../DaisySP/Source/Synthesis/oscillator.h ****         freq_      = 100.0f;
 266              		.loc 1 45 27 view .LVU51
 267 0012 F7EE008A 		vmov.f32	s17, #1.0e+0
 268              	.LBE84:
 269              	.LBE87:
 270              		.loc 8 45 14 view .LVU52
 271 0016 FFF7FEFF 		bl	_ZN5daisy9DaisySeed4InitEb
 272              	.LVL12:
  46:jitter.cpp    ****     sample_rate = seed.AudioSampleRate();
 273              		.loc 8 46 5 is_stmt 1 view .LVU53
 274              		.loc 8 46 39 is_stmt 0 view .LVU54
 275 001a 2348     		ldr	r0, .L21
 276 001c FFF7FEFF 		bl	_ZN5daisy9DaisySeed15AudioSampleRateEv
 277              	.LVL13:
 278 0020 B0EE408A 		vmov.f32	s16, s0
 279              	.LVL14:
ARM GAS  /tmp/ccsHxKjo.s 			page 13


  47:jitter.cpp    ****     osc.Init(sample_rate);
 280              		.loc 8 47 5 is_stmt 1 view .LVU55
 281              	.LBB88:
 282              	.LBI82:
  42:../../DaisySP/Source/Synthesis/oscillator.h ****     {
 283              		.loc 1 42 10 view .LVU56
 284              	.LBB85:
  44:../../DaisySP/Source/Synthesis/oscillator.h ****         sr_recip_  = 1.0f / sample_rate;
 285              		.loc 1 44 9 view .LVU57
  47:../../DaisySP/Source/Synthesis/oscillator.h ****         phase_     = 0.0f;
 286              		.loc 1 47 20 is_stmt 0 view .LVU58
 287 0024 4FF07C52 		mov	r2, #1056964608
  48:../../DaisySP/Source/Synthesis/oscillator.h ****         phase_inc_ = CalcPhaseInc(freq_);
 288              		.loc 1 48 20 view .LVU59
 289 0028 0023     		movs	r3, #0
  46:../../DaisySP/Source/Synthesis/oscillator.h ****         amp_       = 0.5f;
 290              		.loc 1 46 20 view .LVU60
 291 002a 9FED210A 		vldr.32	s0, .L21+8
 292              	.LVL15:
  49:../../DaisySP/Source/Synthesis/oscillator.h ****         waveform_  = WAVE_SIN;
 293              		.loc 1 49 34 view .LVU61
 294 002e 2046     		mov	r0, r4
  45:../../DaisySP/Source/Synthesis/oscillator.h ****         freq_      = 100.0f;
 295              		.loc 1 45 27 view .LVU62
 296 0030 C8EE887A 		vdiv.f32	s15, s17, s16
  47:../../DaisySP/Source/Synthesis/oscillator.h ****         phase_     = 0.0f;
 297              		.loc 1 47 20 view .LVU63
 298 0034 6260     		str	r2, [r4, #4]	@ float
  48:../../DaisySP/Source/Synthesis/oscillator.h ****         phase_inc_ = CalcPhaseInc(freq_);
 299              		.loc 1 48 20 view .LVU64
 300 0036 6361     		str	r3, [r4, #20]	@ float
  44:../../DaisySP/Source/Synthesis/oscillator.h ****         sr_recip_  = 1.0f / sample_rate;
 301              		.loc 1 44 20 view .LVU65
 302 0038 84ED038A 		vstr.32	s16, [r4, #12]
  45:../../DaisySP/Source/Synthesis/oscillator.h ****         freq_      = 100.0f;
 303              		.loc 1 45 9 is_stmt 1 view .LVU66
  46:../../DaisySP/Source/Synthesis/oscillator.h ****         amp_       = 0.5f;
 304              		.loc 1 46 20 is_stmt 0 view .LVU67
 305 003c 84ED020A 		vstr.32	s0, [r4, #8]
  45:../../DaisySP/Source/Synthesis/oscillator.h ****         freq_      = 100.0f;
 306              		.loc 1 45 20 view .LVU68
 307 0040 C4ED047A 		vstr.32	s15, [r4, #16]
  46:../../DaisySP/Source/Synthesis/oscillator.h ****         amp_       = 0.5f;
 308              		.loc 1 46 9 is_stmt 1 view .LVU69
  47:../../DaisySP/Source/Synthesis/oscillator.h ****         phase_     = 0.0f;
 309              		.loc 1 47 9 view .LVU70
  48:../../DaisySP/Source/Synthesis/oscillator.h ****         phase_inc_ = CalcPhaseInc(freq_);
 310              		.loc 1 48 9 view .LVU71
  49:../../DaisySP/Source/Synthesis/oscillator.h ****         waveform_  = WAVE_SIN;
 311              		.loc 1 49 9 view .LVU72
  49:../../DaisySP/Source/Synthesis/oscillator.h ****         waveform_  = WAVE_SIN;
 312              		.loc 1 49 34 is_stmt 0 view .LVU73
 313 0044 FFF7FEFF 		bl	_ZN7daisysp10Oscillator12CalcPhaseIncEf
 314              	.LVL16:
 315 0048 F0EE407A 		vmov.f32	s15, s0
  50:../../DaisySP/Source/Synthesis/oscillator.h ****         eoc_       = true;
 316              		.loc 1 50 20 view .LVU74
ARM GAS  /tmp/ccsHxKjo.s 			page 14


 317 004c 0022     		movs	r2, #0
  52:../../DaisySP/Source/Synthesis/oscillator.h ****     }
 318              		.loc 1 52 20 view .LVU75
 319 004e 40F20113 		movw	r3, #257
 320              	.LBE85:
 321              	.LBE88:
  48:jitter.cpp    **** 
  49:jitter.cpp    ****     //set jitter parameters
  50:jitter.cpp    ****     jitter.Init(sample_rate);
 322              		.loc 8 50 16 view .LVU76
 323 0052 B0EE480A 		vmov.f32	s0, s16
 324 0056 1748     		ldr	r0, .L21+12
 325              	.LBB89:
 326              	.LBB86:
  49:../../DaisySP/Source/Synthesis/oscillator.h ****         waveform_  = WAVE_SIN;
 327              		.loc 1 49 20 view .LVU77
 328 0058 C4ED067A 		vstr.32	s15, [r4, #24]
  50:../../DaisySP/Source/Synthesis/oscillator.h ****         eoc_       = true;
 329              		.loc 1 50 9 is_stmt 1 view .LVU78
  50:../../DaisySP/Source/Synthesis/oscillator.h ****         eoc_       = true;
 330              		.loc 1 50 20 is_stmt 0 view .LVU79
 331 005c 2270     		strb	r2, [r4]
  51:../../DaisySP/Source/Synthesis/oscillator.h ****         eor_       = true;
 332              		.loc 1 51 9 is_stmt 1 view .LVU80
  52:../../DaisySP/Source/Synthesis/oscillator.h ****     }
 333              		.loc 1 52 9 view .LVU81
  52:../../DaisySP/Source/Synthesis/oscillator.h ****     }
 334              		.loc 1 52 20 is_stmt 0 view .LVU82
 335 005e A384     		strh	r3, [r4, #36]	@ movhi
 336              	.LVL17:
  52:../../DaisySP/Source/Synthesis/oscillator.h ****     }
 337              		.loc 1 52 20 view .LVU83
 338              	.LBE86:
 339              	.LBE89:
 340              		.loc 8 50 5 is_stmt 1 view .LVU84
 341              		.loc 8 50 16 is_stmt 0 view .LVU85
 342 0060 FFF7FEFF 		bl	_ZN7daisysp6Jitter4InitEf
 343              	.LVL18:
  51:jitter.cpp    ****     jitter.SetAmp(1);
 344              		.loc 8 51 5 is_stmt 1 view .LVU86
 345              		.loc 8 51 18 is_stmt 0 view .LVU87
 346 0064 B0EE680A 		vmov.f32	s0, s17
 347 0068 1248     		ldr	r0, .L21+12
 348 006a FFF7FEFF 		bl	_ZN7daisysp6Jitter6SetAmpEf
 349              	.LVL19:
  52:jitter.cpp    ****     jitter.SetCpsMin(1);
 350              		.loc 8 52 5 is_stmt 1 view .LVU88
 351              		.loc 8 52 21 is_stmt 0 view .LVU89
 352 006e B0EE680A 		vmov.f32	s0, s17
 353 0072 1048     		ldr	r0, .L21+12
 354 0074 FFF7FEFF 		bl	_ZN7daisysp6Jitter9SetCpsMinEf
 355              	.LVL20:
  53:jitter.cpp    ****     jitter.SetCpsMax(25);
 356              		.loc 8 53 5 is_stmt 1 view .LVU90
 357              		.loc 8 53 21 is_stmt 0 view .LVU91
 358 0078 B3EE090A 		vmov.f32	s0, #2.5e+1
 359 007c 0D48     		ldr	r0, .L21+12
ARM GAS  /tmp/ccsHxKjo.s 			page 15


 360 007e FFF7FEFF 		bl	_ZN7daisysp6Jitter9SetCpsMaxEf
 361              	.LVL21:
  54:jitter.cpp    **** 
  55:jitter.cpp    ****     // Set parameters for oscillator
  56:jitter.cpp    ****     osc.SetWaveform(osc.WAVE_TRI);
 362              		.loc 8 56 5 is_stmt 1 view .LVU92
 363              	.LBB90:
 364              	.LBI90:
  68:../../DaisySP/Source/Synthesis/oscillator.h ****     /** Sets the waveform to be synthesized by the Process() function.
  69:../../DaisySP/Source/Synthesis/oscillator.h ****     */
  70:../../DaisySP/Source/Synthesis/oscillator.h ****     inline void SetWaveform(const uint8_t wf)
 365              		.loc 1 70 17 view .LVU93
 366              	.LBB91:
  71:../../DaisySP/Source/Synthesis/oscillator.h ****     {
  72:../../DaisySP/Source/Synthesis/oscillator.h ****         waveform_ = wf < WAVE_LAST ? wf : WAVE_SIN;
 367              		.loc 1 72 9 view .LVU94
 368              		.loc 1 72 19 is_stmt 0 view .LVU95
 369 0082 0123     		movs	r3, #1
 370              	.LBE91:
 371              	.LBE90:
 372              	.LBB93:
 373              	.LBB94:
  60:../../DaisySP/Source/Synthesis/oscillator.h ****         phase_inc_ = CalcPhaseInc(f);
 374              		.loc 1 60 20 view .LVU96
 375 0084 9FED0C0A 		vldr.32	s0, .L21+16
  61:../../DaisySP/Source/Synthesis/oscillator.h ****     }
 376              		.loc 1 61 34 view .LVU97
 377 0088 2046     		mov	r0, r4
 378              	.LBE94:
 379              	.LBE93:
 380              	.LBB97:
 381              	.LBB92:
 382              		.loc 1 72 19 view .LVU98
 383 008a 2370     		strb	r3, [r4]
 384              	.LVL22:
 385              		.loc 1 72 19 view .LVU99
 386              	.LBE92:
 387              	.LBE97:
  57:jitter.cpp    ****     osc.SetFreq(440);
 388              		.loc 8 57 5 is_stmt 1 view .LVU100
 389              	.LBB98:
 390              	.LBI93:
  58:../../DaisySP/Source/Synthesis/oscillator.h ****     {
 391              		.loc 1 58 17 view .LVU101
 392              	.LBB95:
  60:../../DaisySP/Source/Synthesis/oscillator.h ****         phase_inc_ = CalcPhaseInc(f);
 393              		.loc 1 60 9 view .LVU102
  61:../../DaisySP/Source/Synthesis/oscillator.h ****     }
 394              		.loc 1 61 9 view .LVU103
  60:../../DaisySP/Source/Synthesis/oscillator.h ****         phase_inc_ = CalcPhaseInc(f);
 395              		.loc 1 60 20 is_stmt 0 view .LVU104
 396 008c 84ED020A 		vstr.32	s0, [r4, #8]
  61:../../DaisySP/Source/Synthesis/oscillator.h ****     }
 397              		.loc 1 61 34 view .LVU105
 398 0090 FFF7FEFF 		bl	_ZN7daisysp10Oscillator12CalcPhaseIncEf
 399              	.LVL23:
 400              	.LBE95:
ARM GAS  /tmp/ccsHxKjo.s 			page 16


 401              	.LBE98:
 402              	.LBB99:
 403              	.LBB100:
  67:../../DaisySP/Source/Synthesis/oscillator.h ****     /** Sets the waveform to be synthesized by the Process() function.
 404              		.loc 1 67 46 view .LVU106
 405 0094 4FF07A53 		mov	r3, #1048576000
 406              	.LBE100:
 407              	.LBE99:
  58:jitter.cpp    ****     osc.SetAmp(0.25);
  59:jitter.cpp    **** 
  60:jitter.cpp    ****     // start callback
  61:jitter.cpp    ****     seed.StartAudio(AudioCallback);
 408              		.loc 8 61 20 view .LVU107
 409 0098 0849     		ldr	r1, .L21+20
 410 009a 0348     		ldr	r0, .L21
 411              	.LBB102:
 412              	.LBB96:
  61:../../DaisySP/Source/Synthesis/oscillator.h ****     }
 413              		.loc 1 61 20 view .LVU108
 414 009c 84ED060A 		vstr.32	s0, [r4, #24]
 415              	.LVL24:
  61:../../DaisySP/Source/Synthesis/oscillator.h ****     }
 416              		.loc 1 61 20 view .LVU109
 417              	.LBE96:
 418              	.LBE102:
  58:jitter.cpp    ****     osc.SetAmp(0.25);
 419              		.loc 8 58 5 is_stmt 1 view .LVU110
 420              	.LBB103:
 421              	.LBI99:
  67:../../DaisySP/Source/Synthesis/oscillator.h ****     /** Sets the waveform to be synthesized by the Process() function.
 422              		.loc 1 67 17 view .LVU111
 423              	.LBB101:
  67:../../DaisySP/Source/Synthesis/oscillator.h ****     /** Sets the waveform to be synthesized by the Process() function.
 424              		.loc 1 67 41 view .LVU112
  67:../../DaisySP/Source/Synthesis/oscillator.h ****     /** Sets the waveform to be synthesized by the Process() function.
 425              		.loc 1 67 46 is_stmt 0 view .LVU113
 426 00a0 6360     		str	r3, [r4, #4]	@ float
 427              	.LVL25:
  67:../../DaisySP/Source/Synthesis/oscillator.h ****     /** Sets the waveform to be synthesized by the Process() function.
 428              		.loc 1 67 46 view .LVU114
 429              	.LBE101:
 430              	.LBE103:
 431              		.loc 8 61 5 is_stmt 1 view .LVU115
 432              		.loc 8 61 20 is_stmt 0 view .LVU116
 433 00a2 FFF7FEFF 		bl	_ZN5daisy9DaisySeed10StartAudioEPFvPKfPfjE
 434              	.LVL26:
 435              	.L19:
  62:jitter.cpp    **** 
  63:jitter.cpp    ****     while(1) {}
 436              		.loc 8 63 5 is_stmt 1 discriminator 1 view .LVU117
 437              		.loc 8 63 5 discriminator 1 view .LVU118
 438              		.loc 8 63 5 discriminator 1 view .LVU119
 439              		.loc 8 63 5 discriminator 1 view .LVU120
 440 00a6 FEE7     		b	.L19
 441              	.L22:
 442              		.align	2
 443              	.L21:
ARM GAS  /tmp/ccsHxKjo.s 			page 17


 444 00a8 00000000 		.word	.LANCHOR2
 445 00ac 00000000 		.word	.LANCHOR1
 446 00b0 0000C842 		.word	1120403456
 447 00b4 00000000 		.word	.LANCHOR0
 448 00b8 0000DC43 		.word	1138491392
 449 00bc 00000000 		.word	_ZL13AudioCallbackPKfPfj
 450              		.cfi_endproc
 451              	.LFE4213:
 453              		.section	.text.startup._GLOBAL__sub_I_gate,"ax",%progbits
 454              		.align	1
 455              		.p2align 2,,3
 456              		.syntax unified
 457              		.thumb
 458              		.thumb_func
 459              		.fpu fpv5-d16
 461              	_GLOBAL__sub_I_gate:
 462              	.LFB4759:
  64:jitter.cpp    **** }
 463              		.loc 8 64 1 view -0
 464              		.cfi_startproc
 465              		@ args = 0, pretend = 0, frame = 0
 466              		@ frame_needed = 0, uses_anonymous_args = 0
 467              	.LBB123:
 468              	.LBI123:
 469              		.loc 8 64 1 view .LVU122
 470              	.LVL27:
 471              	.LBB124:
 472              	.LBB125:
 473              	.LBI125:
  21:../../libdaisy/src/daisy_seed.h ****     ~DaisySeed() {}
 474              		.loc 3 21 5 view .LVU123
 475              	.LBB126:
 476              	.LBB127:
 477              	.LBI127:
  62:../../libdaisy/src/hid/audio.h ****     ~AudioHandle() {}
 478              		.loc 7 62 5 view .LVU124
 479              	.LBE127:
 480              	.LBE126:
 481              	.LBE125:
 482              	.LBE124:
 483              	.LBE123:
 484              		.loc 8 64 1 is_stmt 0 view .LVU125
 485 0000 08B5     		push	{r3, lr}
 486              		.cfi_def_cfa_offset 8
 487              		.cfi_offset 3, -8
 488              		.cfi_offset 14, -4
 489              	.LBB148:
 490              	.LBB146:
 491              	.LBB142:
 492              	.LBB140:
 493              	.LBB132:
 494              	.LBB128:
 495              	.LBB129:
  62:../../libdaisy/src/hid/audio.h ****     ~AudioHandle() {}
 496              		.loc 7 62 35 view .LVU126
 497 0002 0A48     		ldr	r0, .L25
 498 0004 0023     		movs	r3, #0
ARM GAS  /tmp/ccsHxKjo.s 			page 18


 499              	.LBE129:
 500              	.LBE128:
 501              	.LBE132:
 502              	.LBE140:
 503              	.LBE142:
  18:jitter.cpp    **** static Jitter     jitter;
 504              		.loc 8 18 19 view .LVU127
 505 0006 0A4A     		ldr	r2, .L25+4
 506              	.LBB143:
 507              	.LBB141:
 508              	.LBB133:
 509              	.LBB131:
 510              	.LBB130:
  62:../../libdaisy/src/hid/audio.h ****     ~AudioHandle() {}
 511              		.loc 7 62 35 view .LVU128
 512 0008 4361     		str	r3, [r0, #20]
 513              	.LVL28:
  62:../../libdaisy/src/hid/audio.h ****     ~AudioHandle() {}
 514              		.loc 7 62 35 view .LVU129
 515              	.LBE130:
 516              	.LBE131:
 517              	.LBE133:
 518              	.LBB134:
 519              	.LBI134:
  84:../../libdaisy/src/per/adc.h ****     ~AdcHandle() {}
 520              		.loc 6 84 5 is_stmt 1 view .LVU130
  84:../../libdaisy/src/per/adc.h ****     ~AdcHandle() {}
 521              		.loc 6 84 5 is_stmt 0 view .LVU131
 522              	.LBE134:
 523              	.LBB135:
 524              	.LBI135:
 525              		.file 9 "../../libdaisy/src/per/dac.h"
   1:../../libdaisy/src/per/dac.h **** #pragma once
   2:../../libdaisy/src/per/dac.h **** #ifndef DSY_DAC_H
   3:../../libdaisy/src/per/dac.h **** #define DSY_DAC_H
   4:../../libdaisy/src/per/dac.h **** 
   5:../../libdaisy/src/per/dac.h **** #include "daisy_core.h"
   6:../../libdaisy/src/per/dac.h **** 
   7:../../libdaisy/src/per/dac.h **** namespace daisy
   8:../../libdaisy/src/per/dac.h **** {
   9:../../libdaisy/src/per/dac.h **** /** DAC handle for Built-in DAC Peripheral 
  10:../../libdaisy/src/per/dac.h ****  ** 
  11:../../libdaisy/src/per/dac.h ****  ** For now only Normal Mode is supported,
  12:../../libdaisy/src/per/dac.h ****  ** Sample and hold mode provides reduced power consumption, but requires a bit more setup.
  13:../../libdaisy/src/per/dac.h ****  **
  14:../../libdaisy/src/per/dac.h ****  ** For now connecting the DAC through other internal periphearls is also not supported.
  15:../../libdaisy/src/per/dac.h ****  **
  16:../../libdaisy/src/per/dac.h ****  ** Since the DAC channels have dedicated pins we don't need to pass in a pin config like with
  17:../../libdaisy/src/per/dac.h ****  ** other modules. However, it is still important to not try to use the DAC pins for anything else.
  18:../../libdaisy/src/per/dac.h ****  ** DAC Channel 1 is on PA4, and DAC Channel 2 is on PA5
  19:../../libdaisy/src/per/dac.h ****  ***/
  20:../../libdaisy/src/per/dac.h **** class DacHandle
  21:../../libdaisy/src/per/dac.h **** {
  22:../../libdaisy/src/per/dac.h ****   public:
  23:../../libdaisy/src/per/dac.h ****     /** Return Values for the DacHandle class */
  24:../../libdaisy/src/per/dac.h ****     enum class Result
  25:../../libdaisy/src/per/dac.h ****     {
ARM GAS  /tmp/ccsHxKjo.s 			page 19


  26:../../libdaisy/src/per/dac.h ****         OK,
  27:../../libdaisy/src/per/dac.h ****         ERR,
  28:../../libdaisy/src/per/dac.h ****     };
  29:../../libdaisy/src/per/dac.h **** 
  30:../../libdaisy/src/per/dac.h ****     /** Selects which channel(s) will be configured for use. */
  31:../../libdaisy/src/per/dac.h ****     enum class Channel
  32:../../libdaisy/src/per/dac.h ****     {
  33:../../libdaisy/src/per/dac.h ****         ONE,
  34:../../libdaisy/src/per/dac.h ****         TWO,
  35:../../libdaisy/src/per/dac.h ****         BOTH,
  36:../../libdaisy/src/per/dac.h ****     };
  37:../../libdaisy/src/per/dac.h **** 
  38:../../libdaisy/src/per/dac.h ****     /** Sets the Mode for the DAC channels.
  39:../../libdaisy/src/per/dac.h ****      **
  40:../../libdaisy/src/per/dac.h ****      ** Polling mode uses the blocking mode to transmit a single value at a time.
  41:../../libdaisy/src/per/dac.h ****      **
  42:../../libdaisy/src/per/dac.h ****      ** DMA mode uses a buffer, and periodically transmits it triggering a 
  43:../../libdaisy/src/per/dac.h ****      ** callback to fill the buffer when it is ready for more samples.
  44:../../libdaisy/src/per/dac.h ****      ***/
  45:../../libdaisy/src/per/dac.h ****     enum class Mode
  46:../../libdaisy/src/per/dac.h ****     {
  47:../../libdaisy/src/per/dac.h ****         POLLING,
  48:../../libdaisy/src/per/dac.h ****         DMA,
  49:../../libdaisy/src/per/dac.h ****     };
  50:../../libdaisy/src/per/dac.h **** 
  51:../../libdaisy/src/per/dac.h ****     /** Sets the number of bits per sample transmitted out of the DAC.
  52:../../libdaisy/src/per/dac.h ****      ** The output range will be: 0V - VDDA
  53:../../libdaisy/src/per/dac.h ****      ** The resolution will be roughly: bitdepth / (VDDA - 0V) 
  54:../../libdaisy/src/per/dac.h ****      ***/
  55:../../libdaisy/src/per/dac.h ****     enum class BitDepth
  56:../../libdaisy/src/per/dac.h ****     {
  57:../../libdaisy/src/per/dac.h ****         BITS_8,
  58:../../libdaisy/src/per/dac.h ****         BITS_12
  59:../../libdaisy/src/per/dac.h ****     };
  60:../../libdaisy/src/per/dac.h **** 
  61:../../libdaisy/src/per/dac.h ****     /** Sets whether the DAC output is buffered for higher drive ability. */
  62:../../libdaisy/src/per/dac.h ****     enum class BufferState
  63:../../libdaisy/src/per/dac.h ****     {
  64:../../libdaisy/src/per/dac.h ****         ENABLED,
  65:../../libdaisy/src/per/dac.h ****         DISABLED,
  66:../../libdaisy/src/per/dac.h ****     };
  67:../../libdaisy/src/per/dac.h **** 
  68:../../libdaisy/src/per/dac.h ****     /** Configuration structure for initializing the DAC structure. */
  69:../../libdaisy/src/per/dac.h ****     struct Config
  70:../../libdaisy/src/per/dac.h ****     {
  71:../../libdaisy/src/per/dac.h ****         /** Target Samplerate in Hz used to configure the internal 
  72:../../libdaisy/src/per/dac.h ****          ** timebase for DMA mode. Does nothing in POLLING mode.
  73:../../libdaisy/src/per/dac.h ****          ** If the value is 0 at Init time this will default to 48000Hz 
  74:../../libdaisy/src/per/dac.h ****          ** otherwise the driver will attempt meet the target.*/
  75:../../libdaisy/src/per/dac.h ****         uint32_t target_samplerate;
  76:../../libdaisy/src/per/dac.h **** 
  77:../../libdaisy/src/per/dac.h ****         Channel     chn;
  78:../../libdaisy/src/per/dac.h ****         Mode        mode;
  79:../../libdaisy/src/per/dac.h ****         BitDepth    bitdepth;
  80:../../libdaisy/src/per/dac.h ****         BufferState buff_state;
  81:../../libdaisy/src/per/dac.h ****     };
  82:../../libdaisy/src/per/dac.h **** 
ARM GAS  /tmp/ccsHxKjo.s 			page 20


  83:../../libdaisy/src/per/dac.h ****     DacHandle() : pimpl_(nullptr) {}
 526              		.loc 9 83 5 is_stmt 1 view .LVU132
 527              	.LBB136:
 528              	.LBB137:
 529              		.loc 9 83 33 is_stmt 0 view .LVU133
 530 000a 0362     		str	r3, [r0, #32]
 531              	.LVL29:
 532              		.loc 9 83 33 view .LVU134
 533              	.LBE137:
 534              	.LBE136:
 535              	.LBE135:
 536              	.LBB138:
 537              	.LBI138:
  40:../../libdaisy/src/hid/usb.h **** 
 538              		.loc 5 40 5 is_stmt 1 view .LVU135
  40:../../libdaisy/src/hid/usb.h **** 
 539              		.loc 5 40 5 is_stmt 0 view .LVU136
 540              	.LBE138:
 541              	.LBB139:
 542              	.LBI139:
  58:../../libdaisy/src/sys/system.h ****     ~System() {}
 543              		.loc 4 58 5 is_stmt 1 view .LVU137
  58:../../libdaisy/src/sys/system.h ****     ~System() {}
 544              		.loc 4 58 5 is_stmt 0 view .LVU138
 545              	.LBE139:
 546              	.LBE141:
 547              	.LBE143:
  18:jitter.cpp    **** static Jitter     jitter;
 548              		.loc 8 18 19 view .LVU139
 549 000c 0949     		ldr	r1, .L25+8
 550 000e FFF7FEFF 		bl	__aeabi_atexit
 551              	.LVL30:
 552              	.LBB144:
 553              	.LBI144:
  20:../../DaisySP/Source/Utility/jitter.h ****     ~Jitter() {}
 554              		.loc 2 20 5 is_stmt 1 view .LVU140
  20:../../DaisySP/Source/Utility/jitter.h ****     ~Jitter() {}
 555              		.loc 2 20 5 is_stmt 0 view .LVU141
 556              	.LBE144:
  19:jitter.cpp    **** static Oscillator osc;
 557              		.loc 8 19 19 view .LVU142
 558 0012 074A     		ldr	r2, .L25+4
 559 0014 0849     		ldr	r1, .L25+12
 560 0016 0948     		ldr	r0, .L25+16
 561 0018 FFF7FEFF 		bl	__aeabi_atexit
 562              	.LVL31:
 563              	.LBB145:
 564              	.LBI145:
  15:../../DaisySP/Source/Synthesis/oscillator.h ****     ~Oscillator() {}
 565              		.loc 1 15 5 is_stmt 1 view .LVU143
  15:../../DaisySP/Source/Synthesis/oscillator.h ****     ~Oscillator() {}
 566              		.loc 1 15 5 is_stmt 0 view .LVU144
 567              	.LBE145:
  20:jitter.cpp    **** bool              gate;
 568              		.loc 8 20 19 view .LVU145
 569 001c 044A     		ldr	r2, .L25+4
 570 001e 0849     		ldr	r1, .L25+20
ARM GAS  /tmp/ccsHxKjo.s 			page 21


 571 0020 0848     		ldr	r0, .L25+24
 572              	.LBE146:
 573              	.LBE148:
 574              		.loc 8 64 1 view .LVU146
 575 0022 BDE80840 		pop	{r3, lr}
 576              		.cfi_restore 14
 577              		.cfi_restore 3
 578              		.cfi_def_cfa_offset 0
 579              	.LBB149:
 580              	.LBB147:
  20:jitter.cpp    **** bool              gate;
 581              		.loc 8 20 19 view .LVU147
 582 0026 FFF7FEBF 		b	__aeabi_atexit
 583              	.LVL32:
 584              	.L26:
 585 002a 00BF     		.align	2
 586              	.L25:
 587 002c 00000000 		.word	.LANCHOR2
 588 0030 00000000 		.word	__dso_handle
 589 0034 00000000 		.word	_ZN5daisy9DaisySeedD1Ev
 590 0038 00000000 		.word	_ZN7daisysp6JitterD1Ev
 591 003c 00000000 		.word	.LANCHOR0
 592 0040 00000000 		.word	_ZN7daisysp10OscillatorD1Ev
 593 0044 00000000 		.word	.LANCHOR1
 594              	.LBE147:
 595              	.LBE149:
 596              		.cfi_endproc
 597              	.LFE4759:
 599              		.section	.init_array,"aw",%init_array
 600              		.align	2
 601 0000 00000000 		.word	_GLOBAL__sub_I_gate(target1)
 602              		.global	gate
 603              		.section	.bss._ZL3osc,"aw",%nobits
 604              		.align	2
 605              		.set	.LANCHOR1,. + 0
 608              	_ZL3osc:
 609 0000 00000000 		.space	40
 609      00000000 
 609      00000000 
 609      00000000 
 609      00000000 
 610              		.section	.bss._ZL4seed,"aw",%nobits
 611              		.align	2
 612              		.set	.LANCHOR2,. + 0
 615              	_ZL4seed:
 616 0000 00000000 		.space	60
 616      00000000 
 616      00000000 
 616      00000000 
 616      00000000 
 617              		.section	.bss._ZL6jitter,"aw",%nobits
 618              		.align	2
 619              		.set	.LANCHOR0,. + 0
 622              	_ZL6jitter:
 623 0000 00000000 		.space	40
 623      00000000 
 623      00000000 
ARM GAS  /tmp/ccsHxKjo.s 			page 22


 623      00000000 
 623      00000000 
 624              		.section	.bss.gate,"aw",%nobits
 627              	gate:
 628 0000 00       		.space	1
 629              		.text
 630              	.Letext0:
 631              		.file 10 "/usr/lib/gcc/arm-none-eabi/9.2.1/include/stdint.h"
 632              		.file 11 "../../libdaisy/Drivers/CMSIS/Include/core_cm7.h"
 633              		.file 12 "../../libdaisy/Drivers/CMSIS/Device/ST/STM32H7xx/Include/system_stm32h7xx.h"
 634              		.file 13 "/usr/lib/gcc/arm-none-eabi/9.2.1/include/stddef.h"
 635              		.file 14 "/usr/include/newlib/c++/9.2.1/cmath"
 636              		.file 15 "/usr/include/newlib/c++/9.2.1/bits/std_abs.h"
 637              		.file 16 "/usr/include/newlib/c++/9.2.1/cstdint"
 638              		.file 17 "/usr/include/newlib/c++/9.2.1/cstdlib"
 639              		.file 18 "/usr/include/newlib/c++/9.2.1/type_traits"
 640              		.file 19 "/usr/include/newlib/c++/9.2.1/arm-none-eabi/thumb/v7e-m+dp/hard/bits/c++config.h"
 641              		.file 20 "/usr/include/newlib/c++/9.2.1/bits/stl_pair.h"
 642              		.file 21 "/usr/include/newlib/c++/9.2.1/debug/debug.h"
 643              		.file 22 "/usr/include/newlib/c++/9.2.1/cwchar"
 644              		.file 23 "/usr/include/newlib/c++/9.2.1/bits/exception_ptr.h"
 645              		.file 24 "/usr/include/newlib/c++/9.2.1/new"
 646              		.file 25 "/usr/include/newlib/c++/9.2.1/clocale"
 647              		.file 26 "/usr/include/newlib/c++/9.2.1/cstdio"
 648              		.file 27 "/usr/include/newlib/c++/9.2.1/bits/basic_string.h"
 649              		.file 28 "/usr/include/newlib/c++/9.2.1/bits/uniform_int_dist.h"
 650              		.file 29 "/usr/include/newlib/c++/9.2.1/bits/random.h"
 651              		.file 30 "/usr/include/newlib/c++/9.2.1/cstring"
 652              		.file 31 "/usr/include/newlib/c++/9.2.1/bits/algorithmfwd.h"
 653              		.file 32 "/usr/include/newlib/c++/9.2.1/cstdarg"
 654              		.file 33 "/usr/include/newlib/c++/9.2.1/bits/predefined_ops.h"
 655              		.file 34 "/usr/include/newlib/c++/9.2.1/ext/new_allocator.h"
 656              		.file 35 "/usr/include/newlib/c++/9.2.1/ext/numeric_traits.h"
 657              		.file 36 "/usr/include/newlib/sys/_types.h"
 658              		.file 37 "<built-in>"
 659              		.file 38 "/usr/include/newlib/sys/reent.h"
 660              		.file 39 "/usr/include/newlib/sys/lock.h"
 661              		.file 40 "/usr/include/newlib/math.h"
 662              		.file 41 "/usr/include/newlib/stdlib.h"
 663              		.file 42 "/usr/include/newlib/c++/9.2.1/math.h"
 664              		.file 43 "../../libdaisy/Drivers/STM32H7xx_HAL_Driver/Inc/stm32h7xx_hal_def.h"
 665              		.file 44 "../../libdaisy/Drivers/STM32H7xx_HAL_Driver/Inc/stm32h7xx_hal_flash.h"
 666              		.file 45 "../../DaisySP/Source/Control/adenv.h"
 667              		.file 46 "../../DaisySP/Source/Utility/dsp.h"
 668              		.file 47 "/usr/lib/gcc/arm-none-eabi/9.2.1/include/stdarg.h"
 669              		.file 48 "/usr/include/newlib/wchar.h"
 670              		.file 49 "/usr/include/newlib/locale.h"
 671              		.file 50 "/usr/include/newlib/ctype.h"
 672              		.file 51 "/usr/include/newlib/stdio.h"
 673              		.file 52 "/usr/include/newlib/sys/errno.h"
 674              		.file 53 "/usr/include/newlib/c++/9.2.1/stdlib.h"
 675              		.file 54 "/usr/include/newlib/string.h"
 676              		.file 55 "../../libdaisy/src/daisy_core.h"
 677              		.file 56 "../../libdaisy/src/per/tim.h"
 678              		.file 57 "../../libdaisy/src/per/sai.h"
 679              		.file 58 "../../libdaisy/src/util/wav_format.h"
 680              		.file 59 "../../libdaisy/src/per/qspi.h"
ARM GAS  /tmp/ccsHxKjo.s 			page 23


 681              		.file 60 "../../libdaisy/src/per/gpio.h"
 682              		.file 61 "../../libdaisy/src/dev/sdram.h"
 683              		.file 62 "/usr/include/newlib/sys/unistd.h"
 684              		.file 63 "../../libdaisy/src/util/oled_fonts.h"
 685              		.file 64 "../../libdaisy/Middlewares/Third_Party/FatFs/src/integer.h"
 686              		.file 65 "../../libdaisy/Middlewares/Third_Party/FatFs/src/ff.h"
 687              		.file 66 "../../libdaisy/Middlewares/Third_Party/FatFs/src/diskio.h"
 688              		.file 67 "../../libdaisy/Middlewares/Third_Party/FatFs/src/ff_gen_drv.h"
 689              		.file 68 "../../libdaisy/src/util/sd_diskio.h"
 690              		.file 69 "../../libdaisy/src/sys/fatfs.h"
 691              		.file 70 "../../libdaisy/src/dev/sr_595.h"
ARM GAS  /tmp/ccsHxKjo.s 			page 24


DEFINED SYMBOLS
                            *ABS*:0000000000000000 jitter.cpp
     /tmp/ccsHxKjo.s:17     .text._ZN7daisysp10OscillatorD2Ev:0000000000000000 $t
     /tmp/ccsHxKjo.s:26     .text._ZN7daisysp10OscillatorD2Ev:0000000000000000 _ZN7daisysp10OscillatorD2Ev
     /tmp/ccsHxKjo.s:26     .text._ZN7daisysp10OscillatorD2Ev:0000000000000000 _ZN7daisysp10OscillatorD1Ev
     /tmp/ccsHxKjo.s:43     .text._ZN7daisysp6JitterD2Ev:0000000000000000 $t
     /tmp/ccsHxKjo.s:51     .text._ZN7daisysp6JitterD2Ev:0000000000000000 _ZN7daisysp6JitterD2Ev
     /tmp/ccsHxKjo.s:51     .text._ZN7daisysp6JitterD2Ev:0000000000000000 _ZN7daisysp6JitterD1Ev
     /tmp/ccsHxKjo.s:68     .text._ZN5daisy9DaisySeedD2Ev:0000000000000000 $t
     /tmp/ccsHxKjo.s:76     .text._ZN5daisy9DaisySeedD2Ev:0000000000000000 _ZN5daisy9DaisySeedD2Ev
     /tmp/ccsHxKjo.s:76     .text._ZN5daisy9DaisySeedD2Ev:0000000000000000 _ZN5daisy9DaisySeedD1Ev
     /tmp/ccsHxKjo.s:117    .text._ZL13AudioCallbackPKfPfj:0000000000000000 $t
     /tmp/ccsHxKjo.s:124    .text._ZL13AudioCallbackPKfPfj:0000000000000000 _ZL13AudioCallbackPKfPfj
     /tmp/ccsHxKjo.s:217    .text._ZL13AudioCallbackPKfPfj:0000000000000038 $d
     /tmp/ccsHxKjo.s:223    .text.startup.main:0000000000000000 $t
     /tmp/ccsHxKjo.s:231    .text.startup.main:0000000000000000 main
     /tmp/ccsHxKjo.s:444    .text.startup.main:00000000000000a8 $d
     /tmp/ccsHxKjo.s:454    .text.startup._GLOBAL__sub_I_gate:0000000000000000 $t
     /tmp/ccsHxKjo.s:461    .text.startup._GLOBAL__sub_I_gate:0000000000000000 _GLOBAL__sub_I_gate
     /tmp/ccsHxKjo.s:587    .text.startup._GLOBAL__sub_I_gate:000000000000002c $d
     /tmp/ccsHxKjo.s:600    .init_array:0000000000000000 $d
     /tmp/ccsHxKjo.s:627    .bss.gate:0000000000000000 gate
     /tmp/ccsHxKjo.s:604    .bss._ZL3osc:0000000000000000 $d
     /tmp/ccsHxKjo.s:608    .bss._ZL3osc:0000000000000000 _ZL3osc
     /tmp/ccsHxKjo.s:611    .bss._ZL4seed:0000000000000000 $d
     /tmp/ccsHxKjo.s:615    .bss._ZL4seed:0000000000000000 _ZL4seed
     /tmp/ccsHxKjo.s:618    .bss._ZL6jitter:0000000000000000 $d
     /tmp/ccsHxKjo.s:622    .bss._ZL6jitter:0000000000000000 _ZL6jitter
     /tmp/ccsHxKjo.s:628    .bss.gate:0000000000000000 $d
                           .group:0000000000000000 _ZN7daisysp10OscillatorD5Ev
                           .group:0000000000000000 _ZN7daisysp6JitterD5Ev
                           .group:0000000000000000 _ZN5daisy9DaisySeedD5Ev

UNDEFINED SYMBOLS
_ZN7daisysp6Jitter7ProcessEv
_ZN7daisysp10Oscillator7ProcessEv
_ZN5daisy9DaisySeed9ConfigureEv
_ZN5daisy9DaisySeed4InitEb
_ZN5daisy9DaisySeed15AudioSampleRateEv
_ZN7daisysp10Oscillator12CalcPhaseIncEf
_ZN7daisysp6Jitter4InitEf
_ZN7daisysp6Jitter6SetAmpEf
_ZN7daisysp6Jitter9SetCpsMinEf
_ZN7daisysp6Jitter9SetCpsMaxEf
_ZN5daisy9DaisySeed10StartAudioEPFvPKfPfjE
__aeabi_atexit
__dso_handle
