ARM GAS  /tmp/ccASTG9A.s 			page 1


   1              		.cpu cortex-m7
   2              		.eabi_attribute 28, 1
   3              		.eabi_attribute 20, 1
   4              		.eabi_attribute 21, 1
   5              		.eabi_attribute 23, 3
   6              		.eabi_attribute 24, 1
   7              		.eabi_attribute 25, 1
   8              		.eabi_attribute 26, 1
   9              		.eabi_attribute 30, 2
  10              		.eabi_attribute 34, 1
  11              		.eabi_attribute 18, 4
  12              		.file	"biquad.cpp"
  13              		.text
  14              	.Ltext0:
  15              		.cfi_sections	.debug_frame
  16              		.section	.text._ZN7daisysp10OscillatorD2Ev,"axG",%progbits,_ZN7daisysp10OscillatorD5Ev,comdat
  17              		.align	1
  18              		.p2align 2,,3
  19              		.weak	_ZN7daisysp10OscillatorD2Ev
  20              		.arch armv7e-m
  21              		.syntax unified
  22              		.thumb
  23              		.thumb_func
  24              		.fpu fpv5-d16
  26              	_ZN7daisysp10OscillatorD2Ev:
  27              	.LVL0:
  28              	.LFB2797:
  29              		.file 1 "../../DaisySP/Source/Synthesis/oscillator.h"
   1:../../DaisySP/Source/Synthesis/oscillator.h **** #pragma once
   2:../../DaisySP/Source/Synthesis/oscillator.h **** #ifndef DSY_OSCILLATOR_H
   3:../../DaisySP/Source/Synthesis/oscillator.h **** #define DSY_OSCILLATOR_H
   4:../../DaisySP/Source/Synthesis/oscillator.h **** #include <stdint.h>
   5:../../DaisySP/Source/Synthesis/oscillator.h **** #include "Utility/dsp.h"
   6:../../DaisySP/Source/Synthesis/oscillator.h **** #ifdef __cplusplus
   7:../../DaisySP/Source/Synthesis/oscillator.h **** 
   8:../../DaisySP/Source/Synthesis/oscillator.h **** namespace daisysp
   9:../../DaisySP/Source/Synthesis/oscillator.h **** {
  10:../../DaisySP/Source/Synthesis/oscillator.h **** /** Synthesis of several waveforms, including polyBLEP bandlimited waveforms.
  11:../../DaisySP/Source/Synthesis/oscillator.h **** */
  12:../../DaisySP/Source/Synthesis/oscillator.h **** class Oscillator
  13:../../DaisySP/Source/Synthesis/oscillator.h **** {
  14:../../DaisySP/Source/Synthesis/oscillator.h ****   public:
  15:../../DaisySP/Source/Synthesis/oscillator.h ****     Oscillator() {}
  16:../../DaisySP/Source/Synthesis/oscillator.h ****     ~Oscillator() {}
  30              		.loc 1 16 5 view -0
  31              		.cfi_startproc
  32              		@ args = 0, pretend = 0, frame = 0
  33              		@ frame_needed = 0, uses_anonymous_args = 0
  34              		@ link register save eliminated.
  35              		.loc 1 16 20 is_stmt 0 view .LVU1
  36 0000 7047     		bx	lr
  37              		.cfi_endproc
  38              	.LFE2797:
  40              		.weak	_ZN7daisysp10OscillatorD1Ev
  41              		.thumb_set _ZN7daisysp10OscillatorD1Ev,_ZN7daisysp10OscillatorD2Ev
  42 0002 00BF     		.section	.text._ZN7daisysp6BiquadD2Ev,"axG",%progbits,_ZN7daisysp6BiquadD5Ev,comdat
  43              		.align	1
ARM GAS  /tmp/ccASTG9A.s 			page 2


  44              		.p2align 2,,3
  45              		.weak	_ZN7daisysp6BiquadD2Ev
  46              		.syntax unified
  47              		.thumb
  48              		.thumb_func
  49              		.fpu fpv5-d16
  51              	_ZN7daisysp6BiquadD2Ev:
  52              	.LVL1:
  53              	.LFB3061:
  54              		.file 2 "../../DaisySP/Source/Filters/biquad.h"
   1:../../DaisySP/Source/Filters/biquad.h **** #pragma once
   2:../../DaisySP/Source/Filters/biquad.h **** #ifndef DSY_BIQUAD_H
   3:../../DaisySP/Source/Filters/biquad.h **** #define DSY_BIQUAD_H
   4:../../DaisySP/Source/Filters/biquad.h **** 
   5:../../DaisySP/Source/Filters/biquad.h **** #include <stdint.h>
   6:../../DaisySP/Source/Filters/biquad.h **** #ifdef __cplusplus
   7:../../DaisySP/Source/Filters/biquad.h **** 
   8:../../DaisySP/Source/Filters/biquad.h **** namespace daisysp
   9:../../DaisySP/Source/Filters/biquad.h **** {
  10:../../DaisySP/Source/Filters/biquad.h **** /** Two pole recursive filter
  11:../../DaisySP/Source/Filters/biquad.h **** 
  12:../../DaisySP/Source/Filters/biquad.h ****     Original author(s) : Hans Mikelson
  13:../../DaisySP/Source/Filters/biquad.h **** 
  14:../../DaisySP/Source/Filters/biquad.h ****     Year: 1998
  15:../../DaisySP/Source/Filters/biquad.h **** 
  16:../../DaisySP/Source/Filters/biquad.h ****     Ported from soundpipe by Ben Sergentanis, May 2020
  17:../../DaisySP/Source/Filters/biquad.h **** */
  18:../../DaisySP/Source/Filters/biquad.h **** class Biquad
  19:../../DaisySP/Source/Filters/biquad.h **** {
  20:../../DaisySP/Source/Filters/biquad.h ****   public:
  21:../../DaisySP/Source/Filters/biquad.h ****     Biquad() {}
  22:../../DaisySP/Source/Filters/biquad.h ****     ~Biquad() {}
  55              		.loc 2 22 5 is_stmt 1 view -0
  56              		.cfi_startproc
  57              		@ args = 0, pretend = 0, frame = 0
  58              		@ frame_needed = 0, uses_anonymous_args = 0
  59              		@ link register save eliminated.
  60              		.loc 2 22 16 is_stmt 0 view .LVU3
  61 0000 7047     		bx	lr
  62              		.cfi_endproc
  63              	.LFE3061:
  65              		.weak	_ZN7daisysp6BiquadD1Ev
  66              		.thumb_set _ZN7daisysp6BiquadD1Ev,_ZN7daisysp6BiquadD2Ev
  67 0002 00BF     		.section	.text._ZN5daisy9DaisySeedD2Ev,"axG",%progbits,_ZN5daisy9DaisySeedD5Ev,comdat
  68              		.align	1
  69              		.p2align 2,,3
  70              		.weak	_ZN5daisy9DaisySeedD2Ev
  71              		.syntax unified
  72              		.thumb
  73              		.thumb_func
  74              		.fpu fpv5-d16
  76              	_ZN5daisy9DaisySeedD2Ev:
  77              	.LVL2:
  78              	.LFB4207:
  79              		.file 3 "../../libdaisy/src/daisy_seed.h"
   1:../../libdaisy/src/daisy_seed.h **** #pragma once
   2:../../libdaisy/src/daisy_seed.h **** #ifndef DSY_SEED_H
ARM GAS  /tmp/ccASTG9A.s 			page 3


   3:../../libdaisy/src/daisy_seed.h **** #define DSY_SEED_H
   4:../../libdaisy/src/daisy_seed.h **** 
   5:../../libdaisy/src/daisy_seed.h **** #include "daisy.h"
   6:../../libdaisy/src/daisy_seed.h **** 
   7:../../libdaisy/src/daisy_seed.h **** //Uncomment this out if you're still using the rev2 hardware
   8:../../libdaisy/src/daisy_seed.h **** //#define SEED_REV2
   9:../../libdaisy/src/daisy_seed.h **** 
  10:../../libdaisy/src/daisy_seed.h **** namespace daisy
  11:../../libdaisy/src/daisy_seed.h **** {
  12:../../libdaisy/src/daisy_seed.h **** /**
  13:../../libdaisy/src/daisy_seed.h ****    @brief This is the higher-level interface for the Daisy board. \n 
  14:../../libdaisy/src/daisy_seed.h ****     All basic peripheral configuration/initialization is setup here. \n
  15:../../libdaisy/src/daisy_seed.h **** 
  16:../../libdaisy/src/daisy_seed.h ****    @ingroup boards
  17:../../libdaisy/src/daisy_seed.h **** */
  18:../../libdaisy/src/daisy_seed.h **** class DaisySeed
  19:../../libdaisy/src/daisy_seed.h **** {
  20:../../libdaisy/src/daisy_seed.h ****   public:
  21:../../libdaisy/src/daisy_seed.h ****     DaisySeed() {}
  22:../../libdaisy/src/daisy_seed.h ****     ~DaisySeed() {}
  80              		.loc 3 22 5 is_stmt 1 view -0
  81              		.cfi_startproc
  82              		@ args = 0, pretend = 0, frame = 0
  83              		@ frame_needed = 0, uses_anonymous_args = 0
  84              		@ link register save eliminated.
  85              	.LBB86:
  86              	.LBI86:
  87              		.file 4 "../../libdaisy/src/sys/system.h"
   1:../../libdaisy/src/sys/system.h **** #ifndef DSY_SYSTEM_H
   2:../../libdaisy/src/sys/system.h **** #define DSY_SYSTEM_H
   3:../../libdaisy/src/sys/system.h **** 
   4:../../libdaisy/src/sys/system.h **** #ifndef UNIT_TEST // for unit tests, a dummy implementation is provided below
   5:../../libdaisy/src/sys/system.h **** 
   6:../../libdaisy/src/sys/system.h **** #include <cstdint>
   7:../../libdaisy/src/sys/system.h **** #include "per/tim.h"
   8:../../libdaisy/src/sys/system.h **** 
   9:../../libdaisy/src/sys/system.h **** namespace daisy
  10:../../libdaisy/src/sys/system.h **** {
  11:../../libdaisy/src/sys/system.h **** /** A handle for interacting with the Core System. 
  12:../../libdaisy/src/sys/system.h ****  ** This includes the Clock tree, MPU, global DMA initialization,
  13:../../libdaisy/src/sys/system.h ****  ** cache handling, and any other necessary global initiailzation
  14:../../libdaisy/src/sys/system.h ****  **
  15:../../libdaisy/src/sys/system.h ****  ** @author shensley
  16:../../libdaisy/src/sys/system.h ****  ** @addtogroup system
  17:../../libdaisy/src/sys/system.h ****  */
  18:../../libdaisy/src/sys/system.h **** class System
  19:../../libdaisy/src/sys/system.h **** {
  20:../../libdaisy/src/sys/system.h ****   public:
  21:../../libdaisy/src/sys/system.h ****     /** Contains settings for initializing the System */
  22:../../libdaisy/src/sys/system.h ****     struct Config
  23:../../libdaisy/src/sys/system.h ****     {
  24:../../libdaisy/src/sys/system.h ****         /** Specifies the system clock frequency that feeds APB/AHB clocks, etc. */
  25:../../libdaisy/src/sys/system.h ****         enum class SysClkFreq
  26:../../libdaisy/src/sys/system.h ****         {
  27:../../libdaisy/src/sys/system.h ****             FREQ_400MHZ,
  28:../../libdaisy/src/sys/system.h ****             FREQ_480MHZ,
  29:../../libdaisy/src/sys/system.h ****         };
ARM GAS  /tmp/ccASTG9A.s 			page 4


  30:../../libdaisy/src/sys/system.h **** 
  31:../../libdaisy/src/sys/system.h ****         /** Method to call on the struct to set to defaults
  32:../../libdaisy/src/sys/system.h ****          ** CPU Freq set to 400MHz
  33:../../libdaisy/src/sys/system.h ****          ** Cache Enabled 
  34:../../libdaisy/src/sys/system.h ****          ** */
  35:../../libdaisy/src/sys/system.h ****         void Defaults()
  36:../../libdaisy/src/sys/system.h ****         {
  37:../../libdaisy/src/sys/system.h ****             cpu_freq   = SysClkFreq::FREQ_400MHZ;
  38:../../libdaisy/src/sys/system.h ****             use_dcache = true;
  39:../../libdaisy/src/sys/system.h ****             use_icache = true;
  40:../../libdaisy/src/sys/system.h ****         }
  41:../../libdaisy/src/sys/system.h **** 
  42:../../libdaisy/src/sys/system.h ****         /** Method to call on the struct to set to boost mode:
  43:../../libdaisy/src/sys/system.h ****          ** CPU Freq set to 480MHz
  44:../../libdaisy/src/sys/system.h ****          ** Cache Enabled 
  45:../../libdaisy/src/sys/system.h ****          ** */
  46:../../libdaisy/src/sys/system.h ****         void Boost()
  47:../../libdaisy/src/sys/system.h ****         {
  48:../../libdaisy/src/sys/system.h ****             cpu_freq   = SysClkFreq::FREQ_480MHZ;
  49:../../libdaisy/src/sys/system.h ****             use_dcache = true;
  50:../../libdaisy/src/sys/system.h ****             use_icache = true;
  51:../../libdaisy/src/sys/system.h ****         }
  52:../../libdaisy/src/sys/system.h **** 
  53:../../libdaisy/src/sys/system.h ****         SysClkFreq cpu_freq;
  54:../../libdaisy/src/sys/system.h ****         bool       use_dcache;
  55:../../libdaisy/src/sys/system.h ****         bool       use_icache;
  56:../../libdaisy/src/sys/system.h ****     };
  57:../../libdaisy/src/sys/system.h **** 
  58:../../libdaisy/src/sys/system.h ****     System() {}
  59:../../libdaisy/src/sys/system.h ****     ~System() {}
  88              		.loc 4 59 5 view .LVU5
  89              		.loc 4 59 5 is_stmt 0 view .LVU6
  90              	.LBE86:
  91              	.LBB87:
  92              	.LBI87:
  93              		.file 5 "../../libdaisy/src/hid/usb.h"
   1:../../libdaisy/src/hid/usb.h **** #pragma once
   2:../../libdaisy/src/hid/usb.h **** #ifndef DSY_HID_USB_H
   3:../../libdaisy/src/hid/usb.h **** #define DSY_HID_USB_H
   4:../../libdaisy/src/hid/usb.h **** #include <stdint.h>
   5:../../libdaisy/src/hid/usb.h **** #include <stdlib.h>
   6:../../libdaisy/src/hid/usb.h **** 
   7:../../libdaisy/src/hid/usb.h **** namespace daisy
   8:../../libdaisy/src/hid/usb.h **** /** @addtogroup externals
   9:../../libdaisy/src/hid/usb.h ****     @{
  10:../../libdaisy/src/hid/usb.h **** */
  11:../../libdaisy/src/hid/usb.h **** 
  12:../../libdaisy/src/hid/usb.h **** {
  13:../../libdaisy/src/hid/usb.h **** /** 
  14:../../libdaisy/src/hid/usb.h ****     @brief Interface for initializing and using the USB Peripherals on the daisy
  15:../../libdaisy/src/hid/usb.h ****     @author Stephen Hensley
  16:../../libdaisy/src/hid/usb.h ****     @date December 2019
  17:../../libdaisy/src/hid/usb.h **** */
  18:../../libdaisy/src/hid/usb.h **** class UsbHandle
  19:../../libdaisy/src/hid/usb.h **** {
  20:../../libdaisy/src/hid/usb.h ****   public:
  21:../../libdaisy/src/hid/usb.h ****     /** Return values for USBHandle Functions */
ARM GAS  /tmp/ccASTG9A.s 			page 5


  22:../../libdaisy/src/hid/usb.h ****     enum class Result
  23:../../libdaisy/src/hid/usb.h ****     {
  24:../../libdaisy/src/hid/usb.h ****         OK,
  25:../../libdaisy/src/hid/usb.h ****         ERR,
  26:../../libdaisy/src/hid/usb.h ****     };
  27:../../libdaisy/src/hid/usb.h **** 
  28:../../libdaisy/src/hid/usb.h ****     /** Specified which of the two USB Peripherals to initialize. */
  29:../../libdaisy/src/hid/usb.h ****     enum UsbPeriph
  30:../../libdaisy/src/hid/usb.h ****     {
  31:../../libdaisy/src/hid/usb.h ****         FS_INTERNAL, /**< Internal pin */
  32:../../libdaisy/src/hid/usb.h ****         FS_EXTERNAL, /**< FS External D+ pin is Pin 38 (GPIO32). FS External D- pin is Pin 37 (GPIO
  33:../../libdaisy/src/hid/usb.h ****         FS_BOTH,     /**< Both */
  34:../../libdaisy/src/hid/usb.h ****     };
  35:../../libdaisy/src/hid/usb.h **** 
  36:../../libdaisy/src/hid/usb.h **** 
  37:../../libdaisy/src/hid/usb.h ****     /** Function called upon reception of a buffer */
  38:../../libdaisy/src/hid/usb.h ****     typedef void (*ReceiveCallback)(uint8_t* buff, uint32_t* len);
  39:../../libdaisy/src/hid/usb.h **** 
  40:../../libdaisy/src/hid/usb.h ****     UsbHandle() {}
  41:../../libdaisy/src/hid/usb.h **** 
  42:../../libdaisy/src/hid/usb.h ****     ~UsbHandle() {}
  94              		.loc 5 42 5 is_stmt 1 view .LVU7
  95              		.loc 5 42 5 is_stmt 0 view .LVU8
  96              	.LBE87:
  97              	.LBB88:
  98              	.LBI88:
  99              		.file 6 "../../libdaisy/src/per/adc.h"
   1:../../libdaisy/src/per/adc.h **** #pragma once
   2:../../libdaisy/src/per/adc.h **** #ifndef DSY_ADC_H
   3:../../libdaisy/src/per/adc.h **** #define DSY_ADC_H /**< Macro */
   4:../../libdaisy/src/per/adc.h **** #include <stdint.h>
   5:../../libdaisy/src/per/adc.h **** #include <stdlib.h>
   6:../../libdaisy/src/per/adc.h **** #include "daisy_core.h"
   7:../../libdaisy/src/per/adc.h **** #include "per/gpio.h"
   8:../../libdaisy/src/per/adc.h **** 
   9:../../libdaisy/src/per/adc.h **** #define DSY_ADC_MAX_CHANNELS 14 /**< Maximum number of ADC channels */
  10:../../libdaisy/src/per/adc.h **** 
  11:../../libdaisy/src/per/adc.h **** namespace daisy
  12:../../libdaisy/src/per/adc.h **** {
  13:../../libdaisy/src/per/adc.h **** /** @addtogroup analog_digital_conversion
  14:../../libdaisy/src/per/adc.h ****     @{
  15:../../libdaisy/src/per/adc.h **** */
  16:../../libdaisy/src/per/adc.h **** 
  17:../../libdaisy/src/per/adc.h **** /* While there may not be many configuration options here,
  18:../../libdaisy/src/per/adc.h **** using a struct like this allows us to add more configuration
  19:../../libdaisy/src/per/adc.h **** later without breaking existing functionality.
  20:../../libdaisy/src/per/adc.h **** */
  21:../../libdaisy/src/per/adc.h **** 
  22:../../libdaisy/src/per/adc.h **** /** Configuration Structure for a given channel */
  23:../../libdaisy/src/per/adc.h **** struct AdcChannelConfig
  24:../../libdaisy/src/per/adc.h **** {
  25:../../libdaisy/src/per/adc.h ****     /** Which pin to use for multiplexing */
  26:../../libdaisy/src/per/adc.h ****     enum MuxPin
  27:../../libdaisy/src/per/adc.h ****     {
  28:../../libdaisy/src/per/adc.h ****         MUX_SEL_0,    /**< & */
  29:../../libdaisy/src/per/adc.h ****         MUX_SEL_1,    /**< & */
  30:../../libdaisy/src/per/adc.h ****         MUX_SEL_2,    /**< & */
ARM GAS  /tmp/ccASTG9A.s 			page 6


  31:../../libdaisy/src/per/adc.h ****         MUX_SEL_LAST, /**< & */
  32:../../libdaisy/src/per/adc.h ****     };
  33:../../libdaisy/src/per/adc.h **** 
  34:../../libdaisy/src/per/adc.h ****     /** Initializes a single ADC pin as an ADC. 
  35:../../libdaisy/src/per/adc.h ****     \param pin Pin to init.
  36:../../libdaisy/src/per/adc.h ****      */
  37:../../libdaisy/src/per/adc.h ****     void InitSingle(dsy_gpio_pin pin);
  38:../../libdaisy/src/per/adc.h **** 
  39:../../libdaisy/src/per/adc.h ****     /** 
  40:../../libdaisy/src/per/adc.h ****     Initializes a single ADC pin as a Multiplexed ADC.
  41:../../libdaisy/src/per/adc.h ****     Requires a CD405X Multiplexer connected to the pin.
  42:../../libdaisy/src/per/adc.h ****     You only need to supply the mux pins that are required,
  43:../../libdaisy/src/per/adc.h ****     e.g. a 4052 mux would only require mux_0 and mux_1.
  44:../../libdaisy/src/per/adc.h ****     Internal Callbacks handle the pin addressing.
  45:../../libdaisy/src/per/adc.h ****     \param mux_channels must be 1-8
  46:../../libdaisy/src/per/adc.h ****     \param mux_0 First mux pin
  47:../../libdaisy/src/per/adc.h ****     \param mux_1 Second mux pin
  48:../../libdaisy/src/per/adc.h ****     \param mux_2 Third mux pin
  49:../../libdaisy/src/per/adc.h ****     \param adc_pin &
  50:../../libdaisy/src/per/adc.h ****     */
  51:../../libdaisy/src/per/adc.h ****     void InitMux(dsy_gpio_pin adc_pin,
  52:../../libdaisy/src/per/adc.h ****                  size_t       mux_channels,
  53:../../libdaisy/src/per/adc.h ****                  dsy_gpio_pin mux_0,
  54:../../libdaisy/src/per/adc.h ****                  dsy_gpio_pin mux_1 = {DSY_GPIOX, 0},
  55:../../libdaisy/src/per/adc.h ****                  dsy_gpio_pin mux_2 = {DSY_GPIOX, 0});
  56:../../libdaisy/src/per/adc.h **** 
  57:../../libdaisy/src/per/adc.h ****     dsy_gpio pin_;                   /**< & */
  58:../../libdaisy/src/per/adc.h ****     dsy_gpio mux_pin_[MUX_SEL_LAST]; /**< & */
  59:../../libdaisy/src/per/adc.h ****     uint8_t  mux_channels_;          /**< & */
  60:../../libdaisy/src/per/adc.h **** };
  61:../../libdaisy/src/per/adc.h **** 
  62:../../libdaisy/src/per/adc.h **** /**
  63:../../libdaisy/src/per/adc.h ****    Handler for analog to digital conversion
  64:../../libdaisy/src/per/adc.h **** */
  65:../../libdaisy/src/per/adc.h **** class AdcHandle
  66:../../libdaisy/src/per/adc.h **** {
  67:../../libdaisy/src/per/adc.h ****   public:
  68:../../libdaisy/src/per/adc.h ****     /** Supported oversampling amounts */
  69:../../libdaisy/src/per/adc.h ****     enum OverSampling
  70:../../libdaisy/src/per/adc.h ****     {
  71:../../libdaisy/src/per/adc.h ****         OVS_NONE, /**< & */
  72:../../libdaisy/src/per/adc.h ****         OVS_4,    /**< & */
  73:../../libdaisy/src/per/adc.h ****         OVS_8,    /**< & */
  74:../../libdaisy/src/per/adc.h ****         OVS_16,   /**< & */
  75:../../libdaisy/src/per/adc.h ****         OVS_32,   /**< & */
  76:../../libdaisy/src/per/adc.h ****         OVS_64,   /**< & */
  77:../../libdaisy/src/per/adc.h ****         OVS_128,  /**< & */
  78:../../libdaisy/src/per/adc.h ****         OVS_256,  /**< & */
  79:../../libdaisy/src/per/adc.h ****         OVS_512,  /**< & */
  80:../../libdaisy/src/per/adc.h ****         OVS_1024, /**< & */
  81:../../libdaisy/src/per/adc.h ****         OVS_LAST, /**< & */
  82:../../libdaisy/src/per/adc.h ****     };
  83:../../libdaisy/src/per/adc.h **** 
  84:../../libdaisy/src/per/adc.h ****     AdcHandle() {}
  85:../../libdaisy/src/per/adc.h ****     ~AdcHandle() {}
 100              		.loc 6 85 5 is_stmt 1 view .LVU9
 101              		.loc 6 85 5 is_stmt 0 view .LVU10
ARM GAS  /tmp/ccASTG9A.s 			page 7


 102              	.LBE88:
 103              	.LBB89:
 104              	.LBI89:
 105              		.file 7 "../../libdaisy/src/hid/audio.h"
   1:../../libdaisy/src/hid/audio.h **** #ifndef DSY_AUDIO_H
   2:../../libdaisy/src/hid/audio.h **** #define DSY_AUDIO_H /**< & */
   3:../../libdaisy/src/hid/audio.h **** 
   4:../../libdaisy/src/hid/audio.h **** #include "per/sai.h"
   5:../../libdaisy/src/hid/audio.h **** 
   6:../../libdaisy/src/hid/audio.h **** namespace daisy
   7:../../libdaisy/src/hid/audio.h **** {
   8:../../libdaisy/src/hid/audio.h **** class AudioHandle
   9:../../libdaisy/src/hid/audio.h **** {
  10:../../libdaisy/src/hid/audio.h ****   public:
  11:../../libdaisy/src/hid/audio.h ****     /** Manually configurable details about the Audio Engine */
  12:../../libdaisy/src/hid/audio.h ****     /** TODO: Figure out how to get samplerate in here. */
  13:../../libdaisy/src/hid/audio.h ****     struct Config
  14:../../libdaisy/src/hid/audio.h ****     {
  15:../../libdaisy/src/hid/audio.h ****         size_t                        blocksize;
  16:../../libdaisy/src/hid/audio.h ****         SaiHandle::Config::SampleRate samplerate;
  17:../../libdaisy/src/hid/audio.h ****         float                         postgain;
  18:../../libdaisy/src/hid/audio.h ****     };
  19:../../libdaisy/src/hid/audio.h **** 
  20:../../libdaisy/src/hid/audio.h ****     enum class Result
  21:../../libdaisy/src/hid/audio.h ****     {
  22:../../libdaisy/src/hid/audio.h ****         OK,
  23:../../libdaisy/src/hid/audio.h ****         ERR,
  24:../../libdaisy/src/hid/audio.h ****     };
  25:../../libdaisy/src/hid/audio.h **** 
  26:../../libdaisy/src/hid/audio.h ****     /** Non-Interleaving input buffer
  27:../../libdaisy/src/hid/audio.h ****      * Buffer arranged by float[chn][sample] 
  28:../../libdaisy/src/hid/audio.h ****      * const so that the user can't modify the input
  29:../../libdaisy/src/hid/audio.h ****     */
  30:../../libdaisy/src/hid/audio.h ****     typedef const float* const* InputBuffer;
  31:../../libdaisy/src/hid/audio.h **** 
  32:../../libdaisy/src/hid/audio.h ****     /** Non-Interleaving output buffer
  33:../../libdaisy/src/hid/audio.h ****      * Arranged by float[chn][sample] 
  34:../../libdaisy/src/hid/audio.h ****     */
  35:../../libdaisy/src/hid/audio.h ****     typedef float** OutputBuffer;
  36:../../libdaisy/src/hid/audio.h **** 
  37:../../libdaisy/src/hid/audio.h ****     /** Type for a Non-Interleaving audio callback 
  38:../../libdaisy/src/hid/audio.h ****    * Non-Interleaving audio callbacks in daisy will be of this type
  39:../../libdaisy/src/hid/audio.h ****   */
  40:../../libdaisy/src/hid/audio.h ****     typedef void (*AudioCallback)(InputBuffer  in,
  41:../../libdaisy/src/hid/audio.h ****                                   OutputBuffer out,
  42:../../libdaisy/src/hid/audio.h ****                                   size_t       size);
  43:../../libdaisy/src/hid/audio.h **** 
  44:../../libdaisy/src/hid/audio.h ****     /** Interleaving Input buffer
  45:../../libdaisy/src/hid/audio.h ****      ** audio is prepared as { L0, R0, L1, R1, . . . LN, RN }]
  46:../../libdaisy/src/hid/audio.h ****      ** this is const, as the user shouldn't modify it
  47:../../libdaisy/src/hid/audio.h ****     */
  48:../../libdaisy/src/hid/audio.h ****     typedef const float* InterleavingInputBuffer;
  49:../../libdaisy/src/hid/audio.h **** 
  50:../../libdaisy/src/hid/audio.h ****     /** Interleaving Output buffer 
  51:../../libdaisy/src/hid/audio.h ****      ** audio is prepared as { L0, R0, L1, R1, . . . LN, RN }
  52:../../libdaisy/src/hid/audio.h ****     */
  53:../../libdaisy/src/hid/audio.h ****     typedef float* InterleavingOutputBuffer;
ARM GAS  /tmp/ccASTG9A.s 			page 8


  54:../../libdaisy/src/hid/audio.h **** 
  55:../../libdaisy/src/hid/audio.h ****     /** Interleaving Audio Callback 
  56:../../libdaisy/src/hid/audio.h ****    * Interleaving audio callbacks in daisy must be of this type
  57:../../libdaisy/src/hid/audio.h ****   */
  58:../../libdaisy/src/hid/audio.h ****     typedef void (*InterleavingAudioCallback)(InterleavingInputBuffer  in,
  59:../../libdaisy/src/hid/audio.h ****                                               InterleavingOutputBuffer out,
  60:../../libdaisy/src/hid/audio.h ****                                               size_t                   size);
  61:../../libdaisy/src/hid/audio.h **** 
  62:../../libdaisy/src/hid/audio.h ****     AudioHandle() : pimpl_(nullptr) {}
  63:../../libdaisy/src/hid/audio.h ****     ~AudioHandle() {}
 106              		.loc 7 63 5 is_stmt 1 view .LVU11
 107              		.loc 7 63 5 is_stmt 0 view .LVU12
 108              	.LBE89:
 109              		.loc 3 22 19 view .LVU13
 110 0000 7047     		bx	lr
 111              		.cfi_endproc
 112              	.LFE4207:
 114              		.weak	_ZN5daisy9DaisySeedD1Ev
 115              		.thumb_set _ZN5daisy9DaisySeedD1Ev,_ZN5daisy9DaisySeedD2Ev
 116 0002 00BF     		.section	.text._ZL13AudioCallbackPKfPfj,"ax",%progbits
 117              		.align	1
 118              		.p2align 2,,3
 119              		.syntax unified
 120              		.thumb
 121              		.thumb_func
 122              		.fpu fpv5-d16
 124              	_ZL13AudioCallbackPKfPfj:
 125              	.LVL3:
 126              	.LFB4212:
 127              		.file 8 "biquad.cpp"
   1:biquad.cpp    **** #include "daisysp.h"
   2:biquad.cpp    **** #include "daisy_seed.h"
   3:biquad.cpp    **** 
   4:biquad.cpp    **** using namespace daisysp;
   5:biquad.cpp    **** using namespace daisy;
   6:biquad.cpp    **** 
   7:biquad.cpp    **** static DaisySeed  seed;
   8:biquad.cpp    **** static Biquad     flt;
   9:biquad.cpp    **** static Oscillator osc, lfo;
  10:biquad.cpp    **** 
  11:biquad.cpp    **** static void AudioCallback(AudioHandle::InterleavingInputBuffer  in,
  12:biquad.cpp    ****                           AudioHandle::InterleavingOutputBuffer out,
  13:biquad.cpp    ****                           size_t                                size)
  14:biquad.cpp    **** {
 128              		.loc 8 14 1 is_stmt 1 view -0
 129              		.cfi_startproc
 130              		@ args = 0, pretend = 0, frame = 8
 131              		@ frame_needed = 0, uses_anonymous_args = 0
  15:biquad.cpp    ****     float saw, freq, output;
 132              		.loc 8 15 5 view .LVU15
  16:biquad.cpp    ****     for(size_t i = 0; i < size; i += 2)
 133              		.loc 8 16 5 view .LVU16
 134              	.LBB90:
 135              		.loc 8 16 25 view .LVU17
 136 0000 72B3     		cbz	r2, .L13
 137 0002 013A     		subs	r2, r2, #1
 138              	.LVL4:
ARM GAS  /tmp/ccASTG9A.s 			page 9


 139              		.loc 8 16 25 is_stmt 0 view .LVU18
 140              	.LBE90:
  14:biquad.cpp    ****     float saw, freq, output;
 141              		.loc 8 14 1 view .LVU19
 142 0004 F0B5     		push	{r4, r5, r6, r7, lr}
 143              		.cfi_def_cfa_offset 20
 144              		.cfi_offset 4, -20
 145              		.cfi_offset 5, -16
 146              		.cfi_offset 6, -12
 147              		.cfi_offset 7, -8
 148              		.cfi_offset 14, -4
 149 0006 0C46     		mov	r4, r1
 150              	.LBB95:
 151              		.loc 8 16 16 view .LVU20
 152 0008 0025     		movs	r5, #0
 153 000a 164F     		ldr	r7, .L16
 154 000c 22F00106 		bic	r6, r2, #1
 155              	.LBE95:
  14:biquad.cpp    ****     float saw, freq, output;
 156              		.loc 8 14 1 view .LVU21
 157 0010 2DED028B 		vpush.64	{d8}
 158              		.cfi_def_cfa_offset 28
 159              		.cfi_offset 80, -28
 160              		.cfi_offset 81, -24
 161 0014 83B0     		sub	sp, sp, #12
 162              		.cfi_def_cfa_offset 40
 163              	.LVL5:
 164              	.L7:
 165              	.LBB96:
  17:biquad.cpp    ****     {
  18:biquad.cpp    ****         freq = 10000 + (lfo.Process() * 10000);
 166              		.loc 8 18 9 is_stmt 1 discriminator 2 view .LVU22
 167              		.loc 8 18 36 is_stmt 0 discriminator 2 view .LVU23
 168 0016 1448     		ldr	r0, .L16+4
 169 0018 0834     		adds	r4, r4, #8
 170 001a FFF7FEFF 		bl	_ZN7daisysp10Oscillator7ProcessEv
 171              	.LVL6:
 172              		.loc 8 18 14 discriminator 2 view .LVU24
 173 001e DFED137A 		vldr.32	s15, .L16+8
  19:biquad.cpp    ****         saw  = osc.Process();
 174              		.loc 8 19 27 discriminator 2 view .LVU25
 175 0022 1348     		ldr	r0, .L16+12
  18:biquad.cpp    ****         saw  = osc.Process();
 176              		.loc 8 18 14 discriminator 2 view .LVU26
 177 0024 E0EE277A 		vfma.f32	s15, s0, s15
 178 0028 B0EE678A 		vmov.f32	s16, s15
 179              	.LVL7:
 180              		.loc 8 19 9 is_stmt 1 discriminator 2 view .LVU27
 181              		.loc 8 19 27 is_stmt 0 discriminator 2 view .LVU28
 182 002c FFF7FEFF 		bl	_ZN7daisysp10Oscillator7ProcessEv
 183              	.LVL8:
 184              	.LBB91:
 185              	.LBB92:
  23:../../DaisySP/Source/Filters/biquad.h ****     /** Initializes the biquad module.
  24:../../DaisySP/Source/Filters/biquad.h ****         \param sample_rate - The sample rate of the audio engine being run. 
  25:../../DaisySP/Source/Filters/biquad.h ****     */
  26:../../DaisySP/Source/Filters/biquad.h ****     void Init(float sample_rate);
ARM GAS  /tmp/ccASTG9A.s 			page 10


  27:../../DaisySP/Source/Filters/biquad.h **** 
  28:../../DaisySP/Source/Filters/biquad.h **** 
  29:../../DaisySP/Source/Filters/biquad.h ****     /** Filters the input signal
  30:../../DaisySP/Source/Filters/biquad.h ****         \return filtered output
  31:../../DaisySP/Source/Filters/biquad.h ****     */
  32:../../DaisySP/Source/Filters/biquad.h ****     float Process(float in);
  33:../../DaisySP/Source/Filters/biquad.h **** 
  34:../../DaisySP/Source/Filters/biquad.h **** 
  35:../../DaisySP/Source/Filters/biquad.h ****     /** Sets resonance amount
  36:../../DaisySP/Source/Filters/biquad.h ****         \param res : Set filter resonance.
  37:../../DaisySP/Source/Filters/biquad.h ****     */
  38:../../DaisySP/Source/Filters/biquad.h ****     inline void SetRes(float res)
  39:../../DaisySP/Source/Filters/biquad.h ****     {
  40:../../DaisySP/Source/Filters/biquad.h ****         res_ = res;
  41:../../DaisySP/Source/Filters/biquad.h ****         Reset();
  42:../../DaisySP/Source/Filters/biquad.h ****     }
  43:../../DaisySP/Source/Filters/biquad.h **** 
  44:../../DaisySP/Source/Filters/biquad.h **** 
  45:../../DaisySP/Source/Filters/biquad.h ****     /** Sets filter cutoff in Hz
  46:../../DaisySP/Source/Filters/biquad.h ****         \param cutoff : Set filter cutoff.
  47:../../DaisySP/Source/Filters/biquad.h ****     */
  48:../../DaisySP/Source/Filters/biquad.h ****     inline void SetCutoff(float cutoff)
  49:../../DaisySP/Source/Filters/biquad.h ****     {
  50:../../DaisySP/Source/Filters/biquad.h ****         cutoff_ = cutoff;
  51:../../DaisySP/Source/Filters/biquad.h ****         Reset();
 186              		.loc 2 51 14 discriminator 2 view .LVU29
 187 0030 0C48     		ldr	r0, .L16
 188              	.LBE92:
 189              	.LBE91:
 190              		.loc 8 19 27 discriminator 2 view .LVU30
 191 0032 8DED010A 		vstr.32	s0, [sp, #4]	@ int
 192              	.LVL9:
  20:biquad.cpp    **** 
  21:biquad.cpp    ****         flt.SetCutoff(freq);
 193              		.loc 8 21 9 is_stmt 1 discriminator 2 view .LVU31
 194              	.LBB94:
 195              	.LBI91:
  48:../../DaisySP/Source/Filters/biquad.h ****     {
 196              		.loc 2 48 17 discriminator 2 view .LVU32
 197              	.LBB93:
  50:../../DaisySP/Source/Filters/biquad.h ****         Reset();
 198              		.loc 2 50 9 discriminator 2 view .LVU33
  50:../../DaisySP/Source/Filters/biquad.h ****         Reset();
 199              		.loc 2 50 17 is_stmt 0 discriminator 2 view .LVU34
 200 0036 87ED018A 		vstr.32	s16, [r7, #4]
 201              		.loc 2 51 9 is_stmt 1 discriminator 2 view .LVU35
 202              		.loc 2 51 14 is_stmt 0 discriminator 2 view .LVU36
 203 003a FFF7FEFF 		bl	_ZN7daisysp6Biquad5ResetEv
 204              	.LVL10:
 205              		.loc 2 51 14 discriminator 2 view .LVU37
 206              	.LBE93:
 207              	.LBE94:
  22:biquad.cpp    ****         output = flt.Process(saw);
 208              		.loc 8 22 9 is_stmt 1 discriminator 2 view .LVU38
 209              		.loc 8 22 29 is_stmt 0 discriminator 2 view .LVU39
 210 003e 9DED010A 		vldr.32	s0, [sp, #4]	@ int
 211 0042 0848     		ldr	r0, .L16
ARM GAS  /tmp/ccASTG9A.s 			page 11


 212 0044 FFF7FEFF 		bl	_ZN7daisysp6Biquad7ProcessEf
 213              	.LVL11:
  23:biquad.cpp    **** 
  24:biquad.cpp    ****         // left out
  25:biquad.cpp    ****         out[i] = output;
 214              		.loc 8 25 9 is_stmt 1 discriminator 2 view .LVU40
  16:biquad.cpp    ****     {
 215              		.loc 8 16 25 is_stmt 0 discriminator 2 view .LVU41
 216 0048 B542     		cmp	r5, r6
 217              		.loc 8 25 16 discriminator 2 view .LVU42
 218 004a 04ED020A 		vstr.32	s0, [r4, #-8]
  26:biquad.cpp    **** 
  27:biquad.cpp    ****         // right out
  28:biquad.cpp    ****         out[i + 1] = output;
 219              		.loc 8 28 9 is_stmt 1 discriminator 2 view .LVU43
  16:biquad.cpp    ****     {
 220              		.loc 8 16 25 is_stmt 0 discriminator 2 view .LVU44
 221 004e 05F10205 		add	r5, r5, #2
 222              	.LVL12:
 223              		.loc 8 28 20 discriminator 2 view .LVU45
 224 0052 04ED010A 		vstr.32	s0, [r4, #-4]
  16:biquad.cpp    ****     {
 225              		.loc 8 16 5 is_stmt 1 discriminator 2 view .LVU46
 226              	.LVL13:
  16:biquad.cpp    ****     {
 227              		.loc 8 16 25 discriminator 2 view .LVU47
 228 0056 DED1     		bne	.L7
 229              	.LBE96:
  29:biquad.cpp    ****     }
  30:biquad.cpp    **** }
 230              		.loc 8 30 1 is_stmt 0 view .LVU48
 231 0058 03B0     		add	sp, sp, #12
 232              		.cfi_def_cfa_offset 28
 233              		@ sp needed
 234 005a BDEC028B 		vldm	sp!, {d8}
 235              		.cfi_restore 80
 236              		.cfi_restore 81
 237              		.cfi_def_cfa_offset 20
 238              	.LVL14:
 239              		.loc 8 30 1 view .LVU49
 240 005e F0BD     		pop	{r4, r5, r6, r7, pc}
 241              	.LVL15:
 242              	.L13:
 243              		.cfi_def_cfa_offset 0
 244              		.cfi_restore 4
 245              		.cfi_restore 5
 246              		.cfi_restore 6
 247              		.cfi_restore 7
 248              		.cfi_restore 14
 249              		.loc 8 30 1 view .LVU50
 250 0060 7047     		bx	lr
 251              	.L17:
 252 0062 00BF     		.align	2
 253              	.L16:
 254 0064 00000000 		.word	.LANCHOR2
 255 0068 00000000 		.word	.LANCHOR0
 256 006c 00401C46 		.word	1176256512
ARM GAS  /tmp/ccASTG9A.s 			page 12


 257 0070 00000000 		.word	.LANCHOR1
 258              		.cfi_endproc
 259              	.LFE4212:
 261              		.section	.text.startup.main,"ax",%progbits
 262              		.align	1
 263              		.p2align 2,,3
 264              		.global	main
 265              		.syntax unified
 266              		.thumb
 267              		.thumb_func
 268              		.fpu fpv5-d16
 270              	main:
 271              	.LFB4213:
  31:biquad.cpp    **** 
  32:biquad.cpp    **** int main(void)
  33:biquad.cpp    **** {
 272              		.loc 8 33 1 is_stmt 1 view -0
 273              		.cfi_startproc
 274              		@ args = 0, pretend = 0, frame = 0
 275              		@ frame_needed = 0, uses_anonymous_args = 0
  34:biquad.cpp    ****     // initialize seed hardware and daisysp modules
  35:biquad.cpp    ****     float sample_rate;
 276              		.loc 8 35 5 view .LVU52
  36:biquad.cpp    ****     seed.Configure();
 277              		.loc 8 36 5 view .LVU53
  33:biquad.cpp    ****     // initialize seed hardware and daisysp modules
 278              		.loc 8 33 1 is_stmt 0 view .LVU54
 279 0000 2DE9F041 		push	{r4, r5, r6, r7, r8, lr}
 280              		.cfi_def_cfa_offset 24
 281              		.cfi_offset 4, -24
 282              		.cfi_offset 5, -20
 283              		.cfi_offset 6, -16
 284              		.cfi_offset 7, -12
 285              		.cfi_offset 8, -8
 286              		.cfi_offset 14, -4
 287              		.loc 8 36 19 view .LVU55
 288 0004 3548     		ldr	r0, .L21
 289              	.LBB97:
 290              	.LBB98:
  17:../../DaisySP/Source/Synthesis/oscillator.h ****     /** Choices for output waveforms, POLYBLEP are appropriately labeled. Others are naive forms.
  18:../../DaisySP/Source/Synthesis/oscillator.h ****     */
  19:../../DaisySP/Source/Synthesis/oscillator.h ****     enum
  20:../../DaisySP/Source/Synthesis/oscillator.h ****     {
  21:../../DaisySP/Source/Synthesis/oscillator.h ****         WAVE_SIN,
  22:../../DaisySP/Source/Synthesis/oscillator.h ****         WAVE_TRI,
  23:../../DaisySP/Source/Synthesis/oscillator.h ****         WAVE_SAW,
  24:../../DaisySP/Source/Synthesis/oscillator.h ****         WAVE_RAMP,
  25:../../DaisySP/Source/Synthesis/oscillator.h ****         WAVE_SQUARE,
  26:../../DaisySP/Source/Synthesis/oscillator.h ****         WAVE_POLYBLEP_TRI,
  27:../../DaisySP/Source/Synthesis/oscillator.h ****         WAVE_POLYBLEP_SAW,
  28:../../DaisySP/Source/Synthesis/oscillator.h ****         WAVE_POLYBLEP_SQUARE,
  29:../../DaisySP/Source/Synthesis/oscillator.h ****         WAVE_LAST,
  30:../../DaisySP/Source/Synthesis/oscillator.h ****     };
  31:../../DaisySP/Source/Synthesis/oscillator.h **** 
  32:../../DaisySP/Source/Synthesis/oscillator.h **** 
  33:../../DaisySP/Source/Synthesis/oscillator.h ****     /** Initializes the Oscillator
  34:../../DaisySP/Source/Synthesis/oscillator.h **** 
ARM GAS  /tmp/ccASTG9A.s 			page 13


  35:../../DaisySP/Source/Synthesis/oscillator.h ****         \param sample_rate - sample rate of the audio engine being run, and the frequency that the 
  36:../../DaisySP/Source/Synthesis/oscillator.h **** 
  37:../../DaisySP/Source/Synthesis/oscillator.h ****         Defaults:
  38:../../DaisySP/Source/Synthesis/oscillator.h ****         - freq_ = 100 Hz
  39:../../DaisySP/Source/Synthesis/oscillator.h ****         - amp_ = 0.5
  40:../../DaisySP/Source/Synthesis/oscillator.h ****         - waveform_ = sine wave.
  41:../../DaisySP/Source/Synthesis/oscillator.h ****     */
  42:../../DaisySP/Source/Synthesis/oscillator.h ****     void Init(float sample_rate)
  43:../../DaisySP/Source/Synthesis/oscillator.h ****     {
  44:../../DaisySP/Source/Synthesis/oscillator.h ****         sr_        = sample_rate;
  45:../../DaisySP/Source/Synthesis/oscillator.h ****         sr_recip_  = 1.0f / sample_rate;
  46:../../DaisySP/Source/Synthesis/oscillator.h ****         freq_      = 100.0f;
  47:../../DaisySP/Source/Synthesis/oscillator.h ****         amp_       = 0.5f;
 291              		.loc 1 47 20 view .LVU56
 292 0006 4FF07C58 		mov	r8, #1056964608
 293              	.LBE98:
 294              	.LBE97:
  37:biquad.cpp    ****     seed.Init();
  38:biquad.cpp    ****     sample_rate = seed.AudioSampleRate();
  39:biquad.cpp    **** 
  40:biquad.cpp    ****     // initialize Biquad and set parameters
  41:biquad.cpp    ****     flt.Init(sample_rate);
 295              		.loc 8 41 13 view .LVU57
 296 000a 354C     		ldr	r4, .L21+4
 297              	.LBB106:
 298              	.LBB99:
  48:../../DaisySP/Source/Synthesis/oscillator.h ****         phase_     = 0.0f;
 299              		.loc 1 48 20 view .LVU58
 300 000c 0027     		movs	r7, #0
  44:../../DaisySP/Source/Synthesis/oscillator.h ****         sr_recip_  = 1.0f / sample_rate;
 301              		.loc 1 44 20 view .LVU59
 302 000e 354D     		ldr	r5, .L21+8
  49:../../DaisySP/Source/Synthesis/oscillator.h ****         phase_inc_ = CalcPhaseInc(freq_);
  50:../../DaisySP/Source/Synthesis/oscillator.h ****         waveform_  = WAVE_SIN;
  51:../../DaisySP/Source/Synthesis/oscillator.h ****         eoc_       = true;
  52:../../DaisySP/Source/Synthesis/oscillator.h ****         eor_       = true;
 303              		.loc 1 52 20 view .LVU60
 304 0010 40F20116 		movw	r6, #257
 305              	.LBE99:
 306              	.LBE106:
  33:biquad.cpp    ****     // initialize seed hardware and daisysp modules
 307              		.loc 8 33 1 view .LVU61
 308 0014 2DED048B 		vpush.64	{d8, d9}
 309              		.cfi_def_cfa_offset 40
 310              		.cfi_offset 80, -40
 311              		.cfi_offset 81, -36
 312              		.cfi_offset 82, -32
 313              		.cfi_offset 83, -28
  36:biquad.cpp    ****     seed.Init();
 314              		.loc 8 36 19 view .LVU62
 315 0018 FFF7FEFF 		bl	_ZN5daisy9DaisySeed9ConfigureEv
 316              	.LVL16:
  37:biquad.cpp    ****     sample_rate = seed.AudioSampleRate();
 317              		.loc 8 37 5 is_stmt 1 view .LVU63
  37:biquad.cpp    ****     sample_rate = seed.AudioSampleRate();
 318              		.loc 8 37 14 is_stmt 0 view .LVU64
 319 001c 0021     		movs	r1, #0
ARM GAS  /tmp/ccASTG9A.s 			page 14


 320 001e 2F48     		ldr	r0, .L21
 321              	.LBB107:
 322              	.LBB100:
  45:../../DaisySP/Source/Synthesis/oscillator.h ****         freq_      = 100.0f;
 323              		.loc 1 45 27 view .LVU65
 324 0020 F7EE009A 		vmov.f32	s19, #1.0e+0
 325              	.LBE100:
 326              	.LBE107:
  37:biquad.cpp    ****     sample_rate = seed.AudioSampleRate();
 327              		.loc 8 37 14 view .LVU66
 328 0024 FFF7FEFF 		bl	_ZN5daisy9DaisySeed4InitEb
 329              	.LVL17:
  38:biquad.cpp    **** 
 330              		.loc 8 38 5 is_stmt 1 view .LVU67
  38:biquad.cpp    **** 
 331              		.loc 8 38 39 is_stmt 0 view .LVU68
 332 0028 2C48     		ldr	r0, .L21
 333 002a FFF7FEFF 		bl	_ZN5daisy9DaisySeed15AudioSampleRateEv
 334              	.LVL18:
 335              		.loc 8 41 13 view .LVU69
 336 002e 2046     		mov	r0, r4
  38:biquad.cpp    **** 
 337              		.loc 8 38 39 view .LVU70
 338 0030 F0EE408A 		vmov.f32	s17, s0
 339              	.LVL19:
 340              		.loc 8 41 5 is_stmt 1 view .LVU71
 341              		.loc 8 41 13 is_stmt 0 view .LVU72
 342 0034 FFF7FEFF 		bl	_ZN7daisysp6Biquad4InitEf
 343              	.LVL20:
  42:biquad.cpp    ****     flt.SetRes(0.7);
 344              		.loc 8 42 5 is_stmt 1 view .LVU73
 345              	.LBB108:
 346              	.LBI108:
  38:../../DaisySP/Source/Filters/biquad.h ****     {
 347              		.loc 2 38 17 view .LVU74
 348              	.LBB109:
  40:../../DaisySP/Source/Filters/biquad.h ****         Reset();
 349              		.loc 2 40 9 view .LVU75
  40:../../DaisySP/Source/Filters/biquad.h ****         Reset();
 350              		.loc 2 40 14 is_stmt 0 view .LVU76
 351 0038 2B4B     		ldr	r3, .L21+12
  41:../../DaisySP/Source/Filters/biquad.h ****     }
 352              		.loc 2 41 14 view .LVU77
 353 003a 2046     		mov	r0, r4
 354              	.LBE109:
 355              	.LBE108:
 356              	.LBB111:
 357              	.LBB101:
  46:../../DaisySP/Source/Synthesis/oscillator.h ****         amp_       = 0.5f;
 358              		.loc 1 46 20 view .LVU78
 359 003c 9FED2B8A 		vldr.32	s16, .L21+16
 360              	.LBE101:
 361              	.LBE111:
 362              	.LBB112:
 363              	.LBB110:
  40:../../DaisySP/Source/Filters/biquad.h ****         Reset();
 364              		.loc 2 40 14 view .LVU79
ARM GAS  /tmp/ccASTG9A.s 			page 15


 365 0040 A360     		str	r3, [r4, #8]	@ float
  41:../../DaisySP/Source/Filters/biquad.h ****     }
 366              		.loc 2 41 9 is_stmt 1 view .LVU80
  41:../../DaisySP/Source/Filters/biquad.h ****     }
 367              		.loc 2 41 14 is_stmt 0 view .LVU81
 368 0042 FFF7FEFF 		bl	_ZN7daisysp6Biquad5ResetEv
 369              	.LVL21:
  41:../../DaisySP/Source/Filters/biquad.h ****     }
 370              		.loc 2 41 14 view .LVU82
 371              	.LBE110:
 372              	.LBE112:
  43:biquad.cpp    **** 
  44:biquad.cpp    ****     // set parameters for sine oscillator object
  45:biquad.cpp    ****     lfo.Init(sample_rate);
 373              		.loc 8 45 5 is_stmt 1 view .LVU83
 374              	.LBB113:
 375              	.LBI97:
  42:../../DaisySP/Source/Synthesis/oscillator.h ****     {
 376              		.loc 1 42 10 view .LVU84
 377              	.LBB102:
  44:../../DaisySP/Source/Synthesis/oscillator.h ****         sr_recip_  = 1.0f / sample_rate;
 378              		.loc 1 44 9 view .LVU85
  45:../../DaisySP/Source/Synthesis/oscillator.h ****         freq_      = 100.0f;
 379              		.loc 1 45 27 is_stmt 0 view .LVU86
 380 0046 89EEA89A 		vdiv.f32	s18, s19, s17
  49:../../DaisySP/Source/Synthesis/oscillator.h ****         waveform_  = WAVE_SIN;
 381              		.loc 1 49 34 view .LVU87
 382 004a 2846     		mov	r0, r5
  44:../../DaisySP/Source/Synthesis/oscillator.h ****         sr_recip_  = 1.0f / sample_rate;
 383              		.loc 1 44 20 view .LVU88
 384 004c C5ED038A 		vstr.32	s17, [r5, #12]
  45:../../DaisySP/Source/Synthesis/oscillator.h ****         freq_      = 100.0f;
 385              		.loc 1 45 9 is_stmt 1 view .LVU89
  46:../../DaisySP/Source/Synthesis/oscillator.h ****         amp_       = 0.5f;
 386              		.loc 1 46 20 is_stmt 0 view .LVU90
 387 0050 85ED028A 		vstr.32	s16, [r5, #8]
  47:../../DaisySP/Source/Synthesis/oscillator.h ****         phase_     = 0.0f;
 388              		.loc 1 47 20 view .LVU91
 389 0054 C5F80480 		str	r8, [r5, #4]	@ float
  48:../../DaisySP/Source/Synthesis/oscillator.h ****         phase_inc_ = CalcPhaseInc(freq_);
 390              		.loc 1 48 20 view .LVU92
 391 0058 6F61     		str	r7, [r5, #20]	@ float
  49:../../DaisySP/Source/Synthesis/oscillator.h ****         waveform_  = WAVE_SIN;
 392              		.loc 1 49 34 view .LVU93
 393 005a B0EE480A 		vmov.f32	s0, s16
 394              	.LBE102:
 395              	.LBE113:
 396              	.LBB114:
 397              	.LBB115:
  44:../../DaisySP/Source/Synthesis/oscillator.h ****         sr_recip_  = 1.0f / sample_rate;
 398              		.loc 1 44 20 view .LVU94
 399 005e 244C     		ldr	r4, .L21+20
 400              	.LBE115:
 401              	.LBE114:
 402              	.LBB121:
 403              	.LBB103:
  45:../../DaisySP/Source/Synthesis/oscillator.h ****         freq_      = 100.0f;
ARM GAS  /tmp/ccASTG9A.s 			page 16


 404              		.loc 1 45 20 view .LVU95
 405 0060 85ED049A 		vstr.32	s18, [r5, #16]
  46:../../DaisySP/Source/Synthesis/oscillator.h ****         amp_       = 0.5f;
 406              		.loc 1 46 9 is_stmt 1 view .LVU96
  47:../../DaisySP/Source/Synthesis/oscillator.h ****         phase_     = 0.0f;
 407              		.loc 1 47 9 view .LVU97
  48:../../DaisySP/Source/Synthesis/oscillator.h ****         phase_inc_ = CalcPhaseInc(freq_);
 408              		.loc 1 48 9 view .LVU98
  49:../../DaisySP/Source/Synthesis/oscillator.h ****         waveform_  = WAVE_SIN;
 409              		.loc 1 49 9 view .LVU99
  49:../../DaisySP/Source/Synthesis/oscillator.h ****         waveform_  = WAVE_SIN;
 410              		.loc 1 49 34 is_stmt 0 view .LVU100
 411 0064 FFF7FEFF 		bl	_ZN7daisysp10Oscillator12CalcPhaseIncEf
 412              	.LVL22:
 413 0068 F0EE407A 		vmov.f32	s15, s0
 414              	.LBE103:
 415              	.LBE121:
 416              	.LBB122:
 417              	.LBB123:
  53:../../DaisySP/Source/Synthesis/oscillator.h ****     }
  54:../../DaisySP/Source/Synthesis/oscillator.h **** 
  55:../../DaisySP/Source/Synthesis/oscillator.h **** 
  56:../../DaisySP/Source/Synthesis/oscillator.h ****     /** Changes the frequency of the Oscillator, and recalculates phase increment.
  57:../../DaisySP/Source/Synthesis/oscillator.h ****     */
  58:../../DaisySP/Source/Synthesis/oscillator.h ****     inline void SetFreq(const float f)
  59:../../DaisySP/Source/Synthesis/oscillator.h ****     {
  60:../../DaisySP/Source/Synthesis/oscillator.h ****         freq_      = f;
  61:../../DaisySP/Source/Synthesis/oscillator.h ****         phase_inc_ = CalcPhaseInc(f);
  62:../../DaisySP/Source/Synthesis/oscillator.h ****     }
  63:../../DaisySP/Source/Synthesis/oscillator.h **** 
  64:../../DaisySP/Source/Synthesis/oscillator.h **** 
  65:../../DaisySP/Source/Synthesis/oscillator.h ****     /** Sets the amplitude of the waveform.
  66:../../DaisySP/Source/Synthesis/oscillator.h ****     */
  67:../../DaisySP/Source/Synthesis/oscillator.h ****     inline void SetAmp(const float a) { amp_ = a; }
  68:../../DaisySP/Source/Synthesis/oscillator.h ****     /** Sets the waveform to be synthesized by the Process() function.
  69:../../DaisySP/Source/Synthesis/oscillator.h ****     */
  70:../../DaisySP/Source/Synthesis/oscillator.h ****     inline void SetWaveform(const uint8_t wf)
  71:../../DaisySP/Source/Synthesis/oscillator.h ****     {
  72:../../DaisySP/Source/Synthesis/oscillator.h ****         waveform_ = wf < WAVE_LAST ? wf : WAVE_SIN;
 418              		.loc 1 72 19 view .LVU101
 419 006c 0123     		movs	r3, #1
 420              	.LBE123:
 421              	.LBE122:
 422              	.LBB126:
 423              	.LBB127:
  60:../../DaisySP/Source/Synthesis/oscillator.h ****         phase_inc_ = CalcPhaseInc(f);
 424              		.loc 1 60 20 view .LVU102
 425 006e 9FED210A 		vldr.32	s0, .L21+24
  61:../../DaisySP/Source/Synthesis/oscillator.h ****     }
 426              		.loc 1 61 34 view .LVU103
 427 0072 2846     		mov	r0, r5
 428              	.LBE127:
 429              	.LBE126:
 430              	.LBB130:
 431              	.LBB124:
 432              		.loc 1 72 19 view .LVU104
 433 0074 2B70     		strb	r3, [r5]
ARM GAS  /tmp/ccASTG9A.s 			page 17


 434              	.LBE124:
 435              	.LBE130:
 436              	.LBB131:
 437              	.LBB104:
  49:../../DaisySP/Source/Synthesis/oscillator.h ****         waveform_  = WAVE_SIN;
 438              		.loc 1 49 20 view .LVU105
 439 0076 C5ED067A 		vstr.32	s15, [r5, #24]
  50:../../DaisySP/Source/Synthesis/oscillator.h ****         eoc_       = true;
 440              		.loc 1 50 9 is_stmt 1 view .LVU106
  51:../../DaisySP/Source/Synthesis/oscillator.h ****         eor_       = true;
 441              		.loc 1 51 9 view .LVU107
  52:../../DaisySP/Source/Synthesis/oscillator.h ****     }
 442              		.loc 1 52 9 view .LVU108
 443              	.LBE104:
 444              	.LBE131:
 445              	.LBB132:
 446              	.LBB133:
  67:../../DaisySP/Source/Synthesis/oscillator.h ****     /** Sets the waveform to be synthesized by the Process() function.
 447              		.loc 1 67 46 is_stmt 0 view .LVU109
 448 007a C5ED019A 		vstr.32	s19, [r5, #4]
 449              	.LBE133:
 450              	.LBE132:
 451              	.LBB135:
 452              	.LBB105:
  52:../../DaisySP/Source/Synthesis/oscillator.h ****     }
 453              		.loc 1 52 20 view .LVU110
 454 007e AE84     		strh	r6, [r5, #36]	@ movhi
 455              	.LVL23:
  52:../../DaisySP/Source/Synthesis/oscillator.h ****     }
 456              		.loc 1 52 20 view .LVU111
 457              	.LBE105:
 458              	.LBE135:
  46:biquad.cpp    ****     lfo.SetWaveform(Oscillator::WAVE_TRI);
 459              		.loc 8 46 5 is_stmt 1 view .LVU112
 460              	.LBB136:
 461              	.LBI122:
  70:../../DaisySP/Source/Synthesis/oscillator.h ****     {
 462              		.loc 1 70 17 view .LVU113
 463              	.LBB125:
 464              		.loc 1 72 9 view .LVU114
 465              		.loc 1 72 9 is_stmt 0 view .LVU115
 466              	.LBE125:
 467              	.LBE136:
  47:biquad.cpp    ****     lfo.SetAmp(1);
 468              		.loc 8 47 5 is_stmt 1 view .LVU116
 469              	.LBB137:
 470              	.LBI132:
  67:../../DaisySP/Source/Synthesis/oscillator.h ****     /** Sets the waveform to be synthesized by the Process() function.
 471              		.loc 1 67 17 view .LVU117
 472              	.LBB134:
  67:../../DaisySP/Source/Synthesis/oscillator.h ****     /** Sets the waveform to be synthesized by the Process() function.
 473              		.loc 1 67 41 view .LVU118
  67:../../DaisySP/Source/Synthesis/oscillator.h ****     /** Sets the waveform to be synthesized by the Process() function.
 474              		.loc 1 67 41 is_stmt 0 view .LVU119
 475              	.LBE134:
 476              	.LBE137:
  48:biquad.cpp    ****     lfo.SetFreq(.4);
ARM GAS  /tmp/ccASTG9A.s 			page 18


 477              		.loc 8 48 5 is_stmt 1 view .LVU120
 478              	.LBB138:
 479              	.LBI126:
  58:../../DaisySP/Source/Synthesis/oscillator.h ****     {
 480              		.loc 1 58 17 view .LVU121
 481              	.LBB128:
  60:../../DaisySP/Source/Synthesis/oscillator.h ****         phase_inc_ = CalcPhaseInc(f);
 482              		.loc 1 60 9 view .LVU122
  60:../../DaisySP/Source/Synthesis/oscillator.h ****         phase_inc_ = CalcPhaseInc(f);
 483              		.loc 1 60 20 is_stmt 0 view .LVU123
 484 0080 85ED020A 		vstr.32	s0, [r5, #8]
  61:../../DaisySP/Source/Synthesis/oscillator.h ****     }
 485              		.loc 1 61 9 is_stmt 1 view .LVU124
  61:../../DaisySP/Source/Synthesis/oscillator.h ****     }
 486              		.loc 1 61 34 is_stmt 0 view .LVU125
 487 0084 FFF7FEFF 		bl	_ZN7daisysp10Oscillator12CalcPhaseIncEf
 488              	.LVL24:
 489 0088 F0EE407A 		vmov.f32	s15, s0
 490              	.LBE128:
 491              	.LBE138:
 492              	.LBB139:
 493              	.LBB116:
  49:../../DaisySP/Source/Synthesis/oscillator.h ****         waveform_  = WAVE_SIN;
 494              		.loc 1 49 34 view .LVU126
 495 008c 2046     		mov	r0, r4
 496 008e B0EE480A 		vmov.f32	s0, s16
  45:../../DaisySP/Source/Synthesis/oscillator.h ****         freq_      = 100.0f;
 497              		.loc 1 45 20 view .LVU127
 498 0092 84ED049A 		vstr.32	s18, [r4, #16]
  44:../../DaisySP/Source/Synthesis/oscillator.h ****         sr_recip_  = 1.0f / sample_rate;
 499              		.loc 1 44 20 view .LVU128
 500 0096 C4ED038A 		vstr.32	s17, [r4, #12]
 501              	.LBE116:
 502              	.LBE139:
 503              	.LBB140:
 504              	.LBB129:
  61:../../DaisySP/Source/Synthesis/oscillator.h ****     }
 505              		.loc 1 61 20 view .LVU129
 506 009a C5ED067A 		vstr.32	s15, [r5, #24]
 507              	.LVL25:
  61:../../DaisySP/Source/Synthesis/oscillator.h ****     }
 508              		.loc 1 61 20 view .LVU130
 509              	.LBE129:
 510              	.LBE140:
  49:biquad.cpp    **** 
  50:biquad.cpp    ****     // set parameters for sine oscillator object
  51:biquad.cpp    ****     osc.Init(sample_rate);
 511              		.loc 8 51 5 is_stmt 1 view .LVU131
 512              	.LBB141:
 513              	.LBI114:
  42:../../DaisySP/Source/Synthesis/oscillator.h ****     {
 514              		.loc 1 42 10 view .LVU132
 515              	.LBB117:
  44:../../DaisySP/Source/Synthesis/oscillator.h ****         sr_recip_  = 1.0f / sample_rate;
 516              		.loc 1 44 9 view .LVU133
  45:../../DaisySP/Source/Synthesis/oscillator.h ****         freq_      = 100.0f;
 517              		.loc 1 45 9 view .LVU134
ARM GAS  /tmp/ccASTG9A.s 			page 19


  46:../../DaisySP/Source/Synthesis/oscillator.h ****         amp_       = 0.5f;
 518              		.loc 1 46 9 view .LVU135
  47:../../DaisySP/Source/Synthesis/oscillator.h ****         phase_     = 0.0f;
 519              		.loc 1 47 9 view .LVU136
  48:../../DaisySP/Source/Synthesis/oscillator.h ****         phase_inc_ = CalcPhaseInc(freq_);
 520              		.loc 1 48 9 view .LVU137
  49:../../DaisySP/Source/Synthesis/oscillator.h ****         waveform_  = WAVE_SIN;
 521              		.loc 1 49 9 view .LVU138
  46:../../DaisySP/Source/Synthesis/oscillator.h ****         amp_       = 0.5f;
 522              		.loc 1 46 20 is_stmt 0 view .LVU139
 523 009e 84ED028A 		vstr.32	s16, [r4, #8]
  47:../../DaisySP/Source/Synthesis/oscillator.h ****         phase_     = 0.0f;
 524              		.loc 1 47 20 view .LVU140
 525 00a2 C4F80480 		str	r8, [r4, #4]	@ float
  48:../../DaisySP/Source/Synthesis/oscillator.h ****         phase_inc_ = CalcPhaseInc(freq_);
 526              		.loc 1 48 20 view .LVU141
 527 00a6 6761     		str	r7, [r4, #20]	@ float
  49:../../DaisySP/Source/Synthesis/oscillator.h ****         waveform_  = WAVE_SIN;
 528              		.loc 1 49 34 view .LVU142
 529 00a8 FFF7FEFF 		bl	_ZN7daisysp10Oscillator12CalcPhaseIncEf
 530              	.LVL26:
 531              	.LBE117:
 532              	.LBE141:
 533              	.LBB142:
 534              	.LBB143:
 535              		.loc 1 72 19 view .LVU143
 536 00ac 0623     		movs	r3, #6
 537              	.LBE143:
 538              	.LBE142:
 539              	.LBB146:
 540              	.LBB118:
  49:../../DaisySP/Source/Synthesis/oscillator.h ****         waveform_  = WAVE_SIN;
 541              		.loc 1 49 34 view .LVU144
 542 00ae F0EE407A 		vmov.f32	s15, s0
 543              	.LBE118:
 544              	.LBE146:
 545              	.LBB147:
 546              	.LBB148:
  61:../../DaisySP/Source/Synthesis/oscillator.h ****     }
 547              		.loc 1 61 34 view .LVU145
 548 00b2 2046     		mov	r0, r4
 549 00b4 B0EE480A 		vmov.f32	s0, s16
 550              	.LBE148:
 551              	.LBE147:
 552              	.LBB152:
 553              	.LBB144:
 554              		.loc 1 72 19 view .LVU146
 555 00b8 2370     		strb	r3, [r4]
 556              	.LBE144:
 557              	.LBE152:
 558              	.LBB153:
 559              	.LBB119:
  52:../../DaisySP/Source/Synthesis/oscillator.h ****     }
 560              		.loc 1 52 20 view .LVU147
 561 00ba A684     		strh	r6, [r4, #36]	@ movhi
 562              	.LBE119:
 563              	.LBE153:
ARM GAS  /tmp/ccASTG9A.s 			page 20


 564              	.LBB154:
 565              	.LBB149:
  60:../../DaisySP/Source/Synthesis/oscillator.h ****         phase_inc_ = CalcPhaseInc(f);
 566              		.loc 1 60 20 view .LVU148
 567 00bc 84ED028A 		vstr.32	s16, [r4, #8]
 568              	.LBE149:
 569              	.LBE154:
 570              	.LBB155:
 571              	.LBB120:
  49:../../DaisySP/Source/Synthesis/oscillator.h ****         waveform_  = WAVE_SIN;
 572              		.loc 1 49 20 view .LVU149
 573 00c0 C4ED067A 		vstr.32	s15, [r4, #24]
  50:../../DaisySP/Source/Synthesis/oscillator.h ****         eoc_       = true;
 574              		.loc 1 50 9 is_stmt 1 view .LVU150
  51:../../DaisySP/Source/Synthesis/oscillator.h ****         eor_       = true;
 575              		.loc 1 51 9 view .LVU151
  52:../../DaisySP/Source/Synthesis/oscillator.h ****     }
 576              		.loc 1 52 9 view .LVU152
 577              	.LVL27:
  52:../../DaisySP/Source/Synthesis/oscillator.h ****     }
 578              		.loc 1 52 9 is_stmt 0 view .LVU153
 579              	.LBE120:
 580              	.LBE155:
  52:biquad.cpp    ****     osc.SetWaveform(Oscillator::WAVE_POLYBLEP_SAW);
 581              		.loc 8 52 5 is_stmt 1 view .LVU154
 582              	.LBB156:
 583              	.LBI142:
  70:../../DaisySP/Source/Synthesis/oscillator.h ****     {
 584              		.loc 1 70 17 view .LVU155
 585              	.LBB145:
 586              		.loc 1 72 9 view .LVU156
 587              		.loc 1 72 9 is_stmt 0 view .LVU157
 588              	.LBE145:
 589              	.LBE156:
  53:biquad.cpp    ****     osc.SetFreq(100);
 590              		.loc 8 53 5 is_stmt 1 view .LVU158
 591              	.LBB157:
 592              	.LBI147:
  58:../../DaisySP/Source/Synthesis/oscillator.h ****     {
 593              		.loc 1 58 17 view .LVU159
 594              	.LBB150:
  60:../../DaisySP/Source/Synthesis/oscillator.h ****         phase_inc_ = CalcPhaseInc(f);
 595              		.loc 1 60 9 view .LVU160
  61:../../DaisySP/Source/Synthesis/oscillator.h ****     }
 596              		.loc 1 61 9 view .LVU161
  61:../../DaisySP/Source/Synthesis/oscillator.h ****     }
 597              		.loc 1 61 34 is_stmt 0 view .LVU162
 598 00c4 FFF7FEFF 		bl	_ZN7daisysp10Oscillator12CalcPhaseIncEf
 599              	.LVL28:
 600              	.LBE150:
 601              	.LBE157:
 602              	.LBB158:
 603              	.LBB159:
  67:../../DaisySP/Source/Synthesis/oscillator.h ****     /** Sets the waveform to be synthesized by the Process() function.
 604              		.loc 1 67 46 view .LVU163
 605 00c8 4FF07A53 		mov	r3, #1048576000
 606              	.LBE159:
ARM GAS  /tmp/ccASTG9A.s 			page 21


 607              	.LBE158:
  54:biquad.cpp    ****     osc.SetAmp(0.25);
  55:biquad.cpp    **** 
  56:biquad.cpp    **** 
  57:biquad.cpp    ****     // start callback
  58:biquad.cpp    ****     seed.StartAudio(AudioCallback);
 608              		.loc 8 58 20 view .LVU164
 609 00cc 0A49     		ldr	r1, .L21+28
 610 00ce 0348     		ldr	r0, .L21
 611              	.LBB162:
 612              	.LBB160:
  67:../../DaisySP/Source/Synthesis/oscillator.h ****     /** Sets the waveform to be synthesized by the Process() function.
 613              		.loc 1 67 46 view .LVU165
 614 00d0 6360     		str	r3, [r4, #4]	@ float
 615              	.LBE160:
 616              	.LBE162:
 617              	.LBB163:
 618              	.LBB151:
  61:../../DaisySP/Source/Synthesis/oscillator.h ****     }
 619              		.loc 1 61 20 view .LVU166
 620 00d2 84ED060A 		vstr.32	s0, [r4, #24]
 621              	.LVL29:
  61:../../DaisySP/Source/Synthesis/oscillator.h ****     }
 622              		.loc 1 61 20 view .LVU167
 623              	.LBE151:
 624              	.LBE163:
  54:biquad.cpp    ****     osc.SetAmp(0.25);
 625              		.loc 8 54 5 is_stmt 1 view .LVU168
 626              	.LBB164:
 627              	.LBI158:
  67:../../DaisySP/Source/Synthesis/oscillator.h ****     /** Sets the waveform to be synthesized by the Process() function.
 628              		.loc 1 67 17 view .LVU169
 629              	.LBB161:
  67:../../DaisySP/Source/Synthesis/oscillator.h ****     /** Sets the waveform to be synthesized by the Process() function.
 630              		.loc 1 67 41 view .LVU170
  67:../../DaisySP/Source/Synthesis/oscillator.h ****     /** Sets the waveform to be synthesized by the Process() function.
 631              		.loc 1 67 41 is_stmt 0 view .LVU171
 632              	.LBE161:
 633              	.LBE164:
 634              		.loc 8 58 5 is_stmt 1 view .LVU172
 635              		.loc 8 58 20 is_stmt 0 view .LVU173
 636 00d6 FFF7FEFF 		bl	_ZN5daisy9DaisySeed10StartAudioEPFvPKfPfjE
 637              	.LVL30:
 638              	.L19:
  59:biquad.cpp    **** 
  60:biquad.cpp    **** 
  61:biquad.cpp    ****     while(1) {}
 639              		.loc 8 61 5 is_stmt 1 discriminator 1 view .LVU174
 640              		.loc 8 61 5 discriminator 1 view .LVU175
 641              		.loc 8 61 5 discriminator 1 view .LVU176
 642              		.loc 8 61 5 discriminator 1 view .LVU177
 643 00da FEE7     		b	.L19
 644              	.L22:
 645              		.align	2
 646              	.L21:
 647 00dc 00000000 		.word	.LANCHOR3
 648 00e0 00000000 		.word	.LANCHOR2
ARM GAS  /tmp/ccASTG9A.s 			page 22


 649 00e4 00000000 		.word	.LANCHOR0
 650 00e8 3333333F 		.word	1060320051
 651 00ec 0000C842 		.word	1120403456
 652 00f0 00000000 		.word	.LANCHOR1
 653 00f4 CDCCCC3E 		.word	1053609165
 654 00f8 00000000 		.word	_ZL13AudioCallbackPKfPfj
 655              		.cfi_endproc
 656              	.LFE4213:
 658              		.section	.text.startup._GLOBAL__sub_I_main,"ax",%progbits
 659              		.align	1
 660              		.p2align 2,,3
 661              		.syntax unified
 662              		.thumb
 663              		.thumb_func
 664              		.fpu fpv5-d16
 666              	_GLOBAL__sub_I_main:
 667              	.LFB4759:
  62:biquad.cpp    **** }
 668              		.loc 8 62 1 view -0
 669              		.cfi_startproc
 670              		@ args = 0, pretend = 0, frame = 0
 671              		@ frame_needed = 0, uses_anonymous_args = 0
 672              	.LBB186:
 673              	.LBI186:
 674              		.loc 8 62 1 view .LVU179
 675              	.LVL31:
 676              	.LBB187:
 677              	.LBB188:
 678              	.LBI188:
  21:../../libdaisy/src/daisy_seed.h ****     ~DaisySeed() {}
 679              		.loc 3 21 5 view .LVU180
 680              	.LBB189:
 681              	.LBB190:
 682              	.LBI190:
  62:../../libdaisy/src/hid/audio.h ****     ~AudioHandle() {}
 683              		.loc 7 62 5 view .LVU181
 684              	.LBB191:
 685              	.LBB192:
  62:../../libdaisy/src/hid/audio.h ****     ~AudioHandle() {}
 686              		.loc 7 62 35 is_stmt 0 view .LVU182
 687 0000 0023     		movs	r3, #0
 688 0002 0D48     		ldr	r0, .L25
 689              	.LBE192:
 690              	.LBE191:
 691              	.LBE190:
 692              	.LBE189:
 693              	.LBE188:
   7:biquad.cpp    **** static Biquad     flt;
 694              		.loc 8 7 19 view .LVU183
 695 0004 0D4A     		ldr	r2, .L25+4
 696 0006 0E49     		ldr	r1, .L25+8
 697              	.LBE187:
 698              	.LBE186:
 699              		.loc 8 62 1 view .LVU184
 700 0008 10B5     		push	{r4, lr}
 701              		.cfi_def_cfa_offset 8
 702              		.cfi_offset 4, -8
ARM GAS  /tmp/ccASTG9A.s 			page 23


 703              		.cfi_offset 14, -4
 704              	.LBB209:
 705              	.LBB207:
   9:biquad.cpp    **** 
 706              		.loc 8 9 19 view .LVU185
 707 000a 0E4C     		ldr	r4, .L25+12
 708              	.LBB203:
 709              	.LBB202:
 710              	.LBB195:
 711              	.LBB194:
 712              	.LBB193:
  62:../../libdaisy/src/hid/audio.h ****     ~AudioHandle() {}
 713              		.loc 7 62 35 view .LVU186
 714 000c 4361     		str	r3, [r0, #20]
 715              	.LVL32:
  62:../../libdaisy/src/hid/audio.h ****     ~AudioHandle() {}
 716              		.loc 7 62 35 view .LVU187
 717              	.LBE193:
 718              	.LBE194:
 719              	.LBE195:
 720              	.LBB196:
 721              	.LBI196:
  84:../../libdaisy/src/per/adc.h ****     ~AdcHandle() {}
 722              		.loc 6 84 5 is_stmt 1 view .LVU188
  84:../../libdaisy/src/per/adc.h ****     ~AdcHandle() {}
 723              		.loc 6 84 5 is_stmt 0 view .LVU189
 724              	.LBE196:
 725              	.LBB197:
 726              	.LBI197:
 727              		.file 9 "../../libdaisy/src/per/dac.h"
   1:../../libdaisy/src/per/dac.h **** #pragma once
   2:../../libdaisy/src/per/dac.h **** #ifndef DSY_DAC_H
   3:../../libdaisy/src/per/dac.h **** #define DSY_DAC_H
   4:../../libdaisy/src/per/dac.h **** 
   5:../../libdaisy/src/per/dac.h **** #include "daisy_core.h"
   6:../../libdaisy/src/per/dac.h **** 
   7:../../libdaisy/src/per/dac.h **** namespace daisy
   8:../../libdaisy/src/per/dac.h **** {
   9:../../libdaisy/src/per/dac.h **** /** DAC handle for Built-in DAC Peripheral 
  10:../../libdaisy/src/per/dac.h ****  ** 
  11:../../libdaisy/src/per/dac.h ****  ** For now only Normal Mode is supported,
  12:../../libdaisy/src/per/dac.h ****  ** Sample and hold mode provides reduced power consumption, but requires a bit more setup.
  13:../../libdaisy/src/per/dac.h ****  **
  14:../../libdaisy/src/per/dac.h ****  ** For now connecting the DAC through other internal periphearls is also not supported.
  15:../../libdaisy/src/per/dac.h ****  **
  16:../../libdaisy/src/per/dac.h ****  ** Since the DAC channels have dedicated pins we don't need to pass in a pin config like with
  17:../../libdaisy/src/per/dac.h ****  ** other modules. However, it is still important to not try to use the DAC pins for anything else.
  18:../../libdaisy/src/per/dac.h ****  ** DAC Channel 1 is on PA4, and DAC Channel 2 is on PA5
  19:../../libdaisy/src/per/dac.h ****  ***/
  20:../../libdaisy/src/per/dac.h **** class DacHandle
  21:../../libdaisy/src/per/dac.h **** {
  22:../../libdaisy/src/per/dac.h ****   public:
  23:../../libdaisy/src/per/dac.h ****     /** Return Values for the DacHandle class */
  24:../../libdaisy/src/per/dac.h ****     enum class Result
  25:../../libdaisy/src/per/dac.h ****     {
  26:../../libdaisy/src/per/dac.h ****         OK,
  27:../../libdaisy/src/per/dac.h ****         ERR,
ARM GAS  /tmp/ccASTG9A.s 			page 24


  28:../../libdaisy/src/per/dac.h ****     };
  29:../../libdaisy/src/per/dac.h **** 
  30:../../libdaisy/src/per/dac.h ****     /** Selects which channel(s) will be configured for use. */
  31:../../libdaisy/src/per/dac.h ****     enum class Channel
  32:../../libdaisy/src/per/dac.h ****     {
  33:../../libdaisy/src/per/dac.h ****         ONE,
  34:../../libdaisy/src/per/dac.h ****         TWO,
  35:../../libdaisy/src/per/dac.h ****         BOTH,
  36:../../libdaisy/src/per/dac.h ****     };
  37:../../libdaisy/src/per/dac.h **** 
  38:../../libdaisy/src/per/dac.h ****     /** Sets the Mode for the DAC channels.
  39:../../libdaisy/src/per/dac.h ****      **
  40:../../libdaisy/src/per/dac.h ****      ** Polling mode uses the blocking mode to transmit a single value at a time.
  41:../../libdaisy/src/per/dac.h ****      **
  42:../../libdaisy/src/per/dac.h ****      ** DMA mode uses a buffer, and periodically transmits it triggering a 
  43:../../libdaisy/src/per/dac.h ****      ** callback to fill the buffer when it is ready for more samples.
  44:../../libdaisy/src/per/dac.h ****      ***/
  45:../../libdaisy/src/per/dac.h ****     enum class Mode
  46:../../libdaisy/src/per/dac.h ****     {
  47:../../libdaisy/src/per/dac.h ****         POLLING,
  48:../../libdaisy/src/per/dac.h ****         DMA,
  49:../../libdaisy/src/per/dac.h ****     };
  50:../../libdaisy/src/per/dac.h **** 
  51:../../libdaisy/src/per/dac.h ****     /** Sets the number of bits per sample transmitted out of the DAC.
  52:../../libdaisy/src/per/dac.h ****      ** The output range will be: 0V - VDDA
  53:../../libdaisy/src/per/dac.h ****      ** The resolution will be roughly: bitdepth / (VDDA - 0V) 
  54:../../libdaisy/src/per/dac.h ****      ***/
  55:../../libdaisy/src/per/dac.h ****     enum class BitDepth
  56:../../libdaisy/src/per/dac.h ****     {
  57:../../libdaisy/src/per/dac.h ****         BITS_8,
  58:../../libdaisy/src/per/dac.h ****         BITS_12
  59:../../libdaisy/src/per/dac.h ****     };
  60:../../libdaisy/src/per/dac.h **** 
  61:../../libdaisy/src/per/dac.h ****     /** Sets whether the DAC output is buffered for higher drive ability. */
  62:../../libdaisy/src/per/dac.h ****     enum class BufferState
  63:../../libdaisy/src/per/dac.h ****     {
  64:../../libdaisy/src/per/dac.h ****         ENABLED,
  65:../../libdaisy/src/per/dac.h ****         DISABLED,
  66:../../libdaisy/src/per/dac.h ****     };
  67:../../libdaisy/src/per/dac.h **** 
  68:../../libdaisy/src/per/dac.h ****     /** Configuration structure for initializing the DAC structure. */
  69:../../libdaisy/src/per/dac.h ****     struct Config
  70:../../libdaisy/src/per/dac.h ****     {
  71:../../libdaisy/src/per/dac.h ****         /** Target Samplerate in Hz used to configure the internal 
  72:../../libdaisy/src/per/dac.h ****          ** timebase for DMA mode. Does nothing in POLLING mode.
  73:../../libdaisy/src/per/dac.h ****          ** If the value is 0 at Init time this will default to 48000Hz 
  74:../../libdaisy/src/per/dac.h ****          ** otherwise the driver will attempt meet the target.*/
  75:../../libdaisy/src/per/dac.h ****         uint32_t target_samplerate;
  76:../../libdaisy/src/per/dac.h **** 
  77:../../libdaisy/src/per/dac.h ****         Channel     chn;
  78:../../libdaisy/src/per/dac.h ****         Mode        mode;
  79:../../libdaisy/src/per/dac.h ****         BitDepth    bitdepth;
  80:../../libdaisy/src/per/dac.h ****         BufferState buff_state;
  81:../../libdaisy/src/per/dac.h ****     };
  82:../../libdaisy/src/per/dac.h **** 
  83:../../libdaisy/src/per/dac.h ****     DacHandle() : pimpl_(nullptr) {}
 728              		.loc 9 83 5 is_stmt 1 view .LVU190
ARM GAS  /tmp/ccASTG9A.s 			page 25


 729              	.LBB198:
 730              	.LBB199:
 731              		.loc 9 83 33 is_stmt 0 view .LVU191
 732 000e 0362     		str	r3, [r0, #32]
 733              	.LVL33:
 734              		.loc 9 83 33 view .LVU192
 735              	.LBE199:
 736              	.LBE198:
 737              	.LBE197:
 738              	.LBB200:
 739              	.LBI200:
  40:../../libdaisy/src/hid/usb.h **** 
 740              		.loc 5 40 5 is_stmt 1 view .LVU193
  40:../../libdaisy/src/hid/usb.h **** 
 741              		.loc 5 40 5 is_stmt 0 view .LVU194
 742              	.LBE200:
 743              	.LBB201:
 744              	.LBI201:
  58:../../libdaisy/src/sys/system.h ****     ~System() {}
 745              		.loc 4 58 5 is_stmt 1 view .LVU195
  58:../../libdaisy/src/sys/system.h ****     ~System() {}
 746              		.loc 4 58 5 is_stmt 0 view .LVU196
 747              	.LBE201:
 748              	.LBE202:
 749              	.LBE203:
   7:biquad.cpp    **** static Biquad     flt;
 750              		.loc 8 7 19 view .LVU197
 751 0010 FFF7FEFF 		bl	__aeabi_atexit
 752              	.LVL34:
 753              	.LBB204:
 754              	.LBI204:
  21:../../DaisySP/Source/Filters/biquad.h ****     ~Biquad() {}
 755              		.loc 2 21 5 is_stmt 1 view .LVU198
  21:../../DaisySP/Source/Filters/biquad.h ****     ~Biquad() {}
 756              		.loc 2 21 5 is_stmt 0 view .LVU199
 757              	.LBE204:
   8:biquad.cpp    **** static Oscillator osc, lfo;
 758              		.loc 8 8 19 view .LVU200
 759 0014 094A     		ldr	r2, .L25+4
 760 0016 0C49     		ldr	r1, .L25+16
 761 0018 0C48     		ldr	r0, .L25+20
 762 001a FFF7FEFF 		bl	__aeabi_atexit
 763              	.LVL35:
 764              	.LBB205:
 765              	.LBI205:
  15:../../DaisySP/Source/Synthesis/oscillator.h ****     ~Oscillator() {}
 766              		.loc 1 15 5 is_stmt 1 view .LVU201
  15:../../DaisySP/Source/Synthesis/oscillator.h ****     ~Oscillator() {}
 767              		.loc 1 15 5 is_stmt 0 view .LVU202
 768              	.LBE205:
   9:biquad.cpp    **** 
 769              		.loc 8 9 19 view .LVU203
 770 001e 2146     		mov	r1, r4
 771 0020 064A     		ldr	r2, .L25+4
 772 0022 0B48     		ldr	r0, .L25+24
 773 0024 FFF7FEFF 		bl	__aeabi_atexit
 774              	.LVL36:
ARM GAS  /tmp/ccASTG9A.s 			page 26


 775              	.LBB206:
 776              	.LBI206:
  15:../../DaisySP/Source/Synthesis/oscillator.h ****     ~Oscillator() {}
 777              		.loc 1 15 5 is_stmt 1 view .LVU204
  15:../../DaisySP/Source/Synthesis/oscillator.h ****     ~Oscillator() {}
 778              		.loc 1 15 5 is_stmt 0 view .LVU205
 779              	.LBE206:
   9:biquad.cpp    **** 
 780              		.loc 8 9 24 view .LVU206
 781 0028 2146     		mov	r1, r4
 782 002a 044A     		ldr	r2, .L25+4
 783 002c 0948     		ldr	r0, .L25+28
 784              	.LBE207:
 785              	.LBE209:
 786              		.loc 8 62 1 view .LVU207
 787 002e BDE81040 		pop	{r4, lr}
 788              		.cfi_restore 14
 789              		.cfi_restore 4
 790              		.cfi_def_cfa_offset 0
 791              	.LBB210:
 792              	.LBB208:
   9:biquad.cpp    **** 
 793              		.loc 8 9 24 view .LVU208
 794 0032 FFF7FEBF 		b	__aeabi_atexit
 795              	.LVL37:
 796              	.L26:
 797 0036 00BF     		.align	2
 798              	.L25:
 799 0038 00000000 		.word	.LANCHOR3
 800 003c 00000000 		.word	__dso_handle
 801 0040 00000000 		.word	_ZN5daisy9DaisySeedD1Ev
 802 0044 00000000 		.word	_ZN7daisysp10OscillatorD1Ev
 803 0048 00000000 		.word	_ZN7daisysp6BiquadD1Ev
 804 004c 00000000 		.word	.LANCHOR2
 805 0050 00000000 		.word	.LANCHOR1
 806 0054 00000000 		.word	.LANCHOR0
 807              	.LBE208:
 808              	.LBE210:
 809              		.cfi_endproc
 810              	.LFE4759:
 812              		.section	.init_array,"aw",%init_array
 813              		.align	2
 814 0000 00000000 		.word	_GLOBAL__sub_I_main(target1)
 815              		.section	.bss._ZL3flt,"aw",%nobits
 816              		.align	2
 817              		.set	.LANCHOR2,. + 0
 820              	_ZL3flt:
 821 0000 00000000 		.space	56
 821      00000000 
 821      00000000 
 821      00000000 
 821      00000000 
 822              		.section	.bss._ZL3lfo,"aw",%nobits
 823              		.align	2
 824              		.set	.LANCHOR0,. + 0
 827              	_ZL3lfo:
 828 0000 00000000 		.space	40
ARM GAS  /tmp/ccASTG9A.s 			page 27


 828      00000000 
 828      00000000 
 828      00000000 
 828      00000000 
 829              		.section	.bss._ZL3osc,"aw",%nobits
 830              		.align	2
 831              		.set	.LANCHOR1,. + 0
 834              	_ZL3osc:
 835 0000 00000000 		.space	40
 835      00000000 
 835      00000000 
 835      00000000 
 835      00000000 
 836              		.section	.bss._ZL4seed,"aw",%nobits
 837              		.align	2
 838              		.set	.LANCHOR3,. + 0
 841              	_ZL4seed:
 842 0000 00000000 		.space	60
 842      00000000 
 842      00000000 
 842      00000000 
 842      00000000 
 843              		.text
 844              	.Letext0:
 845              		.file 10 "/usr/lib/gcc/arm-none-eabi/9.2.1/include/stdint.h"
 846              		.file 11 "../../libdaisy/Drivers/CMSIS/Include/core_cm7.h"
 847              		.file 12 "../../libdaisy/Drivers/CMSIS/Device/ST/STM32H7xx/Include/system_stm32h7xx.h"
 848              		.file 13 "/usr/lib/gcc/arm-none-eabi/9.2.1/include/stddef.h"
 849              		.file 14 "/usr/include/newlib/c++/9.2.1/cmath"
 850              		.file 15 "/usr/include/newlib/c++/9.2.1/bits/std_abs.h"
 851              		.file 16 "/usr/include/newlib/c++/9.2.1/cstdint"
 852              		.file 17 "/usr/include/newlib/c++/9.2.1/cstdlib"
 853              		.file 18 "/usr/include/newlib/c++/9.2.1/type_traits"
 854              		.file 19 "/usr/include/newlib/c++/9.2.1/arm-none-eabi/thumb/v7e-m+dp/hard/bits/c++config.h"
 855              		.file 20 "/usr/include/newlib/c++/9.2.1/bits/stl_pair.h"
 856              		.file 21 "/usr/include/newlib/c++/9.2.1/debug/debug.h"
 857              		.file 22 "/usr/include/newlib/c++/9.2.1/cwchar"
 858              		.file 23 "/usr/include/newlib/c++/9.2.1/bits/exception_ptr.h"
 859              		.file 24 "/usr/include/newlib/c++/9.2.1/new"
 860              		.file 25 "/usr/include/newlib/c++/9.2.1/clocale"
 861              		.file 26 "/usr/include/newlib/c++/9.2.1/cstdio"
 862              		.file 27 "/usr/include/newlib/c++/9.2.1/bits/basic_string.h"
 863              		.file 28 "/usr/include/newlib/c++/9.2.1/bits/uniform_int_dist.h"
 864              		.file 29 "/usr/include/newlib/c++/9.2.1/bits/random.h"
 865              		.file 30 "/usr/include/newlib/c++/9.2.1/cstring"
 866              		.file 31 "/usr/include/newlib/c++/9.2.1/bits/algorithmfwd.h"
 867              		.file 32 "/usr/include/newlib/c++/9.2.1/cstdarg"
 868              		.file 33 "/usr/include/newlib/c++/9.2.1/bits/predefined_ops.h"
 869              		.file 34 "/usr/include/newlib/c++/9.2.1/ext/new_allocator.h"
 870              		.file 35 "/usr/include/newlib/c++/9.2.1/ext/numeric_traits.h"
 871              		.file 36 "/usr/include/newlib/sys/_types.h"
 872              		.file 37 "<built-in>"
 873              		.file 38 "/usr/include/newlib/sys/reent.h"
 874              		.file 39 "/usr/include/newlib/sys/lock.h"
 875              		.file 40 "/usr/include/newlib/math.h"
 876              		.file 41 "/usr/include/newlib/stdlib.h"
 877              		.file 42 "/usr/include/newlib/c++/9.2.1/math.h"
ARM GAS  /tmp/ccASTG9A.s 			page 28


 878              		.file 43 "../../libdaisy/Drivers/STM32H7xx_HAL_Driver/Inc/stm32h7xx_hal_def.h"
 879              		.file 44 "../../libdaisy/Drivers/STM32H7xx_HAL_Driver/Inc/stm32h7xx_hal_flash.h"
 880              		.file 45 "../../DaisySP/Source/Control/adenv.h"
 881              		.file 46 "../../DaisySP/Source/Utility/dsp.h"
 882              		.file 47 "/usr/lib/gcc/arm-none-eabi/9.2.1/include/stdarg.h"
 883              		.file 48 "/usr/include/newlib/wchar.h"
 884              		.file 49 "/usr/include/newlib/locale.h"
 885              		.file 50 "/usr/include/newlib/ctype.h"
 886              		.file 51 "/usr/include/newlib/stdio.h"
 887              		.file 52 "/usr/include/newlib/sys/errno.h"
 888              		.file 53 "/usr/include/newlib/c++/9.2.1/stdlib.h"
 889              		.file 54 "/usr/include/newlib/string.h"
 890              		.file 55 "../../libdaisy/src/daisy_core.h"
 891              		.file 56 "../../libdaisy/src/per/tim.h"
 892              		.file 57 "../../libdaisy/src/per/sai.h"
 893              		.file 58 "../../libdaisy/src/util/wav_format.h"
 894              		.file 59 "../../libdaisy/src/per/qspi.h"
 895              		.file 60 "../../libdaisy/src/per/gpio.h"
 896              		.file 61 "../../libdaisy/src/dev/sdram.h"
 897              		.file 62 "/usr/include/newlib/sys/unistd.h"
 898              		.file 63 "../../libdaisy/src/util/oled_fonts.h"
 899              		.file 64 "../../libdaisy/Middlewares/Third_Party/FatFs/src/integer.h"
 900              		.file 65 "../../libdaisy/Middlewares/Third_Party/FatFs/src/ff.h"
 901              		.file 66 "../../libdaisy/Middlewares/Third_Party/FatFs/src/diskio.h"
 902              		.file 67 "../../libdaisy/Middlewares/Third_Party/FatFs/src/ff_gen_drv.h"
 903              		.file 68 "../../libdaisy/src/util/sd_diskio.h"
 904              		.file 69 "../../libdaisy/src/sys/fatfs.h"
 905              		.file 70 "../../libdaisy/src/dev/sr_595.h"
ARM GAS  /tmp/ccASTG9A.s 			page 29


DEFINED SYMBOLS
                            *ABS*:0000000000000000 biquad.cpp
     /tmp/ccASTG9A.s:17     .text._ZN7daisysp10OscillatorD2Ev:0000000000000000 $t
     /tmp/ccASTG9A.s:26     .text._ZN7daisysp10OscillatorD2Ev:0000000000000000 _ZN7daisysp10OscillatorD2Ev
     /tmp/ccASTG9A.s:26     .text._ZN7daisysp10OscillatorD2Ev:0000000000000000 _ZN7daisysp10OscillatorD1Ev
     /tmp/ccASTG9A.s:43     .text._ZN7daisysp6BiquadD2Ev:0000000000000000 $t
     /tmp/ccASTG9A.s:51     .text._ZN7daisysp6BiquadD2Ev:0000000000000000 _ZN7daisysp6BiquadD2Ev
     /tmp/ccASTG9A.s:51     .text._ZN7daisysp6BiquadD2Ev:0000000000000000 _ZN7daisysp6BiquadD1Ev
     /tmp/ccASTG9A.s:68     .text._ZN5daisy9DaisySeedD2Ev:0000000000000000 $t
     /tmp/ccASTG9A.s:76     .text._ZN5daisy9DaisySeedD2Ev:0000000000000000 _ZN5daisy9DaisySeedD2Ev
     /tmp/ccASTG9A.s:76     .text._ZN5daisy9DaisySeedD2Ev:0000000000000000 _ZN5daisy9DaisySeedD1Ev
     /tmp/ccASTG9A.s:117    .text._ZL13AudioCallbackPKfPfj:0000000000000000 $t
     /tmp/ccASTG9A.s:124    .text._ZL13AudioCallbackPKfPfj:0000000000000000 _ZL13AudioCallbackPKfPfj
     /tmp/ccASTG9A.s:254    .text._ZL13AudioCallbackPKfPfj:0000000000000064 $d
     /tmp/ccASTG9A.s:262    .text.startup.main:0000000000000000 $t
     /tmp/ccASTG9A.s:270    .text.startup.main:0000000000000000 main
     /tmp/ccASTG9A.s:647    .text.startup.main:00000000000000dc $d
     /tmp/ccASTG9A.s:659    .text.startup._GLOBAL__sub_I_main:0000000000000000 $t
     /tmp/ccASTG9A.s:666    .text.startup._GLOBAL__sub_I_main:0000000000000000 _GLOBAL__sub_I_main
     /tmp/ccASTG9A.s:799    .text.startup._GLOBAL__sub_I_main:0000000000000038 $d
     /tmp/ccASTG9A.s:813    .init_array:0000000000000000 $d
     /tmp/ccASTG9A.s:816    .bss._ZL3flt:0000000000000000 $d
     /tmp/ccASTG9A.s:820    .bss._ZL3flt:0000000000000000 _ZL3flt
     /tmp/ccASTG9A.s:823    .bss._ZL3lfo:0000000000000000 $d
     /tmp/ccASTG9A.s:827    .bss._ZL3lfo:0000000000000000 _ZL3lfo
     /tmp/ccASTG9A.s:830    .bss._ZL3osc:0000000000000000 $d
     /tmp/ccASTG9A.s:834    .bss._ZL3osc:0000000000000000 _ZL3osc
     /tmp/ccASTG9A.s:837    .bss._ZL4seed:0000000000000000 $d
     /tmp/ccASTG9A.s:841    .bss._ZL4seed:0000000000000000 _ZL4seed
                           .group:0000000000000000 _ZN7daisysp10OscillatorD5Ev
                           .group:0000000000000000 _ZN7daisysp6BiquadD5Ev
                           .group:0000000000000000 _ZN5daisy9DaisySeedD5Ev

UNDEFINED SYMBOLS
_ZN7daisysp10Oscillator7ProcessEv
_ZN7daisysp6Biquad5ResetEv
_ZN7daisysp6Biquad7ProcessEf
_ZN5daisy9DaisySeed9ConfigureEv
_ZN5daisy9DaisySeed4InitEb
_ZN5daisy9DaisySeed15AudioSampleRateEv
_ZN7daisysp6Biquad4InitEf
_ZN7daisysp10Oscillator12CalcPhaseIncEf
_ZN5daisy9DaisySeed10StartAudioEPFvPKfPfjE
__aeabi_atexit
__dso_handle
