ARM GAS  /tmp/ccar5uW1.s 			page 1


   1              		.cpu cortex-m7
   2              		.eabi_attribute 28, 1
   3              		.eabi_attribute 20, 1
   4              		.eabi_attribute 21, 1
   5              		.eabi_attribute 23, 3
   6              		.eabi_attribute 24, 1
   7              		.eabi_attribute 25, 1
   8              		.eabi_attribute 26, 1
   9              		.eabi_attribute 30, 2
  10              		.eabi_attribute 34, 1
  11              		.eabi_attribute 18, 4
  12              		.file	"crossfade.cpp"
  13              		.text
  14              	.Ltext0:
  15              		.cfi_sections	.debug_frame
  16              		.section	.text._ZN7daisysp10OscillatorD2Ev,"axG",%progbits,_ZN7daisysp10OscillatorD5Ev,comdat
  17              		.align	1
  18              		.p2align 2,,3
  19              		.weak	_ZN7daisysp10OscillatorD2Ev
  20              		.arch armv7e-m
  21              		.syntax unified
  22              		.thumb
  23              		.thumb_func
  24              		.fpu fpv5-d16
  26              	_ZN7daisysp10OscillatorD2Ev:
  27              	.LVL0:
  28              	.LFB2797:
  29              		.file 1 "../../DaisySP/Source/Synthesis/oscillator.h"
   1:../../DaisySP/Source/Synthesis/oscillator.h **** #pragma once
   2:../../DaisySP/Source/Synthesis/oscillator.h **** #ifndef DSY_OSCILLATOR_H
   3:../../DaisySP/Source/Synthesis/oscillator.h **** #define DSY_OSCILLATOR_H
   4:../../DaisySP/Source/Synthesis/oscillator.h **** #include <stdint.h>
   5:../../DaisySP/Source/Synthesis/oscillator.h **** #include "Utility/dsp.h"
   6:../../DaisySP/Source/Synthesis/oscillator.h **** #ifdef __cplusplus
   7:../../DaisySP/Source/Synthesis/oscillator.h **** 
   8:../../DaisySP/Source/Synthesis/oscillator.h **** namespace daisysp
   9:../../DaisySP/Source/Synthesis/oscillator.h **** {
  10:../../DaisySP/Source/Synthesis/oscillator.h **** /** Synthesis of several waveforms, including polyBLEP bandlimited waveforms.
  11:../../DaisySP/Source/Synthesis/oscillator.h **** */
  12:../../DaisySP/Source/Synthesis/oscillator.h **** class Oscillator
  13:../../DaisySP/Source/Synthesis/oscillator.h **** {
  14:../../DaisySP/Source/Synthesis/oscillator.h ****   public:
  15:../../DaisySP/Source/Synthesis/oscillator.h ****     Oscillator() {}
  16:../../DaisySP/Source/Synthesis/oscillator.h ****     ~Oscillator() {}
  30              		.loc 1 16 5 view -0
  31              		.cfi_startproc
  32              		@ args = 0, pretend = 0, frame = 0
  33              		@ frame_needed = 0, uses_anonymous_args = 0
  34              		@ link register save eliminated.
  35              		.loc 1 16 20 is_stmt 0 view .LVU1
  36 0000 7047     		bx	lr
  37              		.cfi_endproc
  38              	.LFE2797:
  40              		.weak	_ZN7daisysp10OscillatorD1Ev
  41              		.thumb_set _ZN7daisysp10OscillatorD1Ev,_ZN7daisysp10OscillatorD2Ev
  42 0002 00BF     		.section	.text._ZN7daisysp9CrossFadeD2Ev,"axG",%progbits,_ZN7daisysp9CrossFadeD5Ev,comdat
  43              		.align	1
ARM GAS  /tmp/ccar5uW1.s 			page 2


  44              		.p2align 2,,3
  45              		.weak	_ZN7daisysp9CrossFadeD2Ev
  46              		.syntax unified
  47              		.thumb
  48              		.thumb_func
  49              		.fpu fpv5-d16
  51              	_ZN7daisysp9CrossFadeD2Ev:
  52              	.LVL1:
  53              	.LFB2918:
  54              		.file 2 "../../DaisySP/Source/Dynamics/crossfade.h"
   1:../../DaisySP/Source/Dynamics/crossfade.h **** #pragma once
   2:../../DaisySP/Source/Dynamics/crossfade.h **** #ifndef DSY_CROSSFADE_H
   3:../../DaisySP/Source/Dynamics/crossfade.h **** #define DSY_CROSSFADE_H
   4:../../DaisySP/Source/Dynamics/crossfade.h **** #include <stdint.h>
   5:../../DaisySP/Source/Dynamics/crossfade.h **** #ifdef __cplusplus
   6:../../DaisySP/Source/Dynamics/crossfade.h **** 
   7:../../DaisySP/Source/Dynamics/crossfade.h **** namespace daisysp
   8:../../DaisySP/Source/Dynamics/crossfade.h **** {
   9:../../DaisySP/Source/Dynamics/crossfade.h **** /** Curve applied to the CrossFade
  10:../../DaisySP/Source/Dynamics/crossfade.h **** - LIN = linear
  11:../../DaisySP/Source/Dynamics/crossfade.h **** - CPOW = constant power
  12:../../DaisySP/Source/Dynamics/crossfade.h **** - LOG = logarithmic
  13:../../DaisySP/Source/Dynamics/crossfade.h **** - EXP  exponential
  14:../../DaisySP/Source/Dynamics/crossfade.h **** - LAST = end of enum (used for array indexing)
  15:../../DaisySP/Source/Dynamics/crossfade.h **** */
  16:../../DaisySP/Source/Dynamics/crossfade.h **** enum
  17:../../DaisySP/Source/Dynamics/crossfade.h **** {
  18:../../DaisySP/Source/Dynamics/crossfade.h ****     CROSSFADE_LIN,
  19:../../DaisySP/Source/Dynamics/crossfade.h ****     CROSSFADE_CPOW,
  20:../../DaisySP/Source/Dynamics/crossfade.h ****     CROSSFADE_LOG,
  21:../../DaisySP/Source/Dynamics/crossfade.h ****     CROSSFADE_EXP,
  22:../../DaisySP/Source/Dynamics/crossfade.h ****     CROSSFADE_LAST,
  23:../../DaisySP/Source/Dynamics/crossfade.h **** };
  24:../../DaisySP/Source/Dynamics/crossfade.h **** 
  25:../../DaisySP/Source/Dynamics/crossfade.h **** /** Performs a CrossFade between two signals
  26:../../DaisySP/Source/Dynamics/crossfade.h **** 
  27:../../DaisySP/Source/Dynamics/crossfade.h ****     Original author: Paul Batchelor
  28:../../DaisySP/Source/Dynamics/crossfade.h **** 
  29:../../DaisySP/Source/Dynamics/crossfade.h ****     Ported from Soundpipe by Andrew Ikenberry
  30:../../DaisySP/Source/Dynamics/crossfade.h **** 
  31:../../DaisySP/Source/Dynamics/crossfade.h ****     added curve option for constant power, etc.
  32:../../DaisySP/Source/Dynamics/crossfade.h **** */
  33:../../DaisySP/Source/Dynamics/crossfade.h **** class CrossFade
  34:../../DaisySP/Source/Dynamics/crossfade.h **** {
  35:../../DaisySP/Source/Dynamics/crossfade.h ****   public:
  36:../../DaisySP/Source/Dynamics/crossfade.h ****     CrossFade() {}
  37:../../DaisySP/Source/Dynamics/crossfade.h ****     ~CrossFade() {}
  55              		.loc 2 37 5 is_stmt 1 view -0
  56              		.cfi_startproc
  57              		@ args = 0, pretend = 0, frame = 0
  58              		@ frame_needed = 0, uses_anonymous_args = 0
  59              		@ link register save eliminated.
  60              		.loc 2 37 19 is_stmt 0 view .LVU3
  61 0000 7047     		bx	lr
  62              		.cfi_endproc
  63              	.LFE2918:
  65              		.weak	_ZN7daisysp9CrossFadeD1Ev
ARM GAS  /tmp/ccar5uW1.s 			page 3


  66              		.thumb_set _ZN7daisysp9CrossFadeD1Ev,_ZN7daisysp9CrossFadeD2Ev
  67 0002 00BF     		.section	.text._ZN5daisy9DaisySeedD2Ev,"axG",%progbits,_ZN5daisy9DaisySeedD5Ev,comdat
  68              		.align	1
  69              		.p2align 2,,3
  70              		.weak	_ZN5daisy9DaisySeedD2Ev
  71              		.syntax unified
  72              		.thumb
  73              		.thumb_func
  74              		.fpu fpv5-d16
  76              	_ZN5daisy9DaisySeedD2Ev:
  77              	.LVL2:
  78              	.LFB4207:
  79              		.file 3 "../../libdaisy/src/daisy_seed.h"
   1:../../libdaisy/src/daisy_seed.h **** #pragma once
   2:../../libdaisy/src/daisy_seed.h **** #ifndef DSY_SEED_H
   3:../../libdaisy/src/daisy_seed.h **** #define DSY_SEED_H
   4:../../libdaisy/src/daisy_seed.h **** 
   5:../../libdaisy/src/daisy_seed.h **** #include "daisy.h"
   6:../../libdaisy/src/daisy_seed.h **** 
   7:../../libdaisy/src/daisy_seed.h **** //Uncomment this out if you're still using the rev2 hardware
   8:../../libdaisy/src/daisy_seed.h **** //#define SEED_REV2
   9:../../libdaisy/src/daisy_seed.h **** 
  10:../../libdaisy/src/daisy_seed.h **** namespace daisy
  11:../../libdaisy/src/daisy_seed.h **** {
  12:../../libdaisy/src/daisy_seed.h **** /**
  13:../../libdaisy/src/daisy_seed.h ****    @brief This is the higher-level interface for the Daisy board. \n 
  14:../../libdaisy/src/daisy_seed.h ****     All basic peripheral configuration/initialization is setup here. \n
  15:../../libdaisy/src/daisy_seed.h **** 
  16:../../libdaisy/src/daisy_seed.h ****    @ingroup boards
  17:../../libdaisy/src/daisy_seed.h **** */
  18:../../libdaisy/src/daisy_seed.h **** class DaisySeed
  19:../../libdaisy/src/daisy_seed.h **** {
  20:../../libdaisy/src/daisy_seed.h ****   public:
  21:../../libdaisy/src/daisy_seed.h ****     DaisySeed() {}
  22:../../libdaisy/src/daisy_seed.h ****     ~DaisySeed() {}
  80              		.loc 3 22 5 is_stmt 1 view -0
  81              		.cfi_startproc
  82              		@ args = 0, pretend = 0, frame = 0
  83              		@ frame_needed = 0, uses_anonymous_args = 0
  84              		@ link register save eliminated.
  85              	.LBB104:
  86              	.LBI104:
  87              		.file 4 "../../libdaisy/src/sys/system.h"
   1:../../libdaisy/src/sys/system.h **** #ifndef DSY_SYSTEM_H
   2:../../libdaisy/src/sys/system.h **** #define DSY_SYSTEM_H
   3:../../libdaisy/src/sys/system.h **** 
   4:../../libdaisy/src/sys/system.h **** #ifndef UNIT_TEST // for unit tests, a dummy implementation is provided below
   5:../../libdaisy/src/sys/system.h **** 
   6:../../libdaisy/src/sys/system.h **** #include <cstdint>
   7:../../libdaisy/src/sys/system.h **** #include "per/tim.h"
   8:../../libdaisy/src/sys/system.h **** 
   9:../../libdaisy/src/sys/system.h **** namespace daisy
  10:../../libdaisy/src/sys/system.h **** {
  11:../../libdaisy/src/sys/system.h **** /** A handle for interacting with the Core System. 
  12:../../libdaisy/src/sys/system.h ****  ** This includes the Clock tree, MPU, global DMA initialization,
  13:../../libdaisy/src/sys/system.h ****  ** cache handling, and any other necessary global initiailzation
  14:../../libdaisy/src/sys/system.h ****  **
ARM GAS  /tmp/ccar5uW1.s 			page 4


  15:../../libdaisy/src/sys/system.h ****  ** @author shensley
  16:../../libdaisy/src/sys/system.h ****  ** @addtogroup system
  17:../../libdaisy/src/sys/system.h ****  */
  18:../../libdaisy/src/sys/system.h **** class System
  19:../../libdaisy/src/sys/system.h **** {
  20:../../libdaisy/src/sys/system.h ****   public:
  21:../../libdaisy/src/sys/system.h ****     /** Contains settings for initializing the System */
  22:../../libdaisy/src/sys/system.h ****     struct Config
  23:../../libdaisy/src/sys/system.h ****     {
  24:../../libdaisy/src/sys/system.h ****         /** Specifies the system clock frequency that feeds APB/AHB clocks, etc. */
  25:../../libdaisy/src/sys/system.h ****         enum class SysClkFreq
  26:../../libdaisy/src/sys/system.h ****         {
  27:../../libdaisy/src/sys/system.h ****             FREQ_400MHZ,
  28:../../libdaisy/src/sys/system.h ****             FREQ_480MHZ,
  29:../../libdaisy/src/sys/system.h ****         };
  30:../../libdaisy/src/sys/system.h **** 
  31:../../libdaisy/src/sys/system.h ****         /** Method to call on the struct to set to defaults
  32:../../libdaisy/src/sys/system.h ****          ** CPU Freq set to 400MHz
  33:../../libdaisy/src/sys/system.h ****          ** Cache Enabled 
  34:../../libdaisy/src/sys/system.h ****          ** */
  35:../../libdaisy/src/sys/system.h ****         void Defaults()
  36:../../libdaisy/src/sys/system.h ****         {
  37:../../libdaisy/src/sys/system.h ****             cpu_freq   = SysClkFreq::FREQ_400MHZ;
  38:../../libdaisy/src/sys/system.h ****             use_dcache = true;
  39:../../libdaisy/src/sys/system.h ****             use_icache = true;
  40:../../libdaisy/src/sys/system.h ****         }
  41:../../libdaisy/src/sys/system.h **** 
  42:../../libdaisy/src/sys/system.h ****         /** Method to call on the struct to set to boost mode:
  43:../../libdaisy/src/sys/system.h ****          ** CPU Freq set to 480MHz
  44:../../libdaisy/src/sys/system.h ****          ** Cache Enabled 
  45:../../libdaisy/src/sys/system.h ****          ** */
  46:../../libdaisy/src/sys/system.h ****         void Boost()
  47:../../libdaisy/src/sys/system.h ****         {
  48:../../libdaisy/src/sys/system.h ****             cpu_freq   = SysClkFreq::FREQ_480MHZ;
  49:../../libdaisy/src/sys/system.h ****             use_dcache = true;
  50:../../libdaisy/src/sys/system.h ****             use_icache = true;
  51:../../libdaisy/src/sys/system.h ****         }
  52:../../libdaisy/src/sys/system.h **** 
  53:../../libdaisy/src/sys/system.h ****         SysClkFreq cpu_freq;
  54:../../libdaisy/src/sys/system.h ****         bool       use_dcache;
  55:../../libdaisy/src/sys/system.h ****         bool       use_icache;
  56:../../libdaisy/src/sys/system.h ****     };
  57:../../libdaisy/src/sys/system.h **** 
  58:../../libdaisy/src/sys/system.h ****     System() {}
  59:../../libdaisy/src/sys/system.h ****     ~System() {}
  88              		.loc 4 59 5 view .LVU5
  89              		.loc 4 59 5 is_stmt 0 view .LVU6
  90              	.LBE104:
  91              	.LBB105:
  92              	.LBI105:
  93              		.file 5 "../../libdaisy/src/hid/usb.h"
   1:../../libdaisy/src/hid/usb.h **** #pragma once
   2:../../libdaisy/src/hid/usb.h **** #ifndef DSY_HID_USB_H
   3:../../libdaisy/src/hid/usb.h **** #define DSY_HID_USB_H
   4:../../libdaisy/src/hid/usb.h **** #include <stdint.h>
   5:../../libdaisy/src/hid/usb.h **** #include <stdlib.h>
   6:../../libdaisy/src/hid/usb.h **** 
ARM GAS  /tmp/ccar5uW1.s 			page 5


   7:../../libdaisy/src/hid/usb.h **** namespace daisy
   8:../../libdaisy/src/hid/usb.h **** /** @addtogroup externals
   9:../../libdaisy/src/hid/usb.h ****     @{
  10:../../libdaisy/src/hid/usb.h **** */
  11:../../libdaisy/src/hid/usb.h **** 
  12:../../libdaisy/src/hid/usb.h **** {
  13:../../libdaisy/src/hid/usb.h **** /** 
  14:../../libdaisy/src/hid/usb.h ****     @brief Interface for initializing and using the USB Peripherals on the daisy
  15:../../libdaisy/src/hid/usb.h ****     @author Stephen Hensley
  16:../../libdaisy/src/hid/usb.h ****     @date December 2019
  17:../../libdaisy/src/hid/usb.h **** */
  18:../../libdaisy/src/hid/usb.h **** class UsbHandle
  19:../../libdaisy/src/hid/usb.h **** {
  20:../../libdaisy/src/hid/usb.h ****   public:
  21:../../libdaisy/src/hid/usb.h ****     /** Return values for USBHandle Functions */
  22:../../libdaisy/src/hid/usb.h ****     enum class Result
  23:../../libdaisy/src/hid/usb.h ****     {
  24:../../libdaisy/src/hid/usb.h ****         OK,
  25:../../libdaisy/src/hid/usb.h ****         ERR,
  26:../../libdaisy/src/hid/usb.h ****     };
  27:../../libdaisy/src/hid/usb.h **** 
  28:../../libdaisy/src/hid/usb.h ****     /** Specified which of the two USB Peripherals to initialize. */
  29:../../libdaisy/src/hid/usb.h ****     enum UsbPeriph
  30:../../libdaisy/src/hid/usb.h ****     {
  31:../../libdaisy/src/hid/usb.h ****         FS_INTERNAL, /**< Internal pin */
  32:../../libdaisy/src/hid/usb.h ****         FS_EXTERNAL, /**< FS External D+ pin is Pin 38 (GPIO32). FS External D- pin is Pin 37 (GPIO
  33:../../libdaisy/src/hid/usb.h ****         FS_BOTH,     /**< Both */
  34:../../libdaisy/src/hid/usb.h ****     };
  35:../../libdaisy/src/hid/usb.h **** 
  36:../../libdaisy/src/hid/usb.h **** 
  37:../../libdaisy/src/hid/usb.h ****     /** Function called upon reception of a buffer */
  38:../../libdaisy/src/hid/usb.h ****     typedef void (*ReceiveCallback)(uint8_t* buff, uint32_t* len);
  39:../../libdaisy/src/hid/usb.h **** 
  40:../../libdaisy/src/hid/usb.h ****     UsbHandle() {}
  41:../../libdaisy/src/hid/usb.h **** 
  42:../../libdaisy/src/hid/usb.h ****     ~UsbHandle() {}
  94              		.loc 5 42 5 is_stmt 1 view .LVU7
  95              		.loc 5 42 5 is_stmt 0 view .LVU8
  96              	.LBE105:
  97              	.LBB106:
  98              	.LBI106:
  99              		.file 6 "../../libdaisy/src/per/adc.h"
   1:../../libdaisy/src/per/adc.h **** #pragma once
   2:../../libdaisy/src/per/adc.h **** #ifndef DSY_ADC_H
   3:../../libdaisy/src/per/adc.h **** #define DSY_ADC_H /**< Macro */
   4:../../libdaisy/src/per/adc.h **** #include <stdint.h>
   5:../../libdaisy/src/per/adc.h **** #include <stdlib.h>
   6:../../libdaisy/src/per/adc.h **** #include "daisy_core.h"
   7:../../libdaisy/src/per/adc.h **** #include "per/gpio.h"
   8:../../libdaisy/src/per/adc.h **** 
   9:../../libdaisy/src/per/adc.h **** #define DSY_ADC_MAX_CHANNELS 14 /**< Maximum number of ADC channels */
  10:../../libdaisy/src/per/adc.h **** 
  11:../../libdaisy/src/per/adc.h **** namespace daisy
  12:../../libdaisy/src/per/adc.h **** {
  13:../../libdaisy/src/per/adc.h **** /** @addtogroup analog_digital_conversion
  14:../../libdaisy/src/per/adc.h ****     @{
  15:../../libdaisy/src/per/adc.h **** */
ARM GAS  /tmp/ccar5uW1.s 			page 6


  16:../../libdaisy/src/per/adc.h **** 
  17:../../libdaisy/src/per/adc.h **** /* While there may not be many configuration options here,
  18:../../libdaisy/src/per/adc.h **** using a struct like this allows us to add more configuration
  19:../../libdaisy/src/per/adc.h **** later without breaking existing functionality.
  20:../../libdaisy/src/per/adc.h **** */
  21:../../libdaisy/src/per/adc.h **** 
  22:../../libdaisy/src/per/adc.h **** /** Configuration Structure for a given channel */
  23:../../libdaisy/src/per/adc.h **** struct AdcChannelConfig
  24:../../libdaisy/src/per/adc.h **** {
  25:../../libdaisy/src/per/adc.h ****     /** Which pin to use for multiplexing */
  26:../../libdaisy/src/per/adc.h ****     enum MuxPin
  27:../../libdaisy/src/per/adc.h ****     {
  28:../../libdaisy/src/per/adc.h ****         MUX_SEL_0,    /**< & */
  29:../../libdaisy/src/per/adc.h ****         MUX_SEL_1,    /**< & */
  30:../../libdaisy/src/per/adc.h ****         MUX_SEL_2,    /**< & */
  31:../../libdaisy/src/per/adc.h ****         MUX_SEL_LAST, /**< & */
  32:../../libdaisy/src/per/adc.h ****     };
  33:../../libdaisy/src/per/adc.h **** 
  34:../../libdaisy/src/per/adc.h ****     /** Initializes a single ADC pin as an ADC. 
  35:../../libdaisy/src/per/adc.h ****     \param pin Pin to init.
  36:../../libdaisy/src/per/adc.h ****      */
  37:../../libdaisy/src/per/adc.h ****     void InitSingle(dsy_gpio_pin pin);
  38:../../libdaisy/src/per/adc.h **** 
  39:../../libdaisy/src/per/adc.h ****     /** 
  40:../../libdaisy/src/per/adc.h ****     Initializes a single ADC pin as a Multiplexed ADC.
  41:../../libdaisy/src/per/adc.h ****     Requires a CD405X Multiplexer connected to the pin.
  42:../../libdaisy/src/per/adc.h ****     You only need to supply the mux pins that are required,
  43:../../libdaisy/src/per/adc.h ****     e.g. a 4052 mux would only require mux_0 and mux_1.
  44:../../libdaisy/src/per/adc.h ****     Internal Callbacks handle the pin addressing.
  45:../../libdaisy/src/per/adc.h ****     \param mux_channels must be 1-8
  46:../../libdaisy/src/per/adc.h ****     \param mux_0 First mux pin
  47:../../libdaisy/src/per/adc.h ****     \param mux_1 Second mux pin
  48:../../libdaisy/src/per/adc.h ****     \param mux_2 Third mux pin
  49:../../libdaisy/src/per/adc.h ****     \param adc_pin &
  50:../../libdaisy/src/per/adc.h ****     */
  51:../../libdaisy/src/per/adc.h ****     void InitMux(dsy_gpio_pin adc_pin,
  52:../../libdaisy/src/per/adc.h ****                  size_t       mux_channels,
  53:../../libdaisy/src/per/adc.h ****                  dsy_gpio_pin mux_0,
  54:../../libdaisy/src/per/adc.h ****                  dsy_gpio_pin mux_1 = {DSY_GPIOX, 0},
  55:../../libdaisy/src/per/adc.h ****                  dsy_gpio_pin mux_2 = {DSY_GPIOX, 0});
  56:../../libdaisy/src/per/adc.h **** 
  57:../../libdaisy/src/per/adc.h ****     dsy_gpio pin_;                   /**< & */
  58:../../libdaisy/src/per/adc.h ****     dsy_gpio mux_pin_[MUX_SEL_LAST]; /**< & */
  59:../../libdaisy/src/per/adc.h ****     uint8_t  mux_channels_;          /**< & */
  60:../../libdaisy/src/per/adc.h **** };
  61:../../libdaisy/src/per/adc.h **** 
  62:../../libdaisy/src/per/adc.h **** /**
  63:../../libdaisy/src/per/adc.h ****    Handler for analog to digital conversion
  64:../../libdaisy/src/per/adc.h **** */
  65:../../libdaisy/src/per/adc.h **** class AdcHandle
  66:../../libdaisy/src/per/adc.h **** {
  67:../../libdaisy/src/per/adc.h ****   public:
  68:../../libdaisy/src/per/adc.h ****     /** Supported oversampling amounts */
  69:../../libdaisy/src/per/adc.h ****     enum OverSampling
  70:../../libdaisy/src/per/adc.h ****     {
  71:../../libdaisy/src/per/adc.h ****         OVS_NONE, /**< & */
  72:../../libdaisy/src/per/adc.h ****         OVS_4,    /**< & */
ARM GAS  /tmp/ccar5uW1.s 			page 7


  73:../../libdaisy/src/per/adc.h ****         OVS_8,    /**< & */
  74:../../libdaisy/src/per/adc.h ****         OVS_16,   /**< & */
  75:../../libdaisy/src/per/adc.h ****         OVS_32,   /**< & */
  76:../../libdaisy/src/per/adc.h ****         OVS_64,   /**< & */
  77:../../libdaisy/src/per/adc.h ****         OVS_128,  /**< & */
  78:../../libdaisy/src/per/adc.h ****         OVS_256,  /**< & */
  79:../../libdaisy/src/per/adc.h ****         OVS_512,  /**< & */
  80:../../libdaisy/src/per/adc.h ****         OVS_1024, /**< & */
  81:../../libdaisy/src/per/adc.h ****         OVS_LAST, /**< & */
  82:../../libdaisy/src/per/adc.h ****     };
  83:../../libdaisy/src/per/adc.h **** 
  84:../../libdaisy/src/per/adc.h ****     AdcHandle() {}
  85:../../libdaisy/src/per/adc.h ****     ~AdcHandle() {}
 100              		.loc 6 85 5 is_stmt 1 view .LVU9
 101              		.loc 6 85 5 is_stmt 0 view .LVU10
 102              	.LBE106:
 103              	.LBB107:
 104              	.LBI107:
 105              		.file 7 "../../libdaisy/src/hid/audio.h"
   1:../../libdaisy/src/hid/audio.h **** #ifndef DSY_AUDIO_H
   2:../../libdaisy/src/hid/audio.h **** #define DSY_AUDIO_H /**< & */
   3:../../libdaisy/src/hid/audio.h **** 
   4:../../libdaisy/src/hid/audio.h **** #include "per/sai.h"
   5:../../libdaisy/src/hid/audio.h **** 
   6:../../libdaisy/src/hid/audio.h **** namespace daisy
   7:../../libdaisy/src/hid/audio.h **** {
   8:../../libdaisy/src/hid/audio.h **** class AudioHandle
   9:../../libdaisy/src/hid/audio.h **** {
  10:../../libdaisy/src/hid/audio.h ****   public:
  11:../../libdaisy/src/hid/audio.h ****     /** Manually configurable details about the Audio Engine */
  12:../../libdaisy/src/hid/audio.h ****     /** TODO: Figure out how to get samplerate in here. */
  13:../../libdaisy/src/hid/audio.h ****     struct Config
  14:../../libdaisy/src/hid/audio.h ****     {
  15:../../libdaisy/src/hid/audio.h ****         size_t                        blocksize;
  16:../../libdaisy/src/hid/audio.h ****         SaiHandle::Config::SampleRate samplerate;
  17:../../libdaisy/src/hid/audio.h ****         float                         postgain;
  18:../../libdaisy/src/hid/audio.h ****     };
  19:../../libdaisy/src/hid/audio.h **** 
  20:../../libdaisy/src/hid/audio.h ****     enum class Result
  21:../../libdaisy/src/hid/audio.h ****     {
  22:../../libdaisy/src/hid/audio.h ****         OK,
  23:../../libdaisy/src/hid/audio.h ****         ERR,
  24:../../libdaisy/src/hid/audio.h ****     };
  25:../../libdaisy/src/hid/audio.h **** 
  26:../../libdaisy/src/hid/audio.h ****     /** Non-Interleaving input buffer
  27:../../libdaisy/src/hid/audio.h ****      * Buffer arranged by float[chn][sample] 
  28:../../libdaisy/src/hid/audio.h ****      * const so that the user can't modify the input
  29:../../libdaisy/src/hid/audio.h ****     */
  30:../../libdaisy/src/hid/audio.h ****     typedef const float* const* InputBuffer;
  31:../../libdaisy/src/hid/audio.h **** 
  32:../../libdaisy/src/hid/audio.h ****     /** Non-Interleaving output buffer
  33:../../libdaisy/src/hid/audio.h ****      * Arranged by float[chn][sample] 
  34:../../libdaisy/src/hid/audio.h ****     */
  35:../../libdaisy/src/hid/audio.h ****     typedef float** OutputBuffer;
  36:../../libdaisy/src/hid/audio.h **** 
  37:../../libdaisy/src/hid/audio.h ****     /** Type for a Non-Interleaving audio callback 
  38:../../libdaisy/src/hid/audio.h ****    * Non-Interleaving audio callbacks in daisy will be of this type
ARM GAS  /tmp/ccar5uW1.s 			page 8


  39:../../libdaisy/src/hid/audio.h ****   */
  40:../../libdaisy/src/hid/audio.h ****     typedef void (*AudioCallback)(InputBuffer  in,
  41:../../libdaisy/src/hid/audio.h ****                                   OutputBuffer out,
  42:../../libdaisy/src/hid/audio.h ****                                   size_t       size);
  43:../../libdaisy/src/hid/audio.h **** 
  44:../../libdaisy/src/hid/audio.h ****     /** Interleaving Input buffer
  45:../../libdaisy/src/hid/audio.h ****      ** audio is prepared as { L0, R0, L1, R1, . . . LN, RN }]
  46:../../libdaisy/src/hid/audio.h ****      ** this is const, as the user shouldn't modify it
  47:../../libdaisy/src/hid/audio.h ****     */
  48:../../libdaisy/src/hid/audio.h ****     typedef const float* InterleavingInputBuffer;
  49:../../libdaisy/src/hid/audio.h **** 
  50:../../libdaisy/src/hid/audio.h ****     /** Interleaving Output buffer 
  51:../../libdaisy/src/hid/audio.h ****      ** audio is prepared as { L0, R0, L1, R1, . . . LN, RN }
  52:../../libdaisy/src/hid/audio.h ****     */
  53:../../libdaisy/src/hid/audio.h ****     typedef float* InterleavingOutputBuffer;
  54:../../libdaisy/src/hid/audio.h **** 
  55:../../libdaisy/src/hid/audio.h ****     /** Interleaving Audio Callback 
  56:../../libdaisy/src/hid/audio.h ****    * Interleaving audio callbacks in daisy must be of this type
  57:../../libdaisy/src/hid/audio.h ****   */
  58:../../libdaisy/src/hid/audio.h ****     typedef void (*InterleavingAudioCallback)(InterleavingInputBuffer  in,
  59:../../libdaisy/src/hid/audio.h ****                                               InterleavingOutputBuffer out,
  60:../../libdaisy/src/hid/audio.h ****                                               size_t                   size);
  61:../../libdaisy/src/hid/audio.h **** 
  62:../../libdaisy/src/hid/audio.h ****     AudioHandle() : pimpl_(nullptr) {}
  63:../../libdaisy/src/hid/audio.h ****     ~AudioHandle() {}
 106              		.loc 7 63 5 is_stmt 1 view .LVU11
 107              		.loc 7 63 5 is_stmt 0 view .LVU12
 108              	.LBE107:
 109              		.loc 3 22 19 view .LVU13
 110 0000 7047     		bx	lr
 111              		.cfi_endproc
 112              	.LFE4207:
 114              		.weak	_ZN5daisy9DaisySeedD1Ev
 115              		.thumb_set _ZN5daisy9DaisySeedD1Ev,_ZN5daisy9DaisySeedD2Ev
 116 0002 00BF     		.section	.text._ZL13AudioCallbackPKfPfj,"ax",%progbits
 117              		.align	1
 118              		.p2align 2,,3
 119              		.syntax unified
 120              		.thumb
 121              		.thumb_func
 122              		.fpu fpv5-d16
 124              	_ZL13AudioCallbackPKfPfj:
 125              	.LVL3:
 126              	.LFB4212:
 127              		.file 8 "crossfade.cpp"
   1:crossfade.cpp **** #include "daisysp.h"
   2:crossfade.cpp **** #include "daisy_seed.h"
   3:crossfade.cpp **** 
   4:crossfade.cpp **** using namespace daisysp;
   5:crossfade.cpp **** using namespace daisy;
   6:crossfade.cpp **** 
   7:crossfade.cpp **** static DaisySeed  seed;
   8:crossfade.cpp **** static CrossFade  cfade;
   9:crossfade.cpp **** static Oscillator osc_sine, osc_saw, lfo;
  10:crossfade.cpp **** 
  11:crossfade.cpp **** static void AudioCallback(AudioHandle::InterleavingInputBuffer  in,
  12:crossfade.cpp ****                           AudioHandle::InterleavingOutputBuffer out,
ARM GAS  /tmp/ccar5uW1.s 			page 9


  13:crossfade.cpp ****                           size_t                                size)
  14:crossfade.cpp **** {
 128              		.loc 8 14 1 is_stmt 1 view -0
 129              		.cfi_startproc
 130              		@ args = 0, pretend = 0, frame = 8
 131              		@ frame_needed = 0, uses_anonymous_args = 0
  15:crossfade.cpp ****     float saw, sine, pos, output;
 132              		.loc 8 15 5 view .LVU15
  16:crossfade.cpp ****     for(size_t i = 0; i < size; i += 2)
 133              		.loc 8 16 5 view .LVU16
 134              	.LBB108:
 135              		.loc 8 16 25 view .LVU17
 136 0000 72B3     		cbz	r2, .L13
 137 0002 013A     		subs	r2, r2, #1
 138              	.LVL4:
 139              		.loc 8 16 25 is_stmt 0 view .LVU18
 140              	.LBE108:
  14:crossfade.cpp ****     float saw, sine, pos, output;
 141              		.loc 8 14 1 view .LVU19
 142 0004 F0B5     		push	{r4, r5, r6, r7, lr}
 143              		.cfi_def_cfa_offset 20
 144              		.cfi_offset 4, -20
 145              		.cfi_offset 5, -16
 146              		.cfi_offset 6, -12
 147              		.cfi_offset 7, -8
 148              		.cfi_offset 14, -4
 149 0006 0C46     		mov	r4, r1
 150 0008 83B0     		sub	sp, sp, #12
 151              		.cfi_def_cfa_offset 32
 152              	.LBB113:
 153              		.loc 8 16 16 view .LVU20
 154 000a 0025     		movs	r5, #0
 155 000c 154F     		ldr	r7, .L16
 156 000e 22F00106 		bic	r6, r2, #1
 157              	.LVL5:
 158              	.L7:
  17:crossfade.cpp ****     {
  18:crossfade.cpp ****         sine = osc_sine.Process();
 159              		.loc 8 18 9 is_stmt 1 discriminator 2 view .LVU21
 160              		.loc 8 18 32 is_stmt 0 discriminator 2 view .LVU22
 161 0012 1548     		ldr	r0, .L16+4
 162 0014 0834     		adds	r4, r4, #8
 163 0016 FFF7FEFF 		bl	_ZN7daisysp10Oscillator7ProcessEv
 164              	.LVL6:
  19:crossfade.cpp ****         saw  = osc_saw.Process();
 165              		.loc 8 19 31 discriminator 2 view .LVU23
 166 001a 1448     		ldr	r0, .L16+8
  18:crossfade.cpp ****         saw  = osc_saw.Process();
 167              		.loc 8 18 14 discriminator 2 view .LVU24
 168 001c 8DED010A 		vstr.32	s0, [sp, #4]
 169              		.loc 8 19 9 is_stmt 1 discriminator 2 view .LVU25
 170              		.loc 8 19 31 is_stmt 0 discriminator 2 view .LVU26
 171 0020 FFF7FEFF 		bl	_ZN7daisysp10Oscillator7ProcessEv
 172              	.LVL7:
  20:crossfade.cpp **** 
  21:crossfade.cpp ****         // lfo output = -1 to 1
  22:crossfade.cpp ****         pos = lfo.Process();
ARM GAS  /tmp/ccar5uW1.s 			page 10


 173              		.loc 8 22 26 discriminator 2 view .LVU27
 174 0024 1248     		ldr	r0, .L16+12
  19:crossfade.cpp **** 
 175              		.loc 8 19 14 discriminator 2 view .LVU28
 176 0026 8DED000A 		vstr.32	s0, [sp]
 177              		.loc 8 22 9 is_stmt 1 discriminator 2 view .LVU29
 178              		.loc 8 22 26 is_stmt 0 discriminator 2 view .LVU30
 179 002a FFF7FEFF 		bl	_ZN7daisysp10Oscillator7ProcessEv
 180              	.LVL8:
  23:crossfade.cpp **** 
  24:crossfade.cpp ****         // scale signal between 0 and 1
  25:crossfade.cpp ****         pos = (pos + 1) / 2;
 181              		.loc 8 25 9 is_stmt 1 discriminator 2 view .LVU31
 182              		.loc 8 25 20 is_stmt 0 discriminator 2 view .LVU32
 183 002e B7EE007A 		vmov.f32	s14, #1.0e+0
  26:crossfade.cpp **** 
  27:crossfade.cpp ****         cfade.SetPos(pos);
  28:crossfade.cpp ****         output = cfade.Process(sine, saw);
 184              		.loc 8 28 31 discriminator 2 view .LVU33
 185 0032 6A46     		mov	r2, sp
  25:crossfade.cpp **** 
 186              		.loc 8 25 13 discriminator 2 view .LVU34
 187 0034 F6EE007A 		vmov.f32	s15, #5.0e-1
 188              		.loc 8 28 31 discriminator 2 view .LVU35
 189 0038 01A9     		add	r1, sp, #4
 190 003a 0A48     		ldr	r0, .L16
  25:crossfade.cpp **** 
 191              		.loc 8 25 20 discriminator 2 view .LVU36
 192 003c 30EE070A 		vadd.f32	s0, s0, s14
 193              	.LVL9:
  27:crossfade.cpp ****         output = cfade.Process(sine, saw);
 194              		.loc 8 27 9 is_stmt 1 discriminator 2 view .LVU37
 195              	.LBB109:
 196              	.LBI109:
  38:../../DaisySP/Source/Dynamics/crossfade.h ****     /** Initializes CrossFade module
  39:../../DaisySP/Source/Dynamics/crossfade.h ****         Defaults
  40:../../DaisySP/Source/Dynamics/crossfade.h ****         - current position = .5
  41:../../DaisySP/Source/Dynamics/crossfade.h ****         - curve = linear
  42:../../DaisySP/Source/Dynamics/crossfade.h ****     */
  43:../../DaisySP/Source/Dynamics/crossfade.h ****     inline void Init(int curve)
  44:../../DaisySP/Source/Dynamics/crossfade.h ****     {
  45:../../DaisySP/Source/Dynamics/crossfade.h ****         pos_   = 0.5f;
  46:../../DaisySP/Source/Dynamics/crossfade.h ****         curve_ = curve < CROSSFADE_LAST ? curve : CROSSFADE_LIN;
  47:../../DaisySP/Source/Dynamics/crossfade.h ****     }
  48:../../DaisySP/Source/Dynamics/crossfade.h **** 
  49:../../DaisySP/Source/Dynamics/crossfade.h ****     /** Initialize with default linear curve 
  50:../../DaisySP/Source/Dynamics/crossfade.h ****     */
  51:../../DaisySP/Source/Dynamics/crossfade.h ****     inline void Init() { Init(CROSSFADE_LIN); }
  52:../../DaisySP/Source/Dynamics/crossfade.h ****     /** processes CrossFade and returns single sample
  53:../../DaisySP/Source/Dynamics/crossfade.h ****     */
  54:../../DaisySP/Source/Dynamics/crossfade.h ****     float Process(float &in1, float &in2);
  55:../../DaisySP/Source/Dynamics/crossfade.h **** 
  56:../../DaisySP/Source/Dynamics/crossfade.h **** 
  57:../../DaisySP/Source/Dynamics/crossfade.h ****     /** Sets position of CrossFade between two input signals
  58:../../DaisySP/Source/Dynamics/crossfade.h ****         Input range: 0 to 1
  59:../../DaisySP/Source/Dynamics/crossfade.h ****     */
  60:../../DaisySP/Source/Dynamics/crossfade.h ****     inline void SetPos(float pos) { pos_ = pos; }
ARM GAS  /tmp/ccar5uW1.s 			page 11


 197              		.loc 2 60 17 discriminator 2 view .LVU38
 198              	.LBB110:
 199              		.loc 2 60 37 discriminator 2 view .LVU39
 200              	.LBE110:
 201              	.LBE109:
  25:crossfade.cpp **** 
 202              		.loc 8 25 13 is_stmt 0 discriminator 2 view .LVU40
 203 0040 20EE270A 		vmul.f32	s0, s0, s15
 204              	.LVL10:
 205              	.LBB112:
 206              	.LBB111:
 207              		.loc 2 60 42 discriminator 2 view .LVU41
 208 0044 87ED000A 		vstr.32	s0, [r7]
 209              	.LVL11:
 210              		.loc 2 60 42 discriminator 2 view .LVU42
 211              	.LBE111:
 212              	.LBE112:
 213              		.loc 8 28 9 is_stmt 1 discriminator 2 view .LVU43
 214              		.loc 8 28 31 is_stmt 0 discriminator 2 view .LVU44
 215 0048 FFF7FEFF 		bl	_ZN7daisysp9CrossFade7ProcessERfS1_
 216              	.LVL12:
  29:crossfade.cpp **** 
  30:crossfade.cpp ****         // left out
  31:crossfade.cpp ****         out[i] = output;
 217              		.loc 8 31 9 is_stmt 1 discriminator 2 view .LVU45
  16:crossfade.cpp ****     {
 218              		.loc 8 16 25 is_stmt 0 discriminator 2 view .LVU46
 219 004c B542     		cmp	r5, r6
 220              		.loc 8 31 16 discriminator 2 view .LVU47
 221 004e 04ED020A 		vstr.32	s0, [r4, #-8]
  32:crossfade.cpp **** 
  33:crossfade.cpp ****         // right out
  34:crossfade.cpp ****         out[i + 1] = output;
 222              		.loc 8 34 9 is_stmt 1 discriminator 2 view .LVU48
 223              		.loc 8 34 20 is_stmt 0 discriminator 2 view .LVU49
 224 0052 04ED010A 		vstr.32	s0, [r4, #-4]
  16:crossfade.cpp ****     {
 225              		.loc 8 16 5 is_stmt 1 discriminator 2 view .LVU50
  16:crossfade.cpp ****     {
 226              		.loc 8 16 25 discriminator 2 view .LVU51
 227 0056 05F10205 		add	r5, r5, #2
 228              	.LVL13:
  16:crossfade.cpp ****     {
 229              		.loc 8 16 25 is_stmt 0 discriminator 2 view .LVU52
 230 005a DAD1     		bne	.L7
 231              	.LBE113:
  35:crossfade.cpp ****     }
  36:crossfade.cpp **** }
 232              		.loc 8 36 1 view .LVU53
 233 005c 03B0     		add	sp, sp, #12
 234              		.cfi_def_cfa_offset 20
 235              		@ sp needed
 236 005e F0BD     		pop	{r4, r5, r6, r7, pc}
 237              	.LVL14:
 238              	.L13:
 239              		.cfi_def_cfa_offset 0
 240              		.cfi_restore 4
ARM GAS  /tmp/ccar5uW1.s 			page 12


 241              		.cfi_restore 5
 242              		.cfi_restore 6
 243              		.cfi_restore 7
 244              		.cfi_restore 14
 245              		.loc 8 36 1 view .LVU54
 246 0060 7047     		bx	lr
 247              	.L17:
 248 0062 00BF     		.align	2
 249              	.L16:
 250 0064 00000000 		.word	.LANCHOR3
 251 0068 00000000 		.word	.LANCHOR0
 252 006c 00000000 		.word	.LANCHOR1
 253 0070 00000000 		.word	.LANCHOR2
 254              		.cfi_endproc
 255              	.LFE4212:
 257              		.section	.text.startup.main,"ax",%progbits
 258              		.align	1
 259              		.p2align 2,,3
 260              		.global	main
 261              		.syntax unified
 262              		.thumb
 263              		.thumb_func
 264              		.fpu fpv5-d16
 266              	main:
 267              	.LFB4213:
  37:crossfade.cpp **** 
  38:crossfade.cpp **** int main(void)
  39:crossfade.cpp **** {
 268              		.loc 8 39 1 is_stmt 1 view -0
 269              		.cfi_startproc
 270              		@ args = 0, pretend = 0, frame = 0
 271              		@ frame_needed = 0, uses_anonymous_args = 0
  40:crossfade.cpp ****     // initialize seed hardware and daisysp modules
  41:crossfade.cpp ****     float sample_rate;
 272              		.loc 8 41 5 view .LVU56
  42:crossfade.cpp ****     seed.Configure();
 273              		.loc 8 42 5 view .LVU57
  39:crossfade.cpp ****     // initialize seed hardware and daisysp modules
 274              		.loc 8 39 1 is_stmt 0 view .LVU58
 275 0000 2DE9F047 		push	{r4, r5, r6, r7, r8, r9, r10, lr}
 276              		.cfi_def_cfa_offset 32
 277              		.cfi_offset 4, -32
 278              		.cfi_offset 5, -28
 279              		.cfi_offset 6, -24
 280              		.cfi_offset 7, -20
 281              		.cfi_offset 8, -16
 282              		.cfi_offset 9, -12
 283              		.cfi_offset 10, -8
 284              		.cfi_offset 14, -4
 285              		.loc 8 42 19 view .LVU59
 286 0004 4848     		ldr	r0, .L21
 287              	.LBB114:
 288              	.LBB115:
 289              	.LBB116:
  45:../../DaisySP/Source/Dynamics/crossfade.h ****         curve_ = curve < CROSSFADE_LAST ? curve : CROSSFADE_LIN;
 290              		.loc 2 45 16 view .LVU60
 291 0006 4FF07C57 		mov	r7, #1056964608
ARM GAS  /tmp/ccar5uW1.s 			page 13


 292              	.LBE116:
 293              	.LBE115:
 294              	.LBE114:
 295              	.LBB125:
 296              	.LBB126:
  17:../../DaisySP/Source/Synthesis/oscillator.h ****     /** Choices for output waveforms, POLYBLEP are appropriately labeled. Others are naive forms.
  18:../../DaisySP/Source/Synthesis/oscillator.h ****     */
  19:../../DaisySP/Source/Synthesis/oscillator.h ****     enum
  20:../../DaisySP/Source/Synthesis/oscillator.h ****     {
  21:../../DaisySP/Source/Synthesis/oscillator.h ****         WAVE_SIN,
  22:../../DaisySP/Source/Synthesis/oscillator.h ****         WAVE_TRI,
  23:../../DaisySP/Source/Synthesis/oscillator.h ****         WAVE_SAW,
  24:../../DaisySP/Source/Synthesis/oscillator.h ****         WAVE_RAMP,
  25:../../DaisySP/Source/Synthesis/oscillator.h ****         WAVE_SQUARE,
  26:../../DaisySP/Source/Synthesis/oscillator.h ****         WAVE_POLYBLEP_TRI,
  27:../../DaisySP/Source/Synthesis/oscillator.h ****         WAVE_POLYBLEP_SAW,
  28:../../DaisySP/Source/Synthesis/oscillator.h ****         WAVE_POLYBLEP_SQUARE,
  29:../../DaisySP/Source/Synthesis/oscillator.h ****         WAVE_LAST,
  30:../../DaisySP/Source/Synthesis/oscillator.h ****     };
  31:../../DaisySP/Source/Synthesis/oscillator.h **** 
  32:../../DaisySP/Source/Synthesis/oscillator.h **** 
  33:../../DaisySP/Source/Synthesis/oscillator.h ****     /** Initializes the Oscillator
  34:../../DaisySP/Source/Synthesis/oscillator.h **** 
  35:../../DaisySP/Source/Synthesis/oscillator.h ****         \param sample_rate - sample rate of the audio engine being run, and the frequency that the 
  36:../../DaisySP/Source/Synthesis/oscillator.h **** 
  37:../../DaisySP/Source/Synthesis/oscillator.h ****         Defaults:
  38:../../DaisySP/Source/Synthesis/oscillator.h ****         - freq_ = 100 Hz
  39:../../DaisySP/Source/Synthesis/oscillator.h ****         - amp_ = 0.5
  40:../../DaisySP/Source/Synthesis/oscillator.h ****         - waveform_ = sine wave.
  41:../../DaisySP/Source/Synthesis/oscillator.h ****     */
  42:../../DaisySP/Source/Synthesis/oscillator.h ****     void Init(float sample_rate)
  43:../../DaisySP/Source/Synthesis/oscillator.h ****     {
  44:../../DaisySP/Source/Synthesis/oscillator.h ****         sr_        = sample_rate;
 297              		.loc 1 44 20 view .LVU61
 298 000a 484E     		ldr	r6, .L21+4
 299              	.LBE126:
 300              	.LBE125:
 301              	.LBB135:
 302              	.LBB121:
 303              	.LBB117:
  46:../../DaisySP/Source/Dynamics/crossfade.h ****     }
 304              		.loc 2 46 16 view .LVU62
 305 000c 4FF0000A 		mov	r10, #0
 306              	.LBE117:
 307              	.LBE121:
 308              	.LBE135:
 309              	.LBB136:
 310              	.LBB127:
  45:../../DaisySP/Source/Synthesis/oscillator.h ****         sr_recip_  = 1.0f / sample_rate;
  46:../../DaisySP/Source/Synthesis/oscillator.h ****         freq_      = 100.0f;
  47:../../DaisySP/Source/Synthesis/oscillator.h ****         amp_       = 0.5f;
  48:../../DaisySP/Source/Synthesis/oscillator.h ****         phase_     = 0.0f;
 311              		.loc 1 48 20 view .LVU63
 312 0010 4FF00009 		mov	r9, #0
  49:../../DaisySP/Source/Synthesis/oscillator.h ****         phase_inc_ = CalcPhaseInc(freq_);
  50:../../DaisySP/Source/Synthesis/oscillator.h ****         waveform_  = WAVE_SIN;
  51:../../DaisySP/Source/Synthesis/oscillator.h ****         eoc_       = true;
ARM GAS  /tmp/ccar5uW1.s 			page 14


  52:../../DaisySP/Source/Synthesis/oscillator.h ****         eor_       = true;
 313              		.loc 1 52 20 view .LVU64
 314 0014 40F20118 		movw	r8, #257
 315              	.LBE127:
 316              	.LBE136:
 317              	.LBB137:
 318              	.LBB138:
  44:../../DaisySP/Source/Synthesis/oscillator.h ****         sr_recip_  = 1.0f / sample_rate;
 319              		.loc 1 44 20 view .LVU65
 320 0018 454D     		ldr	r5, .L21+8
 321              	.LBE138:
 322              	.LBE137:
 323              	.LBB144:
 324              	.LBB145:
 325 001a 464C     		ldr	r4, .L21+12
 326              	.LBE145:
 327              	.LBE144:
  39:crossfade.cpp ****     // initialize seed hardware and daisysp modules
 328              		.loc 8 39 1 view .LVU66
 329 001c 2DED068B 		vpush.64	{d8, d9, d10}
 330              		.cfi_def_cfa_offset 56
 331              		.cfi_offset 80, -56
 332              		.cfi_offset 81, -52
 333              		.cfi_offset 82, -48
 334              		.cfi_offset 83, -44
 335              		.cfi_offset 84, -40
 336              		.cfi_offset 85, -36
 337              	.LBB151:
 338              	.LBB128:
  45:../../DaisySP/Source/Synthesis/oscillator.h ****         freq_      = 100.0f;
 339              		.loc 1 45 27 view .LVU67
 340 0020 B7EE00AA 		vmov.f32	s20, #1.0e+0
 341              	.LBE128:
 342              	.LBE151:
 343              		.loc 8 42 19 view .LVU68
 344 0024 FFF7FEFF 		bl	_ZN5daisy9DaisySeed9ConfigureEv
 345              	.LVL15:
  43:crossfade.cpp ****     seed.Init();
 346              		.loc 8 43 5 is_stmt 1 view .LVU69
 347              		.loc 8 43 14 is_stmt 0 view .LVU70
 348 0028 0021     		movs	r1, #0
 349 002a 3F48     		ldr	r0, .L21
 350 002c FFF7FEFF 		bl	_ZN5daisy9DaisySeed4InitEb
 351              	.LVL16:
  44:crossfade.cpp ****     sample_rate = seed.AudioSampleRate();
 352              		.loc 8 44 5 is_stmt 1 view .LVU71
 353              		.loc 8 44 39 is_stmt 0 view .LVU72
 354 0030 3D48     		ldr	r0, .L21
 355 0032 FFF7FEFF 		bl	_ZN5daisy9DaisySeed15AudioSampleRateEv
 356              	.LVL17:
 357              	.LBB152:
 358              	.LBB129:
  45:../../DaisySP/Source/Synthesis/oscillator.h ****         freq_      = 100.0f;
 359              		.loc 1 45 27 view .LVU73
 360 0036 CAEE009A 		vdiv.f32	s19, s20, s0
  46:../../DaisySP/Source/Synthesis/oscillator.h ****         amp_       = 0.5f;
 361              		.loc 1 46 20 view .LVU74
ARM GAS  /tmp/ccar5uW1.s 			page 15


 362 003a 9FED3F8A 		vldr.32	s16, .L21+16
  49:../../DaisySP/Source/Synthesis/oscillator.h ****         waveform_  = WAVE_SIN;
 363              		.loc 1 49 34 view .LVU75
 364 003e 3046     		mov	r0, r6
 365              	.LBE129:
 366              	.LBE152:
 367              	.LBB153:
 368              	.LBB122:
 369              	.LBB118:
  45:../../DaisySP/Source/Dynamics/crossfade.h ****         curve_ = curve < CROSSFADE_LAST ? curve : CROSSFADE_LIN;
 370              		.loc 2 45 16 view .LVU76
 371 0040 3E4B     		ldr	r3, .L21+20
 372              	.LBE118:
 373              	.LBE122:
 374              	.LBE153:
 375              	.LBB154:
 376              	.LBB130:
  46:../../DaisySP/Source/Synthesis/oscillator.h ****         amp_       = 0.5f;
 377              		.loc 1 46 20 view .LVU77
 378 0042 86ED028A 		vstr.32	s16, [r6, #8]
 379              	.LBE130:
 380              	.LBE154:
 381              	.LBB155:
 382              	.LBB123:
 383              	.LBB119:
  45:../../DaisySP/Source/Dynamics/crossfade.h ****         curve_ = curve < CROSSFADE_LAST ? curve : CROSSFADE_LIN;
 384              		.loc 2 45 16 view .LVU78
 385 0046 1F60     		str	r7, [r3]	@ float
 386              	.LBE119:
 387              	.LBE123:
 388              	.LBE155:
 389              		.loc 8 44 39 view .LVU79
 390 0048 F0EE408A 		vmov.f32	s17, s0
 391              	.LVL18:
  45:crossfade.cpp **** 
  46:crossfade.cpp ****     // set params for CrossFade object
  47:crossfade.cpp ****     cfade.Init();
 392              		.loc 8 47 5 is_stmt 1 view .LVU80
 393              	.LBB156:
 394              	.LBI114:
  51:../../DaisySP/Source/Dynamics/crossfade.h ****     /** processes CrossFade and returns single sample
 395              		.loc 2 51 17 view .LVU81
 396              	.LBE156:
  51:../../DaisySP/Source/Dynamics/crossfade.h ****     /** processes CrossFade and returns single sample
 397              		.loc 2 51 26 view .LVU82
 398              	.LBB157:
 399              	.LBB124:
 400              	.LBI115:
  43:../../DaisySP/Source/Dynamics/crossfade.h ****     {
 401              		.loc 2 43 17 view .LVU83
 402              	.LBB120:
  45:../../DaisySP/Source/Dynamics/crossfade.h ****         curve_ = curve < CROSSFADE_LAST ? curve : CROSSFADE_LIN;
 403              		.loc 2 45 9 view .LVU84
  46:../../DaisySP/Source/Dynamics/crossfade.h ****     }
 404              		.loc 2 46 9 view .LVU85
  46:../../DaisySP/Source/Dynamics/crossfade.h ****     }
 405              		.loc 2 46 16 is_stmt 0 view .LVU86
ARM GAS  /tmp/ccar5uW1.s 			page 16


 406 004c 83F804A0 		strb	r10, [r3, #4]
 407              	.LVL19:
  46:../../DaisySP/Source/Dynamics/crossfade.h ****     }
 408              		.loc 2 46 16 view .LVU87
 409              	.LBE120:
 410              	.LBE124:
 411              	.LBE157:
  48:crossfade.cpp ****     cfade.SetCurve(CROSSFADE_LIN);
 412              		.loc 8 48 5 is_stmt 1 view .LVU88
  61:../../DaisySP/Source/Dynamics/crossfade.h ****     /** Sets current curve applied to CrossFade 
  62:../../DaisySP/Source/Dynamics/crossfade.h ****     Expected input: See [Curve Options](##curve-options)
  63:../../DaisySP/Source/Dynamics/crossfade.h ****     */
  64:../../DaisySP/Source/Dynamics/crossfade.h ****     inline void SetCurve(uint8_t curve) { curve_ = curve; }
 413              		.loc 2 64 43 view .LVU89
  49:crossfade.cpp **** 
  50:crossfade.cpp ****     // set parameters for sine oscillator object
  51:crossfade.cpp ****     osc_sine.Init(sample_rate);
 414              		.loc 8 51 5 view .LVU90
 415              	.LBB158:
 416              	.LBI125:
  42:../../DaisySP/Source/Synthesis/oscillator.h ****     {
 417              		.loc 1 42 10 view .LVU91
 418              	.LBB131:
  44:../../DaisySP/Source/Synthesis/oscillator.h ****         sr_recip_  = 1.0f / sample_rate;
 419              		.loc 1 44 9 view .LVU92
  45:../../DaisySP/Source/Synthesis/oscillator.h ****         freq_      = 100.0f;
 420              		.loc 1 45 9 view .LVU93
  49:../../DaisySP/Source/Synthesis/oscillator.h ****         waveform_  = WAVE_SIN;
 421              		.loc 1 49 34 is_stmt 0 view .LVU94
 422 0050 B0EE480A 		vmov.f32	s0, s16
 423              	.LVL20:
  47:../../DaisySP/Source/Synthesis/oscillator.h ****         phase_     = 0.0f;
 424              		.loc 1 47 20 view .LVU95
 425 0054 7760     		str	r7, [r6, #4]	@ float
  48:../../DaisySP/Source/Synthesis/oscillator.h ****         phase_inc_ = CalcPhaseInc(freq_);
 426              		.loc 1 48 20 view .LVU96
 427 0056 C6F81490 		str	r9, [r6, #20]	@ float
 428              	.LBE131:
 429              	.LBE158:
 430              	.LBB159:
 431              	.LBB160:
  53:../../DaisySP/Source/Synthesis/oscillator.h ****     }
  54:../../DaisySP/Source/Synthesis/oscillator.h **** 
  55:../../DaisySP/Source/Synthesis/oscillator.h **** 
  56:../../DaisySP/Source/Synthesis/oscillator.h ****     /** Changes the frequency of the Oscillator, and recalculates phase increment.
  57:../../DaisySP/Source/Synthesis/oscillator.h ****     */
  58:../../DaisySP/Source/Synthesis/oscillator.h ****     inline void SetFreq(const float f)
  59:../../DaisySP/Source/Synthesis/oscillator.h ****     {
  60:../../DaisySP/Source/Synthesis/oscillator.h ****         freq_      = f;
  61:../../DaisySP/Source/Synthesis/oscillator.h ****         phase_inc_ = CalcPhaseInc(f);
  62:../../DaisySP/Source/Synthesis/oscillator.h ****     }
  63:../../DaisySP/Source/Synthesis/oscillator.h **** 
  64:../../DaisySP/Source/Synthesis/oscillator.h **** 
  65:../../DaisySP/Source/Synthesis/oscillator.h ****     /** Sets the amplitude of the waveform.
  66:../../DaisySP/Source/Synthesis/oscillator.h ****     */
  67:../../DaisySP/Source/Synthesis/oscillator.h ****     inline void SetAmp(const float a) { amp_ = a; }
 432              		.loc 1 67 46 view .LVU97
ARM GAS  /tmp/ccar5uW1.s 			page 17


 433 005a B5EE009A 		vmov.f32	s18, #2.5e-1
 434              	.LBE160:
 435              	.LBE159:
 436              	.LBB163:
 437              	.LBB132:
  44:../../DaisySP/Source/Synthesis/oscillator.h ****         sr_recip_  = 1.0f / sample_rate;
 438              		.loc 1 44 20 view .LVU98
 439 005e C6ED038A 		vstr.32	s17, [r6, #12]
  45:../../DaisySP/Source/Synthesis/oscillator.h ****         freq_      = 100.0f;
 440              		.loc 1 45 20 view .LVU99
 441 0062 C6ED049A 		vstr.32	s19, [r6, #16]
  46:../../DaisySP/Source/Synthesis/oscillator.h ****         amp_       = 0.5f;
 442              		.loc 1 46 9 is_stmt 1 view .LVU100
  47:../../DaisySP/Source/Synthesis/oscillator.h ****         phase_     = 0.0f;
 443              		.loc 1 47 9 view .LVU101
  48:../../DaisySP/Source/Synthesis/oscillator.h ****         phase_inc_ = CalcPhaseInc(freq_);
 444              		.loc 1 48 9 view .LVU102
  49:../../DaisySP/Source/Synthesis/oscillator.h ****         waveform_  = WAVE_SIN;
 445              		.loc 1 49 9 view .LVU103
  49:../../DaisySP/Source/Synthesis/oscillator.h ****         waveform_  = WAVE_SIN;
 446              		.loc 1 49 34 is_stmt 0 view .LVU104
 447 0066 FFF7FEFF 		bl	_ZN7daisysp10Oscillator12CalcPhaseIncEf
 448              	.LVL21:
 449 006a F0EE407A 		vmov.f32	s15, s0
 450              	.LBE132:
 451              	.LBE163:
 452              	.LBB164:
 453              	.LBB165:
  61:../../DaisySP/Source/Synthesis/oscillator.h ****     }
 454              		.loc 1 61 34 view .LVU105
 455 006e 3046     		mov	r0, r6
 456 0070 B0EE480A 		vmov.f32	s0, s16
 457              	.LBE165:
 458              	.LBE164:
 459              	.LBB169:
 460              	.LBB133:
  50:../../DaisySP/Source/Synthesis/oscillator.h ****         eoc_       = true;
 461              		.loc 1 50 20 view .LVU106
 462 0074 86F800A0 		strb	r10, [r6]
 463              	.LBE133:
 464              	.LBE169:
 465              	.LBB170:
 466              	.LBB166:
  60:../../DaisySP/Source/Synthesis/oscillator.h ****         phase_inc_ = CalcPhaseInc(f);
 467              		.loc 1 60 20 view .LVU107
 468 0078 86ED028A 		vstr.32	s16, [r6, #8]
 469              	.LBE166:
 470              	.LBE170:
 471              	.LBB171:
 472              	.LBB134:
  49:../../DaisySP/Source/Synthesis/oscillator.h ****         waveform_  = WAVE_SIN;
 473              		.loc 1 49 20 view .LVU108
 474 007c C6ED067A 		vstr.32	s15, [r6, #24]
  50:../../DaisySP/Source/Synthesis/oscillator.h ****         eoc_       = true;
 475              		.loc 1 50 9 is_stmt 1 view .LVU109
  51:../../DaisySP/Source/Synthesis/oscillator.h ****         eor_       = true;
 476              		.loc 1 51 9 view .LVU110
ARM GAS  /tmp/ccar5uW1.s 			page 18


  52:../../DaisySP/Source/Synthesis/oscillator.h ****     }
 477              		.loc 1 52 9 view .LVU111
  52:../../DaisySP/Source/Synthesis/oscillator.h ****     }
 478              		.loc 1 52 20 is_stmt 0 view .LVU112
 479 0080 A6F82480 		strh	r8, [r6, #36]	@ movhi
 480              	.LVL22:
  52:../../DaisySP/Source/Synthesis/oscillator.h ****     }
 481              		.loc 1 52 20 view .LVU113
 482              	.LBE134:
 483              	.LBE171:
  52:crossfade.cpp ****     osc_sine.SetWaveform(Oscillator::WAVE_SIN);
 484              		.loc 8 52 5 is_stmt 1 view .LVU114
  68:../../DaisySP/Source/Synthesis/oscillator.h ****     /** Sets the waveform to be synthesized by the Process() function.
  69:../../DaisySP/Source/Synthesis/oscillator.h ****     */
  70:../../DaisySP/Source/Synthesis/oscillator.h ****     inline void SetWaveform(const uint8_t wf)
  71:../../DaisySP/Source/Synthesis/oscillator.h ****     {
  72:../../DaisySP/Source/Synthesis/oscillator.h ****         waveform_ = wf < WAVE_LAST ? wf : WAVE_SIN;
 485              		.loc 1 72 9 view .LVU115
  53:crossfade.cpp ****     osc_sine.SetFreq(100);
 486              		.loc 8 53 5 view .LVU116
 487              	.LBB172:
 488              	.LBI164:
  58:../../DaisySP/Source/Synthesis/oscillator.h ****     {
 489              		.loc 1 58 17 view .LVU117
 490              	.LBB167:
  60:../../DaisySP/Source/Synthesis/oscillator.h ****         phase_inc_ = CalcPhaseInc(f);
 491              		.loc 1 60 9 view .LVU118
  61:../../DaisySP/Source/Synthesis/oscillator.h ****     }
 492              		.loc 1 61 9 view .LVU119
  61:../../DaisySP/Source/Synthesis/oscillator.h ****     }
 493              		.loc 1 61 34 is_stmt 0 view .LVU120
 494 0084 FFF7FEFF 		bl	_ZN7daisysp10Oscillator12CalcPhaseIncEf
 495              	.LVL23:
 496 0088 F0EE407A 		vmov.f32	s15, s0
 497              	.LBE167:
 498              	.LBE172:
 499              	.LBB173:
 500              	.LBB139:
  49:../../DaisySP/Source/Synthesis/oscillator.h ****         waveform_  = WAVE_SIN;
 501              		.loc 1 49 34 view .LVU121
 502 008c 2846     		mov	r0, r5
 503 008e B0EE480A 		vmov.f32	s0, s16
 504              	.LBE139:
 505              	.LBE173:
 506              	.LBB174:
 507              	.LBB161:
  67:../../DaisySP/Source/Synthesis/oscillator.h ****     /** Sets the waveform to be synthesized by the Process() function.
 508              		.loc 1 67 46 view .LVU122
 509 0092 86ED019A 		vstr.32	s18, [r6, #4]
 510              	.LBE161:
 511              	.LBE174:
 512              	.LBB175:
 513              	.LBB140:
  45:../../DaisySP/Source/Synthesis/oscillator.h ****         freq_      = 100.0f;
 514              		.loc 1 45 20 view .LVU123
 515 0096 C5ED049A 		vstr.32	s19, [r5, #16]
 516              	.LBE140:
ARM GAS  /tmp/ccar5uW1.s 			page 19


 517              	.LBE175:
 518              	.LBB176:
 519              	.LBB168:
  61:../../DaisySP/Source/Synthesis/oscillator.h ****     }
 520              		.loc 1 61 20 view .LVU124
 521 009a C6ED067A 		vstr.32	s15, [r6, #24]
 522              	.LVL24:
  61:../../DaisySP/Source/Synthesis/oscillator.h ****     }
 523              		.loc 1 61 20 view .LVU125
 524              	.LBE168:
 525              	.LBE176:
  54:crossfade.cpp ****     osc_sine.SetAmp(0.25);
 526              		.loc 8 54 5 is_stmt 1 view .LVU126
 527              	.LBB177:
 528              	.LBI159:
  67:../../DaisySP/Source/Synthesis/oscillator.h ****     /** Sets the waveform to be synthesized by the Process() function.
 529              		.loc 1 67 17 view .LVU127
 530              	.LBB162:
  67:../../DaisySP/Source/Synthesis/oscillator.h ****     /** Sets the waveform to be synthesized by the Process() function.
 531              		.loc 1 67 41 view .LVU128
  67:../../DaisySP/Source/Synthesis/oscillator.h ****     /** Sets the waveform to be synthesized by the Process() function.
 532              		.loc 1 67 41 is_stmt 0 view .LVU129
 533              	.LBE162:
 534              	.LBE177:
  55:crossfade.cpp **** 
  56:crossfade.cpp ****     // set parameters for sawtooth oscillator object
  57:crossfade.cpp ****     osc_saw.Init(sample_rate);
 535              		.loc 8 57 5 is_stmt 1 view .LVU130
 536              	.LBB178:
 537              	.LBI137:
  42:../../DaisySP/Source/Synthesis/oscillator.h ****     {
 538              		.loc 1 42 10 view .LVU131
 539              	.LBB141:
  44:../../DaisySP/Source/Synthesis/oscillator.h ****         sr_recip_  = 1.0f / sample_rate;
 540              		.loc 1 44 9 view .LVU132
  44:../../DaisySP/Source/Synthesis/oscillator.h ****         sr_recip_  = 1.0f / sample_rate;
 541              		.loc 1 44 20 is_stmt 0 view .LVU133
 542 009e C5ED038A 		vstr.32	s17, [r5, #12]
  45:../../DaisySP/Source/Synthesis/oscillator.h ****         freq_      = 100.0f;
 543              		.loc 1 45 9 is_stmt 1 view .LVU134
  46:../../DaisySP/Source/Synthesis/oscillator.h ****         amp_       = 0.5f;
 544              		.loc 1 46 9 view .LVU135
  46:../../DaisySP/Source/Synthesis/oscillator.h ****         amp_       = 0.5f;
 545              		.loc 1 46 20 is_stmt 0 view .LVU136
 546 00a2 85ED028A 		vstr.32	s16, [r5, #8]
  47:../../DaisySP/Source/Synthesis/oscillator.h ****         phase_     = 0.0f;
 547              		.loc 1 47 9 is_stmt 1 view .LVU137
  47:../../DaisySP/Source/Synthesis/oscillator.h ****         phase_     = 0.0f;
 548              		.loc 1 47 20 is_stmt 0 view .LVU138
 549 00a6 6F60     		str	r7, [r5, #4]	@ float
  48:../../DaisySP/Source/Synthesis/oscillator.h ****         phase_inc_ = CalcPhaseInc(freq_);
 550              		.loc 1 48 9 is_stmt 1 view .LVU139
  48:../../DaisySP/Source/Synthesis/oscillator.h ****         phase_inc_ = CalcPhaseInc(freq_);
 551              		.loc 1 48 20 is_stmt 0 view .LVU140
 552 00a8 C5F81490 		str	r9, [r5, #20]	@ float
  49:../../DaisySP/Source/Synthesis/oscillator.h ****         waveform_  = WAVE_SIN;
 553              		.loc 1 49 9 is_stmt 1 view .LVU141
ARM GAS  /tmp/ccar5uW1.s 			page 20


  49:../../DaisySP/Source/Synthesis/oscillator.h ****         waveform_  = WAVE_SIN;
 554              		.loc 1 49 34 is_stmt 0 view .LVU142
 555 00ac FFF7FEFF 		bl	_ZN7daisysp10Oscillator12CalcPhaseIncEf
 556              	.LVL25:
 557 00b0 F0EE407A 		vmov.f32	s15, s0
 558              	.LBE141:
 559              	.LBE178:
 560              	.LBB179:
 561              	.LBB180:
 562              		.loc 1 72 19 view .LVU143
 563 00b4 0623     		movs	r3, #6
 564              	.LBE180:
 565              	.LBE179:
 566              	.LBB183:
 567              	.LBB184:
  61:../../DaisySP/Source/Synthesis/oscillator.h ****     }
 568              		.loc 1 61 34 view .LVU144
 569 00b6 2846     		mov	r0, r5
 570 00b8 B0EE480A 		vmov.f32	s0, s16
 571              	.LBE184:
 572              	.LBE183:
 573              	.LBB188:
 574              	.LBB181:
 575              		.loc 1 72 19 view .LVU145
 576 00bc 2B70     		strb	r3, [r5]
 577              	.LBE181:
 578              	.LBE188:
 579              	.LBB189:
 580              	.LBB142:
  49:../../DaisySP/Source/Synthesis/oscillator.h ****         waveform_  = WAVE_SIN;
 581              		.loc 1 49 20 view .LVU146
 582 00be C5ED067A 		vstr.32	s15, [r5, #24]
  50:../../DaisySP/Source/Synthesis/oscillator.h ****         eoc_       = true;
 583              		.loc 1 50 9 is_stmt 1 view .LVU147
  51:../../DaisySP/Source/Synthesis/oscillator.h ****         eor_       = true;
 584              		.loc 1 51 9 view .LVU148
  52:../../DaisySP/Source/Synthesis/oscillator.h ****     }
 585              		.loc 1 52 9 view .LVU149
 586              	.LVL26:
  52:../../DaisySP/Source/Synthesis/oscillator.h ****     }
 587              		.loc 1 52 9 is_stmt 0 view .LVU150
 588              	.LBE142:
 589              	.LBE189:
  58:crossfade.cpp ****     osc_saw.SetWaveform(Oscillator::WAVE_POLYBLEP_SAW);
 590              		.loc 8 58 5 is_stmt 1 view .LVU151
 591              	.LBB190:
 592              	.LBI179:
  70:../../DaisySP/Source/Synthesis/oscillator.h ****     {
 593              		.loc 1 70 17 view .LVU152
 594              	.LBB182:
 595              		.loc 1 72 9 view .LVU153
 596              		.loc 1 72 9 is_stmt 0 view .LVU154
 597              	.LBE182:
 598              	.LBE190:
  59:crossfade.cpp ****     osc_saw.SetFreq(100);
 599              		.loc 8 59 5 is_stmt 1 view .LVU155
 600              	.LBB191:
ARM GAS  /tmp/ccar5uW1.s 			page 21


 601              	.LBI183:
  58:../../DaisySP/Source/Synthesis/oscillator.h ****     {
 602              		.loc 1 58 17 view .LVU156
 603              	.LBB185:
  60:../../DaisySP/Source/Synthesis/oscillator.h ****         phase_inc_ = CalcPhaseInc(f);
 604              		.loc 1 60 9 view .LVU157
  61:../../DaisySP/Source/Synthesis/oscillator.h ****     }
 605              		.loc 1 61 9 view .LVU158
 606              	.LBE185:
 607              	.LBE191:
 608              	.LBB192:
 609              	.LBB143:
  52:../../DaisySP/Source/Synthesis/oscillator.h ****     }
 610              		.loc 1 52 20 is_stmt 0 view .LVU159
 611 00c2 A5F82480 		strh	r8, [r5, #36]	@ movhi
 612              	.LBE143:
 613              	.LBE192:
 614              	.LBB193:
 615              	.LBB186:
  60:../../DaisySP/Source/Synthesis/oscillator.h ****         phase_inc_ = CalcPhaseInc(f);
 616              		.loc 1 60 20 view .LVU160
 617 00c6 85ED028A 		vstr.32	s16, [r5, #8]
  61:../../DaisySP/Source/Synthesis/oscillator.h ****     }
 618              		.loc 1 61 34 view .LVU161
 619 00ca FFF7FEFF 		bl	_ZN7daisysp10Oscillator12CalcPhaseIncEf
 620              	.LVL27:
 621 00ce F0EE407A 		vmov.f32	s15, s0
 622              	.LBE186:
 623              	.LBE193:
 624              	.LBB194:
 625              	.LBB146:
  49:../../DaisySP/Source/Synthesis/oscillator.h ****         waveform_  = WAVE_SIN;
 626              		.loc 1 49 34 view .LVU162
 627 00d2 2046     		mov	r0, r4
 628 00d4 B0EE480A 		vmov.f32	s0, s16
 629              	.LBE146:
 630              	.LBE194:
 631              	.LBB195:
 632              	.LBB196:
  67:../../DaisySP/Source/Synthesis/oscillator.h ****     /** Sets the waveform to be synthesized by the Process() function.
 633              		.loc 1 67 46 view .LVU163
 634 00d8 85ED019A 		vstr.32	s18, [r5, #4]
 635              	.LBE196:
 636              	.LBE195:
 637              	.LBB198:
 638              	.LBB147:
  45:../../DaisySP/Source/Synthesis/oscillator.h ****         freq_      = 100.0f;
 639              		.loc 1 45 20 view .LVU164
 640 00dc C4ED049A 		vstr.32	s19, [r4, #16]
 641              	.LBE147:
 642              	.LBE198:
 643              	.LBB199:
 644              	.LBB187:
  61:../../DaisySP/Source/Synthesis/oscillator.h ****     }
 645              		.loc 1 61 20 view .LVU165
 646 00e0 C5ED067A 		vstr.32	s15, [r5, #24]
 647              	.LVL28:
ARM GAS  /tmp/ccar5uW1.s 			page 22


  61:../../DaisySP/Source/Synthesis/oscillator.h ****     }
 648              		.loc 1 61 20 view .LVU166
 649              	.LBE187:
 650              	.LBE199:
  60:crossfade.cpp ****     osc_saw.SetAmp(0.25);
 651              		.loc 8 60 5 is_stmt 1 view .LVU167
 652              	.LBB200:
 653              	.LBI195:
  67:../../DaisySP/Source/Synthesis/oscillator.h ****     /** Sets the waveform to be synthesized by the Process() function.
 654              		.loc 1 67 17 view .LVU168
 655              	.LBB197:
  67:../../DaisySP/Source/Synthesis/oscillator.h ****     /** Sets the waveform to be synthesized by the Process() function.
 656              		.loc 1 67 41 view .LVU169
  67:../../DaisySP/Source/Synthesis/oscillator.h ****     /** Sets the waveform to be synthesized by the Process() function.
 657              		.loc 1 67 41 is_stmt 0 view .LVU170
 658              	.LBE197:
 659              	.LBE200:
  61:crossfade.cpp **** 
  62:crossfade.cpp ****     // set parameters for triangle lfo oscillator object
  63:crossfade.cpp ****     lfo.Init(sample_rate);
 660              		.loc 8 63 5 is_stmt 1 view .LVU171
 661              	.LBB201:
 662              	.LBI144:
  42:../../DaisySP/Source/Synthesis/oscillator.h ****     {
 663              		.loc 1 42 10 view .LVU172
 664              	.LBB148:
  44:../../DaisySP/Source/Synthesis/oscillator.h ****         sr_recip_  = 1.0f / sample_rate;
 665              		.loc 1 44 9 view .LVU173
  45:../../DaisySP/Source/Synthesis/oscillator.h ****         freq_      = 100.0f;
 666              		.loc 1 45 9 view .LVU174
  46:../../DaisySP/Source/Synthesis/oscillator.h ****         amp_       = 0.5f;
 667              		.loc 1 46 9 view .LVU175
  47:../../DaisySP/Source/Synthesis/oscillator.h ****         phase_     = 0.0f;
 668              		.loc 1 47 9 view .LVU176
  48:../../DaisySP/Source/Synthesis/oscillator.h ****         phase_inc_ = CalcPhaseInc(freq_);
 669              		.loc 1 48 9 view .LVU177
  49:../../DaisySP/Source/Synthesis/oscillator.h ****         waveform_  = WAVE_SIN;
 670              		.loc 1 49 9 view .LVU178
  44:../../DaisySP/Source/Synthesis/oscillator.h ****         sr_recip_  = 1.0f / sample_rate;
 671              		.loc 1 44 20 is_stmt 0 view .LVU179
 672 00e4 C4ED038A 		vstr.32	s17, [r4, #12]
  46:../../DaisySP/Source/Synthesis/oscillator.h ****         amp_       = 0.5f;
 673              		.loc 1 46 20 view .LVU180
 674 00e8 84ED028A 		vstr.32	s16, [r4, #8]
  47:../../DaisySP/Source/Synthesis/oscillator.h ****         phase_     = 0.0f;
 675              		.loc 1 47 20 view .LVU181
 676 00ec 6760     		str	r7, [r4, #4]	@ float
  48:../../DaisySP/Source/Synthesis/oscillator.h ****         phase_inc_ = CalcPhaseInc(freq_);
 677              		.loc 1 48 20 view .LVU182
 678 00ee C4F81490 		str	r9, [r4, #20]	@ float
  49:../../DaisySP/Source/Synthesis/oscillator.h ****         waveform_  = WAVE_SIN;
 679              		.loc 1 49 34 view .LVU183
 680 00f2 FFF7FEFF 		bl	_ZN7daisysp10Oscillator12CalcPhaseIncEf
 681              	.LVL29:
 682 00f6 F0EE407A 		vmov.f32	s15, s0
 683              	.LBE148:
 684              	.LBE201:
ARM GAS  /tmp/ccar5uW1.s 			page 23


 685              	.LBB202:
 686              	.LBB203:
 687              		.loc 1 72 19 view .LVU184
 688 00fa 0123     		movs	r3, #1
 689              	.LBE203:
 690              	.LBE202:
 691              	.LBB205:
 692              	.LBB206:
  61:../../DaisySP/Source/Synthesis/oscillator.h ****     }
 693              		.loc 1 61 34 view .LVU185
 694 00fc 2046     		mov	r0, r4
 695 00fe B0EE490A 		vmov.f32	s0, s18
 696              	.LBE206:
 697              	.LBE205:
 698              	.LBB210:
 699              	.LBB149:
  52:../../DaisySP/Source/Synthesis/oscillator.h ****     }
 700              		.loc 1 52 20 view .LVU186
 701 0102 A4F82480 		strh	r8, [r4, #36]	@ movhi
 702              	.LBE149:
 703              	.LBE210:
 704              	.LBB211:
 705              	.LBB207:
  60:../../DaisySP/Source/Synthesis/oscillator.h ****         phase_inc_ = CalcPhaseInc(f);
 706              		.loc 1 60 20 view .LVU187
 707 0106 84ED029A 		vstr.32	s18, [r4, #8]
 708              	.LBE207:
 709              	.LBE211:
 710              	.LBB212:
 711              	.LBB150:
  49:../../DaisySP/Source/Synthesis/oscillator.h ****         waveform_  = WAVE_SIN;
 712              		.loc 1 49 20 view .LVU188
 713 010a C4ED067A 		vstr.32	s15, [r4, #24]
  50:../../DaisySP/Source/Synthesis/oscillator.h ****         eoc_       = true;
 714              		.loc 1 50 9 is_stmt 1 view .LVU189
  51:../../DaisySP/Source/Synthesis/oscillator.h ****         eor_       = true;
 715              		.loc 1 51 9 view .LVU190
  52:../../DaisySP/Source/Synthesis/oscillator.h ****     }
 716              		.loc 1 52 9 view .LVU191
 717              	.LVL30:
  52:../../DaisySP/Source/Synthesis/oscillator.h ****     }
 718              		.loc 1 52 9 is_stmt 0 view .LVU192
 719              	.LBE150:
 720              	.LBE212:
  64:crossfade.cpp ****     lfo.SetWaveform(Oscillator::WAVE_TRI);
 721              		.loc 8 64 5 is_stmt 1 view .LVU193
 722              	.LBB213:
 723              	.LBI202:
  70:../../DaisySP/Source/Synthesis/oscillator.h ****     {
 724              		.loc 1 70 17 view .LVU194
 725              	.LBB204:
 726              		.loc 1 72 9 view .LVU195
 727              		.loc 1 72 19 is_stmt 0 view .LVU196
 728 010e 2370     		strb	r3, [r4]
 729              	.LVL31:
 730              		.loc 1 72 19 view .LVU197
 731              	.LBE204:
ARM GAS  /tmp/ccar5uW1.s 			page 24


 732              	.LBE213:
  65:crossfade.cpp ****     lfo.SetFreq(.25);
 733              		.loc 8 65 5 is_stmt 1 view .LVU198
 734              	.LBB214:
 735              	.LBI205:
  58:../../DaisySP/Source/Synthesis/oscillator.h ****     {
 736              		.loc 1 58 17 view .LVU199
 737              	.LBB208:
  60:../../DaisySP/Source/Synthesis/oscillator.h ****         phase_inc_ = CalcPhaseInc(f);
 738              		.loc 1 60 9 view .LVU200
  61:../../DaisySP/Source/Synthesis/oscillator.h ****     }
 739              		.loc 1 61 9 view .LVU201
  61:../../DaisySP/Source/Synthesis/oscillator.h ****     }
 740              		.loc 1 61 34 is_stmt 0 view .LVU202
 741 0110 FFF7FEFF 		bl	_ZN7daisysp10Oscillator12CalcPhaseIncEf
 742              	.LVL32:
 743              	.LBE208:
 744              	.LBE214:
  66:crossfade.cpp ****     lfo.SetAmp(1);
  67:crossfade.cpp **** 
  68:crossfade.cpp **** 
  69:crossfade.cpp ****     // start callback
  70:crossfade.cpp ****     seed.StartAudio(AudioCallback);
 745              		.loc 8 70 20 view .LVU203
 746 0114 0A49     		ldr	r1, .L21+24
 747 0116 0448     		ldr	r0, .L21
 748              	.LBB215:
 749              	.LBB216:
  67:../../DaisySP/Source/Synthesis/oscillator.h ****     /** Sets the waveform to be synthesized by the Process() function.
 750              		.loc 1 67 46 view .LVU204
 751 0118 84ED01AA 		vstr.32	s20, [r4, #4]
 752              	.LBE216:
 753              	.LBE215:
 754              	.LBB218:
 755              	.LBB209:
  61:../../DaisySP/Source/Synthesis/oscillator.h ****     }
 756              		.loc 1 61 20 view .LVU205
 757 011c 84ED060A 		vstr.32	s0, [r4, #24]
 758              	.LVL33:
  61:../../DaisySP/Source/Synthesis/oscillator.h ****     }
 759              		.loc 1 61 20 view .LVU206
 760              	.LBE209:
 761              	.LBE218:
  66:crossfade.cpp ****     lfo.SetAmp(1);
 762              		.loc 8 66 5 is_stmt 1 view .LVU207
 763              	.LBB219:
 764              	.LBI215:
  67:../../DaisySP/Source/Synthesis/oscillator.h ****     /** Sets the waveform to be synthesized by the Process() function.
 765              		.loc 1 67 17 view .LVU208
 766              	.LBB217:
  67:../../DaisySP/Source/Synthesis/oscillator.h ****     /** Sets the waveform to be synthesized by the Process() function.
 767              		.loc 1 67 41 view .LVU209
  67:../../DaisySP/Source/Synthesis/oscillator.h ****     /** Sets the waveform to be synthesized by the Process() function.
 768              		.loc 1 67 41 is_stmt 0 view .LVU210
 769              	.LBE217:
 770              	.LBE219:
 771              		.loc 8 70 5 is_stmt 1 view .LVU211
ARM GAS  /tmp/ccar5uW1.s 			page 25


 772              		.loc 8 70 20 is_stmt 0 view .LVU212
 773 0120 FFF7FEFF 		bl	_ZN5daisy9DaisySeed10StartAudioEPFvPKfPfjE
 774              	.LVL34:
 775              	.L19:
  71:crossfade.cpp **** 
  72:crossfade.cpp **** 
  73:crossfade.cpp ****     while(1) {}
 776              		.loc 8 73 5 is_stmt 1 discriminator 1 view .LVU213
 777              		.loc 8 73 5 discriminator 1 view .LVU214
 778              		.loc 8 73 5 discriminator 1 view .LVU215
 779              		.loc 8 73 5 discriminator 1 view .LVU216
 780 0124 FEE7     		b	.L19
 781              	.L22:
 782 0126 00BF     		.align	2
 783              	.L21:
 784 0128 00000000 		.word	.LANCHOR4
 785 012c 00000000 		.word	.LANCHOR0
 786 0130 00000000 		.word	.LANCHOR1
 787 0134 00000000 		.word	.LANCHOR2
 788 0138 0000C842 		.word	1120403456
 789 013c 00000000 		.word	.LANCHOR3
 790 0140 00000000 		.word	_ZL13AudioCallbackPKfPfj
 791              		.cfi_endproc
 792              	.LFE4213:
 794              		.section	.text.startup._GLOBAL__sub_I_main,"ax",%progbits
 795              		.align	1
 796              		.p2align 2,,3
 797              		.syntax unified
 798              		.thumb
 799              		.thumb_func
 800              		.fpu fpv5-d16
 802              	_GLOBAL__sub_I_main:
 803              	.LFB4759:
  74:crossfade.cpp **** }
 804              		.loc 8 74 1 view -0
 805              		.cfi_startproc
 806              		@ args = 0, pretend = 0, frame = 0
 807              		@ frame_needed = 0, uses_anonymous_args = 0
 808              	.LBB243:
 809              	.LBI243:
 810              		.loc 8 74 1 view .LVU218
 811              	.LVL35:
 812              	.LBB244:
 813              	.LBB245:
 814              	.LBI245:
  21:../../libdaisy/src/daisy_seed.h ****     ~DaisySeed() {}
 815              		.loc 3 21 5 view .LVU219
 816              	.LBB246:
 817              	.LBB247:
 818              	.LBI247:
  62:../../libdaisy/src/hid/audio.h ****     ~AudioHandle() {}
 819              		.loc 7 62 5 view .LVU220
 820              	.LBB248:
 821              	.LBB249:
  62:../../libdaisy/src/hid/audio.h ****     ~AudioHandle() {}
 822              		.loc 7 62 35 is_stmt 0 view .LVU221
 823 0000 0023     		movs	r3, #0
ARM GAS  /tmp/ccar5uW1.s 			page 26


 824 0002 0F48     		ldr	r0, .L25
 825              	.LBE249:
 826              	.LBE248:
 827              	.LBE247:
 828              	.LBE246:
 829              	.LBE245:
   7:crossfade.cpp **** static CrossFade  cfade;
 830              		.loc 8 7 19 view .LVU222
 831 0004 0F4A     		ldr	r2, .L25+4
 832 0006 1049     		ldr	r1, .L25+8
 833              	.LBE244:
 834              	.LBE243:
 835              		.loc 8 74 1 view .LVU223
 836 0008 10B5     		push	{r4, lr}
 837              		.cfi_def_cfa_offset 8
 838              		.cfi_offset 4, -8
 839              		.cfi_offset 14, -4
 840              	.LBB267:
 841              	.LBB265:
   9:crossfade.cpp **** 
 842              		.loc 8 9 19 view .LVU224
 843 000a 104C     		ldr	r4, .L25+12
 844              	.LBB260:
 845              	.LBB259:
 846              	.LBB252:
 847              	.LBB251:
 848              	.LBB250:
  62:../../libdaisy/src/hid/audio.h ****     ~AudioHandle() {}
 849              		.loc 7 62 35 view .LVU225
 850 000c 4361     		str	r3, [r0, #20]
 851              	.LVL36:
  62:../../libdaisy/src/hid/audio.h ****     ~AudioHandle() {}
 852              		.loc 7 62 35 view .LVU226
 853              	.LBE250:
 854              	.LBE251:
 855              	.LBE252:
 856              	.LBB253:
 857              	.LBI253:
  84:../../libdaisy/src/per/adc.h ****     ~AdcHandle() {}
 858              		.loc 6 84 5 is_stmt 1 view .LVU227
  84:../../libdaisy/src/per/adc.h ****     ~AdcHandle() {}
 859              		.loc 6 84 5 is_stmt 0 view .LVU228
 860              	.LBE253:
 861              	.LBB254:
 862              	.LBI254:
 863              		.file 9 "../../libdaisy/src/per/dac.h"
   1:../../libdaisy/src/per/dac.h **** #pragma once
   2:../../libdaisy/src/per/dac.h **** #ifndef DSY_DAC_H
   3:../../libdaisy/src/per/dac.h **** #define DSY_DAC_H
   4:../../libdaisy/src/per/dac.h **** 
   5:../../libdaisy/src/per/dac.h **** #include "daisy_core.h"
   6:../../libdaisy/src/per/dac.h **** 
   7:../../libdaisy/src/per/dac.h **** namespace daisy
   8:../../libdaisy/src/per/dac.h **** {
   9:../../libdaisy/src/per/dac.h **** /** DAC handle for Built-in DAC Peripheral 
  10:../../libdaisy/src/per/dac.h ****  ** 
  11:../../libdaisy/src/per/dac.h ****  ** For now only Normal Mode is supported,
ARM GAS  /tmp/ccar5uW1.s 			page 27


  12:../../libdaisy/src/per/dac.h ****  ** Sample and hold mode provides reduced power consumption, but requires a bit more setup.
  13:../../libdaisy/src/per/dac.h ****  **
  14:../../libdaisy/src/per/dac.h ****  ** For now connecting the DAC through other internal periphearls is also not supported.
  15:../../libdaisy/src/per/dac.h ****  **
  16:../../libdaisy/src/per/dac.h ****  ** Since the DAC channels have dedicated pins we don't need to pass in a pin config like with
  17:../../libdaisy/src/per/dac.h ****  ** other modules. However, it is still important to not try to use the DAC pins for anything else.
  18:../../libdaisy/src/per/dac.h ****  ** DAC Channel 1 is on PA4, and DAC Channel 2 is on PA5
  19:../../libdaisy/src/per/dac.h ****  ***/
  20:../../libdaisy/src/per/dac.h **** class DacHandle
  21:../../libdaisy/src/per/dac.h **** {
  22:../../libdaisy/src/per/dac.h ****   public:
  23:../../libdaisy/src/per/dac.h ****     /** Return Values for the DacHandle class */
  24:../../libdaisy/src/per/dac.h ****     enum class Result
  25:../../libdaisy/src/per/dac.h ****     {
  26:../../libdaisy/src/per/dac.h ****         OK,
  27:../../libdaisy/src/per/dac.h ****         ERR,
  28:../../libdaisy/src/per/dac.h ****     };
  29:../../libdaisy/src/per/dac.h **** 
  30:../../libdaisy/src/per/dac.h ****     /** Selects which channel(s) will be configured for use. */
  31:../../libdaisy/src/per/dac.h ****     enum class Channel
  32:../../libdaisy/src/per/dac.h ****     {
  33:../../libdaisy/src/per/dac.h ****         ONE,
  34:../../libdaisy/src/per/dac.h ****         TWO,
  35:../../libdaisy/src/per/dac.h ****         BOTH,
  36:../../libdaisy/src/per/dac.h ****     };
  37:../../libdaisy/src/per/dac.h **** 
  38:../../libdaisy/src/per/dac.h ****     /** Sets the Mode for the DAC channels.
  39:../../libdaisy/src/per/dac.h ****      **
  40:../../libdaisy/src/per/dac.h ****      ** Polling mode uses the blocking mode to transmit a single value at a time.
  41:../../libdaisy/src/per/dac.h ****      **
  42:../../libdaisy/src/per/dac.h ****      ** DMA mode uses a buffer, and periodically transmits it triggering a 
  43:../../libdaisy/src/per/dac.h ****      ** callback to fill the buffer when it is ready for more samples.
  44:../../libdaisy/src/per/dac.h ****      ***/
  45:../../libdaisy/src/per/dac.h ****     enum class Mode
  46:../../libdaisy/src/per/dac.h ****     {
  47:../../libdaisy/src/per/dac.h ****         POLLING,
  48:../../libdaisy/src/per/dac.h ****         DMA,
  49:../../libdaisy/src/per/dac.h ****     };
  50:../../libdaisy/src/per/dac.h **** 
  51:../../libdaisy/src/per/dac.h ****     /** Sets the number of bits per sample transmitted out of the DAC.
  52:../../libdaisy/src/per/dac.h ****      ** The output range will be: 0V - VDDA
  53:../../libdaisy/src/per/dac.h ****      ** The resolution will be roughly: bitdepth / (VDDA - 0V) 
  54:../../libdaisy/src/per/dac.h ****      ***/
  55:../../libdaisy/src/per/dac.h ****     enum class BitDepth
  56:../../libdaisy/src/per/dac.h ****     {
  57:../../libdaisy/src/per/dac.h ****         BITS_8,
  58:../../libdaisy/src/per/dac.h ****         BITS_12
  59:../../libdaisy/src/per/dac.h ****     };
  60:../../libdaisy/src/per/dac.h **** 
  61:../../libdaisy/src/per/dac.h ****     /** Sets whether the DAC output is buffered for higher drive ability. */
  62:../../libdaisy/src/per/dac.h ****     enum class BufferState
  63:../../libdaisy/src/per/dac.h ****     {
  64:../../libdaisy/src/per/dac.h ****         ENABLED,
  65:../../libdaisy/src/per/dac.h ****         DISABLED,
  66:../../libdaisy/src/per/dac.h ****     };
  67:../../libdaisy/src/per/dac.h **** 
  68:../../libdaisy/src/per/dac.h ****     /** Configuration structure for initializing the DAC structure. */
ARM GAS  /tmp/ccar5uW1.s 			page 28


  69:../../libdaisy/src/per/dac.h ****     struct Config
  70:../../libdaisy/src/per/dac.h ****     {
  71:../../libdaisy/src/per/dac.h ****         /** Target Samplerate in Hz used to configure the internal 
  72:../../libdaisy/src/per/dac.h ****          ** timebase for DMA mode. Does nothing in POLLING mode.
  73:../../libdaisy/src/per/dac.h ****          ** If the value is 0 at Init time this will default to 48000Hz 
  74:../../libdaisy/src/per/dac.h ****          ** otherwise the driver will attempt meet the target.*/
  75:../../libdaisy/src/per/dac.h ****         uint32_t target_samplerate;
  76:../../libdaisy/src/per/dac.h **** 
  77:../../libdaisy/src/per/dac.h ****         Channel     chn;
  78:../../libdaisy/src/per/dac.h ****         Mode        mode;
  79:../../libdaisy/src/per/dac.h ****         BitDepth    bitdepth;
  80:../../libdaisy/src/per/dac.h ****         BufferState buff_state;
  81:../../libdaisy/src/per/dac.h ****     };
  82:../../libdaisy/src/per/dac.h **** 
  83:../../libdaisy/src/per/dac.h ****     DacHandle() : pimpl_(nullptr) {}
 864              		.loc 9 83 5 is_stmt 1 view .LVU229
 865              	.LBB255:
 866              	.LBB256:
 867              		.loc 9 83 33 is_stmt 0 view .LVU230
 868 000e 0362     		str	r3, [r0, #32]
 869              	.LVL37:
 870              		.loc 9 83 33 view .LVU231
 871              	.LBE256:
 872              	.LBE255:
 873              	.LBE254:
 874              	.LBB257:
 875              	.LBI257:
  40:../../libdaisy/src/hid/usb.h **** 
 876              		.loc 5 40 5 is_stmt 1 view .LVU232
  40:../../libdaisy/src/hid/usb.h **** 
 877              		.loc 5 40 5 is_stmt 0 view .LVU233
 878              	.LBE257:
 879              	.LBB258:
 880              	.LBI258:
  58:../../libdaisy/src/sys/system.h ****     ~System() {}
 881              		.loc 4 58 5 is_stmt 1 view .LVU234
  58:../../libdaisy/src/sys/system.h ****     ~System() {}
 882              		.loc 4 58 5 is_stmt 0 view .LVU235
 883              	.LBE258:
 884              	.LBE259:
 885              	.LBE260:
   7:crossfade.cpp **** static CrossFade  cfade;
 886              		.loc 8 7 19 view .LVU236
 887 0010 FFF7FEFF 		bl	__aeabi_atexit
 888              	.LVL38:
 889              	.LBB261:
 890              	.LBI261:
  36:../../DaisySP/Source/Dynamics/crossfade.h ****     ~CrossFade() {}
 891              		.loc 2 36 5 is_stmt 1 view .LVU237
  36:../../DaisySP/Source/Dynamics/crossfade.h ****     ~CrossFade() {}
 892              		.loc 2 36 5 is_stmt 0 view .LVU238
 893              	.LBE261:
   8:crossfade.cpp **** static Oscillator osc_sine, osc_saw, lfo;
 894              		.loc 8 8 19 view .LVU239
 895 0014 0B4A     		ldr	r2, .L25+4
 896 0016 0E49     		ldr	r1, .L25+16
 897 0018 0E48     		ldr	r0, .L25+20
ARM GAS  /tmp/ccar5uW1.s 			page 29


 898 001a FFF7FEFF 		bl	__aeabi_atexit
 899              	.LVL39:
 900              	.LBB262:
 901              	.LBI262:
  15:../../DaisySP/Source/Synthesis/oscillator.h ****     ~Oscillator() {}
 902              		.loc 1 15 5 is_stmt 1 view .LVU240
  15:../../DaisySP/Source/Synthesis/oscillator.h ****     ~Oscillator() {}
 903              		.loc 1 15 5 is_stmt 0 view .LVU241
 904              	.LBE262:
   9:crossfade.cpp **** 
 905              		.loc 8 9 19 view .LVU242
 906 001e 2146     		mov	r1, r4
 907 0020 084A     		ldr	r2, .L25+4
 908 0022 0D48     		ldr	r0, .L25+24
 909 0024 FFF7FEFF 		bl	__aeabi_atexit
 910              	.LVL40:
 911              	.LBB263:
 912              	.LBI263:
  15:../../DaisySP/Source/Synthesis/oscillator.h ****     ~Oscillator() {}
 913              		.loc 1 15 5 is_stmt 1 view .LVU243
  15:../../DaisySP/Source/Synthesis/oscillator.h ****     ~Oscillator() {}
 914              		.loc 1 15 5 is_stmt 0 view .LVU244
 915              	.LBE263:
   9:crossfade.cpp **** 
 916              		.loc 8 9 29 view .LVU245
 917 0028 2146     		mov	r1, r4
 918 002a 064A     		ldr	r2, .L25+4
 919 002c 0B48     		ldr	r0, .L25+28
 920 002e FFF7FEFF 		bl	__aeabi_atexit
 921              	.LVL41:
 922              	.LBB264:
 923              	.LBI264:
  15:../../DaisySP/Source/Synthesis/oscillator.h ****     ~Oscillator() {}
 924              		.loc 1 15 5 is_stmt 1 view .LVU246
  15:../../DaisySP/Source/Synthesis/oscillator.h ****     ~Oscillator() {}
 925              		.loc 1 15 5 is_stmt 0 view .LVU247
 926              	.LBE264:
   9:crossfade.cpp **** 
 927              		.loc 8 9 38 view .LVU248
 928 0032 2146     		mov	r1, r4
 929 0034 034A     		ldr	r2, .L25+4
 930 0036 0A48     		ldr	r0, .L25+32
 931              	.LBE265:
 932              	.LBE267:
 933              		.loc 8 74 1 view .LVU249
 934 0038 BDE81040 		pop	{r4, lr}
 935              		.cfi_restore 14
 936              		.cfi_restore 4
 937              		.cfi_def_cfa_offset 0
 938              	.LBB268:
 939              	.LBB266:
   9:crossfade.cpp **** 
 940              		.loc 8 9 38 view .LVU250
 941 003c FFF7FEBF 		b	__aeabi_atexit
 942              	.LVL42:
 943              	.L26:
 944              		.align	2
ARM GAS  /tmp/ccar5uW1.s 			page 30


 945              	.L25:
 946 0040 00000000 		.word	.LANCHOR4
 947 0044 00000000 		.word	__dso_handle
 948 0048 00000000 		.word	_ZN5daisy9DaisySeedD1Ev
 949 004c 00000000 		.word	_ZN7daisysp10OscillatorD1Ev
 950 0050 00000000 		.word	_ZN7daisysp9CrossFadeD1Ev
 951 0054 00000000 		.word	.LANCHOR3
 952 0058 00000000 		.word	.LANCHOR0
 953 005c 00000000 		.word	.LANCHOR1
 954 0060 00000000 		.word	.LANCHOR2
 955              	.LBE266:
 956              	.LBE268:
 957              		.cfi_endproc
 958              	.LFE4759:
 960              		.section	.init_array,"aw",%init_array
 961              		.align	2
 962 0000 00000000 		.word	_GLOBAL__sub_I_main(target1)
 963              		.section	.bss._ZL3lfo,"aw",%nobits
 964              		.align	2
 965              		.set	.LANCHOR2,. + 0
 968              	_ZL3lfo:
 969 0000 00000000 		.space	40
 969      00000000 
 969      00000000 
 969      00000000 
 969      00000000 
 970              		.section	.bss._ZL4seed,"aw",%nobits
 971              		.align	2
 972              		.set	.LANCHOR4,. + 0
 975              	_ZL4seed:
 976 0000 00000000 		.space	60
 976      00000000 
 976      00000000 
 976      00000000 
 976      00000000 
 977              		.section	.bss._ZL5cfade,"aw",%nobits
 978              		.align	2
 979              		.set	.LANCHOR3,. + 0
 982              	_ZL5cfade:
 983 0000 00000000 		.space	8
 983      00000000 
 984              		.section	.bss._ZL7osc_saw,"aw",%nobits
 985              		.align	2
 986              		.set	.LANCHOR1,. + 0
 989              	_ZL7osc_saw:
 990 0000 00000000 		.space	40
 990      00000000 
 990      00000000 
 990      00000000 
 990      00000000 
 991              		.section	.bss._ZL8osc_sine,"aw",%nobits
 992              		.align	2
 993              		.set	.LANCHOR0,. + 0
 996              	_ZL8osc_sine:
 997 0000 00000000 		.space	40
 997      00000000 
 997      00000000 
ARM GAS  /tmp/ccar5uW1.s 			page 31


 997      00000000 
 997      00000000 
 998              		.text
 999              	.Letext0:
 1000              		.file 10 "/usr/lib/gcc/arm-none-eabi/9.2.1/include/stdint.h"
 1001              		.file 11 "../../libdaisy/Drivers/CMSIS/Include/core_cm7.h"
 1002              		.file 12 "../../libdaisy/Drivers/CMSIS/Device/ST/STM32H7xx/Include/system_stm32h7xx.h"
 1003              		.file 13 "/usr/lib/gcc/arm-none-eabi/9.2.1/include/stddef.h"
 1004              		.file 14 "/usr/include/newlib/c++/9.2.1/cmath"
 1005              		.file 15 "/usr/include/newlib/c++/9.2.1/bits/std_abs.h"
 1006              		.file 16 "/usr/include/newlib/c++/9.2.1/cstdint"
 1007              		.file 17 "/usr/include/newlib/c++/9.2.1/cstdlib"
 1008              		.file 18 "/usr/include/newlib/c++/9.2.1/type_traits"
 1009              		.file 19 "/usr/include/newlib/c++/9.2.1/arm-none-eabi/thumb/v7e-m+dp/hard/bits/c++config.h"
 1010              		.file 20 "/usr/include/newlib/c++/9.2.1/bits/stl_pair.h"
 1011              		.file 21 "/usr/include/newlib/c++/9.2.1/debug/debug.h"
 1012              		.file 22 "/usr/include/newlib/c++/9.2.1/cwchar"
 1013              		.file 23 "/usr/include/newlib/c++/9.2.1/bits/exception_ptr.h"
 1014              		.file 24 "/usr/include/newlib/c++/9.2.1/new"
 1015              		.file 25 "/usr/include/newlib/c++/9.2.1/clocale"
 1016              		.file 26 "/usr/include/newlib/c++/9.2.1/cstdio"
 1017              		.file 27 "/usr/include/newlib/c++/9.2.1/bits/basic_string.h"
 1018              		.file 28 "/usr/include/newlib/c++/9.2.1/bits/uniform_int_dist.h"
 1019              		.file 29 "/usr/include/newlib/c++/9.2.1/bits/random.h"
 1020              		.file 30 "/usr/include/newlib/c++/9.2.1/cstring"
 1021              		.file 31 "/usr/include/newlib/c++/9.2.1/bits/algorithmfwd.h"
 1022              		.file 32 "/usr/include/newlib/c++/9.2.1/cstdarg"
 1023              		.file 33 "/usr/include/newlib/c++/9.2.1/bits/predefined_ops.h"
 1024              		.file 34 "/usr/include/newlib/c++/9.2.1/ext/new_allocator.h"
 1025              		.file 35 "/usr/include/newlib/c++/9.2.1/ext/numeric_traits.h"
 1026              		.file 36 "/usr/include/newlib/sys/_types.h"
 1027              		.file 37 "<built-in>"
 1028              		.file 38 "/usr/include/newlib/sys/reent.h"
 1029              		.file 39 "/usr/include/newlib/sys/lock.h"
 1030              		.file 40 "/usr/include/newlib/math.h"
 1031              		.file 41 "/usr/include/newlib/stdlib.h"
 1032              		.file 42 "/usr/include/newlib/c++/9.2.1/math.h"
 1033              		.file 43 "../../libdaisy/Drivers/STM32H7xx_HAL_Driver/Inc/stm32h7xx_hal_def.h"
 1034              		.file 44 "../../libdaisy/Drivers/STM32H7xx_HAL_Driver/Inc/stm32h7xx_hal_flash.h"
 1035              		.file 45 "../../DaisySP/Source/Control/adenv.h"
 1036              		.file 46 "../../DaisySP/Source/Utility/dsp.h"
 1037              		.file 47 "/usr/lib/gcc/arm-none-eabi/9.2.1/include/stdarg.h"
 1038              		.file 48 "/usr/include/newlib/wchar.h"
 1039              		.file 49 "/usr/include/newlib/locale.h"
 1040              		.file 50 "/usr/include/newlib/ctype.h"
 1041              		.file 51 "/usr/include/newlib/stdio.h"
 1042              		.file 52 "/usr/include/newlib/sys/errno.h"
 1043              		.file 53 "/usr/include/newlib/c++/9.2.1/stdlib.h"
 1044              		.file 54 "/usr/include/newlib/string.h"
 1045              		.file 55 "../../libdaisy/src/daisy_core.h"
 1046              		.file 56 "../../libdaisy/src/per/tim.h"
 1047              		.file 57 "../../libdaisy/src/per/sai.h"
 1048              		.file 58 "../../libdaisy/src/util/wav_format.h"
 1049              		.file 59 "../../libdaisy/src/per/qspi.h"
 1050              		.file 60 "../../libdaisy/src/per/gpio.h"
 1051              		.file 61 "../../libdaisy/src/dev/sdram.h"
 1052              		.file 62 "/usr/include/newlib/sys/unistd.h"
ARM GAS  /tmp/ccar5uW1.s 			page 32


 1053              		.file 63 "../../libdaisy/src/util/oled_fonts.h"
 1054              		.file 64 "../../libdaisy/Middlewares/Third_Party/FatFs/src/integer.h"
 1055              		.file 65 "../../libdaisy/Middlewares/Third_Party/FatFs/src/ff.h"
 1056              		.file 66 "../../libdaisy/Middlewares/Third_Party/FatFs/src/diskio.h"
 1057              		.file 67 "../../libdaisy/Middlewares/Third_Party/FatFs/src/ff_gen_drv.h"
 1058              		.file 68 "../../libdaisy/src/util/sd_diskio.h"
 1059              		.file 69 "../../libdaisy/src/sys/fatfs.h"
 1060              		.file 70 "../../libdaisy/src/dev/sr_595.h"
ARM GAS  /tmp/ccar5uW1.s 			page 33


DEFINED SYMBOLS
                            *ABS*:0000000000000000 crossfade.cpp
     /tmp/ccar5uW1.s:17     .text._ZN7daisysp10OscillatorD2Ev:0000000000000000 $t
     /tmp/ccar5uW1.s:26     .text._ZN7daisysp10OscillatorD2Ev:0000000000000000 _ZN7daisysp10OscillatorD2Ev
     /tmp/ccar5uW1.s:26     .text._ZN7daisysp10OscillatorD2Ev:0000000000000000 _ZN7daisysp10OscillatorD1Ev
     /tmp/ccar5uW1.s:43     .text._ZN7daisysp9CrossFadeD2Ev:0000000000000000 $t
     /tmp/ccar5uW1.s:51     .text._ZN7daisysp9CrossFadeD2Ev:0000000000000000 _ZN7daisysp9CrossFadeD2Ev
     /tmp/ccar5uW1.s:51     .text._ZN7daisysp9CrossFadeD2Ev:0000000000000000 _ZN7daisysp9CrossFadeD1Ev
     /tmp/ccar5uW1.s:68     .text._ZN5daisy9DaisySeedD2Ev:0000000000000000 $t
     /tmp/ccar5uW1.s:76     .text._ZN5daisy9DaisySeedD2Ev:0000000000000000 _ZN5daisy9DaisySeedD2Ev
     /tmp/ccar5uW1.s:76     .text._ZN5daisy9DaisySeedD2Ev:0000000000000000 _ZN5daisy9DaisySeedD1Ev
     /tmp/ccar5uW1.s:117    .text._ZL13AudioCallbackPKfPfj:0000000000000000 $t
     /tmp/ccar5uW1.s:124    .text._ZL13AudioCallbackPKfPfj:0000000000000000 _ZL13AudioCallbackPKfPfj
     /tmp/ccar5uW1.s:250    .text._ZL13AudioCallbackPKfPfj:0000000000000064 $d
     /tmp/ccar5uW1.s:258    .text.startup.main:0000000000000000 $t
     /tmp/ccar5uW1.s:266    .text.startup.main:0000000000000000 main
     /tmp/ccar5uW1.s:784    .text.startup.main:0000000000000128 $d
     /tmp/ccar5uW1.s:795    .text.startup._GLOBAL__sub_I_main:0000000000000000 $t
     /tmp/ccar5uW1.s:802    .text.startup._GLOBAL__sub_I_main:0000000000000000 _GLOBAL__sub_I_main
     /tmp/ccar5uW1.s:946    .text.startup._GLOBAL__sub_I_main:0000000000000040 $d
     /tmp/ccar5uW1.s:961    .init_array:0000000000000000 $d
     /tmp/ccar5uW1.s:964    .bss._ZL3lfo:0000000000000000 $d
     /tmp/ccar5uW1.s:968    .bss._ZL3lfo:0000000000000000 _ZL3lfo
     /tmp/ccar5uW1.s:971    .bss._ZL4seed:0000000000000000 $d
     /tmp/ccar5uW1.s:975    .bss._ZL4seed:0000000000000000 _ZL4seed
     /tmp/ccar5uW1.s:978    .bss._ZL5cfade:0000000000000000 $d
     /tmp/ccar5uW1.s:982    .bss._ZL5cfade:0000000000000000 _ZL5cfade
     /tmp/ccar5uW1.s:985    .bss._ZL7osc_saw:0000000000000000 $d
     /tmp/ccar5uW1.s:989    .bss._ZL7osc_saw:0000000000000000 _ZL7osc_saw
     /tmp/ccar5uW1.s:992    .bss._ZL8osc_sine:0000000000000000 $d
     /tmp/ccar5uW1.s:996    .bss._ZL8osc_sine:0000000000000000 _ZL8osc_sine
                           .group:0000000000000000 _ZN7daisysp10OscillatorD5Ev
                           .group:0000000000000000 _ZN7daisysp9CrossFadeD5Ev
                           .group:0000000000000000 _ZN5daisy9DaisySeedD5Ev

UNDEFINED SYMBOLS
_ZN7daisysp10Oscillator7ProcessEv
_ZN7daisysp9CrossFade7ProcessERfS1_
_ZN5daisy9DaisySeed9ConfigureEv
_ZN5daisy9DaisySeed4InitEb
_ZN5daisy9DaisySeed15AudioSampleRateEv
_ZN7daisysp10Oscillator12CalcPhaseIncEf
_ZN5daisy9DaisySeed10StartAudioEPFvPKfPfjE
__aeabi_atexit
__dso_handle
