ARM GAS  /tmp/ccQZg5yP.s 			page 1


   1              		.cpu cortex-m7
   2              		.eabi_attribute 28, 1
   3              		.eabi_attribute 20, 1
   4              		.eabi_attribute 21, 1
   5              		.eabi_attribute 23, 3
   6              		.eabi_attribute 24, 1
   7              		.eabi_attribute 25, 1
   8              		.eabi_attribute 26, 1
   9              		.eabi_attribute 30, 2
  10              		.eabi_attribute 34, 1
  11              		.eabi_attribute 18, 4
  12              		.file	"arm_fir_init_f32.c"
  13              		.text
  14              	.Ltext0:
  15              		.cfi_sections	.debug_frame
  16              		.section	.text.arm_fir_init_f32,"ax",%progbits
  17              		.align	1
  18              		.p2align 2,,3
  19              		.global	arm_fir_init_f32
  20              		.arch armv7e-m
  21              		.syntax unified
  22              		.thumb
  23              		.thumb_func
  24              		.fpu fpv5-d16
  26              	arm_fir_init_f32:
  27              	.LVL0:
  28              	.LFB353:
  29              		.file 1 "../../libdaisy/Drivers/CMSIS/DSP/Source/FilteringFunctions/arm_fir_init_f32.c"
   1:../../libdaisy/Drivers/CMSIS/DSP/Source/FilteringFunctions/arm_fir_init_f32.c **** /* ----------------------------------------------------------------------
   2:../../libdaisy/Drivers/CMSIS/DSP/Source/FilteringFunctions/arm_fir_init_f32.c ****  * Project:      CMSIS DSP Library
   3:../../libdaisy/Drivers/CMSIS/DSP/Source/FilteringFunctions/arm_fir_init_f32.c ****  * Title:        arm_fir_init_f32.c
   4:../../libdaisy/Drivers/CMSIS/DSP/Source/FilteringFunctions/arm_fir_init_f32.c ****  * Description:  Floating-point FIR filter initialization function
   5:../../libdaisy/Drivers/CMSIS/DSP/Source/FilteringFunctions/arm_fir_init_f32.c ****  *
   6:../../libdaisy/Drivers/CMSIS/DSP/Source/FilteringFunctions/arm_fir_init_f32.c ****  * $Date:        27. January 2017
   7:../../libdaisy/Drivers/CMSIS/DSP/Source/FilteringFunctions/arm_fir_init_f32.c ****  * $Revision:    V.1.5.1
   8:../../libdaisy/Drivers/CMSIS/DSP/Source/FilteringFunctions/arm_fir_init_f32.c ****  *
   9:../../libdaisy/Drivers/CMSIS/DSP/Source/FilteringFunctions/arm_fir_init_f32.c ****  * Target Processor: Cortex-M cores
  10:../../libdaisy/Drivers/CMSIS/DSP/Source/FilteringFunctions/arm_fir_init_f32.c ****  * -------------------------------------------------------------------- */
  11:../../libdaisy/Drivers/CMSIS/DSP/Source/FilteringFunctions/arm_fir_init_f32.c **** /*
  12:../../libdaisy/Drivers/CMSIS/DSP/Source/FilteringFunctions/arm_fir_init_f32.c ****  * Copyright (C) 2010-2017 ARM Limited or its affiliates. All rights reserved.
  13:../../libdaisy/Drivers/CMSIS/DSP/Source/FilteringFunctions/arm_fir_init_f32.c ****  *
  14:../../libdaisy/Drivers/CMSIS/DSP/Source/FilteringFunctions/arm_fir_init_f32.c ****  * SPDX-License-Identifier: Apache-2.0
  15:../../libdaisy/Drivers/CMSIS/DSP/Source/FilteringFunctions/arm_fir_init_f32.c ****  *
  16:../../libdaisy/Drivers/CMSIS/DSP/Source/FilteringFunctions/arm_fir_init_f32.c ****  * Licensed under the Apache License, Version 2.0 (the License); you may
  17:../../libdaisy/Drivers/CMSIS/DSP/Source/FilteringFunctions/arm_fir_init_f32.c ****  * not use this file except in compliance with the License.
  18:../../libdaisy/Drivers/CMSIS/DSP/Source/FilteringFunctions/arm_fir_init_f32.c ****  * You may obtain a copy of the License at
  19:../../libdaisy/Drivers/CMSIS/DSP/Source/FilteringFunctions/arm_fir_init_f32.c ****  *
  20:../../libdaisy/Drivers/CMSIS/DSP/Source/FilteringFunctions/arm_fir_init_f32.c ****  * www.apache.org/licenses/LICENSE-2.0
  21:../../libdaisy/Drivers/CMSIS/DSP/Source/FilteringFunctions/arm_fir_init_f32.c ****  *
  22:../../libdaisy/Drivers/CMSIS/DSP/Source/FilteringFunctions/arm_fir_init_f32.c ****  * Unless required by applicable law or agreed to in writing, software
  23:../../libdaisy/Drivers/CMSIS/DSP/Source/FilteringFunctions/arm_fir_init_f32.c ****  * distributed under the License is distributed on an AS IS BASIS, WITHOUT
  24:../../libdaisy/Drivers/CMSIS/DSP/Source/FilteringFunctions/arm_fir_init_f32.c ****  * WARRANTIES OR CONDITIONS OF ANY KIND, either express or implied.
  25:../../libdaisy/Drivers/CMSIS/DSP/Source/FilteringFunctions/arm_fir_init_f32.c ****  * See the License for the specific language governing permissions and
  26:../../libdaisy/Drivers/CMSIS/DSP/Source/FilteringFunctions/arm_fir_init_f32.c ****  * limitations under the License.
  27:../../libdaisy/Drivers/CMSIS/DSP/Source/FilteringFunctions/arm_fir_init_f32.c ****  */
  28:../../libdaisy/Drivers/CMSIS/DSP/Source/FilteringFunctions/arm_fir_init_f32.c **** 
  29:../../libdaisy/Drivers/CMSIS/DSP/Source/FilteringFunctions/arm_fir_init_f32.c **** #include "arm_math.h"
ARM GAS  /tmp/ccQZg5yP.s 			page 2


  30:../../libdaisy/Drivers/CMSIS/DSP/Source/FilteringFunctions/arm_fir_init_f32.c **** 
  31:../../libdaisy/Drivers/CMSIS/DSP/Source/FilteringFunctions/arm_fir_init_f32.c **** /**
  32:../../libdaisy/Drivers/CMSIS/DSP/Source/FilteringFunctions/arm_fir_init_f32.c ****  * @ingroup groupFilters
  33:../../libdaisy/Drivers/CMSIS/DSP/Source/FilteringFunctions/arm_fir_init_f32.c ****  */
  34:../../libdaisy/Drivers/CMSIS/DSP/Source/FilteringFunctions/arm_fir_init_f32.c **** 
  35:../../libdaisy/Drivers/CMSIS/DSP/Source/FilteringFunctions/arm_fir_init_f32.c **** /**
  36:../../libdaisy/Drivers/CMSIS/DSP/Source/FilteringFunctions/arm_fir_init_f32.c ****  * @addtogroup FIR
  37:../../libdaisy/Drivers/CMSIS/DSP/Source/FilteringFunctions/arm_fir_init_f32.c ****  * @{
  38:../../libdaisy/Drivers/CMSIS/DSP/Source/FilteringFunctions/arm_fir_init_f32.c ****  */
  39:../../libdaisy/Drivers/CMSIS/DSP/Source/FilteringFunctions/arm_fir_init_f32.c **** 
  40:../../libdaisy/Drivers/CMSIS/DSP/Source/FilteringFunctions/arm_fir_init_f32.c **** /**
  41:../../libdaisy/Drivers/CMSIS/DSP/Source/FilteringFunctions/arm_fir_init_f32.c ****  * @details
  42:../../libdaisy/Drivers/CMSIS/DSP/Source/FilteringFunctions/arm_fir_init_f32.c ****  *
  43:../../libdaisy/Drivers/CMSIS/DSP/Source/FilteringFunctions/arm_fir_init_f32.c ****  * @param[in,out] *S points to an instance of the floating-point FIR filter structure.
  44:../../libdaisy/Drivers/CMSIS/DSP/Source/FilteringFunctions/arm_fir_init_f32.c ****  * @param[in] 	  numTaps  Number of filter coefficients in the filter.
  45:../../libdaisy/Drivers/CMSIS/DSP/Source/FilteringFunctions/arm_fir_init_f32.c ****  * @param[in]     *pCoeffs points to the filter coefficients buffer.
  46:../../libdaisy/Drivers/CMSIS/DSP/Source/FilteringFunctions/arm_fir_init_f32.c ****  * @param[in]     *pState points to the state buffer.
  47:../../libdaisy/Drivers/CMSIS/DSP/Source/FilteringFunctions/arm_fir_init_f32.c ****  * @param[in] 	  blockSize number of samples that are processed per call.
  48:../../libdaisy/Drivers/CMSIS/DSP/Source/FilteringFunctions/arm_fir_init_f32.c ****  * @return 		  none.
  49:../../libdaisy/Drivers/CMSIS/DSP/Source/FilteringFunctions/arm_fir_init_f32.c ****  *
  50:../../libdaisy/Drivers/CMSIS/DSP/Source/FilteringFunctions/arm_fir_init_f32.c ****  * <b>Description:</b>
  51:../../libdaisy/Drivers/CMSIS/DSP/Source/FilteringFunctions/arm_fir_init_f32.c ****  * \par
  52:../../libdaisy/Drivers/CMSIS/DSP/Source/FilteringFunctions/arm_fir_init_f32.c ****  * <code>pCoeffs</code> points to the array of filter coefficients stored in time reversed order:
  53:../../libdaisy/Drivers/CMSIS/DSP/Source/FilteringFunctions/arm_fir_init_f32.c ****  * <pre>
  54:../../libdaisy/Drivers/CMSIS/DSP/Source/FilteringFunctions/arm_fir_init_f32.c ****  *    {b[numTaps-1], b[numTaps-2], b[N-2], ..., b[1], b[0]}
  55:../../libdaisy/Drivers/CMSIS/DSP/Source/FilteringFunctions/arm_fir_init_f32.c ****  * </pre>
  56:../../libdaisy/Drivers/CMSIS/DSP/Source/FilteringFunctions/arm_fir_init_f32.c ****  * \par
  57:../../libdaisy/Drivers/CMSIS/DSP/Source/FilteringFunctions/arm_fir_init_f32.c ****  * <code>pState</code> points to the array of state variables.
  58:../../libdaisy/Drivers/CMSIS/DSP/Source/FilteringFunctions/arm_fir_init_f32.c ****  * <code>pState</code> is of length <code>numTaps+blockSize-1</code> samples, where <code>blockSize
  59:../../libdaisy/Drivers/CMSIS/DSP/Source/FilteringFunctions/arm_fir_init_f32.c ****  */
  60:../../libdaisy/Drivers/CMSIS/DSP/Source/FilteringFunctions/arm_fir_init_f32.c **** 
  61:../../libdaisy/Drivers/CMSIS/DSP/Source/FilteringFunctions/arm_fir_init_f32.c **** void arm_fir_init_f32(
  62:../../libdaisy/Drivers/CMSIS/DSP/Source/FilteringFunctions/arm_fir_init_f32.c ****   arm_fir_instance_f32 * S,
  63:../../libdaisy/Drivers/CMSIS/DSP/Source/FilteringFunctions/arm_fir_init_f32.c ****   uint16_t numTaps,
  64:../../libdaisy/Drivers/CMSIS/DSP/Source/FilteringFunctions/arm_fir_init_f32.c ****   float32_t * pCoeffs,
  65:../../libdaisy/Drivers/CMSIS/DSP/Source/FilteringFunctions/arm_fir_init_f32.c ****   float32_t * pState,
  66:../../libdaisy/Drivers/CMSIS/DSP/Source/FilteringFunctions/arm_fir_init_f32.c ****   uint32_t blockSize)
  67:../../libdaisy/Drivers/CMSIS/DSP/Source/FilteringFunctions/arm_fir_init_f32.c **** {
  30              		.loc 1 67 1 view -0
  31              		.cfi_startproc
  32              		@ args = 4, pretend = 0, frame = 0
  33              		@ frame_needed = 0, uses_anonymous_args = 0
  68:../../libdaisy/Drivers/CMSIS/DSP/Source/FilteringFunctions/arm_fir_init_f32.c ****   /* Assign filter taps */
  69:../../libdaisy/Drivers/CMSIS/DSP/Source/FilteringFunctions/arm_fir_init_f32.c ****   S->numTaps = numTaps;
  34              		.loc 1 69 3 view .LVU1
  67:../../libdaisy/Drivers/CMSIS/DSP/Source/FilteringFunctions/arm_fir_init_f32.c ****   /* Assign filter taps */
  35              		.loc 1 67 1 is_stmt 0 view .LVU2
  36 0000 38B5     		push	{r3, r4, r5, lr}
  37              		.cfi_def_cfa_offset 16
  38              		.cfi_offset 3, -16
  39              		.cfi_offset 4, -12
  40              		.cfi_offset 5, -8
  41              		.cfi_offset 14, -4
  67:../../libdaisy/Drivers/CMSIS/DSP/Source/FilteringFunctions/arm_fir_init_f32.c ****   /* Assign filter taps */
  42              		.loc 1 67 1 view .LVU3
  43 0002 049C     		ldr	r4, [sp, #16]
  44              		.loc 1 69 14 view .LVU4
ARM GAS  /tmp/ccQZg5yP.s 			page 3


  45 0004 0180     		strh	r1, [r0]	@ movhi
  70:../../libdaisy/Drivers/CMSIS/DSP/Source/FilteringFunctions/arm_fir_init_f32.c **** 
  71:../../libdaisy/Drivers/CMSIS/DSP/Source/FilteringFunctions/arm_fir_init_f32.c ****   /* Assign coefficient pointer */
  72:../../libdaisy/Drivers/CMSIS/DSP/Source/FilteringFunctions/arm_fir_init_f32.c ****   S->pCoeffs = pCoeffs;
  46              		.loc 1 72 3 is_stmt 1 view .LVU5
  73:../../libdaisy/Drivers/CMSIS/DSP/Source/FilteringFunctions/arm_fir_init_f32.c **** 
  74:../../libdaisy/Drivers/CMSIS/DSP/Source/FilteringFunctions/arm_fir_init_f32.c ****   /* Clear state buffer and the size of state buffer is (blockSize + numTaps - 1) */
  75:../../libdaisy/Drivers/CMSIS/DSP/Source/FilteringFunctions/arm_fir_init_f32.c ****   memset(pState, 0, (numTaps + (blockSize - 1u)) * sizeof(float32_t));
  47              		.loc 1 75 30 is_stmt 0 view .LVU6
  48 0006 651E     		subs	r5, r4, #1
  67:../../libdaisy/Drivers/CMSIS/DSP/Source/FilteringFunctions/arm_fir_init_f32.c ****   /* Assign filter taps */
  49              		.loc 1 67 1 view .LVU7
  50 0008 0446     		mov	r4, r0
  51              		.loc 1 75 3 view .LVU8
  52 000a 1846     		mov	r0, r3
  53              	.LVL1:
  54              		.loc 1 75 30 view .LVU9
  55 000c 0D44     		add	r5, r5, r1
  72:../../libdaisy/Drivers/CMSIS/DSP/Source/FilteringFunctions/arm_fir_init_f32.c **** 
  56              		.loc 1 72 14 view .LVU10
  57 000e A260     		str	r2, [r4, #8]
  58              		.loc 1 75 3 is_stmt 1 view .LVU11
  59 0010 0021     		movs	r1, #0
  60              	.LVL2:
  61              		.loc 1 75 3 is_stmt 0 view .LVU12
  62 0012 AA00     		lsls	r2, r5, #2
  63              	.LVL3:
  64              		.loc 1 75 3 view .LVU13
  65 0014 FFF7FEFF 		bl	memset
  66              	.LVL4:
  76:../../libdaisy/Drivers/CMSIS/DSP/Source/FilteringFunctions/arm_fir_init_f32.c **** 
  77:../../libdaisy/Drivers/CMSIS/DSP/Source/FilteringFunctions/arm_fir_init_f32.c ****   /* Assign state pointer */
  78:../../libdaisy/Drivers/CMSIS/DSP/Source/FilteringFunctions/arm_fir_init_f32.c ****   S->pState = pState;
  67              		.loc 1 78 3 is_stmt 1 view .LVU14
  68              		.loc 1 78 13 is_stmt 0 view .LVU15
  69 0018 6060     		str	r0, [r4, #4]
  79:../../libdaisy/Drivers/CMSIS/DSP/Source/FilteringFunctions/arm_fir_init_f32.c **** 
  80:../../libdaisy/Drivers/CMSIS/DSP/Source/FilteringFunctions/arm_fir_init_f32.c **** }
  70              		.loc 1 80 1 view .LVU16
  71 001a 38BD     		pop	{r3, r4, r5, pc}
  72              		.loc 1 80 1 view .LVU17
  73              		.cfi_endproc
  74              	.LFE353:
  76              		.text
  77              	.Letext0:
  78              		.file 2 "/usr/lib/gcc/arm-none-eabi/9.2.1/include/stdint.h"
  79              		.file 3 "../../libdaisy/Drivers/CMSIS/Include/core_cm7.h"
  80              		.file 4 "../../libdaisy/Drivers/CMSIS/Device/ST/STM32H7xx/Include/system_stm32h7xx.h"
  81              		.file 5 "/usr/lib/gcc/arm-none-eabi/9.2.1/include/stddef.h"
  82              		.file 6 "/usr/include/newlib/sys/_types.h"
  83              		.file 7 "/usr/include/newlib/sys/reent.h"
  84              		.file 8 "/usr/include/newlib/sys/lock.h"
  85              		.file 9 "/usr/include/newlib/math.h"
  86              		.file 10 "../../libdaisy/Drivers/STM32H7xx_HAL_Driver/Inc/stm32h7xx_hal_def.h"
  87              		.file 11 "../../libdaisy/Drivers/STM32H7xx_HAL_Driver/Inc/stm32h7xx_hal_flash.h"
  88              		.file 12 "../../libdaisy/Drivers/CMSIS/DSP/Include/arm_math.h"
  89              		.file 13 "<built-in>"
ARM GAS  /tmp/ccQZg5yP.s 			page 4


ARM GAS  /tmp/ccQZg5yP.s 			page 5


DEFINED SYMBOLS
                            *ABS*:0000000000000000 arm_fir_init_f32.c
     /tmp/ccQZg5yP.s:17     .text.arm_fir_init_f32:0000000000000000 $t
     /tmp/ccQZg5yP.s:26     .text.arm_fir_init_f32:0000000000000000 arm_fir_init_f32

UNDEFINED SYMBOLS
memset
