ARM GAS  /tmp/ccx1pFRQ.s 			page 1


   1              		.cpu cortex-m7
   2              		.eabi_attribute 28, 1
   3              		.eabi_attribute 20, 1
   4              		.eabi_attribute 21, 1
   5              		.eabi_attribute 23, 3
   6              		.eabi_attribute 24, 1
   7              		.eabi_attribute 25, 1
   8              		.eabi_attribute 26, 1
   9              		.eabi_attribute 30, 2
  10              		.eabi_attribute 34, 1
  11              		.eabi_attribute 18, 4
  12              		.file	"bypass.cpp"
  13              		.text
  14              	.Ltext0:
  15              		.cfi_sections	.debug_frame
  16              		.section	.text._ZN5daisy9DaisySeedD2Ev,"axG",%progbits,_ZN5daisy9DaisySeedD5Ev,comdat
  17              		.align	1
  18              		.p2align 2,,3
  19              		.weak	_ZN5daisy9DaisySeedD2Ev
  20              		.arch armv7e-m
  21              		.syntax unified
  22              		.thumb
  23              		.thumb_func
  24              		.fpu fpv5-d16
  26              	_ZN5daisy9DaisySeedD2Ev:
  27              	.LVL0:
  28              	.LFB2037:
  29              		.file 1 "../../libdaisy/src/daisy_seed.h"
   1:../../libdaisy/src/daisy_seed.h **** #pragma once
   2:../../libdaisy/src/daisy_seed.h **** #ifndef DSY_SEED_H
   3:../../libdaisy/src/daisy_seed.h **** #define DSY_SEED_H
   4:../../libdaisy/src/daisy_seed.h **** 
   5:../../libdaisy/src/daisy_seed.h **** #include "daisy.h"
   6:../../libdaisy/src/daisy_seed.h **** 
   7:../../libdaisy/src/daisy_seed.h **** //Uncomment this out if you're still using the rev2 hardware
   8:../../libdaisy/src/daisy_seed.h **** //#define SEED_REV2
   9:../../libdaisy/src/daisy_seed.h **** 
  10:../../libdaisy/src/daisy_seed.h **** namespace daisy
  11:../../libdaisy/src/daisy_seed.h **** {
  12:../../libdaisy/src/daisy_seed.h **** /**
  13:../../libdaisy/src/daisy_seed.h ****    @brief This is the higher-level interface for the Daisy board. \n 
  14:../../libdaisy/src/daisy_seed.h ****     All basic peripheral configuration/initialization is setup here. \n
  15:../../libdaisy/src/daisy_seed.h **** 
  16:../../libdaisy/src/daisy_seed.h ****    @ingroup boards
  17:../../libdaisy/src/daisy_seed.h **** */
  18:../../libdaisy/src/daisy_seed.h **** class DaisySeed
  19:../../libdaisy/src/daisy_seed.h **** {
  20:../../libdaisy/src/daisy_seed.h ****   public:
  21:../../libdaisy/src/daisy_seed.h ****     DaisySeed() {}
  22:../../libdaisy/src/daisy_seed.h ****     ~DaisySeed() {}
  30              		.loc 1 22 5 view -0
  31              		.cfi_startproc
  32              		@ args = 0, pretend = 0, frame = 0
  33              		@ frame_needed = 0, uses_anonymous_args = 0
  34              		@ link register save eliminated.
  35              	.LBB55:
  36              	.LBI55:
ARM GAS  /tmp/ccx1pFRQ.s 			page 2


  37              		.file 2 "../../libdaisy/src/sys/system.h"
   1:../../libdaisy/src/sys/system.h **** #ifndef DSY_SYSTEM_H
   2:../../libdaisy/src/sys/system.h **** #define DSY_SYSTEM_H
   3:../../libdaisy/src/sys/system.h **** 
   4:../../libdaisy/src/sys/system.h **** #ifndef UNIT_TEST // for unit tests, a dummy implementation is provided below
   5:../../libdaisy/src/sys/system.h **** 
   6:../../libdaisy/src/sys/system.h **** #include <cstdint>
   7:../../libdaisy/src/sys/system.h **** #include "per/tim.h"
   8:../../libdaisy/src/sys/system.h **** 
   9:../../libdaisy/src/sys/system.h **** namespace daisy
  10:../../libdaisy/src/sys/system.h **** {
  11:../../libdaisy/src/sys/system.h **** /** A handle for interacting with the Core System. 
  12:../../libdaisy/src/sys/system.h ****  ** This includes the Clock tree, MPU, global DMA initialization,
  13:../../libdaisy/src/sys/system.h ****  ** cache handling, and any other necessary global initiailzation
  14:../../libdaisy/src/sys/system.h ****  **
  15:../../libdaisy/src/sys/system.h ****  ** @author shensley
  16:../../libdaisy/src/sys/system.h ****  ** @addtogroup system
  17:../../libdaisy/src/sys/system.h ****  */
  18:../../libdaisy/src/sys/system.h **** class System
  19:../../libdaisy/src/sys/system.h **** {
  20:../../libdaisy/src/sys/system.h ****   public:
  21:../../libdaisy/src/sys/system.h ****     /** Contains settings for initializing the System */
  22:../../libdaisy/src/sys/system.h ****     struct Config
  23:../../libdaisy/src/sys/system.h ****     {
  24:../../libdaisy/src/sys/system.h ****         /** Specifies the system clock frequency that feeds APB/AHB clocks, etc. */
  25:../../libdaisy/src/sys/system.h ****         enum class SysClkFreq
  26:../../libdaisy/src/sys/system.h ****         {
  27:../../libdaisy/src/sys/system.h ****             FREQ_400MHZ,
  28:../../libdaisy/src/sys/system.h ****             FREQ_480MHZ,
  29:../../libdaisy/src/sys/system.h ****         };
  30:../../libdaisy/src/sys/system.h **** 
  31:../../libdaisy/src/sys/system.h ****         /** Method to call on the struct to set to defaults
  32:../../libdaisy/src/sys/system.h ****          ** CPU Freq set to 400MHz
  33:../../libdaisy/src/sys/system.h ****          ** Cache Enabled 
  34:../../libdaisy/src/sys/system.h ****          ** */
  35:../../libdaisy/src/sys/system.h ****         void Defaults()
  36:../../libdaisy/src/sys/system.h ****         {
  37:../../libdaisy/src/sys/system.h ****             cpu_freq   = SysClkFreq::FREQ_400MHZ;
  38:../../libdaisy/src/sys/system.h ****             use_dcache = true;
  39:../../libdaisy/src/sys/system.h ****             use_icache = true;
  40:../../libdaisy/src/sys/system.h ****         }
  41:../../libdaisy/src/sys/system.h **** 
  42:../../libdaisy/src/sys/system.h ****         /** Method to call on the struct to set to boost mode:
  43:../../libdaisy/src/sys/system.h ****          ** CPU Freq set to 480MHz
  44:../../libdaisy/src/sys/system.h ****          ** Cache Enabled 
  45:../../libdaisy/src/sys/system.h ****          ** */
  46:../../libdaisy/src/sys/system.h ****         void Boost()
  47:../../libdaisy/src/sys/system.h ****         {
  48:../../libdaisy/src/sys/system.h ****             cpu_freq   = SysClkFreq::FREQ_480MHZ;
  49:../../libdaisy/src/sys/system.h ****             use_dcache = true;
  50:../../libdaisy/src/sys/system.h ****             use_icache = true;
  51:../../libdaisy/src/sys/system.h ****         }
  52:../../libdaisy/src/sys/system.h **** 
  53:../../libdaisy/src/sys/system.h ****         SysClkFreq cpu_freq;
  54:../../libdaisy/src/sys/system.h ****         bool       use_dcache;
  55:../../libdaisy/src/sys/system.h ****         bool       use_icache;
  56:../../libdaisy/src/sys/system.h ****     };
ARM GAS  /tmp/ccx1pFRQ.s 			page 3


  57:../../libdaisy/src/sys/system.h **** 
  58:../../libdaisy/src/sys/system.h ****     System() {}
  59:../../libdaisy/src/sys/system.h ****     ~System() {}
  38              		.loc 2 59 5 view .LVU1
  39              		.loc 2 59 5 is_stmt 0 view .LVU2
  40              	.LBE55:
  41              	.LBB56:
  42              	.LBI56:
  43              		.file 3 "../../libdaisy/src/hid/usb.h"
   1:../../libdaisy/src/hid/usb.h **** #pragma once
   2:../../libdaisy/src/hid/usb.h **** #ifndef DSY_HID_USB_H
   3:../../libdaisy/src/hid/usb.h **** #define DSY_HID_USB_H
   4:../../libdaisy/src/hid/usb.h **** #include <stdint.h>
   5:../../libdaisy/src/hid/usb.h **** #include <stdlib.h>
   6:../../libdaisy/src/hid/usb.h **** 
   7:../../libdaisy/src/hid/usb.h **** namespace daisy
   8:../../libdaisy/src/hid/usb.h **** /** @addtogroup externals
   9:../../libdaisy/src/hid/usb.h ****     @{
  10:../../libdaisy/src/hid/usb.h **** */
  11:../../libdaisy/src/hid/usb.h **** 
  12:../../libdaisy/src/hid/usb.h **** {
  13:../../libdaisy/src/hid/usb.h **** /** 
  14:../../libdaisy/src/hid/usb.h ****     @brief Interface for initializing and using the USB Peripherals on the daisy
  15:../../libdaisy/src/hid/usb.h ****     @author Stephen Hensley
  16:../../libdaisy/src/hid/usb.h ****     @date December 2019
  17:../../libdaisy/src/hid/usb.h **** */
  18:../../libdaisy/src/hid/usb.h **** class UsbHandle
  19:../../libdaisy/src/hid/usb.h **** {
  20:../../libdaisy/src/hid/usb.h ****   public:
  21:../../libdaisy/src/hid/usb.h ****     /** Return values for USBHandle Functions */
  22:../../libdaisy/src/hid/usb.h ****     enum class Result
  23:../../libdaisy/src/hid/usb.h ****     {
  24:../../libdaisy/src/hid/usb.h ****         OK,
  25:../../libdaisy/src/hid/usb.h ****         ERR,
  26:../../libdaisy/src/hid/usb.h ****     };
  27:../../libdaisy/src/hid/usb.h **** 
  28:../../libdaisy/src/hid/usb.h ****     /** Specified which of the two USB Peripherals to initialize. */
  29:../../libdaisy/src/hid/usb.h ****     enum UsbPeriph
  30:../../libdaisy/src/hid/usb.h ****     {
  31:../../libdaisy/src/hid/usb.h ****         FS_INTERNAL, /**< Internal pin */
  32:../../libdaisy/src/hid/usb.h ****         FS_EXTERNAL, /**< FS External D+ pin is Pin 38 (GPIO32). FS External D- pin is Pin 37 (GPIO
  33:../../libdaisy/src/hid/usb.h ****         FS_BOTH,     /**< Both */
  34:../../libdaisy/src/hid/usb.h ****     };
  35:../../libdaisy/src/hid/usb.h **** 
  36:../../libdaisy/src/hid/usb.h **** 
  37:../../libdaisy/src/hid/usb.h ****     /** Function called upon reception of a buffer */
  38:../../libdaisy/src/hid/usb.h ****     typedef void (*ReceiveCallback)(uint8_t* buff, uint32_t* len);
  39:../../libdaisy/src/hid/usb.h **** 
  40:../../libdaisy/src/hid/usb.h ****     UsbHandle() {}
  41:../../libdaisy/src/hid/usb.h **** 
  42:../../libdaisy/src/hid/usb.h ****     ~UsbHandle() {}
  44              		.loc 3 42 5 is_stmt 1 view .LVU3
  45              		.loc 3 42 5 is_stmt 0 view .LVU4
  46              	.LBE56:
  47              	.LBB57:
  48              	.LBI57:
  49              		.file 4 "../../libdaisy/src/per/adc.h"
ARM GAS  /tmp/ccx1pFRQ.s 			page 4


   1:../../libdaisy/src/per/adc.h **** #pragma once
   2:../../libdaisy/src/per/adc.h **** #ifndef DSY_ADC_H
   3:../../libdaisy/src/per/adc.h **** #define DSY_ADC_H /**< Macro */
   4:../../libdaisy/src/per/adc.h **** #include <stdint.h>
   5:../../libdaisy/src/per/adc.h **** #include <stdlib.h>
   6:../../libdaisy/src/per/adc.h **** #include "daisy_core.h"
   7:../../libdaisy/src/per/adc.h **** #include "per/gpio.h"
   8:../../libdaisy/src/per/adc.h **** 
   9:../../libdaisy/src/per/adc.h **** #define DSY_ADC_MAX_CHANNELS 14 /**< Maximum number of ADC channels */
  10:../../libdaisy/src/per/adc.h **** 
  11:../../libdaisy/src/per/adc.h **** namespace daisy
  12:../../libdaisy/src/per/adc.h **** {
  13:../../libdaisy/src/per/adc.h **** /** @addtogroup analog_digital_conversion
  14:../../libdaisy/src/per/adc.h ****     @{
  15:../../libdaisy/src/per/adc.h **** */
  16:../../libdaisy/src/per/adc.h **** 
  17:../../libdaisy/src/per/adc.h **** /* While there may not be many configuration options here,
  18:../../libdaisy/src/per/adc.h **** using a struct like this allows us to add more configuration
  19:../../libdaisy/src/per/adc.h **** later without breaking existing functionality.
  20:../../libdaisy/src/per/adc.h **** */
  21:../../libdaisy/src/per/adc.h **** 
  22:../../libdaisy/src/per/adc.h **** /** Configuration Structure for a given channel */
  23:../../libdaisy/src/per/adc.h **** struct AdcChannelConfig
  24:../../libdaisy/src/per/adc.h **** {
  25:../../libdaisy/src/per/adc.h ****     /** Which pin to use for multiplexing */
  26:../../libdaisy/src/per/adc.h ****     enum MuxPin
  27:../../libdaisy/src/per/adc.h ****     {
  28:../../libdaisy/src/per/adc.h ****         MUX_SEL_0,    /**< & */
  29:../../libdaisy/src/per/adc.h ****         MUX_SEL_1,    /**< & */
  30:../../libdaisy/src/per/adc.h ****         MUX_SEL_2,    /**< & */
  31:../../libdaisy/src/per/adc.h ****         MUX_SEL_LAST, /**< & */
  32:../../libdaisy/src/per/adc.h ****     };
  33:../../libdaisy/src/per/adc.h **** 
  34:../../libdaisy/src/per/adc.h ****     /** Initializes a single ADC pin as an ADC. 
  35:../../libdaisy/src/per/adc.h ****     \param pin Pin to init.
  36:../../libdaisy/src/per/adc.h ****      */
  37:../../libdaisy/src/per/adc.h ****     void InitSingle(dsy_gpio_pin pin);
  38:../../libdaisy/src/per/adc.h **** 
  39:../../libdaisy/src/per/adc.h ****     /** 
  40:../../libdaisy/src/per/adc.h ****     Initializes a single ADC pin as a Multiplexed ADC.
  41:../../libdaisy/src/per/adc.h ****     Requires a CD405X Multiplexer connected to the pin.
  42:../../libdaisy/src/per/adc.h ****     You only need to supply the mux pins that are required,
  43:../../libdaisy/src/per/adc.h ****     e.g. a 4052 mux would only require mux_0 and mux_1.
  44:../../libdaisy/src/per/adc.h ****     Internal Callbacks handle the pin addressing.
  45:../../libdaisy/src/per/adc.h ****     \param mux_channels must be 1-8
  46:../../libdaisy/src/per/adc.h ****     \param mux_0 First mux pin
  47:../../libdaisy/src/per/adc.h ****     \param mux_1 Second mux pin
  48:../../libdaisy/src/per/adc.h ****     \param mux_2 Third mux pin
  49:../../libdaisy/src/per/adc.h ****     \param adc_pin &
  50:../../libdaisy/src/per/adc.h ****     */
  51:../../libdaisy/src/per/adc.h ****     void InitMux(dsy_gpio_pin adc_pin,
  52:../../libdaisy/src/per/adc.h ****                  size_t       mux_channels,
  53:../../libdaisy/src/per/adc.h ****                  dsy_gpio_pin mux_0,
  54:../../libdaisy/src/per/adc.h ****                  dsy_gpio_pin mux_1 = {DSY_GPIOX, 0},
  55:../../libdaisy/src/per/adc.h ****                  dsy_gpio_pin mux_2 = {DSY_GPIOX, 0});
  56:../../libdaisy/src/per/adc.h **** 
  57:../../libdaisy/src/per/adc.h ****     dsy_gpio pin_;                   /**< & */
ARM GAS  /tmp/ccx1pFRQ.s 			page 5


  58:../../libdaisy/src/per/adc.h ****     dsy_gpio mux_pin_[MUX_SEL_LAST]; /**< & */
  59:../../libdaisy/src/per/adc.h ****     uint8_t  mux_channels_;          /**< & */
  60:../../libdaisy/src/per/adc.h **** };
  61:../../libdaisy/src/per/adc.h **** 
  62:../../libdaisy/src/per/adc.h **** /**
  63:../../libdaisy/src/per/adc.h ****    Handler for analog to digital conversion
  64:../../libdaisy/src/per/adc.h **** */
  65:../../libdaisy/src/per/adc.h **** class AdcHandle
  66:../../libdaisy/src/per/adc.h **** {
  67:../../libdaisy/src/per/adc.h ****   public:
  68:../../libdaisy/src/per/adc.h ****     /** Supported oversampling amounts */
  69:../../libdaisy/src/per/adc.h ****     enum OverSampling
  70:../../libdaisy/src/per/adc.h ****     {
  71:../../libdaisy/src/per/adc.h ****         OVS_NONE, /**< & */
  72:../../libdaisy/src/per/adc.h ****         OVS_4,    /**< & */
  73:../../libdaisy/src/per/adc.h ****         OVS_8,    /**< & */
  74:../../libdaisy/src/per/adc.h ****         OVS_16,   /**< & */
  75:../../libdaisy/src/per/adc.h ****         OVS_32,   /**< & */
  76:../../libdaisy/src/per/adc.h ****         OVS_64,   /**< & */
  77:../../libdaisy/src/per/adc.h ****         OVS_128,  /**< & */
  78:../../libdaisy/src/per/adc.h ****         OVS_256,  /**< & */
  79:../../libdaisy/src/per/adc.h ****         OVS_512,  /**< & */
  80:../../libdaisy/src/per/adc.h ****         OVS_1024, /**< & */
  81:../../libdaisy/src/per/adc.h ****         OVS_LAST, /**< & */
  82:../../libdaisy/src/per/adc.h ****     };
  83:../../libdaisy/src/per/adc.h **** 
  84:../../libdaisy/src/per/adc.h ****     AdcHandle() {}
  85:../../libdaisy/src/per/adc.h ****     ~AdcHandle() {}
  50              		.loc 4 85 5 is_stmt 1 view .LVU5
  51              		.loc 4 85 5 is_stmt 0 view .LVU6
  52              	.LBE57:
  53              	.LBB58:
  54              	.LBI58:
  55              		.file 5 "../../libdaisy/src/hid/audio.h"
   1:../../libdaisy/src/hid/audio.h **** #ifndef DSY_AUDIO_H
   2:../../libdaisy/src/hid/audio.h **** #define DSY_AUDIO_H /**< & */
   3:../../libdaisy/src/hid/audio.h **** 
   4:../../libdaisy/src/hid/audio.h **** #include "per/sai.h"
   5:../../libdaisy/src/hid/audio.h **** 
   6:../../libdaisy/src/hid/audio.h **** namespace daisy
   7:../../libdaisy/src/hid/audio.h **** {
   8:../../libdaisy/src/hid/audio.h **** class AudioHandle
   9:../../libdaisy/src/hid/audio.h **** {
  10:../../libdaisy/src/hid/audio.h ****   public:
  11:../../libdaisy/src/hid/audio.h ****     /** Manually configurable details about the Audio Engine */
  12:../../libdaisy/src/hid/audio.h ****     /** TODO: Figure out how to get samplerate in here. */
  13:../../libdaisy/src/hid/audio.h ****     struct Config
  14:../../libdaisy/src/hid/audio.h ****     {
  15:../../libdaisy/src/hid/audio.h ****         size_t                        blocksize;
  16:../../libdaisy/src/hid/audio.h ****         SaiHandle::Config::SampleRate samplerate;
  17:../../libdaisy/src/hid/audio.h ****         float                         postgain;
  18:../../libdaisy/src/hid/audio.h ****     };
  19:../../libdaisy/src/hid/audio.h **** 
  20:../../libdaisy/src/hid/audio.h ****     enum class Result
  21:../../libdaisy/src/hid/audio.h ****     {
  22:../../libdaisy/src/hid/audio.h ****         OK,
  23:../../libdaisy/src/hid/audio.h ****         ERR,
ARM GAS  /tmp/ccx1pFRQ.s 			page 6


  24:../../libdaisy/src/hid/audio.h ****     };
  25:../../libdaisy/src/hid/audio.h **** 
  26:../../libdaisy/src/hid/audio.h ****     /** Non-Interleaving input buffer
  27:../../libdaisy/src/hid/audio.h ****      * Buffer arranged by float[chn][sample] 
  28:../../libdaisy/src/hid/audio.h ****      * const so that the user can't modify the input
  29:../../libdaisy/src/hid/audio.h ****     */
  30:../../libdaisy/src/hid/audio.h ****     typedef const float* const* InputBuffer;
  31:../../libdaisy/src/hid/audio.h **** 
  32:../../libdaisy/src/hid/audio.h ****     /** Non-Interleaving output buffer
  33:../../libdaisy/src/hid/audio.h ****      * Arranged by float[chn][sample] 
  34:../../libdaisy/src/hid/audio.h ****     */
  35:../../libdaisy/src/hid/audio.h ****     typedef float** OutputBuffer;
  36:../../libdaisy/src/hid/audio.h **** 
  37:../../libdaisy/src/hid/audio.h ****     /** Type for a Non-Interleaving audio callback 
  38:../../libdaisy/src/hid/audio.h ****    * Non-Interleaving audio callbacks in daisy will be of this type
  39:../../libdaisy/src/hid/audio.h ****   */
  40:../../libdaisy/src/hid/audio.h ****     typedef void (*AudioCallback)(InputBuffer  in,
  41:../../libdaisy/src/hid/audio.h ****                                   OutputBuffer out,
  42:../../libdaisy/src/hid/audio.h ****                                   size_t       size);
  43:../../libdaisy/src/hid/audio.h **** 
  44:../../libdaisy/src/hid/audio.h ****     /** Interleaving Input buffer
  45:../../libdaisy/src/hid/audio.h ****      ** audio is prepared as { L0, R0, L1, R1, . . . LN, RN }]
  46:../../libdaisy/src/hid/audio.h ****      ** this is const, as the user shouldn't modify it
  47:../../libdaisy/src/hid/audio.h ****     */
  48:../../libdaisy/src/hid/audio.h ****     typedef const float* InterleavingInputBuffer;
  49:../../libdaisy/src/hid/audio.h **** 
  50:../../libdaisy/src/hid/audio.h ****     /** Interleaving Output buffer 
  51:../../libdaisy/src/hid/audio.h ****      ** audio is prepared as { L0, R0, L1, R1, . . . LN, RN }
  52:../../libdaisy/src/hid/audio.h ****     */
  53:../../libdaisy/src/hid/audio.h ****     typedef float* InterleavingOutputBuffer;
  54:../../libdaisy/src/hid/audio.h **** 
  55:../../libdaisy/src/hid/audio.h ****     /** Interleaving Audio Callback 
  56:../../libdaisy/src/hid/audio.h ****    * Interleaving audio callbacks in daisy must be of this type
  57:../../libdaisy/src/hid/audio.h ****   */
  58:../../libdaisy/src/hid/audio.h ****     typedef void (*InterleavingAudioCallback)(InterleavingInputBuffer  in,
  59:../../libdaisy/src/hid/audio.h ****                                               InterleavingOutputBuffer out,
  60:../../libdaisy/src/hid/audio.h ****                                               size_t                   size);
  61:../../libdaisy/src/hid/audio.h **** 
  62:../../libdaisy/src/hid/audio.h ****     AudioHandle() : pimpl_(nullptr) {}
  63:../../libdaisy/src/hid/audio.h ****     ~AudioHandle() {}
  56              		.loc 5 63 5 is_stmt 1 view .LVU7
  57              		.loc 5 63 5 is_stmt 0 view .LVU8
  58              	.LBE58:
  59              		.loc 1 22 19 view .LVU9
  60 0000 7047     		bx	lr
  61              		.cfi_endproc
  62              	.LFE2037:
  64              		.weak	_ZN5daisy9DaisySeedD1Ev
  65              		.thumb_set _ZN5daisy9DaisySeedD1Ev,_ZN5daisy9DaisySeedD2Ev
  66 0002 00BF     		.section	.text._ZL8CallbackPKfPfj,"ax",%progbits
  67              		.align	1
  68              		.p2align 2,,3
  69              		.syntax unified
  70              		.thumb
  71              		.thumb_func
  72              		.fpu fpv5-d16
  74              	_ZL8CallbackPKfPfj:
ARM GAS  /tmp/ccx1pFRQ.s 			page 7


  75              	.LVL1:
  76              	.LFB2042:
  77              		.file 6 "bypass.cpp"
   1:bypass.cpp    **** #include <string.h>
   2:bypass.cpp    **** #include "daisy_seed.h"
   3:bypass.cpp    **** 
   4:bypass.cpp    **** using namespace daisy;
   5:bypass.cpp    **** 
   6:bypass.cpp    **** DaisySeed seed;
   7:bypass.cpp    **** 
   8:bypass.cpp    **** static void Callback(AudioHandle::InterleavingInputBuffer  in,
   9:bypass.cpp    ****                      AudioHandle::InterleavingOutputBuffer out,
  10:bypass.cpp    ****                      size_t                                size)
  11:bypass.cpp    **** {
  78              		.loc 6 11 1 is_stmt 1 view -0
  79              		.cfi_startproc
  80              		@ args = 0, pretend = 0, frame = 0
  81              		@ frame_needed = 0, uses_anonymous_args = 0
  82              		@ link register save eliminated.
  12:bypass.cpp    ****     memcpy(out, in, size * sizeof(float));
  83              		.loc 6 12 5 view .LVU11
  11:bypass.cpp    ****     memcpy(out, in, size * sizeof(float));
  84              		.loc 6 11 1 is_stmt 0 view .LVU12
  85 0000 0B46     		mov	r3, r1
  86              		.loc 6 12 11 view .LVU13
  87 0002 9200     		lsls	r2, r2, #2
  88              	.LVL2:
  89              		.loc 6 12 11 view .LVU14
  90 0004 0146     		mov	r1, r0
  91              	.LVL3:
  92              		.loc 6 12 11 view .LVU15
  93 0006 1846     		mov	r0, r3
  94              	.LVL4:
  95              		.loc 6 12 11 view .LVU16
  96 0008 FFF7FEBF 		b	memcpy
  97              	.LVL5:
  98              		.loc 6 12 11 view .LVU17
  99              		.cfi_endproc
 100              	.LFE2042:
 102              		.section	.text.startup.main,"ax",%progbits
 103              		.align	1
 104              		.p2align 2,,3
 105              		.global	main
 106              		.syntax unified
 107              		.thumb
 108              		.thumb_func
 109              		.fpu fpv5-d16
 111              	main:
 112              	.LFB2043:
  13:bypass.cpp    **** }
  14:bypass.cpp    **** 
  15:bypass.cpp    **** int main(void)
  16:bypass.cpp    **** {
 113              		.loc 6 16 1 is_stmt 1 view -0
 114              		.cfi_startproc
 115              		@ Volatile: function does not return.
 116              		@ args = 0, pretend = 0, frame = 0
ARM GAS  /tmp/ccx1pFRQ.s 			page 8


 117              		@ frame_needed = 0, uses_anonymous_args = 0
  17:bypass.cpp    ****     seed.Configure();
 118              		.loc 6 17 5 view .LVU19
 119              		.loc 6 17 19 is_stmt 0 view .LVU20
 120 0000 0648     		ldr	r0, .L7
  16:bypass.cpp    ****     seed.Configure();
 121              		.loc 6 16 1 view .LVU21
 122 0002 08B5     		push	{r3, lr}
 123              		.cfi_def_cfa_offset 8
 124              		.cfi_offset 3, -8
 125              		.cfi_offset 14, -4
 126              		.loc 6 17 19 view .LVU22
 127 0004 FFF7FEFF 		bl	_ZN5daisy9DaisySeed9ConfigureEv
 128              	.LVL6:
  18:bypass.cpp    ****     seed.Init();
 129              		.loc 6 18 5 is_stmt 1 view .LVU23
 130              		.loc 6 18 14 is_stmt 0 view .LVU24
 131 0008 0021     		movs	r1, #0
 132 000a 0448     		ldr	r0, .L7
 133 000c FFF7FEFF 		bl	_ZN5daisy9DaisySeed4InitEb
 134              	.LVL7:
  19:bypass.cpp    ****     seed.StartAudio(Callback);
 135              		.loc 6 19 5 is_stmt 1 view .LVU25
 136              		.loc 6 19 20 is_stmt 0 view .LVU26
 137 0010 0349     		ldr	r1, .L7+4
 138 0012 0248     		ldr	r0, .L7
 139 0014 FFF7FEFF 		bl	_ZN5daisy9DaisySeed10StartAudioEPFvPKfPfjE
 140              	.LVL8:
 141              	.L5:
  20:bypass.cpp    ****     while(1) {}
 142              		.loc 6 20 5 is_stmt 1 discriminator 1 view .LVU27
 143              		.loc 6 20 5 discriminator 1 view .LVU28
 144              		.loc 6 20 5 discriminator 1 view .LVU29
 145              		.loc 6 20 5 discriminator 1 view .LVU30
 146 0018 FEE7     		b	.L5
 147              	.L8:
 148 001a 00BF     		.align	2
 149              	.L7:
 150 001c 00000000 		.word	.LANCHOR0
 151 0020 00000000 		.word	_ZL8CallbackPKfPfj
 152              		.cfi_endproc
 153              	.LFE2043:
 155              		.section	.text.startup._GLOBAL__sub_I_seed,"ax",%progbits
 156              		.align	1
 157              		.p2align 2,,3
 158              		.syntax unified
 159              		.thumb
 160              		.thumb_func
 161              		.fpu fpv5-d16
 163              	_GLOBAL__sub_I_seed:
 164              	.LFB2059:
  21:bypass.cpp    **** }
 165              		.loc 6 21 1 view -0
 166              		.cfi_startproc
 167              		@ args = 0, pretend = 0, frame = 0
 168              		@ frame_needed = 0, uses_anonymous_args = 0
 169              		@ link register save eliminated.
ARM GAS  /tmp/ccx1pFRQ.s 			page 9


 170              	.LVL9:
 171              	.LBB59:
 172              	.LBI59:
 173              		.loc 6 21 1 view .LVU32
 174              	.LBB60:
 175              	.LBB61:
 176              	.LBI61:
  21:../../libdaisy/src/daisy_seed.h ****     ~DaisySeed() {}
 177              		.loc 1 21 5 view .LVU33
 178              	.LBB62:
 179              	.LBB63:
 180              	.LBI63:
  62:../../libdaisy/src/hid/audio.h ****     ~AudioHandle() {}
 181              		.loc 5 62 5 view .LVU34
 182              	.LBB64:
 183              	.LBB65:
  62:../../libdaisy/src/hid/audio.h ****     ~AudioHandle() {}
 184              		.loc 5 62 35 is_stmt 0 view .LVU35
 185 0000 0348     		ldr	r0, .L10
 186 0002 0023     		movs	r3, #0
 187              	.LBE65:
 188              	.LBE64:
 189              	.LBE63:
 190              	.LBE62:
 191              	.LBE61:
   6:bypass.cpp    **** 
 192              		.loc 6 6 11 view .LVU36
 193 0004 034A     		ldr	r2, .L10+4
 194 0006 0449     		ldr	r1, .L10+8
 195              	.LBB76:
 196              	.LBB75:
 197              	.LBB68:
 198              	.LBB67:
 199              	.LBB66:
  62:../../libdaisy/src/hid/audio.h ****     ~AudioHandle() {}
 200              		.loc 5 62 35 view .LVU37
 201 0008 4361     		str	r3, [r0, #20]
 202              	.LVL10:
  62:../../libdaisy/src/hid/audio.h ****     ~AudioHandle() {}
 203              		.loc 5 62 35 view .LVU38
 204              	.LBE66:
 205              	.LBE67:
 206              	.LBE68:
 207              	.LBB69:
 208              	.LBI69:
  84:../../libdaisy/src/per/adc.h ****     ~AdcHandle() {}
 209              		.loc 4 84 5 is_stmt 1 view .LVU39
  84:../../libdaisy/src/per/adc.h ****     ~AdcHandle() {}
 210              		.loc 4 84 5 is_stmt 0 view .LVU40
 211              	.LBE69:
 212              	.LBB70:
 213              	.LBI70:
 214              		.file 7 "../../libdaisy/src/per/dac.h"
   1:../../libdaisy/src/per/dac.h **** #pragma once
   2:../../libdaisy/src/per/dac.h **** #ifndef DSY_DAC_H
   3:../../libdaisy/src/per/dac.h **** #define DSY_DAC_H
   4:../../libdaisy/src/per/dac.h **** 
ARM GAS  /tmp/ccx1pFRQ.s 			page 10


   5:../../libdaisy/src/per/dac.h **** #include "daisy_core.h"
   6:../../libdaisy/src/per/dac.h **** 
   7:../../libdaisy/src/per/dac.h **** namespace daisy
   8:../../libdaisy/src/per/dac.h **** {
   9:../../libdaisy/src/per/dac.h **** /** DAC handle for Built-in DAC Peripheral 
  10:../../libdaisy/src/per/dac.h ****  ** 
  11:../../libdaisy/src/per/dac.h ****  ** For now only Normal Mode is supported,
  12:../../libdaisy/src/per/dac.h ****  ** Sample and hold mode provides reduced power consumption, but requires a bit more setup.
  13:../../libdaisy/src/per/dac.h ****  **
  14:../../libdaisy/src/per/dac.h ****  ** For now connecting the DAC through other internal periphearls is also not supported.
  15:../../libdaisy/src/per/dac.h ****  **
  16:../../libdaisy/src/per/dac.h ****  ** Since the DAC channels have dedicated pins we don't need to pass in a pin config like with
  17:../../libdaisy/src/per/dac.h ****  ** other modules. However, it is still important to not try to use the DAC pins for anything else.
  18:../../libdaisy/src/per/dac.h ****  ** DAC Channel 1 is on PA4, and DAC Channel 2 is on PA5
  19:../../libdaisy/src/per/dac.h ****  ***/
  20:../../libdaisy/src/per/dac.h **** class DacHandle
  21:../../libdaisy/src/per/dac.h **** {
  22:../../libdaisy/src/per/dac.h ****   public:
  23:../../libdaisy/src/per/dac.h ****     /** Return Values for the DacHandle class */
  24:../../libdaisy/src/per/dac.h ****     enum class Result
  25:../../libdaisy/src/per/dac.h ****     {
  26:../../libdaisy/src/per/dac.h ****         OK,
  27:../../libdaisy/src/per/dac.h ****         ERR,
  28:../../libdaisy/src/per/dac.h ****     };
  29:../../libdaisy/src/per/dac.h **** 
  30:../../libdaisy/src/per/dac.h ****     /** Selects which channel(s) will be configured for use. */
  31:../../libdaisy/src/per/dac.h ****     enum class Channel
  32:../../libdaisy/src/per/dac.h ****     {
  33:../../libdaisy/src/per/dac.h ****         ONE,
  34:../../libdaisy/src/per/dac.h ****         TWO,
  35:../../libdaisy/src/per/dac.h ****         BOTH,
  36:../../libdaisy/src/per/dac.h ****     };
  37:../../libdaisy/src/per/dac.h **** 
  38:../../libdaisy/src/per/dac.h ****     /** Sets the Mode for the DAC channels.
  39:../../libdaisy/src/per/dac.h ****      **
  40:../../libdaisy/src/per/dac.h ****      ** Polling mode uses the blocking mode to transmit a single value at a time.
  41:../../libdaisy/src/per/dac.h ****      **
  42:../../libdaisy/src/per/dac.h ****      ** DMA mode uses a buffer, and periodically transmits it triggering a 
  43:../../libdaisy/src/per/dac.h ****      ** callback to fill the buffer when it is ready for more samples.
  44:../../libdaisy/src/per/dac.h ****      ***/
  45:../../libdaisy/src/per/dac.h ****     enum class Mode
  46:../../libdaisy/src/per/dac.h ****     {
  47:../../libdaisy/src/per/dac.h ****         POLLING,
  48:../../libdaisy/src/per/dac.h ****         DMA,
  49:../../libdaisy/src/per/dac.h ****     };
  50:../../libdaisy/src/per/dac.h **** 
  51:../../libdaisy/src/per/dac.h ****     /** Sets the number of bits per sample transmitted out of the DAC.
  52:../../libdaisy/src/per/dac.h ****      ** The output range will be: 0V - VDDA
  53:../../libdaisy/src/per/dac.h ****      ** The resolution will be roughly: bitdepth / (VDDA - 0V) 
  54:../../libdaisy/src/per/dac.h ****      ***/
  55:../../libdaisy/src/per/dac.h ****     enum class BitDepth
  56:../../libdaisy/src/per/dac.h ****     {
  57:../../libdaisy/src/per/dac.h ****         BITS_8,
  58:../../libdaisy/src/per/dac.h ****         BITS_12
  59:../../libdaisy/src/per/dac.h ****     };
  60:../../libdaisy/src/per/dac.h **** 
  61:../../libdaisy/src/per/dac.h ****     /** Sets whether the DAC output is buffered for higher drive ability. */
ARM GAS  /tmp/ccx1pFRQ.s 			page 11


  62:../../libdaisy/src/per/dac.h ****     enum class BufferState
  63:../../libdaisy/src/per/dac.h ****     {
  64:../../libdaisy/src/per/dac.h ****         ENABLED,
  65:../../libdaisy/src/per/dac.h ****         DISABLED,
  66:../../libdaisy/src/per/dac.h ****     };
  67:../../libdaisy/src/per/dac.h **** 
  68:../../libdaisy/src/per/dac.h ****     /** Configuration structure for initializing the DAC structure. */
  69:../../libdaisy/src/per/dac.h ****     struct Config
  70:../../libdaisy/src/per/dac.h ****     {
  71:../../libdaisy/src/per/dac.h ****         /** Target Samplerate in Hz used to configure the internal 
  72:../../libdaisy/src/per/dac.h ****          ** timebase for DMA mode. Does nothing in POLLING mode.
  73:../../libdaisy/src/per/dac.h ****          ** If the value is 0 at Init time this will default to 48000Hz 
  74:../../libdaisy/src/per/dac.h ****          ** otherwise the driver will attempt meet the target.*/
  75:../../libdaisy/src/per/dac.h ****         uint32_t target_samplerate;
  76:../../libdaisy/src/per/dac.h **** 
  77:../../libdaisy/src/per/dac.h ****         Channel     chn;
  78:../../libdaisy/src/per/dac.h ****         Mode        mode;
  79:../../libdaisy/src/per/dac.h ****         BitDepth    bitdepth;
  80:../../libdaisy/src/per/dac.h ****         BufferState buff_state;
  81:../../libdaisy/src/per/dac.h ****     };
  82:../../libdaisy/src/per/dac.h **** 
  83:../../libdaisy/src/per/dac.h ****     DacHandle() : pimpl_(nullptr) {}
 215              		.loc 7 83 5 is_stmt 1 view .LVU41
 216              	.LBB71:
 217              	.LBB72:
 218              		.loc 7 83 33 is_stmt 0 view .LVU42
 219 000a 0362     		str	r3, [r0, #32]
 220              	.LVL11:
 221              		.loc 7 83 33 view .LVU43
 222              	.LBE72:
 223              	.LBE71:
 224              	.LBE70:
 225              	.LBB73:
 226              	.LBI73:
  40:../../libdaisy/src/hid/usb.h **** 
 227              		.loc 3 40 5 is_stmt 1 view .LVU44
  40:../../libdaisy/src/hid/usb.h **** 
 228              		.loc 3 40 5 is_stmt 0 view .LVU45
 229              	.LBE73:
 230              	.LBB74:
 231              	.LBI74:
  58:../../libdaisy/src/sys/system.h ****     ~System() {}
 232              		.loc 2 58 5 is_stmt 1 view .LVU46
  58:../../libdaisy/src/sys/system.h ****     ~System() {}
 233              		.loc 2 58 5 is_stmt 0 view .LVU47
 234              	.LBE74:
 235              	.LBE75:
 236              	.LBE76:
   6:bypass.cpp    **** 
 237              		.loc 6 6 11 view .LVU48
 238 000c FFF7FEBF 		b	__aeabi_atexit
 239              	.LVL12:
 240              	.L11:
 241              		.align	2
 242              	.L10:
 243 0010 00000000 		.word	.LANCHOR0
 244 0014 00000000 		.word	__dso_handle
ARM GAS  /tmp/ccx1pFRQ.s 			page 12


 245 0018 00000000 		.word	_ZN5daisy9DaisySeedD1Ev
 246              	.LBE60:
 247              	.LBE59:
 248              		.cfi_endproc
 249              	.LFE2059:
 251              		.section	.init_array,"aw",%init_array
 252              		.align	2
 253 0000 00000000 		.word	_GLOBAL__sub_I_seed(target1)
 254              		.global	seed
 255              		.section	.bss.seed,"aw",%nobits
 256              		.align	2
 257              		.set	.LANCHOR0,. + 0
 260              	seed:
 261 0000 00000000 		.space	60
 261      00000000 
 261      00000000 
 261      00000000 
 261      00000000 
 262              		.text
 263              	.Letext0:
 264              		.file 8 "/usr/lib/gcc/arm-none-eabi/9.2.1/include/stdint.h"
 265              		.file 9 "../../libdaisy/Drivers/CMSIS/Include/core_cm7.h"
 266              		.file 10 "../../libdaisy/Drivers/CMSIS/Device/ST/STM32H7xx/Include/system_stm32h7xx.h"
 267              		.file 11 "/usr/lib/gcc/arm-none-eabi/9.2.1/include/stddef.h"
 268              		.file 12 "/usr/include/newlib/c++/9.2.1/cmath"
 269              		.file 13 "/usr/include/newlib/c++/9.2.1/bits/std_abs.h"
 270              		.file 14 "/usr/include/newlib/c++/9.2.1/cstdlib"
 271              		.file 15 "/usr/include/newlib/c++/9.2.1/cstdint"
 272              		.file 16 "/usr/include/newlib/c++/9.2.1/type_traits"
 273              		.file 17 "/usr/include/newlib/c++/9.2.1/bits/stl_pair.h"
 274              		.file 18 "/usr/include/newlib/c++/9.2.1/debug/debug.h"
 275              		.file 19 "/usr/include/newlib/c++/9.2.1/arm-none-eabi/thumb/v7e-m+dp/hard/bits/c++config.h"
 276              		.file 20 "/usr/include/newlib/c++/9.2.1/bits/algorithmfwd.h"
 277              		.file 21 "/usr/include/newlib/c++/9.2.1/bits/exception_ptr.h"
 278              		.file 22 "/usr/include/newlib/c++/9.2.1/new"
 279              		.file 23 "/usr/include/newlib/c++/9.2.1/cstdarg"
 280              		.file 24 "/usr/include/newlib/c++/9.2.1/cstdio"
 281              		.file 25 "/usr/include/newlib/c++/9.2.1/bits/predefined_ops.h"
 282              		.file 26 "/usr/include/newlib/c++/9.2.1/ext/numeric_traits.h"
 283              		.file 27 "/usr/include/newlib/sys/_types.h"
 284              		.file 28 "<built-in>"
 285              		.file 29 "/usr/include/newlib/sys/reent.h"
 286              		.file 30 "/usr/include/newlib/sys/lock.h"
 287              		.file 31 "/usr/include/newlib/math.h"
 288              		.file 32 "/usr/include/newlib/stdlib.h"
 289              		.file 33 "/usr/include/newlib/c++/9.2.1/math.h"
 290              		.file 34 "../../libdaisy/Drivers/STM32H7xx_HAL_Driver/Inc/stm32h7xx_hal_def.h"
 291              		.file 35 "../../libdaisy/Drivers/STM32H7xx_HAL_Driver/Inc/stm32h7xx_hal_flash.h"
 292              		.file 36 "/usr/include/newlib/c++/9.2.1/stdlib.h"
 293              		.file 37 "../../libdaisy/src/daisy_core.h"
 294              		.file 38 "../../libdaisy/src/per/tim.h"
 295              		.file 39 "../../libdaisy/src/per/sai.h"
 296              		.file 40 "../../libdaisy/src/util/wav_format.h"
 297              		.file 41 "../../libdaisy/src/per/qspi.h"
 298              		.file 42 "../../libdaisy/src/per/gpio.h"
 299              		.file 43 "../../libdaisy/src/dev/sdram.h"
 300              		.file 44 "/usr/lib/gcc/arm-none-eabi/9.2.1/include/stdarg.h"
ARM GAS  /tmp/ccx1pFRQ.s 			page 13


 301              		.file 45 "/usr/include/newlib/stdio.h"
 302              		.file 46 "/usr/include/newlib/sys/unistd.h"
 303              		.file 47 "../../libdaisy/src/util/oled_fonts.h"
 304              		.file 48 "../../libdaisy/Middlewares/Third_Party/FatFs/src/integer.h"
 305              		.file 49 "../../libdaisy/Middlewares/Third_Party/FatFs/src/ff.h"
 306              		.file 50 "../../libdaisy/Middlewares/Third_Party/FatFs/src/diskio.h"
 307              		.file 51 "../../libdaisy/Middlewares/Third_Party/FatFs/src/ff_gen_drv.h"
 308              		.file 52 "../../libdaisy/src/util/sd_diskio.h"
 309              		.file 53 "../../libdaisy/src/sys/fatfs.h"
 310              		.file 54 "../../libdaisy/src/dev/sr_595.h"
ARM GAS  /tmp/ccx1pFRQ.s 			page 14


DEFINED SYMBOLS
                            *ABS*:0000000000000000 bypass.cpp
     /tmp/ccx1pFRQ.s:17     .text._ZN5daisy9DaisySeedD2Ev:0000000000000000 $t
     /tmp/ccx1pFRQ.s:26     .text._ZN5daisy9DaisySeedD2Ev:0000000000000000 _ZN5daisy9DaisySeedD2Ev
     /tmp/ccx1pFRQ.s:26     .text._ZN5daisy9DaisySeedD2Ev:0000000000000000 _ZN5daisy9DaisySeedD1Ev
     /tmp/ccx1pFRQ.s:67     .text._ZL8CallbackPKfPfj:0000000000000000 $t
     /tmp/ccx1pFRQ.s:74     .text._ZL8CallbackPKfPfj:0000000000000000 _ZL8CallbackPKfPfj
     /tmp/ccx1pFRQ.s:103    .text.startup.main:0000000000000000 $t
     /tmp/ccx1pFRQ.s:111    .text.startup.main:0000000000000000 main
     /tmp/ccx1pFRQ.s:150    .text.startup.main:000000000000001c $d
     /tmp/ccx1pFRQ.s:156    .text.startup._GLOBAL__sub_I_seed:0000000000000000 $t
     /tmp/ccx1pFRQ.s:163    .text.startup._GLOBAL__sub_I_seed:0000000000000000 _GLOBAL__sub_I_seed
     /tmp/ccx1pFRQ.s:243    .text.startup._GLOBAL__sub_I_seed:0000000000000010 $d
     /tmp/ccx1pFRQ.s:252    .init_array:0000000000000000 $d
     /tmp/ccx1pFRQ.s:260    .bss.seed:0000000000000000 seed
     /tmp/ccx1pFRQ.s:256    .bss.seed:0000000000000000 $d
                           .group:0000000000000000 _ZN5daisy9DaisySeedD5Ev

UNDEFINED SYMBOLS
memcpy
_ZN5daisy9DaisySeed9ConfigureEv
_ZN5daisy9DaisySeed4InitEb
_ZN5daisy9DaisySeed10StartAudioEPFvPKfPfjE
__aeabi_atexit
__dso_handle
