ARM GAS  /tmp/ccD4qRnb.s 			page 1


   1              		.cpu cortex-m7
   2              		.eabi_attribute 28, 1
   3              		.eabi_attribute 20, 1
   4              		.eabi_attribute 21, 1
   5              		.eabi_attribute 23, 3
   6              		.eabi_attribute 24, 1
   7              		.eabi_attribute 25, 1
   8              		.eabi_attribute 26, 1
   9              		.eabi_attribute 30, 2
  10              		.eabi_attribute 34, 1
  11              		.eabi_attribute 18, 4
  12              		.file	"moogladder.cpp"
  13              		.text
  14              	.Ltext0:
  15              		.cfi_sections	.debug_frame
  16              		.section	.text._ZN7daisysp10OscillatorD2Ev,"axG",%progbits,_ZN7daisysp10OscillatorD5Ev,comdat
  17              		.align	1
  18              		.p2align 2,,3
  19              		.weak	_ZN7daisysp10OscillatorD2Ev
  20              		.arch armv7e-m
  21              		.syntax unified
  22              		.thumb
  23              		.thumb_func
  24              		.fpu fpv5-d16
  26              	_ZN7daisysp10OscillatorD2Ev:
  27              	.LVL0:
  28              	.LFB2797:
  29              		.file 1 "../../DaisySP/Source/Synthesis/oscillator.h"
   1:../../DaisySP/Source/Synthesis/oscillator.h **** #pragma once
   2:../../DaisySP/Source/Synthesis/oscillator.h **** #ifndef DSY_OSCILLATOR_H
   3:../../DaisySP/Source/Synthesis/oscillator.h **** #define DSY_OSCILLATOR_H
   4:../../DaisySP/Source/Synthesis/oscillator.h **** #include <stdint.h>
   5:../../DaisySP/Source/Synthesis/oscillator.h **** #include "Utility/dsp.h"
   6:../../DaisySP/Source/Synthesis/oscillator.h **** #ifdef __cplusplus
   7:../../DaisySP/Source/Synthesis/oscillator.h **** 
   8:../../DaisySP/Source/Synthesis/oscillator.h **** namespace daisysp
   9:../../DaisySP/Source/Synthesis/oscillator.h **** {
  10:../../DaisySP/Source/Synthesis/oscillator.h **** /** Synthesis of several waveforms, including polyBLEP bandlimited waveforms.
  11:../../DaisySP/Source/Synthesis/oscillator.h **** */
  12:../../DaisySP/Source/Synthesis/oscillator.h **** class Oscillator
  13:../../DaisySP/Source/Synthesis/oscillator.h **** {
  14:../../DaisySP/Source/Synthesis/oscillator.h ****   public:
  15:../../DaisySP/Source/Synthesis/oscillator.h ****     Oscillator() {}
  16:../../DaisySP/Source/Synthesis/oscillator.h ****     ~Oscillator() {}
  30              		.loc 1 16 5 view -0
  31              		.cfi_startproc
  32              		@ args = 0, pretend = 0, frame = 0
  33              		@ frame_needed = 0, uses_anonymous_args = 0
  34              		@ link register save eliminated.
  35              		.loc 1 16 20 is_stmt 0 view .LVU1
  36 0000 7047     		bx	lr
  37              		.cfi_endproc
  38              	.LFE2797:
  40              		.weak	_ZN7daisysp10OscillatorD1Ev
  41              		.thumb_set _ZN7daisysp10OscillatorD1Ev,_ZN7daisysp10OscillatorD2Ev
  42 0002 00BF     		.section	.text._ZN7daisysp10MoogLadderD2Ev,"axG",%progbits,_ZN7daisysp10MoogLadderD5Ev,comdat
  43              		.align	1
ARM GAS  /tmp/ccD4qRnb.s 			page 2


  44              		.p2align 2,,3
  45              		.weak	_ZN7daisysp10MoogLadderD2Ev
  46              		.syntax unified
  47              		.thumb
  48              		.thumb_func
  49              		.fpu fpv5-d16
  51              	_ZN7daisysp10MoogLadderD2Ev:
  52              	.LVL1:
  53              	.LFB3085:
  54              		.file 2 "../../DaisySP/Source/Filters/moogladder.h"
   1:../../DaisySP/Source/Filters/moogladder.h **** #pragma once
   2:../../DaisySP/Source/Filters/moogladder.h **** #ifndef DSY_MOOGLADDER_H
   3:../../DaisySP/Source/Filters/moogladder.h **** #define DSY_MOOGLADDER_H
   4:../../DaisySP/Source/Filters/moogladder.h **** 
   5:../../DaisySP/Source/Filters/moogladder.h **** #include <stdint.h>
   6:../../DaisySP/Source/Filters/moogladder.h **** #ifdef __cplusplus
   7:../../DaisySP/Source/Filters/moogladder.h **** 
   8:../../DaisySP/Source/Filters/moogladder.h **** namespace daisysp
   9:../../DaisySP/Source/Filters/moogladder.h **** {
  10:../../DaisySP/Source/Filters/moogladder.h **** /** Moog ladder filter module
  11:../../DaisySP/Source/Filters/moogladder.h **** 
  12:../../DaisySP/Source/Filters/moogladder.h **** Ported from soundpipe
  13:../../DaisySP/Source/Filters/moogladder.h **** 
  14:../../DaisySP/Source/Filters/moogladder.h **** Original author(s) : Victor Lazzarini, John ffitch (fast tanh), Bob Moog
  15:../../DaisySP/Source/Filters/moogladder.h **** 
  16:../../DaisySP/Source/Filters/moogladder.h **** */
  17:../../DaisySP/Source/Filters/moogladder.h **** class MoogLadder
  18:../../DaisySP/Source/Filters/moogladder.h **** {
  19:../../DaisySP/Source/Filters/moogladder.h ****   public:
  20:../../DaisySP/Source/Filters/moogladder.h ****     MoogLadder() {}
  21:../../DaisySP/Source/Filters/moogladder.h ****     ~MoogLadder() {}
  55              		.loc 2 21 5 is_stmt 1 view -0
  56              		.cfi_startproc
  57              		@ args = 0, pretend = 0, frame = 0
  58              		@ frame_needed = 0, uses_anonymous_args = 0
  59              		@ link register save eliminated.
  60              		.loc 2 21 20 is_stmt 0 view .LVU3
  61 0000 7047     		bx	lr
  62              		.cfi_endproc
  63              	.LFE3085:
  65              		.weak	_ZN7daisysp10MoogLadderD1Ev
  66              		.thumb_set _ZN7daisysp10MoogLadderD1Ev,_ZN7daisysp10MoogLadderD2Ev
  67 0002 00BF     		.section	.text._ZN5daisy9DaisySeedD2Ev,"axG",%progbits,_ZN5daisy9DaisySeedD5Ev,comdat
  68              		.align	1
  69              		.p2align 2,,3
  70              		.weak	_ZN5daisy9DaisySeedD2Ev
  71              		.syntax unified
  72              		.thumb
  73              		.thumb_func
  74              		.fpu fpv5-d16
  76              	_ZN5daisy9DaisySeedD2Ev:
  77              	.LVL2:
  78              	.LFB4207:
  79              		.file 3 "../../libdaisy/src/daisy_seed.h"
   1:../../libdaisy/src/daisy_seed.h **** #pragma once
   2:../../libdaisy/src/daisy_seed.h **** #ifndef DSY_SEED_H
   3:../../libdaisy/src/daisy_seed.h **** #define DSY_SEED_H
ARM GAS  /tmp/ccD4qRnb.s 			page 3


   4:../../libdaisy/src/daisy_seed.h **** 
   5:../../libdaisy/src/daisy_seed.h **** #include "daisy.h"
   6:../../libdaisy/src/daisy_seed.h **** 
   7:../../libdaisy/src/daisy_seed.h **** //Uncomment this out if you're still using the rev2 hardware
   8:../../libdaisy/src/daisy_seed.h **** //#define SEED_REV2
   9:../../libdaisy/src/daisy_seed.h **** 
  10:../../libdaisy/src/daisy_seed.h **** namespace daisy
  11:../../libdaisy/src/daisy_seed.h **** {
  12:../../libdaisy/src/daisy_seed.h **** /**
  13:../../libdaisy/src/daisy_seed.h ****    @brief This is the higher-level interface for the Daisy board. \n 
  14:../../libdaisy/src/daisy_seed.h ****     All basic peripheral configuration/initialization is setup here. \n
  15:../../libdaisy/src/daisy_seed.h **** 
  16:../../libdaisy/src/daisy_seed.h ****    @ingroup boards
  17:../../libdaisy/src/daisy_seed.h **** */
  18:../../libdaisy/src/daisy_seed.h **** class DaisySeed
  19:../../libdaisy/src/daisy_seed.h **** {
  20:../../libdaisy/src/daisy_seed.h ****   public:
  21:../../libdaisy/src/daisy_seed.h ****     DaisySeed() {}
  22:../../libdaisy/src/daisy_seed.h ****     ~DaisySeed() {}
  80              		.loc 3 22 5 is_stmt 1 view -0
  81              		.cfi_startproc
  82              		@ args = 0, pretend = 0, frame = 0
  83              		@ frame_needed = 0, uses_anonymous_args = 0
  84              		@ link register save eliminated.
  85              	.LBB86:
  86              	.LBI86:
  87              		.file 4 "../../libdaisy/src/sys/system.h"
   1:../../libdaisy/src/sys/system.h **** #ifndef DSY_SYSTEM_H
   2:../../libdaisy/src/sys/system.h **** #define DSY_SYSTEM_H
   3:../../libdaisy/src/sys/system.h **** 
   4:../../libdaisy/src/sys/system.h **** #ifndef UNIT_TEST // for unit tests, a dummy implementation is provided below
   5:../../libdaisy/src/sys/system.h **** 
   6:../../libdaisy/src/sys/system.h **** #include <cstdint>
   7:../../libdaisy/src/sys/system.h **** #include "per/tim.h"
   8:../../libdaisy/src/sys/system.h **** 
   9:../../libdaisy/src/sys/system.h **** namespace daisy
  10:../../libdaisy/src/sys/system.h **** {
  11:../../libdaisy/src/sys/system.h **** /** A handle for interacting with the Core System. 
  12:../../libdaisy/src/sys/system.h ****  ** This includes the Clock tree, MPU, global DMA initialization,
  13:../../libdaisy/src/sys/system.h ****  ** cache handling, and any other necessary global initiailzation
  14:../../libdaisy/src/sys/system.h ****  **
  15:../../libdaisy/src/sys/system.h ****  ** @author shensley
  16:../../libdaisy/src/sys/system.h ****  ** @addtogroup system
  17:../../libdaisy/src/sys/system.h ****  */
  18:../../libdaisy/src/sys/system.h **** class System
  19:../../libdaisy/src/sys/system.h **** {
  20:../../libdaisy/src/sys/system.h ****   public:
  21:../../libdaisy/src/sys/system.h ****     /** Contains settings for initializing the System */
  22:../../libdaisy/src/sys/system.h ****     struct Config
  23:../../libdaisy/src/sys/system.h ****     {
  24:../../libdaisy/src/sys/system.h ****         /** Specifies the system clock frequency that feeds APB/AHB clocks, etc. */
  25:../../libdaisy/src/sys/system.h ****         enum class SysClkFreq
  26:../../libdaisy/src/sys/system.h ****         {
  27:../../libdaisy/src/sys/system.h ****             FREQ_400MHZ,
  28:../../libdaisy/src/sys/system.h ****             FREQ_480MHZ,
  29:../../libdaisy/src/sys/system.h ****         };
  30:../../libdaisy/src/sys/system.h **** 
ARM GAS  /tmp/ccD4qRnb.s 			page 4


  31:../../libdaisy/src/sys/system.h ****         /** Method to call on the struct to set to defaults
  32:../../libdaisy/src/sys/system.h ****          ** CPU Freq set to 400MHz
  33:../../libdaisy/src/sys/system.h ****          ** Cache Enabled 
  34:../../libdaisy/src/sys/system.h ****          ** */
  35:../../libdaisy/src/sys/system.h ****         void Defaults()
  36:../../libdaisy/src/sys/system.h ****         {
  37:../../libdaisy/src/sys/system.h ****             cpu_freq   = SysClkFreq::FREQ_400MHZ;
  38:../../libdaisy/src/sys/system.h ****             use_dcache = true;
  39:../../libdaisy/src/sys/system.h ****             use_icache = true;
  40:../../libdaisy/src/sys/system.h ****         }
  41:../../libdaisy/src/sys/system.h **** 
  42:../../libdaisy/src/sys/system.h ****         /** Method to call on the struct to set to boost mode:
  43:../../libdaisy/src/sys/system.h ****          ** CPU Freq set to 480MHz
  44:../../libdaisy/src/sys/system.h ****          ** Cache Enabled 
  45:../../libdaisy/src/sys/system.h ****          ** */
  46:../../libdaisy/src/sys/system.h ****         void Boost()
  47:../../libdaisy/src/sys/system.h ****         {
  48:../../libdaisy/src/sys/system.h ****             cpu_freq   = SysClkFreq::FREQ_480MHZ;
  49:../../libdaisy/src/sys/system.h ****             use_dcache = true;
  50:../../libdaisy/src/sys/system.h ****             use_icache = true;
  51:../../libdaisy/src/sys/system.h ****         }
  52:../../libdaisy/src/sys/system.h **** 
  53:../../libdaisy/src/sys/system.h ****         SysClkFreq cpu_freq;
  54:../../libdaisy/src/sys/system.h ****         bool       use_dcache;
  55:../../libdaisy/src/sys/system.h ****         bool       use_icache;
  56:../../libdaisy/src/sys/system.h ****     };
  57:../../libdaisy/src/sys/system.h **** 
  58:../../libdaisy/src/sys/system.h ****     System() {}
  59:../../libdaisy/src/sys/system.h ****     ~System() {}
  88              		.loc 4 59 5 view .LVU5
  89              		.loc 4 59 5 is_stmt 0 view .LVU6
  90              	.LBE86:
  91              	.LBB87:
  92              	.LBI87:
  93              		.file 5 "../../libdaisy/src/hid/usb.h"
   1:../../libdaisy/src/hid/usb.h **** #pragma once
   2:../../libdaisy/src/hid/usb.h **** #ifndef DSY_HID_USB_H
   3:../../libdaisy/src/hid/usb.h **** #define DSY_HID_USB_H
   4:../../libdaisy/src/hid/usb.h **** #include <stdint.h>
   5:../../libdaisy/src/hid/usb.h **** #include <stdlib.h>
   6:../../libdaisy/src/hid/usb.h **** 
   7:../../libdaisy/src/hid/usb.h **** namespace daisy
   8:../../libdaisy/src/hid/usb.h **** /** @addtogroup externals
   9:../../libdaisy/src/hid/usb.h ****     @{
  10:../../libdaisy/src/hid/usb.h **** */
  11:../../libdaisy/src/hid/usb.h **** 
  12:../../libdaisy/src/hid/usb.h **** {
  13:../../libdaisy/src/hid/usb.h **** /** 
  14:../../libdaisy/src/hid/usb.h ****     @brief Interface for initializing and using the USB Peripherals on the daisy
  15:../../libdaisy/src/hid/usb.h ****     @author Stephen Hensley
  16:../../libdaisy/src/hid/usb.h ****     @date December 2019
  17:../../libdaisy/src/hid/usb.h **** */
  18:../../libdaisy/src/hid/usb.h **** class UsbHandle
  19:../../libdaisy/src/hid/usb.h **** {
  20:../../libdaisy/src/hid/usb.h ****   public:
  21:../../libdaisy/src/hid/usb.h ****     /** Return values for USBHandle Functions */
  22:../../libdaisy/src/hid/usb.h ****     enum class Result
ARM GAS  /tmp/ccD4qRnb.s 			page 5


  23:../../libdaisy/src/hid/usb.h ****     {
  24:../../libdaisy/src/hid/usb.h ****         OK,
  25:../../libdaisy/src/hid/usb.h ****         ERR,
  26:../../libdaisy/src/hid/usb.h ****     };
  27:../../libdaisy/src/hid/usb.h **** 
  28:../../libdaisy/src/hid/usb.h ****     /** Specified which of the two USB Peripherals to initialize. */
  29:../../libdaisy/src/hid/usb.h ****     enum UsbPeriph
  30:../../libdaisy/src/hid/usb.h ****     {
  31:../../libdaisy/src/hid/usb.h ****         FS_INTERNAL, /**< Internal pin */
  32:../../libdaisy/src/hid/usb.h ****         FS_EXTERNAL, /**< FS External D+ pin is Pin 38 (GPIO32). FS External D- pin is Pin 37 (GPIO
  33:../../libdaisy/src/hid/usb.h ****         FS_BOTH,     /**< Both */
  34:../../libdaisy/src/hid/usb.h ****     };
  35:../../libdaisy/src/hid/usb.h **** 
  36:../../libdaisy/src/hid/usb.h **** 
  37:../../libdaisy/src/hid/usb.h ****     /** Function called upon reception of a buffer */
  38:../../libdaisy/src/hid/usb.h ****     typedef void (*ReceiveCallback)(uint8_t* buff, uint32_t* len);
  39:../../libdaisy/src/hid/usb.h **** 
  40:../../libdaisy/src/hid/usb.h ****     UsbHandle() {}
  41:../../libdaisy/src/hid/usb.h **** 
  42:../../libdaisy/src/hid/usb.h ****     ~UsbHandle() {}
  94              		.loc 5 42 5 is_stmt 1 view .LVU7
  95              		.loc 5 42 5 is_stmt 0 view .LVU8
  96              	.LBE87:
  97              	.LBB88:
  98              	.LBI88:
  99              		.file 6 "../../libdaisy/src/per/adc.h"
   1:../../libdaisy/src/per/adc.h **** #pragma once
   2:../../libdaisy/src/per/adc.h **** #ifndef DSY_ADC_H
   3:../../libdaisy/src/per/adc.h **** #define DSY_ADC_H /**< Macro */
   4:../../libdaisy/src/per/adc.h **** #include <stdint.h>
   5:../../libdaisy/src/per/adc.h **** #include <stdlib.h>
   6:../../libdaisy/src/per/adc.h **** #include "daisy_core.h"
   7:../../libdaisy/src/per/adc.h **** #include "per/gpio.h"
   8:../../libdaisy/src/per/adc.h **** 
   9:../../libdaisy/src/per/adc.h **** #define DSY_ADC_MAX_CHANNELS 14 /**< Maximum number of ADC channels */
  10:../../libdaisy/src/per/adc.h **** 
  11:../../libdaisy/src/per/adc.h **** namespace daisy
  12:../../libdaisy/src/per/adc.h **** {
  13:../../libdaisy/src/per/adc.h **** /** @addtogroup analog_digital_conversion
  14:../../libdaisy/src/per/adc.h ****     @{
  15:../../libdaisy/src/per/adc.h **** */
  16:../../libdaisy/src/per/adc.h **** 
  17:../../libdaisy/src/per/adc.h **** /* While there may not be many configuration options here,
  18:../../libdaisy/src/per/adc.h **** using a struct like this allows us to add more configuration
  19:../../libdaisy/src/per/adc.h **** later without breaking existing functionality.
  20:../../libdaisy/src/per/adc.h **** */
  21:../../libdaisy/src/per/adc.h **** 
  22:../../libdaisy/src/per/adc.h **** /** Configuration Structure for a given channel */
  23:../../libdaisy/src/per/adc.h **** struct AdcChannelConfig
  24:../../libdaisy/src/per/adc.h **** {
  25:../../libdaisy/src/per/adc.h ****     /** Which pin to use for multiplexing */
  26:../../libdaisy/src/per/adc.h ****     enum MuxPin
  27:../../libdaisy/src/per/adc.h ****     {
  28:../../libdaisy/src/per/adc.h ****         MUX_SEL_0,    /**< & */
  29:../../libdaisy/src/per/adc.h ****         MUX_SEL_1,    /**< & */
  30:../../libdaisy/src/per/adc.h ****         MUX_SEL_2,    /**< & */
  31:../../libdaisy/src/per/adc.h ****         MUX_SEL_LAST, /**< & */
ARM GAS  /tmp/ccD4qRnb.s 			page 6


  32:../../libdaisy/src/per/adc.h ****     };
  33:../../libdaisy/src/per/adc.h **** 
  34:../../libdaisy/src/per/adc.h ****     /** Initializes a single ADC pin as an ADC. 
  35:../../libdaisy/src/per/adc.h ****     \param pin Pin to init.
  36:../../libdaisy/src/per/adc.h ****      */
  37:../../libdaisy/src/per/adc.h ****     void InitSingle(dsy_gpio_pin pin);
  38:../../libdaisy/src/per/adc.h **** 
  39:../../libdaisy/src/per/adc.h ****     /** 
  40:../../libdaisy/src/per/adc.h ****     Initializes a single ADC pin as a Multiplexed ADC.
  41:../../libdaisy/src/per/adc.h ****     Requires a CD405X Multiplexer connected to the pin.
  42:../../libdaisy/src/per/adc.h ****     You only need to supply the mux pins that are required,
  43:../../libdaisy/src/per/adc.h ****     e.g. a 4052 mux would only require mux_0 and mux_1.
  44:../../libdaisy/src/per/adc.h ****     Internal Callbacks handle the pin addressing.
  45:../../libdaisy/src/per/adc.h ****     \param mux_channels must be 1-8
  46:../../libdaisy/src/per/adc.h ****     \param mux_0 First mux pin
  47:../../libdaisy/src/per/adc.h ****     \param mux_1 Second mux pin
  48:../../libdaisy/src/per/adc.h ****     \param mux_2 Third mux pin
  49:../../libdaisy/src/per/adc.h ****     \param adc_pin &
  50:../../libdaisy/src/per/adc.h ****     */
  51:../../libdaisy/src/per/adc.h ****     void InitMux(dsy_gpio_pin adc_pin,
  52:../../libdaisy/src/per/adc.h ****                  size_t       mux_channels,
  53:../../libdaisy/src/per/adc.h ****                  dsy_gpio_pin mux_0,
  54:../../libdaisy/src/per/adc.h ****                  dsy_gpio_pin mux_1 = {DSY_GPIOX, 0},
  55:../../libdaisy/src/per/adc.h ****                  dsy_gpio_pin mux_2 = {DSY_GPIOX, 0});
  56:../../libdaisy/src/per/adc.h **** 
  57:../../libdaisy/src/per/adc.h ****     dsy_gpio pin_;                   /**< & */
  58:../../libdaisy/src/per/adc.h ****     dsy_gpio mux_pin_[MUX_SEL_LAST]; /**< & */
  59:../../libdaisy/src/per/adc.h ****     uint8_t  mux_channels_;          /**< & */
  60:../../libdaisy/src/per/adc.h **** };
  61:../../libdaisy/src/per/adc.h **** 
  62:../../libdaisy/src/per/adc.h **** /**
  63:../../libdaisy/src/per/adc.h ****    Handler for analog to digital conversion
  64:../../libdaisy/src/per/adc.h **** */
  65:../../libdaisy/src/per/adc.h **** class AdcHandle
  66:../../libdaisy/src/per/adc.h **** {
  67:../../libdaisy/src/per/adc.h ****   public:
  68:../../libdaisy/src/per/adc.h ****     /** Supported oversampling amounts */
  69:../../libdaisy/src/per/adc.h ****     enum OverSampling
  70:../../libdaisy/src/per/adc.h ****     {
  71:../../libdaisy/src/per/adc.h ****         OVS_NONE, /**< & */
  72:../../libdaisy/src/per/adc.h ****         OVS_4,    /**< & */
  73:../../libdaisy/src/per/adc.h ****         OVS_8,    /**< & */
  74:../../libdaisy/src/per/adc.h ****         OVS_16,   /**< & */
  75:../../libdaisy/src/per/adc.h ****         OVS_32,   /**< & */
  76:../../libdaisy/src/per/adc.h ****         OVS_64,   /**< & */
  77:../../libdaisy/src/per/adc.h ****         OVS_128,  /**< & */
  78:../../libdaisy/src/per/adc.h ****         OVS_256,  /**< & */
  79:../../libdaisy/src/per/adc.h ****         OVS_512,  /**< & */
  80:../../libdaisy/src/per/adc.h ****         OVS_1024, /**< & */
  81:../../libdaisy/src/per/adc.h ****         OVS_LAST, /**< & */
  82:../../libdaisy/src/per/adc.h ****     };
  83:../../libdaisy/src/per/adc.h **** 
  84:../../libdaisy/src/per/adc.h ****     AdcHandle() {}
  85:../../libdaisy/src/per/adc.h ****     ~AdcHandle() {}
 100              		.loc 6 85 5 is_stmt 1 view .LVU9
 101              		.loc 6 85 5 is_stmt 0 view .LVU10
 102              	.LBE88:
ARM GAS  /tmp/ccD4qRnb.s 			page 7


 103              	.LBB89:
 104              	.LBI89:
 105              		.file 7 "../../libdaisy/src/hid/audio.h"
   1:../../libdaisy/src/hid/audio.h **** #ifndef DSY_AUDIO_H
   2:../../libdaisy/src/hid/audio.h **** #define DSY_AUDIO_H /**< & */
   3:../../libdaisy/src/hid/audio.h **** 
   4:../../libdaisy/src/hid/audio.h **** #include "per/sai.h"
   5:../../libdaisy/src/hid/audio.h **** 
   6:../../libdaisy/src/hid/audio.h **** namespace daisy
   7:../../libdaisy/src/hid/audio.h **** {
   8:../../libdaisy/src/hid/audio.h **** class AudioHandle
   9:../../libdaisy/src/hid/audio.h **** {
  10:../../libdaisy/src/hid/audio.h ****   public:
  11:../../libdaisy/src/hid/audio.h ****     /** Manually configurable details about the Audio Engine */
  12:../../libdaisy/src/hid/audio.h ****     /** TODO: Figure out how to get samplerate in here. */
  13:../../libdaisy/src/hid/audio.h ****     struct Config
  14:../../libdaisy/src/hid/audio.h ****     {
  15:../../libdaisy/src/hid/audio.h ****         size_t                        blocksize;
  16:../../libdaisy/src/hid/audio.h ****         SaiHandle::Config::SampleRate samplerate;
  17:../../libdaisy/src/hid/audio.h ****         float                         postgain;
  18:../../libdaisy/src/hid/audio.h ****     };
  19:../../libdaisy/src/hid/audio.h **** 
  20:../../libdaisy/src/hid/audio.h ****     enum class Result
  21:../../libdaisy/src/hid/audio.h ****     {
  22:../../libdaisy/src/hid/audio.h ****         OK,
  23:../../libdaisy/src/hid/audio.h ****         ERR,
  24:../../libdaisy/src/hid/audio.h ****     };
  25:../../libdaisy/src/hid/audio.h **** 
  26:../../libdaisy/src/hid/audio.h ****     /** Non-Interleaving input buffer
  27:../../libdaisy/src/hid/audio.h ****      * Buffer arranged by float[chn][sample] 
  28:../../libdaisy/src/hid/audio.h ****      * const so that the user can't modify the input
  29:../../libdaisy/src/hid/audio.h ****     */
  30:../../libdaisy/src/hid/audio.h ****     typedef const float* const* InputBuffer;
  31:../../libdaisy/src/hid/audio.h **** 
  32:../../libdaisy/src/hid/audio.h ****     /** Non-Interleaving output buffer
  33:../../libdaisy/src/hid/audio.h ****      * Arranged by float[chn][sample] 
  34:../../libdaisy/src/hid/audio.h ****     */
  35:../../libdaisy/src/hid/audio.h ****     typedef float** OutputBuffer;
  36:../../libdaisy/src/hid/audio.h **** 
  37:../../libdaisy/src/hid/audio.h ****     /** Type for a Non-Interleaving audio callback 
  38:../../libdaisy/src/hid/audio.h ****    * Non-Interleaving audio callbacks in daisy will be of this type
  39:../../libdaisy/src/hid/audio.h ****   */
  40:../../libdaisy/src/hid/audio.h ****     typedef void (*AudioCallback)(InputBuffer  in,
  41:../../libdaisy/src/hid/audio.h ****                                   OutputBuffer out,
  42:../../libdaisy/src/hid/audio.h ****                                   size_t       size);
  43:../../libdaisy/src/hid/audio.h **** 
  44:../../libdaisy/src/hid/audio.h ****     /** Interleaving Input buffer
  45:../../libdaisy/src/hid/audio.h ****      ** audio is prepared as { L0, R0, L1, R1, . . . LN, RN }]
  46:../../libdaisy/src/hid/audio.h ****      ** this is const, as the user shouldn't modify it
  47:../../libdaisy/src/hid/audio.h ****     */
  48:../../libdaisy/src/hid/audio.h ****     typedef const float* InterleavingInputBuffer;
  49:../../libdaisy/src/hid/audio.h **** 
  50:../../libdaisy/src/hid/audio.h ****     /** Interleaving Output buffer 
  51:../../libdaisy/src/hid/audio.h ****      ** audio is prepared as { L0, R0, L1, R1, . . . LN, RN }
  52:../../libdaisy/src/hid/audio.h ****     */
  53:../../libdaisy/src/hid/audio.h ****     typedef float* InterleavingOutputBuffer;
  54:../../libdaisy/src/hid/audio.h **** 
ARM GAS  /tmp/ccD4qRnb.s 			page 8


  55:../../libdaisy/src/hid/audio.h ****     /** Interleaving Audio Callback 
  56:../../libdaisy/src/hid/audio.h ****    * Interleaving audio callbacks in daisy must be of this type
  57:../../libdaisy/src/hid/audio.h ****   */
  58:../../libdaisy/src/hid/audio.h ****     typedef void (*InterleavingAudioCallback)(InterleavingInputBuffer  in,
  59:../../libdaisy/src/hid/audio.h ****                                               InterleavingOutputBuffer out,
  60:../../libdaisy/src/hid/audio.h ****                                               size_t                   size);
  61:../../libdaisy/src/hid/audio.h **** 
  62:../../libdaisy/src/hid/audio.h ****     AudioHandle() : pimpl_(nullptr) {}
  63:../../libdaisy/src/hid/audio.h ****     ~AudioHandle() {}
 106              		.loc 7 63 5 is_stmt 1 view .LVU11
 107              		.loc 7 63 5 is_stmt 0 view .LVU12
 108              	.LBE89:
 109              		.loc 3 22 19 view .LVU13
 110 0000 7047     		bx	lr
 111              		.cfi_endproc
 112              	.LFE4207:
 114              		.weak	_ZN5daisy9DaisySeedD1Ev
 115              		.thumb_set _ZN5daisy9DaisySeedD1Ev,_ZN5daisy9DaisySeedD2Ev
 116 0002 00BF     		.section	.text._ZL13AudioCallbackPKfPfj,"ax",%progbits
 117              		.align	1
 118              		.p2align 2,,3
 119              		.syntax unified
 120              		.thumb
 121              		.thumb_func
 122              		.fpu fpv5-d16
 124              	_ZL13AudioCallbackPKfPfj:
 125              	.LVL3:
 126              	.LFB4212:
 127              		.file 8 "moogladder.cpp"
   1:moogladder.cpp **** #include "daisysp.h"
   2:moogladder.cpp **** #include "daisy_seed.h"
   3:moogladder.cpp **** 
   4:moogladder.cpp **** using namespace daisysp;
   5:moogladder.cpp **** using namespace daisy;
   6:moogladder.cpp **** 
   7:moogladder.cpp **** static DaisySeed  seed;
   8:moogladder.cpp **** static MoogLadder flt;
   9:moogladder.cpp **** static Oscillator osc, lfo;
  10:moogladder.cpp **** 
  11:moogladder.cpp **** static void AudioCallback(AudioHandle::InterleavingInputBuffer  in,
  12:moogladder.cpp ****                           AudioHandle::InterleavingOutputBuffer out,
  13:moogladder.cpp ****                           size_t                                size)
  14:moogladder.cpp **** {
 128              		.loc 8 14 1 is_stmt 1 view -0
 129              		.cfi_startproc
 130              		@ args = 0, pretend = 0, frame = 0
 131              		@ frame_needed = 0, uses_anonymous_args = 0
  15:moogladder.cpp ****     float saw, freq, output;
 132              		.loc 8 15 5 view .LVU15
  16:moogladder.cpp ****     for(size_t i = 0; i < size; i += 2)
 133              		.loc 8 16 5 view .LVU16
 134              	.LBB90:
 135              		.loc 8 16 25 view .LVU17
 136 0000 2AB3     		cbz	r2, .L13
 137 0002 013A     		subs	r2, r2, #1
 138              	.LVL4:
 139              		.loc 8 16 25 is_stmt 0 view .LVU18
ARM GAS  /tmp/ccD4qRnb.s 			page 9


 140              	.LBE90:
  14:moogladder.cpp ****     float saw, freq, output;
 141              		.loc 8 14 1 view .LVU19
 142 0004 F8B5     		push	{r3, r4, r5, r6, r7, lr}
 143              		.cfi_def_cfa_offset 24
 144              		.cfi_offset 3, -24
 145              		.cfi_offset 4, -20
 146              		.cfi_offset 5, -16
 147              		.cfi_offset 6, -12
 148              		.cfi_offset 7, -8
 149              		.cfi_offset 14, -4
 150 0006 0C46     		mov	r4, r1
 151              	.LBB95:
 152              		.loc 8 16 16 view .LVU20
 153 0008 0025     		movs	r5, #0
 154 000a 114F     		ldr	r7, .L16
 155 000c 22F00106 		bic	r6, r2, #1
 156              	.LBE95:
  14:moogladder.cpp ****     float saw, freq, output;
 157              		.loc 8 14 1 view .LVU21
 158 0010 2DED028B 		vpush.64	{d8}
 159              		.cfi_def_cfa_offset 32
 160              		.cfi_offset 80, -32
 161              		.cfi_offset 81, -28
 162              	.LVL5:
 163              	.L7:
 164              	.LBB96:
  17:moogladder.cpp ****     {
  18:moogladder.cpp ****         freq = 5000 + (lfo.Process() * 5000);
 165              		.loc 8 18 9 is_stmt 1 discriminator 2 view .LVU22
 166              		.loc 8 18 35 is_stmt 0 discriminator 2 view .LVU23
 167 0014 0F48     		ldr	r0, .L16+4
 168 0016 0834     		adds	r4, r4, #8
 169 0018 FFF7FEFF 		bl	_ZN7daisysp10Oscillator7ProcessEv
 170              	.LVL6:
 171              		.loc 8 18 14 discriminator 2 view .LVU24
 172 001c DFED0E7A 		vldr.32	s15, .L16+8
  19:moogladder.cpp ****         saw  = osc.Process();
 173              		.loc 8 19 27 discriminator 2 view .LVU25
 174 0020 0E48     		ldr	r0, .L16+12
  18:moogladder.cpp ****         saw  = osc.Process();
 175              		.loc 8 18 14 discriminator 2 view .LVU26
 176 0022 E0EE277A 		vfma.f32	s15, s0, s15
 177 0026 B0EE678A 		vmov.f32	s16, s15
 178              	.LVL7:
 179              		.loc 8 19 9 is_stmt 1 discriminator 2 view .LVU27
 180              		.loc 8 19 27 is_stmt 0 discriminator 2 view .LVU28
 181 002a FFF7FEFF 		bl	_ZN7daisysp10Oscillator7ProcessEv
 182              	.LVL8:
  20:moogladder.cpp **** 
  21:moogladder.cpp ****         flt.SetFreq(freq);
 183              		.loc 8 21 9 is_stmt 1 discriminator 2 view .LVU29
 184              	.LBB91:
 185              	.LBI91:
  22:../../DaisySP/Source/Filters/moogladder.h ****     /** Initializes the MoogLadder module.
  23:../../DaisySP/Source/Filters/moogladder.h ****         sample_rate - The sample rate of the audio engine being run. 
  24:../../DaisySP/Source/Filters/moogladder.h ****     */
ARM GAS  /tmp/ccD4qRnb.s 			page 10


  25:../../DaisySP/Source/Filters/moogladder.h ****     void Init(float sample_rate);
  26:../../DaisySP/Source/Filters/moogladder.h **** 
  27:../../DaisySP/Source/Filters/moogladder.h **** 
  28:../../DaisySP/Source/Filters/moogladder.h ****     /** Processes the lowpass filter
  29:../../DaisySP/Source/Filters/moogladder.h ****     */
  30:../../DaisySP/Source/Filters/moogladder.h ****     float Process(float in);
  31:../../DaisySP/Source/Filters/moogladder.h **** 
  32:../../DaisySP/Source/Filters/moogladder.h ****     /** 
  33:../../DaisySP/Source/Filters/moogladder.h ****         Sets the cutoff frequency or half-way point of the filter.
  34:../../DaisySP/Source/Filters/moogladder.h ****         Arguments
  35:../../DaisySP/Source/Filters/moogladder.h ****         - freq - frequency value in Hz. Range: Any positive value.
  36:../../DaisySP/Source/Filters/moogladder.h ****     */
  37:../../DaisySP/Source/Filters/moogladder.h ****     inline void SetFreq(float freq) { freq_ = freq; }
 186              		.loc 2 37 17 discriminator 2 view .LVU30
 187              	.LBB92:
 188              		.loc 2 37 39 discriminator 2 view .LVU31
 189              	.LBE92:
 190              	.LBE91:
  22:moogladder.cpp ****         output = flt.Process(saw);
 191              		.loc 8 22 29 is_stmt 0 discriminator 2 view .LVU32
 192 002e 0848     		ldr	r0, .L16
 193              	.LBB94:
 194              	.LBB93:
 195              		.loc 2 37 45 discriminator 2 view .LVU33
 196 0030 87ED028A 		vstr.32	s16, [r7, #8]
 197              	.LVL9:
 198              		.loc 2 37 45 discriminator 2 view .LVU34
 199              	.LBE93:
 200              	.LBE94:
 201              		.loc 8 22 9 is_stmt 1 discriminator 2 view .LVU35
 202              		.loc 8 22 29 is_stmt 0 discriminator 2 view .LVU36
 203 0034 FFF7FEFF 		bl	_ZN7daisysp10MoogLadder7ProcessEf
 204              	.LVL10:
  23:moogladder.cpp **** 
  24:moogladder.cpp ****         // left out
  25:moogladder.cpp ****         out[i] = output;
 205              		.loc 8 25 9 is_stmt 1 discriminator 2 view .LVU37
  16:moogladder.cpp ****     {
 206              		.loc 8 16 25 is_stmt 0 discriminator 2 view .LVU38
 207 0038 B542     		cmp	r5, r6
 208              		.loc 8 25 16 discriminator 2 view .LVU39
 209 003a 04ED020A 		vstr.32	s0, [r4, #-8]
  26:moogladder.cpp **** 
  27:moogladder.cpp ****         // right out
  28:moogladder.cpp ****         out[i + 1] = output;
 210              		.loc 8 28 9 is_stmt 1 discriminator 2 view .LVU40
 211              		.loc 8 28 20 is_stmt 0 discriminator 2 view .LVU41
 212 003e 04ED010A 		vstr.32	s0, [r4, #-4]
  16:moogladder.cpp ****     {
 213              		.loc 8 16 5 is_stmt 1 discriminator 2 view .LVU42
  16:moogladder.cpp ****     {
 214              		.loc 8 16 25 discriminator 2 view .LVU43
 215 0042 05F10205 		add	r5, r5, #2
 216              	.LVL11:
  16:moogladder.cpp ****     {
 217              		.loc 8 16 25 is_stmt 0 discriminator 2 view .LVU44
 218 0046 E5D1     		bne	.L7
ARM GAS  /tmp/ccD4qRnb.s 			page 11


 219              	.LBE96:
  29:moogladder.cpp ****     }
  30:moogladder.cpp **** }
 220              		.loc 8 30 1 view .LVU45
 221 0048 BDEC028B 		vldm	sp!, {d8}
 222              		.cfi_restore 80
 223              		.cfi_restore 81
 224              		.cfi_def_cfa_offset 24
 225              	.LVL12:
 226              		.loc 8 30 1 view .LVU46
 227 004c F8BD     		pop	{r3, r4, r5, r6, r7, pc}
 228              	.LVL13:
 229              	.L13:
 230              		.cfi_def_cfa_offset 0
 231              		.cfi_restore 3
 232              		.cfi_restore 4
 233              		.cfi_restore 5
 234              		.cfi_restore 6
 235              		.cfi_restore 7
 236              		.cfi_restore 14
 237              		.loc 8 30 1 view .LVU47
 238 004e 7047     		bx	lr
 239              	.L17:
 240              		.align	2
 241              	.L16:
 242 0050 00000000 		.word	.LANCHOR2
 243 0054 00000000 		.word	.LANCHOR0
 244 0058 00409C45 		.word	1167867904
 245 005c 00000000 		.word	.LANCHOR1
 246              		.cfi_endproc
 247              	.LFE4212:
 249              		.section	.text.startup.main,"ax",%progbits
 250              		.align	1
 251              		.p2align 2,,3
 252              		.global	main
 253              		.syntax unified
 254              		.thumb
 255              		.thumb_func
 256              		.fpu fpv5-d16
 258              	main:
 259              	.LFB4213:
  31:moogladder.cpp **** 
  32:moogladder.cpp **** int main(void)
  33:moogladder.cpp **** {
 260              		.loc 8 33 1 is_stmt 1 view -0
 261              		.cfi_startproc
 262              		@ args = 0, pretend = 0, frame = 0
 263              		@ frame_needed = 0, uses_anonymous_args = 0
  34:moogladder.cpp ****     // initialize seed hardware and daisysp modules
  35:moogladder.cpp ****     float sample_rate;
 264              		.loc 8 35 5 view .LVU49
  36:moogladder.cpp ****     seed.Configure();
 265              		.loc 8 36 5 view .LVU50
  33:moogladder.cpp ****     // initialize seed hardware and daisysp modules
 266              		.loc 8 33 1 is_stmt 0 view .LVU51
 267 0000 2DE9F041 		push	{r4, r5, r6, r7, r8, lr}
 268              		.cfi_def_cfa_offset 24
ARM GAS  /tmp/ccD4qRnb.s 			page 12


 269              		.cfi_offset 4, -24
 270              		.cfi_offset 5, -20
 271              		.cfi_offset 6, -16
 272              		.cfi_offset 7, -12
 273              		.cfi_offset 8, -8
 274              		.cfi_offset 14, -4
 275              		.loc 8 36 19 view .LVU52
 276 0004 3448     		ldr	r0, .L21
 277              	.LBB97:
 278              	.LBB98:
  17:../../DaisySP/Source/Synthesis/oscillator.h ****     /** Choices for output waveforms, POLYBLEP are appropriately labeled. Others are naive forms.
  18:../../DaisySP/Source/Synthesis/oscillator.h ****     */
  19:../../DaisySP/Source/Synthesis/oscillator.h ****     enum
  20:../../DaisySP/Source/Synthesis/oscillator.h ****     {
  21:../../DaisySP/Source/Synthesis/oscillator.h ****         WAVE_SIN,
  22:../../DaisySP/Source/Synthesis/oscillator.h ****         WAVE_TRI,
  23:../../DaisySP/Source/Synthesis/oscillator.h ****         WAVE_SAW,
  24:../../DaisySP/Source/Synthesis/oscillator.h ****         WAVE_RAMP,
  25:../../DaisySP/Source/Synthesis/oscillator.h ****         WAVE_SQUARE,
  26:../../DaisySP/Source/Synthesis/oscillator.h ****         WAVE_POLYBLEP_TRI,
  27:../../DaisySP/Source/Synthesis/oscillator.h ****         WAVE_POLYBLEP_SAW,
  28:../../DaisySP/Source/Synthesis/oscillator.h ****         WAVE_POLYBLEP_SQUARE,
  29:../../DaisySP/Source/Synthesis/oscillator.h ****         WAVE_LAST,
  30:../../DaisySP/Source/Synthesis/oscillator.h ****     };
  31:../../DaisySP/Source/Synthesis/oscillator.h **** 
  32:../../DaisySP/Source/Synthesis/oscillator.h **** 
  33:../../DaisySP/Source/Synthesis/oscillator.h ****     /** Initializes the Oscillator
  34:../../DaisySP/Source/Synthesis/oscillator.h **** 
  35:../../DaisySP/Source/Synthesis/oscillator.h ****         \param sample_rate - sample rate of the audio engine being run, and the frequency that the 
  36:../../DaisySP/Source/Synthesis/oscillator.h **** 
  37:../../DaisySP/Source/Synthesis/oscillator.h ****         Defaults:
  38:../../DaisySP/Source/Synthesis/oscillator.h ****         - freq_ = 100 Hz
  39:../../DaisySP/Source/Synthesis/oscillator.h ****         - amp_ = 0.5
  40:../../DaisySP/Source/Synthesis/oscillator.h ****         - waveform_ = sine wave.
  41:../../DaisySP/Source/Synthesis/oscillator.h ****     */
  42:../../DaisySP/Source/Synthesis/oscillator.h ****     void Init(float sample_rate)
  43:../../DaisySP/Source/Synthesis/oscillator.h ****     {
  44:../../DaisySP/Source/Synthesis/oscillator.h ****         sr_        = sample_rate;
  45:../../DaisySP/Source/Synthesis/oscillator.h ****         sr_recip_  = 1.0f / sample_rate;
  46:../../DaisySP/Source/Synthesis/oscillator.h ****         freq_      = 100.0f;
  47:../../DaisySP/Source/Synthesis/oscillator.h ****         amp_       = 0.5f;
 279              		.loc 1 47 20 view .LVU53
 280 0006 4FF07C58 		mov	r8, #1056964608
 281              	.LBE98:
 282              	.LBE97:
  37:moogladder.cpp ****     seed.Init();
  38:moogladder.cpp ****     sample_rate = seed.AudioSampleRate();
  39:moogladder.cpp **** 
  40:moogladder.cpp ****     // initialize Moogladder object
  41:moogladder.cpp ****     flt.Init(sample_rate);
 283              		.loc 8 41 13 view .LVU54
 284 000a 344C     		ldr	r4, .L21+4
 285              	.LBB107:
 286              	.LBB99:
  48:../../DaisySP/Source/Synthesis/oscillator.h ****         phase_     = 0.0f;
 287              		.loc 1 48 20 view .LVU55
 288 000c 0027     		movs	r7, #0
ARM GAS  /tmp/ccD4qRnb.s 			page 13


  44:../../DaisySP/Source/Synthesis/oscillator.h ****         sr_recip_  = 1.0f / sample_rate;
 289              		.loc 1 44 20 view .LVU56
 290 000e 344D     		ldr	r5, .L21+8
  49:../../DaisySP/Source/Synthesis/oscillator.h ****         phase_inc_ = CalcPhaseInc(freq_);
  50:../../DaisySP/Source/Synthesis/oscillator.h ****         waveform_  = WAVE_SIN;
  51:../../DaisySP/Source/Synthesis/oscillator.h ****         eoc_       = true;
  52:../../DaisySP/Source/Synthesis/oscillator.h ****         eor_       = true;
 291              		.loc 1 52 20 view .LVU57
 292 0010 40F20116 		movw	r6, #257
 293              	.LBE99:
 294              	.LBE107:
  33:moogladder.cpp ****     // initialize seed hardware and daisysp modules
 295              		.loc 8 33 1 view .LVU58
 296 0014 2DED048B 		vpush.64	{d8, d9}
 297              		.cfi_def_cfa_offset 40
 298              		.cfi_offset 80, -40
 299              		.cfi_offset 81, -36
 300              		.cfi_offset 82, -32
 301              		.cfi_offset 83, -28
  36:moogladder.cpp ****     seed.Init();
 302              		.loc 8 36 19 view .LVU59
 303 0018 FFF7FEFF 		bl	_ZN5daisy9DaisySeed9ConfigureEv
 304              	.LVL14:
  37:moogladder.cpp ****     sample_rate = seed.AudioSampleRate();
 305              		.loc 8 37 5 is_stmt 1 view .LVU60
  37:moogladder.cpp ****     sample_rate = seed.AudioSampleRate();
 306              		.loc 8 37 14 is_stmt 0 view .LVU61
 307 001c 0021     		movs	r1, #0
 308 001e 2E48     		ldr	r0, .L21
 309              	.LBB108:
 310              	.LBB100:
  45:../../DaisySP/Source/Synthesis/oscillator.h ****         freq_      = 100.0f;
 311              		.loc 1 45 27 view .LVU62
 312 0020 F7EE009A 		vmov.f32	s19, #1.0e+0
 313              	.LBE100:
 314              	.LBE108:
  37:moogladder.cpp ****     sample_rate = seed.AudioSampleRate();
 315              		.loc 8 37 14 view .LVU63
 316 0024 FFF7FEFF 		bl	_ZN5daisy9DaisySeed4InitEb
 317              	.LVL15:
  38:moogladder.cpp **** 
 318              		.loc 8 38 5 is_stmt 1 view .LVU64
  38:moogladder.cpp **** 
 319              		.loc 8 38 39 is_stmt 0 view .LVU65
 320 0028 2B48     		ldr	r0, .L21
 321 002a FFF7FEFF 		bl	_ZN5daisy9DaisySeed15AudioSampleRateEv
 322              	.LVL16:
 323 002e F0EE408A 		vmov.f32	s17, s0
 324              	.LVL17:
 325              		.loc 8 41 5 is_stmt 1 view .LVU66
 326              		.loc 8 41 13 is_stmt 0 view .LVU67
 327 0032 2046     		mov	r0, r4
 328              	.LBB109:
 329              	.LBB101:
  46:../../DaisySP/Source/Synthesis/oscillator.h ****         amp_       = 0.5f;
 330              		.loc 1 46 20 view .LVU68
 331 0034 9FED2B8A 		vldr.32	s16, .L21+12
ARM GAS  /tmp/ccD4qRnb.s 			page 14


 332              	.LBE101:
 333              	.LBE109:
 334              		.loc 8 41 13 view .LVU69
 335 0038 FFF7FEFF 		bl	_ZN7daisysp10MoogLadder4InitEf
 336              	.LVL18:
  42:moogladder.cpp ****     flt.SetRes(0.7);
 337              		.loc 8 42 5 is_stmt 1 view .LVU70
 338              	.LBB110:
 339              	.LBI110:
  38:../../DaisySP/Source/Filters/moogladder.h ****     /** 
  39:../../DaisySP/Source/Filters/moogladder.h ****         Sets the resonance of the filter.
  40:../../DaisySP/Source/Filters/moogladder.h ****     */
  41:../../DaisySP/Source/Filters/moogladder.h ****     inline void SetRes(float res) { res_ = res; }
 340              		.loc 2 41 17 view .LVU71
 341              	.LBB111:
 342              		.loc 2 41 37 view .LVU72
 343              		.loc 2 41 42 is_stmt 0 view .LVU73
 344 003c 2A4B     		ldr	r3, .L21+16
 345              	.LBE111:
 346              	.LBE110:
 347              	.LBB113:
 348              	.LBB102:
  45:../../DaisySP/Source/Synthesis/oscillator.h ****         freq_      = 100.0f;
 349              		.loc 1 45 27 view .LVU74
 350 003e 89EEA89A 		vdiv.f32	s18, s19, s17
  49:../../DaisySP/Source/Synthesis/oscillator.h ****         waveform_  = WAVE_SIN;
 351              		.loc 1 49 34 view .LVU75
 352 0042 2846     		mov	r0, r5
 353              	.LBE102:
 354              	.LBE113:
 355              	.LBB114:
 356              	.LBB112:
 357              		.loc 2 41 42 view .LVU76
 358 0044 6360     		str	r3, [r4, #4]	@ float
 359              	.LVL19:
 360              		.loc 2 41 42 view .LVU77
 361              	.LBE112:
 362              	.LBE114:
  43:moogladder.cpp **** 
  44:moogladder.cpp ****     // set parameters for sine oscillator object
  45:moogladder.cpp ****     lfo.Init(sample_rate);
 363              		.loc 8 45 5 is_stmt 1 view .LVU78
 364              	.LBB115:
 365              	.LBI97:
  42:../../DaisySP/Source/Synthesis/oscillator.h ****     {
 366              		.loc 1 42 10 view .LVU79
 367              	.LBB103:
  44:../../DaisySP/Source/Synthesis/oscillator.h ****         sr_recip_  = 1.0f / sample_rate;
 368              		.loc 1 44 9 view .LVU80
  44:../../DaisySP/Source/Synthesis/oscillator.h ****         sr_recip_  = 1.0f / sample_rate;
 369              		.loc 1 44 20 is_stmt 0 view .LVU81
 370 0046 C5ED038A 		vstr.32	s17, [r5, #12]
  45:../../DaisySP/Source/Synthesis/oscillator.h ****         freq_      = 100.0f;
 371              		.loc 1 45 9 is_stmt 1 view .LVU82
  46:../../DaisySP/Source/Synthesis/oscillator.h ****         amp_       = 0.5f;
 372              		.loc 1 46 20 is_stmt 0 view .LVU83
 373 004a 85ED028A 		vstr.32	s16, [r5, #8]
ARM GAS  /tmp/ccD4qRnb.s 			page 15


  47:../../DaisySP/Source/Synthesis/oscillator.h ****         phase_     = 0.0f;
 374              		.loc 1 47 20 view .LVU84
 375 004e C5F80480 		str	r8, [r5, #4]	@ float
  49:../../DaisySP/Source/Synthesis/oscillator.h ****         waveform_  = WAVE_SIN;
 376              		.loc 1 49 34 view .LVU85
 377 0052 B0EE480A 		vmov.f32	s0, s16
  48:../../DaisySP/Source/Synthesis/oscillator.h ****         phase_inc_ = CalcPhaseInc(freq_);
 378              		.loc 1 48 20 view .LVU86
 379 0056 6F61     		str	r7, [r5, #20]	@ float
 380              	.LBE103:
 381              	.LBE115:
 382              	.LBB116:
 383              	.LBB117:
  44:../../DaisySP/Source/Synthesis/oscillator.h ****         sr_recip_  = 1.0f / sample_rate;
 384              		.loc 1 44 20 view .LVU87
 385 0058 244C     		ldr	r4, .L21+20
 386              	.LBE117:
 387              	.LBE116:
 388              	.LBB123:
 389              	.LBB104:
  45:../../DaisySP/Source/Synthesis/oscillator.h ****         freq_      = 100.0f;
 390              		.loc 1 45 20 view .LVU88
 391 005a 85ED049A 		vstr.32	s18, [r5, #16]
  46:../../DaisySP/Source/Synthesis/oscillator.h ****         amp_       = 0.5f;
 392              		.loc 1 46 9 is_stmt 1 view .LVU89
  47:../../DaisySP/Source/Synthesis/oscillator.h ****         phase_     = 0.0f;
 393              		.loc 1 47 9 view .LVU90
  48:../../DaisySP/Source/Synthesis/oscillator.h ****         phase_inc_ = CalcPhaseInc(freq_);
 394              		.loc 1 48 9 view .LVU91
  49:../../DaisySP/Source/Synthesis/oscillator.h ****         waveform_  = WAVE_SIN;
 395              		.loc 1 49 9 view .LVU92
  49:../../DaisySP/Source/Synthesis/oscillator.h ****         waveform_  = WAVE_SIN;
 396              		.loc 1 49 34 is_stmt 0 view .LVU93
 397 005e FFF7FEFF 		bl	_ZN7daisysp10Oscillator12CalcPhaseIncEf
 398              	.LVL20:
 399 0062 F0EE407A 		vmov.f32	s15, s0
 400              	.LBE104:
 401              	.LBE123:
 402              	.LBB124:
 403              	.LBB125:
  53:../../DaisySP/Source/Synthesis/oscillator.h ****     }
  54:../../DaisySP/Source/Synthesis/oscillator.h **** 
  55:../../DaisySP/Source/Synthesis/oscillator.h **** 
  56:../../DaisySP/Source/Synthesis/oscillator.h ****     /** Changes the frequency of the Oscillator, and recalculates phase increment.
  57:../../DaisySP/Source/Synthesis/oscillator.h ****     */
  58:../../DaisySP/Source/Synthesis/oscillator.h ****     inline void SetFreq(const float f)
  59:../../DaisySP/Source/Synthesis/oscillator.h ****     {
  60:../../DaisySP/Source/Synthesis/oscillator.h ****         freq_      = f;
  61:../../DaisySP/Source/Synthesis/oscillator.h ****         phase_inc_ = CalcPhaseInc(f);
  62:../../DaisySP/Source/Synthesis/oscillator.h ****     }
  63:../../DaisySP/Source/Synthesis/oscillator.h **** 
  64:../../DaisySP/Source/Synthesis/oscillator.h **** 
  65:../../DaisySP/Source/Synthesis/oscillator.h ****     /** Sets the amplitude of the waveform.
  66:../../DaisySP/Source/Synthesis/oscillator.h ****     */
  67:../../DaisySP/Source/Synthesis/oscillator.h ****     inline void SetAmp(const float a) { amp_ = a; }
  68:../../DaisySP/Source/Synthesis/oscillator.h ****     /** Sets the waveform to be synthesized by the Process() function.
  69:../../DaisySP/Source/Synthesis/oscillator.h ****     */
ARM GAS  /tmp/ccD4qRnb.s 			page 16


  70:../../DaisySP/Source/Synthesis/oscillator.h ****     inline void SetWaveform(const uint8_t wf)
  71:../../DaisySP/Source/Synthesis/oscillator.h ****     {
  72:../../DaisySP/Source/Synthesis/oscillator.h ****         waveform_ = wf < WAVE_LAST ? wf : WAVE_SIN;
 404              		.loc 1 72 19 view .LVU94
 405 0066 0123     		movs	r3, #1
 406              	.LBE125:
 407              	.LBE124:
 408              	.LBB128:
 409              	.LBB129:
  60:../../DaisySP/Source/Synthesis/oscillator.h ****         phase_inc_ = CalcPhaseInc(f);
 410              		.loc 1 60 20 view .LVU95
 411 0068 9FED210A 		vldr.32	s0, .L21+24
  61:../../DaisySP/Source/Synthesis/oscillator.h ****     }
 412              		.loc 1 61 34 view .LVU96
 413 006c 2846     		mov	r0, r5
 414              	.LBE129:
 415              	.LBE128:
 416              	.LBB132:
 417              	.LBB126:
 418              		.loc 1 72 19 view .LVU97
 419 006e 2B70     		strb	r3, [r5]
 420              	.LBE126:
 421              	.LBE132:
 422              	.LBB133:
 423              	.LBB105:
  49:../../DaisySP/Source/Synthesis/oscillator.h ****         waveform_  = WAVE_SIN;
 424              		.loc 1 49 20 view .LVU98
 425 0070 C5ED067A 		vstr.32	s15, [r5, #24]
  50:../../DaisySP/Source/Synthesis/oscillator.h ****         eoc_       = true;
 426              		.loc 1 50 9 is_stmt 1 view .LVU99
  51:../../DaisySP/Source/Synthesis/oscillator.h ****         eor_       = true;
 427              		.loc 1 51 9 view .LVU100
  52:../../DaisySP/Source/Synthesis/oscillator.h ****     }
 428              		.loc 1 52 9 view .LVU101
 429              	.LBE105:
 430              	.LBE133:
 431              	.LBB134:
 432              	.LBB135:
  67:../../DaisySP/Source/Synthesis/oscillator.h ****     /** Sets the waveform to be synthesized by the Process() function.
 433              		.loc 1 67 46 is_stmt 0 view .LVU102
 434 0074 C5ED019A 		vstr.32	s19, [r5, #4]
 435              	.LBE135:
 436              	.LBE134:
 437              	.LBB137:
 438              	.LBB106:
  52:../../DaisySP/Source/Synthesis/oscillator.h ****     }
 439              		.loc 1 52 20 view .LVU103
 440 0078 AE84     		strh	r6, [r5, #36]	@ movhi
 441              	.LVL21:
  52:../../DaisySP/Source/Synthesis/oscillator.h ****     }
 442              		.loc 1 52 20 view .LVU104
 443              	.LBE106:
 444              	.LBE137:
  46:moogladder.cpp ****     lfo.SetWaveform(Oscillator::WAVE_TRI);
 445              		.loc 8 46 5 is_stmt 1 view .LVU105
 446              	.LBB138:
 447              	.LBI124:
ARM GAS  /tmp/ccD4qRnb.s 			page 17


  70:../../DaisySP/Source/Synthesis/oscillator.h ****     {
 448              		.loc 1 70 17 view .LVU106
 449              	.LBB127:
 450              		.loc 1 72 9 view .LVU107
 451              		.loc 1 72 9 is_stmt 0 view .LVU108
 452              	.LBE127:
 453              	.LBE138:
  47:moogladder.cpp ****     lfo.SetAmp(1);
 454              		.loc 8 47 5 is_stmt 1 view .LVU109
 455              	.LBB139:
 456              	.LBI134:
  67:../../DaisySP/Source/Synthesis/oscillator.h ****     /** Sets the waveform to be synthesized by the Process() function.
 457              		.loc 1 67 17 view .LVU110
 458              	.LBB136:
  67:../../DaisySP/Source/Synthesis/oscillator.h ****     /** Sets the waveform to be synthesized by the Process() function.
 459              		.loc 1 67 41 view .LVU111
  67:../../DaisySP/Source/Synthesis/oscillator.h ****     /** Sets the waveform to be synthesized by the Process() function.
 460              		.loc 1 67 41 is_stmt 0 view .LVU112
 461              	.LBE136:
 462              	.LBE139:
  48:moogladder.cpp ****     lfo.SetFreq(.4);
 463              		.loc 8 48 5 is_stmt 1 view .LVU113
 464              	.LBB140:
 465              	.LBI128:
  58:../../DaisySP/Source/Synthesis/oscillator.h ****     {
 466              		.loc 1 58 17 view .LVU114
 467              	.LBB130:
  60:../../DaisySP/Source/Synthesis/oscillator.h ****         phase_inc_ = CalcPhaseInc(f);
 468              		.loc 1 60 9 view .LVU115
  60:../../DaisySP/Source/Synthesis/oscillator.h ****         phase_inc_ = CalcPhaseInc(f);
 469              		.loc 1 60 20 is_stmt 0 view .LVU116
 470 007a 85ED020A 		vstr.32	s0, [r5, #8]
  61:../../DaisySP/Source/Synthesis/oscillator.h ****     }
 471              		.loc 1 61 9 is_stmt 1 view .LVU117
  61:../../DaisySP/Source/Synthesis/oscillator.h ****     }
 472              		.loc 1 61 34 is_stmt 0 view .LVU118
 473 007e FFF7FEFF 		bl	_ZN7daisysp10Oscillator12CalcPhaseIncEf
 474              	.LVL22:
 475 0082 F0EE407A 		vmov.f32	s15, s0
 476              	.LBE130:
 477              	.LBE140:
 478              	.LBB141:
 479              	.LBB118:
  49:../../DaisySP/Source/Synthesis/oscillator.h ****         waveform_  = WAVE_SIN;
 480              		.loc 1 49 34 view .LVU119
 481 0086 2046     		mov	r0, r4
 482 0088 B0EE480A 		vmov.f32	s0, s16
  45:../../DaisySP/Source/Synthesis/oscillator.h ****         freq_      = 100.0f;
 483              		.loc 1 45 20 view .LVU120
 484 008c 84ED049A 		vstr.32	s18, [r4, #16]
  44:../../DaisySP/Source/Synthesis/oscillator.h ****         sr_recip_  = 1.0f / sample_rate;
 485              		.loc 1 44 20 view .LVU121
 486 0090 C4ED038A 		vstr.32	s17, [r4, #12]
 487              	.LBE118:
 488              	.LBE141:
 489              	.LBB142:
 490              	.LBB131:
ARM GAS  /tmp/ccD4qRnb.s 			page 18


  61:../../DaisySP/Source/Synthesis/oscillator.h ****     }
 491              		.loc 1 61 20 view .LVU122
 492 0094 C5ED067A 		vstr.32	s15, [r5, #24]
 493              	.LVL23:
  61:../../DaisySP/Source/Synthesis/oscillator.h ****     }
 494              		.loc 1 61 20 view .LVU123
 495              	.LBE131:
 496              	.LBE142:
  49:moogladder.cpp **** 
  50:moogladder.cpp ****     // set parameters for sine oscillator object
  51:moogladder.cpp ****     osc.Init(sample_rate);
 497              		.loc 8 51 5 is_stmt 1 view .LVU124
 498              	.LBB143:
 499              	.LBI116:
  42:../../DaisySP/Source/Synthesis/oscillator.h ****     {
 500              		.loc 1 42 10 view .LVU125
 501              	.LBB119:
  44:../../DaisySP/Source/Synthesis/oscillator.h ****         sr_recip_  = 1.0f / sample_rate;
 502              		.loc 1 44 9 view .LVU126
  45:../../DaisySP/Source/Synthesis/oscillator.h ****         freq_      = 100.0f;
 503              		.loc 1 45 9 view .LVU127
  46:../../DaisySP/Source/Synthesis/oscillator.h ****         amp_       = 0.5f;
 504              		.loc 1 46 9 view .LVU128
  47:../../DaisySP/Source/Synthesis/oscillator.h ****         phase_     = 0.0f;
 505              		.loc 1 47 9 view .LVU129
  48:../../DaisySP/Source/Synthesis/oscillator.h ****         phase_inc_ = CalcPhaseInc(freq_);
 506              		.loc 1 48 9 view .LVU130
  49:../../DaisySP/Source/Synthesis/oscillator.h ****         waveform_  = WAVE_SIN;
 507              		.loc 1 49 9 view .LVU131
  46:../../DaisySP/Source/Synthesis/oscillator.h ****         amp_       = 0.5f;
 508              		.loc 1 46 20 is_stmt 0 view .LVU132
 509 0098 84ED028A 		vstr.32	s16, [r4, #8]
  47:../../DaisySP/Source/Synthesis/oscillator.h ****         phase_     = 0.0f;
 510              		.loc 1 47 20 view .LVU133
 511 009c C4F80480 		str	r8, [r4, #4]	@ float
  48:../../DaisySP/Source/Synthesis/oscillator.h ****         phase_inc_ = CalcPhaseInc(freq_);
 512              		.loc 1 48 20 view .LVU134
 513 00a0 6761     		str	r7, [r4, #20]	@ float
  49:../../DaisySP/Source/Synthesis/oscillator.h ****         waveform_  = WAVE_SIN;
 514              		.loc 1 49 34 view .LVU135
 515 00a2 FFF7FEFF 		bl	_ZN7daisysp10Oscillator12CalcPhaseIncEf
 516              	.LVL24:
 517              	.LBE119:
 518              	.LBE143:
 519              	.LBB144:
 520              	.LBB145:
 521              		.loc 1 72 19 view .LVU136
 522 00a6 0623     		movs	r3, #6
 523              	.LBE145:
 524              	.LBE144:
 525              	.LBB148:
 526              	.LBB120:
  49:../../DaisySP/Source/Synthesis/oscillator.h ****         waveform_  = WAVE_SIN;
 527              		.loc 1 49 34 view .LVU137
 528 00a8 F0EE407A 		vmov.f32	s15, s0
 529              	.LBE120:
 530              	.LBE148:
ARM GAS  /tmp/ccD4qRnb.s 			page 19


 531              	.LBB149:
 532              	.LBB150:
  61:../../DaisySP/Source/Synthesis/oscillator.h ****     }
 533              		.loc 1 61 34 view .LVU138
 534 00ac 2046     		mov	r0, r4
 535 00ae B0EE480A 		vmov.f32	s0, s16
 536              	.LBE150:
 537              	.LBE149:
 538              	.LBB154:
 539              	.LBB146:
 540              		.loc 1 72 19 view .LVU139
 541 00b2 2370     		strb	r3, [r4]
 542              	.LBE146:
 543              	.LBE154:
 544              	.LBB155:
 545              	.LBB121:
  52:../../DaisySP/Source/Synthesis/oscillator.h ****     }
 546              		.loc 1 52 20 view .LVU140
 547 00b4 A684     		strh	r6, [r4, #36]	@ movhi
 548              	.LBE121:
 549              	.LBE155:
 550              	.LBB156:
 551              	.LBB151:
  60:../../DaisySP/Source/Synthesis/oscillator.h ****         phase_inc_ = CalcPhaseInc(f);
 552              		.loc 1 60 20 view .LVU141
 553 00b6 84ED028A 		vstr.32	s16, [r4, #8]
 554              	.LBE151:
 555              	.LBE156:
 556              	.LBB157:
 557              	.LBB122:
  49:../../DaisySP/Source/Synthesis/oscillator.h ****         waveform_  = WAVE_SIN;
 558              		.loc 1 49 20 view .LVU142
 559 00ba C4ED067A 		vstr.32	s15, [r4, #24]
  50:../../DaisySP/Source/Synthesis/oscillator.h ****         eoc_       = true;
 560              		.loc 1 50 9 is_stmt 1 view .LVU143
  51:../../DaisySP/Source/Synthesis/oscillator.h ****         eor_       = true;
 561              		.loc 1 51 9 view .LVU144
  52:../../DaisySP/Source/Synthesis/oscillator.h ****     }
 562              		.loc 1 52 9 view .LVU145
 563              	.LVL25:
  52:../../DaisySP/Source/Synthesis/oscillator.h ****     }
 564              		.loc 1 52 9 is_stmt 0 view .LVU146
 565              	.LBE122:
 566              	.LBE157:
  52:moogladder.cpp ****     osc.SetWaveform(Oscillator::WAVE_POLYBLEP_SAW);
 567              		.loc 8 52 5 is_stmt 1 view .LVU147
 568              	.LBB158:
 569              	.LBI144:
  70:../../DaisySP/Source/Synthesis/oscillator.h ****     {
 570              		.loc 1 70 17 view .LVU148
 571              	.LBB147:
 572              		.loc 1 72 9 view .LVU149
 573              		.loc 1 72 9 is_stmt 0 view .LVU150
 574              	.LBE147:
 575              	.LBE158:
  53:moogladder.cpp ****     osc.SetFreq(100);
 576              		.loc 8 53 5 is_stmt 1 view .LVU151
ARM GAS  /tmp/ccD4qRnb.s 			page 20


 577              	.LBB159:
 578              	.LBI149:
  58:../../DaisySP/Source/Synthesis/oscillator.h ****     {
 579              		.loc 1 58 17 view .LVU152
 580              	.LBB152:
  60:../../DaisySP/Source/Synthesis/oscillator.h ****         phase_inc_ = CalcPhaseInc(f);
 581              		.loc 1 60 9 view .LVU153
  61:../../DaisySP/Source/Synthesis/oscillator.h ****     }
 582              		.loc 1 61 9 view .LVU154
  61:../../DaisySP/Source/Synthesis/oscillator.h ****     }
 583              		.loc 1 61 34 is_stmt 0 view .LVU155
 584 00be FFF7FEFF 		bl	_ZN7daisysp10Oscillator12CalcPhaseIncEf
 585              	.LVL26:
 586              	.LBE152:
 587              	.LBE159:
 588              	.LBB160:
 589              	.LBB161:
  67:../../DaisySP/Source/Synthesis/oscillator.h ****     /** Sets the waveform to be synthesized by the Process() function.
 590              		.loc 1 67 46 view .LVU156
 591 00c2 4FF07A53 		mov	r3, #1048576000
 592              	.LBE161:
 593              	.LBE160:
  54:moogladder.cpp ****     osc.SetAmp(0.25);
  55:moogladder.cpp **** 
  56:moogladder.cpp **** 
  57:moogladder.cpp ****     // start callback
  58:moogladder.cpp ****     seed.StartAudio(AudioCallback);
 594              		.loc 8 58 20 view .LVU157
 595 00c6 0B49     		ldr	r1, .L21+28
 596 00c8 0348     		ldr	r0, .L21
 597              	.LBB164:
 598              	.LBB162:
  67:../../DaisySP/Source/Synthesis/oscillator.h ****     /** Sets the waveform to be synthesized by the Process() function.
 599              		.loc 1 67 46 view .LVU158
 600 00ca 6360     		str	r3, [r4, #4]	@ float
 601              	.LBE162:
 602              	.LBE164:
 603              	.LBB165:
 604              	.LBB153:
  61:../../DaisySP/Source/Synthesis/oscillator.h ****     }
 605              		.loc 1 61 20 view .LVU159
 606 00cc 84ED060A 		vstr.32	s0, [r4, #24]
 607              	.LVL27:
  61:../../DaisySP/Source/Synthesis/oscillator.h ****     }
 608              		.loc 1 61 20 view .LVU160
 609              	.LBE153:
 610              	.LBE165:
  54:moogladder.cpp ****     osc.SetAmp(0.25);
 611              		.loc 8 54 5 is_stmt 1 view .LVU161
 612              	.LBB166:
 613              	.LBI160:
  67:../../DaisySP/Source/Synthesis/oscillator.h ****     /** Sets the waveform to be synthesized by the Process() function.
 614              		.loc 1 67 17 view .LVU162
 615              	.LBB163:
  67:../../DaisySP/Source/Synthesis/oscillator.h ****     /** Sets the waveform to be synthesized by the Process() function.
 616              		.loc 1 67 41 view .LVU163
  67:../../DaisySP/Source/Synthesis/oscillator.h ****     /** Sets the waveform to be synthesized by the Process() function.
ARM GAS  /tmp/ccD4qRnb.s 			page 21


 617              		.loc 1 67 41 is_stmt 0 view .LVU164
 618              	.LBE163:
 619              	.LBE166:
 620              		.loc 8 58 5 is_stmt 1 view .LVU165
 621              		.loc 8 58 20 is_stmt 0 view .LVU166
 622 00d0 FFF7FEFF 		bl	_ZN5daisy9DaisySeed10StartAudioEPFvPKfPfjE
 623              	.LVL28:
 624              	.L19:
  59:moogladder.cpp **** 
  60:moogladder.cpp **** 
  61:moogladder.cpp ****     while(1) {}
 625              		.loc 8 61 5 is_stmt 1 discriminator 1 view .LVU167
 626              		.loc 8 61 5 discriminator 1 view .LVU168
 627              		.loc 8 61 5 discriminator 1 view .LVU169
 628              		.loc 8 61 5 discriminator 1 view .LVU170
 629 00d4 FEE7     		b	.L19
 630              	.L22:
 631 00d6 00BF     		.align	2
 632              	.L21:
 633 00d8 00000000 		.word	.LANCHOR3
 634 00dc 00000000 		.word	.LANCHOR2
 635 00e0 00000000 		.word	.LANCHOR0
 636 00e4 0000C842 		.word	1120403456
 637 00e8 3333333F 		.word	1060320051
 638 00ec 00000000 		.word	.LANCHOR1
 639 00f0 CDCCCC3E 		.word	1053609165
 640 00f4 00000000 		.word	_ZL13AudioCallbackPKfPfj
 641              		.cfi_endproc
 642              	.LFE4213:
 644              		.section	.text.startup._GLOBAL__sub_I_main,"ax",%progbits
 645              		.align	1
 646              		.p2align 2,,3
 647              		.syntax unified
 648              		.thumb
 649              		.thumb_func
 650              		.fpu fpv5-d16
 652              	_GLOBAL__sub_I_main:
 653              	.LFB4759:
  62:moogladder.cpp **** }
 654              		.loc 8 62 1 view -0
 655              		.cfi_startproc
 656              		@ args = 0, pretend = 0, frame = 0
 657              		@ frame_needed = 0, uses_anonymous_args = 0
 658              	.LBB188:
 659              	.LBI188:
 660              		.loc 8 62 1 view .LVU172
 661              	.LVL29:
 662              	.LBB189:
 663              	.LBB190:
 664              	.LBI190:
  21:../../libdaisy/src/daisy_seed.h ****     ~DaisySeed() {}
 665              		.loc 3 21 5 view .LVU173
 666              	.LBB191:
 667              	.LBB192:
 668              	.LBI192:
  62:../../libdaisy/src/hid/audio.h ****     ~AudioHandle() {}
 669              		.loc 7 62 5 view .LVU174
ARM GAS  /tmp/ccD4qRnb.s 			page 22


 670              	.LBB193:
 671              	.LBB194:
  62:../../libdaisy/src/hid/audio.h ****     ~AudioHandle() {}
 672              		.loc 7 62 35 is_stmt 0 view .LVU175
 673 0000 0023     		movs	r3, #0
 674 0002 0D48     		ldr	r0, .L25
 675              	.LBE194:
 676              	.LBE193:
 677              	.LBE192:
 678              	.LBE191:
 679              	.LBE190:
   7:moogladder.cpp **** static MoogLadder flt;
 680              		.loc 8 7 19 view .LVU176
 681 0004 0D4A     		ldr	r2, .L25+4
 682 0006 0E49     		ldr	r1, .L25+8
 683              	.LBE189:
 684              	.LBE188:
 685              		.loc 8 62 1 view .LVU177
 686 0008 10B5     		push	{r4, lr}
 687              		.cfi_def_cfa_offset 8
 688              		.cfi_offset 4, -8
 689              		.cfi_offset 14, -4
 690              	.LBB211:
 691              	.LBB209:
   9:moogladder.cpp **** 
 692              		.loc 8 9 19 view .LVU178
 693 000a 0E4C     		ldr	r4, .L25+12
 694              	.LBB205:
 695              	.LBB204:
 696              	.LBB197:
 697              	.LBB196:
 698              	.LBB195:
  62:../../libdaisy/src/hid/audio.h ****     ~AudioHandle() {}
 699              		.loc 7 62 35 view .LVU179
 700 000c 4361     		str	r3, [r0, #20]
 701              	.LVL30:
  62:../../libdaisy/src/hid/audio.h ****     ~AudioHandle() {}
 702              		.loc 7 62 35 view .LVU180
 703              	.LBE195:
 704              	.LBE196:
 705              	.LBE197:
 706              	.LBB198:
 707              	.LBI198:
  84:../../libdaisy/src/per/adc.h ****     ~AdcHandle() {}
 708              		.loc 6 84 5 is_stmt 1 view .LVU181
  84:../../libdaisy/src/per/adc.h ****     ~AdcHandle() {}
 709              		.loc 6 84 5 is_stmt 0 view .LVU182
 710              	.LBE198:
 711              	.LBB199:
 712              	.LBI199:
 713              		.file 9 "../../libdaisy/src/per/dac.h"
   1:../../libdaisy/src/per/dac.h **** #pragma once
   2:../../libdaisy/src/per/dac.h **** #ifndef DSY_DAC_H
   3:../../libdaisy/src/per/dac.h **** #define DSY_DAC_H
   4:../../libdaisy/src/per/dac.h **** 
   5:../../libdaisy/src/per/dac.h **** #include "daisy_core.h"
   6:../../libdaisy/src/per/dac.h **** 
ARM GAS  /tmp/ccD4qRnb.s 			page 23


   7:../../libdaisy/src/per/dac.h **** namespace daisy
   8:../../libdaisy/src/per/dac.h **** {
   9:../../libdaisy/src/per/dac.h **** /** DAC handle for Built-in DAC Peripheral 
  10:../../libdaisy/src/per/dac.h ****  ** 
  11:../../libdaisy/src/per/dac.h ****  ** For now only Normal Mode is supported,
  12:../../libdaisy/src/per/dac.h ****  ** Sample and hold mode provides reduced power consumption, but requires a bit more setup.
  13:../../libdaisy/src/per/dac.h ****  **
  14:../../libdaisy/src/per/dac.h ****  ** For now connecting the DAC through other internal periphearls is also not supported.
  15:../../libdaisy/src/per/dac.h ****  **
  16:../../libdaisy/src/per/dac.h ****  ** Since the DAC channels have dedicated pins we don't need to pass in a pin config like with
  17:../../libdaisy/src/per/dac.h ****  ** other modules. However, it is still important to not try to use the DAC pins for anything else.
  18:../../libdaisy/src/per/dac.h ****  ** DAC Channel 1 is on PA4, and DAC Channel 2 is on PA5
  19:../../libdaisy/src/per/dac.h ****  ***/
  20:../../libdaisy/src/per/dac.h **** class DacHandle
  21:../../libdaisy/src/per/dac.h **** {
  22:../../libdaisy/src/per/dac.h ****   public:
  23:../../libdaisy/src/per/dac.h ****     /** Return Values for the DacHandle class */
  24:../../libdaisy/src/per/dac.h ****     enum class Result
  25:../../libdaisy/src/per/dac.h ****     {
  26:../../libdaisy/src/per/dac.h ****         OK,
  27:../../libdaisy/src/per/dac.h ****         ERR,
  28:../../libdaisy/src/per/dac.h ****     };
  29:../../libdaisy/src/per/dac.h **** 
  30:../../libdaisy/src/per/dac.h ****     /** Selects which channel(s) will be configured for use. */
  31:../../libdaisy/src/per/dac.h ****     enum class Channel
  32:../../libdaisy/src/per/dac.h ****     {
  33:../../libdaisy/src/per/dac.h ****         ONE,
  34:../../libdaisy/src/per/dac.h ****         TWO,
  35:../../libdaisy/src/per/dac.h ****         BOTH,
  36:../../libdaisy/src/per/dac.h ****     };
  37:../../libdaisy/src/per/dac.h **** 
  38:../../libdaisy/src/per/dac.h ****     /** Sets the Mode for the DAC channels.
  39:../../libdaisy/src/per/dac.h ****      **
  40:../../libdaisy/src/per/dac.h ****      ** Polling mode uses the blocking mode to transmit a single value at a time.
  41:../../libdaisy/src/per/dac.h ****      **
  42:../../libdaisy/src/per/dac.h ****      ** DMA mode uses a buffer, and periodically transmits it triggering a 
  43:../../libdaisy/src/per/dac.h ****      ** callback to fill the buffer when it is ready for more samples.
  44:../../libdaisy/src/per/dac.h ****      ***/
  45:../../libdaisy/src/per/dac.h ****     enum class Mode
  46:../../libdaisy/src/per/dac.h ****     {
  47:../../libdaisy/src/per/dac.h ****         POLLING,
  48:../../libdaisy/src/per/dac.h ****         DMA,
  49:../../libdaisy/src/per/dac.h ****     };
  50:../../libdaisy/src/per/dac.h **** 
  51:../../libdaisy/src/per/dac.h ****     /** Sets the number of bits per sample transmitted out of the DAC.
  52:../../libdaisy/src/per/dac.h ****      ** The output range will be: 0V - VDDA
  53:../../libdaisy/src/per/dac.h ****      ** The resolution will be roughly: bitdepth / (VDDA - 0V) 
  54:../../libdaisy/src/per/dac.h ****      ***/
  55:../../libdaisy/src/per/dac.h ****     enum class BitDepth
  56:../../libdaisy/src/per/dac.h ****     {
  57:../../libdaisy/src/per/dac.h ****         BITS_8,
  58:../../libdaisy/src/per/dac.h ****         BITS_12
  59:../../libdaisy/src/per/dac.h ****     };
  60:../../libdaisy/src/per/dac.h **** 
  61:../../libdaisy/src/per/dac.h ****     /** Sets whether the DAC output is buffered for higher drive ability. */
  62:../../libdaisy/src/per/dac.h ****     enum class BufferState
  63:../../libdaisy/src/per/dac.h ****     {
ARM GAS  /tmp/ccD4qRnb.s 			page 24


  64:../../libdaisy/src/per/dac.h ****         ENABLED,
  65:../../libdaisy/src/per/dac.h ****         DISABLED,
  66:../../libdaisy/src/per/dac.h ****     };
  67:../../libdaisy/src/per/dac.h **** 
  68:../../libdaisy/src/per/dac.h ****     /** Configuration structure for initializing the DAC structure. */
  69:../../libdaisy/src/per/dac.h ****     struct Config
  70:../../libdaisy/src/per/dac.h ****     {
  71:../../libdaisy/src/per/dac.h ****         /** Target Samplerate in Hz used to configure the internal 
  72:../../libdaisy/src/per/dac.h ****          ** timebase for DMA mode. Does nothing in POLLING mode.
  73:../../libdaisy/src/per/dac.h ****          ** If the value is 0 at Init time this will default to 48000Hz 
  74:../../libdaisy/src/per/dac.h ****          ** otherwise the driver will attempt meet the target.*/
  75:../../libdaisy/src/per/dac.h ****         uint32_t target_samplerate;
  76:../../libdaisy/src/per/dac.h **** 
  77:../../libdaisy/src/per/dac.h ****         Channel     chn;
  78:../../libdaisy/src/per/dac.h ****         Mode        mode;
  79:../../libdaisy/src/per/dac.h ****         BitDepth    bitdepth;
  80:../../libdaisy/src/per/dac.h ****         BufferState buff_state;
  81:../../libdaisy/src/per/dac.h ****     };
  82:../../libdaisy/src/per/dac.h **** 
  83:../../libdaisy/src/per/dac.h ****     DacHandle() : pimpl_(nullptr) {}
 714              		.loc 9 83 5 is_stmt 1 view .LVU183
 715              	.LBB200:
 716              	.LBB201:
 717              		.loc 9 83 33 is_stmt 0 view .LVU184
 718 000e 0362     		str	r3, [r0, #32]
 719              	.LVL31:
 720              		.loc 9 83 33 view .LVU185
 721              	.LBE201:
 722              	.LBE200:
 723              	.LBE199:
 724              	.LBB202:
 725              	.LBI202:
  40:../../libdaisy/src/hid/usb.h **** 
 726              		.loc 5 40 5 is_stmt 1 view .LVU186
  40:../../libdaisy/src/hid/usb.h **** 
 727              		.loc 5 40 5 is_stmt 0 view .LVU187
 728              	.LBE202:
 729              	.LBB203:
 730              	.LBI203:
  58:../../libdaisy/src/sys/system.h ****     ~System() {}
 731              		.loc 4 58 5 is_stmt 1 view .LVU188
  58:../../libdaisy/src/sys/system.h ****     ~System() {}
 732              		.loc 4 58 5 is_stmt 0 view .LVU189
 733              	.LBE203:
 734              	.LBE204:
 735              	.LBE205:
   7:moogladder.cpp **** static MoogLadder flt;
 736              		.loc 8 7 19 view .LVU190
 737 0010 FFF7FEFF 		bl	__aeabi_atexit
 738              	.LVL32:
 739              	.LBB206:
 740              	.LBI206:
  20:../../DaisySP/Source/Filters/moogladder.h ****     ~MoogLadder() {}
 741              		.loc 2 20 5 is_stmt 1 view .LVU191
  20:../../DaisySP/Source/Filters/moogladder.h ****     ~MoogLadder() {}
 742              		.loc 2 20 5 is_stmt 0 view .LVU192
 743              	.LBE206:
ARM GAS  /tmp/ccD4qRnb.s 			page 25


   8:moogladder.cpp **** static Oscillator osc, lfo;
 744              		.loc 8 8 19 view .LVU193
 745 0014 094A     		ldr	r2, .L25+4
 746 0016 0C49     		ldr	r1, .L25+16
 747 0018 0C48     		ldr	r0, .L25+20
 748 001a FFF7FEFF 		bl	__aeabi_atexit
 749              	.LVL33:
 750              	.LBB207:
 751              	.LBI207:
  15:../../DaisySP/Source/Synthesis/oscillator.h ****     ~Oscillator() {}
 752              		.loc 1 15 5 is_stmt 1 view .LVU194
  15:../../DaisySP/Source/Synthesis/oscillator.h ****     ~Oscillator() {}
 753              		.loc 1 15 5 is_stmt 0 view .LVU195
 754              	.LBE207:
   9:moogladder.cpp **** 
 755              		.loc 8 9 19 view .LVU196
 756 001e 2146     		mov	r1, r4
 757 0020 064A     		ldr	r2, .L25+4
 758 0022 0B48     		ldr	r0, .L25+24
 759 0024 FFF7FEFF 		bl	__aeabi_atexit
 760              	.LVL34:
 761              	.LBB208:
 762              	.LBI208:
  15:../../DaisySP/Source/Synthesis/oscillator.h ****     ~Oscillator() {}
 763              		.loc 1 15 5 is_stmt 1 view .LVU197
  15:../../DaisySP/Source/Synthesis/oscillator.h ****     ~Oscillator() {}
 764              		.loc 1 15 5 is_stmt 0 view .LVU198
 765              	.LBE208:
   9:moogladder.cpp **** 
 766              		.loc 8 9 24 view .LVU199
 767 0028 2146     		mov	r1, r4
 768 002a 044A     		ldr	r2, .L25+4
 769 002c 0948     		ldr	r0, .L25+28
 770              	.LBE209:
 771              	.LBE211:
 772              		.loc 8 62 1 view .LVU200
 773 002e BDE81040 		pop	{r4, lr}
 774              		.cfi_restore 14
 775              		.cfi_restore 4
 776              		.cfi_def_cfa_offset 0
 777              	.LBB212:
 778              	.LBB210:
   9:moogladder.cpp **** 
 779              		.loc 8 9 24 view .LVU201
 780 0032 FFF7FEBF 		b	__aeabi_atexit
 781              	.LVL35:
 782              	.L26:
 783 0036 00BF     		.align	2
 784              	.L25:
 785 0038 00000000 		.word	.LANCHOR3
 786 003c 00000000 		.word	__dso_handle
 787 0040 00000000 		.word	_ZN5daisy9DaisySeedD1Ev
 788 0044 00000000 		.word	_ZN7daisysp10OscillatorD1Ev
 789 0048 00000000 		.word	_ZN7daisysp10MoogLadderD1Ev
 790 004c 00000000 		.word	.LANCHOR2
 791 0050 00000000 		.word	.LANCHOR1
 792 0054 00000000 		.word	.LANCHOR0
ARM GAS  /tmp/ccD4qRnb.s 			page 26


 793              	.LBE210:
 794              	.LBE212:
 795              		.cfi_endproc
 796              	.LFE4759:
 798              		.section	.init_array,"aw",%init_array
 799              		.align	2
 800 0000 00000000 		.word	_GLOBAL__sub_I_main(target1)
 801              		.section	.bss._ZL3flt,"aw",%nobits
 802              		.align	2
 803              		.set	.LANCHOR2,. + 0
 806              	_ZL3flt:
 807 0000 00000000 		.space	68
 807      00000000 
 807      00000000 
 807      00000000 
 807      00000000 
 808              		.section	.bss._ZL3lfo,"aw",%nobits
 809              		.align	2
 810              		.set	.LANCHOR0,. + 0
 813              	_ZL3lfo:
 814 0000 00000000 		.space	40
 814      00000000 
 814      00000000 
 814      00000000 
 814      00000000 
 815              		.section	.bss._ZL3osc,"aw",%nobits
 816              		.align	2
 817              		.set	.LANCHOR1,. + 0
 820              	_ZL3osc:
 821 0000 00000000 		.space	40
 821      00000000 
 821      00000000 
 821      00000000 
 821      00000000 
 822              		.section	.bss._ZL4seed,"aw",%nobits
 823              		.align	2
 824              		.set	.LANCHOR3,. + 0
 827              	_ZL4seed:
 828 0000 00000000 		.space	60
 828      00000000 
 828      00000000 
 828      00000000 
 828      00000000 
 829              		.text
 830              	.Letext0:
 831              		.file 10 "/usr/lib/gcc/arm-none-eabi/9.2.1/include/stdint.h"
 832              		.file 11 "../../libdaisy/Drivers/CMSIS/Include/core_cm7.h"
 833              		.file 12 "../../libdaisy/Drivers/CMSIS/Device/ST/STM32H7xx/Include/system_stm32h7xx.h"
 834              		.file 13 "/usr/lib/gcc/arm-none-eabi/9.2.1/include/stddef.h"
 835              		.file 14 "/usr/include/newlib/c++/9.2.1/cmath"
 836              		.file 15 "/usr/include/newlib/c++/9.2.1/bits/std_abs.h"
 837              		.file 16 "/usr/include/newlib/c++/9.2.1/cstdint"
 838              		.file 17 "/usr/include/newlib/c++/9.2.1/cstdlib"
 839              		.file 18 "/usr/include/newlib/c++/9.2.1/type_traits"
 840              		.file 19 "/usr/include/newlib/c++/9.2.1/arm-none-eabi/thumb/v7e-m+dp/hard/bits/c++config.h"
 841              		.file 20 "/usr/include/newlib/c++/9.2.1/bits/stl_pair.h"
 842              		.file 21 "/usr/include/newlib/c++/9.2.1/debug/debug.h"
ARM GAS  /tmp/ccD4qRnb.s 			page 27


 843              		.file 22 "/usr/include/newlib/c++/9.2.1/cwchar"
 844              		.file 23 "/usr/include/newlib/c++/9.2.1/bits/exception_ptr.h"
 845              		.file 24 "/usr/include/newlib/c++/9.2.1/new"
 846              		.file 25 "/usr/include/newlib/c++/9.2.1/clocale"
 847              		.file 26 "/usr/include/newlib/c++/9.2.1/cstdio"
 848              		.file 27 "/usr/include/newlib/c++/9.2.1/bits/basic_string.h"
 849              		.file 28 "/usr/include/newlib/c++/9.2.1/bits/uniform_int_dist.h"
 850              		.file 29 "/usr/include/newlib/c++/9.2.1/bits/random.h"
 851              		.file 30 "/usr/include/newlib/c++/9.2.1/cstring"
 852              		.file 31 "/usr/include/newlib/c++/9.2.1/bits/algorithmfwd.h"
 853              		.file 32 "/usr/include/newlib/c++/9.2.1/cstdarg"
 854              		.file 33 "/usr/include/newlib/c++/9.2.1/bits/predefined_ops.h"
 855              		.file 34 "/usr/include/newlib/c++/9.2.1/ext/new_allocator.h"
 856              		.file 35 "/usr/include/newlib/c++/9.2.1/ext/numeric_traits.h"
 857              		.file 36 "/usr/include/newlib/sys/_types.h"
 858              		.file 37 "<built-in>"
 859              		.file 38 "/usr/include/newlib/sys/reent.h"
 860              		.file 39 "/usr/include/newlib/sys/lock.h"
 861              		.file 40 "/usr/include/newlib/math.h"
 862              		.file 41 "/usr/include/newlib/stdlib.h"
 863              		.file 42 "/usr/include/newlib/c++/9.2.1/math.h"
 864              		.file 43 "../../libdaisy/Drivers/STM32H7xx_HAL_Driver/Inc/stm32h7xx_hal_def.h"
 865              		.file 44 "../../libdaisy/Drivers/STM32H7xx_HAL_Driver/Inc/stm32h7xx_hal_flash.h"
 866              		.file 45 "../../DaisySP/Source/Control/adenv.h"
 867              		.file 46 "../../DaisySP/Source/Utility/dsp.h"
 868              		.file 47 "/usr/lib/gcc/arm-none-eabi/9.2.1/include/stdarg.h"
 869              		.file 48 "/usr/include/newlib/wchar.h"
 870              		.file 49 "/usr/include/newlib/locale.h"
 871              		.file 50 "/usr/include/newlib/ctype.h"
 872              		.file 51 "/usr/include/newlib/stdio.h"
 873              		.file 52 "/usr/include/newlib/sys/errno.h"
 874              		.file 53 "/usr/include/newlib/c++/9.2.1/stdlib.h"
 875              		.file 54 "/usr/include/newlib/string.h"
 876              		.file 55 "../../libdaisy/src/daisy_core.h"
 877              		.file 56 "../../libdaisy/src/per/tim.h"
 878              		.file 57 "../../libdaisy/src/per/sai.h"
 879              		.file 58 "../../libdaisy/src/util/wav_format.h"
 880              		.file 59 "../../libdaisy/src/per/qspi.h"
 881              		.file 60 "../../libdaisy/src/per/gpio.h"
 882              		.file 61 "../../libdaisy/src/dev/sdram.h"
 883              		.file 62 "/usr/include/newlib/sys/unistd.h"
 884              		.file 63 "../../libdaisy/src/util/oled_fonts.h"
 885              		.file 64 "../../libdaisy/Middlewares/Third_Party/FatFs/src/integer.h"
 886              		.file 65 "../../libdaisy/Middlewares/Third_Party/FatFs/src/ff.h"
 887              		.file 66 "../../libdaisy/Middlewares/Third_Party/FatFs/src/diskio.h"
 888              		.file 67 "../../libdaisy/Middlewares/Third_Party/FatFs/src/ff_gen_drv.h"
 889              		.file 68 "../../libdaisy/src/util/sd_diskio.h"
 890              		.file 69 "../../libdaisy/src/sys/fatfs.h"
 891              		.file 70 "../../libdaisy/src/dev/sr_595.h"
ARM GAS  /tmp/ccD4qRnb.s 			page 28


DEFINED SYMBOLS
                            *ABS*:0000000000000000 moogladder.cpp
     /tmp/ccD4qRnb.s:17     .text._ZN7daisysp10OscillatorD2Ev:0000000000000000 $t
     /tmp/ccD4qRnb.s:26     .text._ZN7daisysp10OscillatorD2Ev:0000000000000000 _ZN7daisysp10OscillatorD2Ev
     /tmp/ccD4qRnb.s:26     .text._ZN7daisysp10OscillatorD2Ev:0000000000000000 _ZN7daisysp10OscillatorD1Ev
     /tmp/ccD4qRnb.s:43     .text._ZN7daisysp10MoogLadderD2Ev:0000000000000000 $t
     /tmp/ccD4qRnb.s:51     .text._ZN7daisysp10MoogLadderD2Ev:0000000000000000 _ZN7daisysp10MoogLadderD2Ev
     /tmp/ccD4qRnb.s:51     .text._ZN7daisysp10MoogLadderD2Ev:0000000000000000 _ZN7daisysp10MoogLadderD1Ev
     /tmp/ccD4qRnb.s:68     .text._ZN5daisy9DaisySeedD2Ev:0000000000000000 $t
     /tmp/ccD4qRnb.s:76     .text._ZN5daisy9DaisySeedD2Ev:0000000000000000 _ZN5daisy9DaisySeedD2Ev
     /tmp/ccD4qRnb.s:76     .text._ZN5daisy9DaisySeedD2Ev:0000000000000000 _ZN5daisy9DaisySeedD1Ev
     /tmp/ccD4qRnb.s:117    .text._ZL13AudioCallbackPKfPfj:0000000000000000 $t
     /tmp/ccD4qRnb.s:124    .text._ZL13AudioCallbackPKfPfj:0000000000000000 _ZL13AudioCallbackPKfPfj
     /tmp/ccD4qRnb.s:242    .text._ZL13AudioCallbackPKfPfj:0000000000000050 $d
     /tmp/ccD4qRnb.s:250    .text.startup.main:0000000000000000 $t
     /tmp/ccD4qRnb.s:258    .text.startup.main:0000000000000000 main
     /tmp/ccD4qRnb.s:633    .text.startup.main:00000000000000d8 $d
     /tmp/ccD4qRnb.s:645    .text.startup._GLOBAL__sub_I_main:0000000000000000 $t
     /tmp/ccD4qRnb.s:652    .text.startup._GLOBAL__sub_I_main:0000000000000000 _GLOBAL__sub_I_main
     /tmp/ccD4qRnb.s:785    .text.startup._GLOBAL__sub_I_main:0000000000000038 $d
     /tmp/ccD4qRnb.s:799    .init_array:0000000000000000 $d
     /tmp/ccD4qRnb.s:802    .bss._ZL3flt:0000000000000000 $d
     /tmp/ccD4qRnb.s:806    .bss._ZL3flt:0000000000000000 _ZL3flt
     /tmp/ccD4qRnb.s:809    .bss._ZL3lfo:0000000000000000 $d
     /tmp/ccD4qRnb.s:813    .bss._ZL3lfo:0000000000000000 _ZL3lfo
     /tmp/ccD4qRnb.s:816    .bss._ZL3osc:0000000000000000 $d
     /tmp/ccD4qRnb.s:820    .bss._ZL3osc:0000000000000000 _ZL3osc
     /tmp/ccD4qRnb.s:823    .bss._ZL4seed:0000000000000000 $d
     /tmp/ccD4qRnb.s:827    .bss._ZL4seed:0000000000000000 _ZL4seed
                           .group:0000000000000000 _ZN7daisysp10OscillatorD5Ev
                           .group:0000000000000000 _ZN7daisysp10MoogLadderD5Ev
                           .group:0000000000000000 _ZN5daisy9DaisySeedD5Ev

UNDEFINED SYMBOLS
_ZN7daisysp10Oscillator7ProcessEv
_ZN7daisysp10MoogLadder7ProcessEf
_ZN5daisy9DaisySeed9ConfigureEv
_ZN5daisy9DaisySeed4InitEb
_ZN5daisy9DaisySeed15AudioSampleRateEv
_ZN7daisysp10MoogLadder4InitEf
_ZN7daisysp10Oscillator12CalcPhaseIncEf
_ZN5daisy9DaisySeed10StartAudioEPFvPKfPfjE
__aeabi_atexit
__dso_handle
