ARM GAS  /tmp/ccdEs47H.s 			page 1


   1              		.cpu cortex-m7
   2              		.eabi_attribute 28, 1
   3              		.eabi_attribute 20, 1
   4              		.eabi_attribute 21, 1
   5              		.eabi_attribute 23, 3
   6              		.eabi_attribute 24, 1
   7              		.eabi_attribute 25, 1
   8              		.eabi_attribute 26, 1
   9              		.eabi_attribute 30, 2
  10              		.eabi_attribute 34, 1
  11              		.eabi_attribute 18, 4
  12              		.file	"grainlet.cpp"
  13              		.text
  14              	.Ltext0:
  15              		.cfi_sections	.debug_frame
  16              		.section	.text._ZN5daisy9DaisySeedD2Ev,"axG",%progbits,_ZN5daisy9DaisySeedD5Ev,comdat
  17              		.align	1
  18              		.p2align 2,,3
  19              		.weak	_ZN5daisy9DaisySeedD2Ev
  20              		.arch armv7e-m
  21              		.syntax unified
  22              		.thumb
  23              		.thumb_func
  24              		.fpu fpv5-d16
  26              	_ZN5daisy9DaisySeedD2Ev:
  27              	.LVL0:
  28              	.LFB2037:
  29              		.file 1 "../../libdaisy/src/daisy_seed.h"
   1:../../libdaisy/src/daisy_seed.h **** #pragma once
   2:../../libdaisy/src/daisy_seed.h **** #ifndef DSY_SEED_H
   3:../../libdaisy/src/daisy_seed.h **** #define DSY_SEED_H
   4:../../libdaisy/src/daisy_seed.h **** 
   5:../../libdaisy/src/daisy_seed.h **** #include "daisy.h"
   6:../../libdaisy/src/daisy_seed.h **** 
   7:../../libdaisy/src/daisy_seed.h **** //Uncomment this out if you're still using the rev2 hardware
   8:../../libdaisy/src/daisy_seed.h **** //#define SEED_REV2
   9:../../libdaisy/src/daisy_seed.h **** 
  10:../../libdaisy/src/daisy_seed.h **** namespace daisy
  11:../../libdaisy/src/daisy_seed.h **** {
  12:../../libdaisy/src/daisy_seed.h **** /**
  13:../../libdaisy/src/daisy_seed.h ****    @brief This is the higher-level interface for the Daisy board. \n 
  14:../../libdaisy/src/daisy_seed.h ****     All basic peripheral configuration/initialization is setup here. \n
  15:../../libdaisy/src/daisy_seed.h **** 
  16:../../libdaisy/src/daisy_seed.h ****    @ingroup boards
  17:../../libdaisy/src/daisy_seed.h **** */
  18:../../libdaisy/src/daisy_seed.h **** class DaisySeed
  19:../../libdaisy/src/daisy_seed.h **** {
  20:../../libdaisy/src/daisy_seed.h ****   public:
  21:../../libdaisy/src/daisy_seed.h ****     DaisySeed() {}
  22:../../libdaisy/src/daisy_seed.h ****     ~DaisySeed() {}
  30              		.loc 1 22 5 view -0
  31              		.cfi_startproc
  32              		@ args = 0, pretend = 0, frame = 0
  33              		@ frame_needed = 0, uses_anonymous_args = 0
  34              		@ link register save eliminated.
  35              	.LBB75:
  36              	.LBI75:
ARM GAS  /tmp/ccdEs47H.s 			page 2


  37              		.file 2 "../../libdaisy/src/sys/system.h"
   1:../../libdaisy/src/sys/system.h **** #ifndef DSY_SYSTEM_H
   2:../../libdaisy/src/sys/system.h **** #define DSY_SYSTEM_H
   3:../../libdaisy/src/sys/system.h **** 
   4:../../libdaisy/src/sys/system.h **** #ifndef UNIT_TEST // for unit tests, a dummy implementation is provided below
   5:../../libdaisy/src/sys/system.h **** 
   6:../../libdaisy/src/sys/system.h **** #include <cstdint>
   7:../../libdaisy/src/sys/system.h **** #include "per/tim.h"
   8:../../libdaisy/src/sys/system.h **** 
   9:../../libdaisy/src/sys/system.h **** namespace daisy
  10:../../libdaisy/src/sys/system.h **** {
  11:../../libdaisy/src/sys/system.h **** /** A handle for interacting with the Core System. 
  12:../../libdaisy/src/sys/system.h ****  ** This includes the Clock tree, MPU, global DMA initialization,
  13:../../libdaisy/src/sys/system.h ****  ** cache handling, and any other necessary global initiailzation
  14:../../libdaisy/src/sys/system.h ****  **
  15:../../libdaisy/src/sys/system.h ****  ** @author shensley
  16:../../libdaisy/src/sys/system.h ****  ** @addtogroup system
  17:../../libdaisy/src/sys/system.h ****  */
  18:../../libdaisy/src/sys/system.h **** class System
  19:../../libdaisy/src/sys/system.h **** {
  20:../../libdaisy/src/sys/system.h ****   public:
  21:../../libdaisy/src/sys/system.h ****     /** Contains settings for initializing the System */
  22:../../libdaisy/src/sys/system.h ****     struct Config
  23:../../libdaisy/src/sys/system.h ****     {
  24:../../libdaisy/src/sys/system.h ****         /** Specifies the system clock frequency that feeds APB/AHB clocks, etc. */
  25:../../libdaisy/src/sys/system.h ****         enum class SysClkFreq
  26:../../libdaisy/src/sys/system.h ****         {
  27:../../libdaisy/src/sys/system.h ****             FREQ_400MHZ,
  28:../../libdaisy/src/sys/system.h ****             FREQ_480MHZ,
  29:../../libdaisy/src/sys/system.h ****         };
  30:../../libdaisy/src/sys/system.h **** 
  31:../../libdaisy/src/sys/system.h ****         /** Method to call on the struct to set to defaults
  32:../../libdaisy/src/sys/system.h ****          ** CPU Freq set to 400MHz
  33:../../libdaisy/src/sys/system.h ****          ** Cache Enabled 
  34:../../libdaisy/src/sys/system.h ****          ** */
  35:../../libdaisy/src/sys/system.h ****         void Defaults()
  36:../../libdaisy/src/sys/system.h ****         {
  37:../../libdaisy/src/sys/system.h ****             cpu_freq   = SysClkFreq::FREQ_400MHZ;
  38:../../libdaisy/src/sys/system.h ****             use_dcache = true;
  39:../../libdaisy/src/sys/system.h ****             use_icache = true;
  40:../../libdaisy/src/sys/system.h ****         }
  41:../../libdaisy/src/sys/system.h **** 
  42:../../libdaisy/src/sys/system.h ****         /** Method to call on the struct to set to boost mode:
  43:../../libdaisy/src/sys/system.h ****          ** CPU Freq set to 480MHz
  44:../../libdaisy/src/sys/system.h ****          ** Cache Enabled 
  45:../../libdaisy/src/sys/system.h ****          ** */
  46:../../libdaisy/src/sys/system.h ****         void Boost()
  47:../../libdaisy/src/sys/system.h ****         {
  48:../../libdaisy/src/sys/system.h ****             cpu_freq   = SysClkFreq::FREQ_480MHZ;
  49:../../libdaisy/src/sys/system.h ****             use_dcache = true;
  50:../../libdaisy/src/sys/system.h ****             use_icache = true;
  51:../../libdaisy/src/sys/system.h ****         }
  52:../../libdaisy/src/sys/system.h **** 
  53:../../libdaisy/src/sys/system.h ****         SysClkFreq cpu_freq;
  54:../../libdaisy/src/sys/system.h ****         bool       use_dcache;
  55:../../libdaisy/src/sys/system.h ****         bool       use_icache;
  56:../../libdaisy/src/sys/system.h ****     };
ARM GAS  /tmp/ccdEs47H.s 			page 3


  57:../../libdaisy/src/sys/system.h **** 
  58:../../libdaisy/src/sys/system.h ****     System() {}
  59:../../libdaisy/src/sys/system.h ****     ~System() {}
  38              		.loc 2 59 5 view .LVU1
  39              		.loc 2 59 5 is_stmt 0 view .LVU2
  40              	.LBE75:
  41              	.LBB76:
  42              	.LBI76:
  43              		.file 3 "../../libdaisy/src/hid/usb.h"
   1:../../libdaisy/src/hid/usb.h **** #pragma once
   2:../../libdaisy/src/hid/usb.h **** #ifndef DSY_HID_USB_H
   3:../../libdaisy/src/hid/usb.h **** #define DSY_HID_USB_H
   4:../../libdaisy/src/hid/usb.h **** #include <stdint.h>
   5:../../libdaisy/src/hid/usb.h **** #include <stdlib.h>
   6:../../libdaisy/src/hid/usb.h **** 
   7:../../libdaisy/src/hid/usb.h **** namespace daisy
   8:../../libdaisy/src/hid/usb.h **** /** @addtogroup externals
   9:../../libdaisy/src/hid/usb.h ****     @{
  10:../../libdaisy/src/hid/usb.h **** */
  11:../../libdaisy/src/hid/usb.h **** 
  12:../../libdaisy/src/hid/usb.h **** {
  13:../../libdaisy/src/hid/usb.h **** /** 
  14:../../libdaisy/src/hid/usb.h ****     @brief Interface for initializing and using the USB Peripherals on the daisy
  15:../../libdaisy/src/hid/usb.h ****     @author Stephen Hensley
  16:../../libdaisy/src/hid/usb.h ****     @date December 2019
  17:../../libdaisy/src/hid/usb.h **** */
  18:../../libdaisy/src/hid/usb.h **** class UsbHandle
  19:../../libdaisy/src/hid/usb.h **** {
  20:../../libdaisy/src/hid/usb.h ****   public:
  21:../../libdaisy/src/hid/usb.h ****     /** Return values for USBHandle Functions */
  22:../../libdaisy/src/hid/usb.h ****     enum class Result
  23:../../libdaisy/src/hid/usb.h ****     {
  24:../../libdaisy/src/hid/usb.h ****         OK,
  25:../../libdaisy/src/hid/usb.h ****         ERR,
  26:../../libdaisy/src/hid/usb.h ****     };
  27:../../libdaisy/src/hid/usb.h **** 
  28:../../libdaisy/src/hid/usb.h ****     /** Specified which of the two USB Peripherals to initialize. */
  29:../../libdaisy/src/hid/usb.h ****     enum UsbPeriph
  30:../../libdaisy/src/hid/usb.h ****     {
  31:../../libdaisy/src/hid/usb.h ****         FS_INTERNAL, /**< Internal pin */
  32:../../libdaisy/src/hid/usb.h ****         FS_EXTERNAL, /**< FS External D+ pin is Pin 38 (GPIO32). FS External D- pin is Pin 37 (GPIO
  33:../../libdaisy/src/hid/usb.h ****         FS_BOTH,     /**< Both */
  34:../../libdaisy/src/hid/usb.h ****     };
  35:../../libdaisy/src/hid/usb.h **** 
  36:../../libdaisy/src/hid/usb.h **** 
  37:../../libdaisy/src/hid/usb.h ****     /** Function called upon reception of a buffer */
  38:../../libdaisy/src/hid/usb.h ****     typedef void (*ReceiveCallback)(uint8_t* buff, uint32_t* len);
  39:../../libdaisy/src/hid/usb.h **** 
  40:../../libdaisy/src/hid/usb.h ****     UsbHandle() {}
  41:../../libdaisy/src/hid/usb.h **** 
  42:../../libdaisy/src/hid/usb.h ****     ~UsbHandle() {}
  44              		.loc 3 42 5 is_stmt 1 view .LVU3
  45              		.loc 3 42 5 is_stmt 0 view .LVU4
  46              	.LBE76:
  47              	.LBB77:
  48              	.LBI77:
  49              		.file 4 "../../libdaisy/src/per/adc.h"
ARM GAS  /tmp/ccdEs47H.s 			page 4


   1:../../libdaisy/src/per/adc.h **** #pragma once
   2:../../libdaisy/src/per/adc.h **** #ifndef DSY_ADC_H
   3:../../libdaisy/src/per/adc.h **** #define DSY_ADC_H /**< Macro */
   4:../../libdaisy/src/per/adc.h **** #include <stdint.h>
   5:../../libdaisy/src/per/adc.h **** #include <stdlib.h>
   6:../../libdaisy/src/per/adc.h **** #include "daisy_core.h"
   7:../../libdaisy/src/per/adc.h **** #include "per/gpio.h"
   8:../../libdaisy/src/per/adc.h **** 
   9:../../libdaisy/src/per/adc.h **** #define DSY_ADC_MAX_CHANNELS 14 /**< Maximum number of ADC channels */
  10:../../libdaisy/src/per/adc.h **** 
  11:../../libdaisy/src/per/adc.h **** namespace daisy
  12:../../libdaisy/src/per/adc.h **** {
  13:../../libdaisy/src/per/adc.h **** /** @addtogroup analog_digital_conversion
  14:../../libdaisy/src/per/adc.h ****     @{
  15:../../libdaisy/src/per/adc.h **** */
  16:../../libdaisy/src/per/adc.h **** 
  17:../../libdaisy/src/per/adc.h **** /* While there may not be many configuration options here,
  18:../../libdaisy/src/per/adc.h **** using a struct like this allows us to add more configuration
  19:../../libdaisy/src/per/adc.h **** later without breaking existing functionality.
  20:../../libdaisy/src/per/adc.h **** */
  21:../../libdaisy/src/per/adc.h **** 
  22:../../libdaisy/src/per/adc.h **** /** Configuration Structure for a given channel */
  23:../../libdaisy/src/per/adc.h **** struct AdcChannelConfig
  24:../../libdaisy/src/per/adc.h **** {
  25:../../libdaisy/src/per/adc.h ****     /** Which pin to use for multiplexing */
  26:../../libdaisy/src/per/adc.h ****     enum MuxPin
  27:../../libdaisy/src/per/adc.h ****     {
  28:../../libdaisy/src/per/adc.h ****         MUX_SEL_0,    /**< & */
  29:../../libdaisy/src/per/adc.h ****         MUX_SEL_1,    /**< & */
  30:../../libdaisy/src/per/adc.h ****         MUX_SEL_2,    /**< & */
  31:../../libdaisy/src/per/adc.h ****         MUX_SEL_LAST, /**< & */
  32:../../libdaisy/src/per/adc.h ****     };
  33:../../libdaisy/src/per/adc.h **** 
  34:../../libdaisy/src/per/adc.h ****     /** Initializes a single ADC pin as an ADC. 
  35:../../libdaisy/src/per/adc.h ****     \param pin Pin to init.
  36:../../libdaisy/src/per/adc.h ****      */
  37:../../libdaisy/src/per/adc.h ****     void InitSingle(dsy_gpio_pin pin);
  38:../../libdaisy/src/per/adc.h **** 
  39:../../libdaisy/src/per/adc.h ****     /** 
  40:../../libdaisy/src/per/adc.h ****     Initializes a single ADC pin as a Multiplexed ADC.
  41:../../libdaisy/src/per/adc.h ****     Requires a CD405X Multiplexer connected to the pin.
  42:../../libdaisy/src/per/adc.h ****     You only need to supply the mux pins that are required,
  43:../../libdaisy/src/per/adc.h ****     e.g. a 4052 mux would only require mux_0 and mux_1.
  44:../../libdaisy/src/per/adc.h ****     Internal Callbacks handle the pin addressing.
  45:../../libdaisy/src/per/adc.h ****     \param mux_channels must be 1-8
  46:../../libdaisy/src/per/adc.h ****     \param mux_0 First mux pin
  47:../../libdaisy/src/per/adc.h ****     \param mux_1 Second mux pin
  48:../../libdaisy/src/per/adc.h ****     \param mux_2 Third mux pin
  49:../../libdaisy/src/per/adc.h ****     \param adc_pin &
  50:../../libdaisy/src/per/adc.h ****     */
  51:../../libdaisy/src/per/adc.h ****     void InitMux(dsy_gpio_pin adc_pin,
  52:../../libdaisy/src/per/adc.h ****                  size_t       mux_channels,
  53:../../libdaisy/src/per/adc.h ****                  dsy_gpio_pin mux_0,
  54:../../libdaisy/src/per/adc.h ****                  dsy_gpio_pin mux_1 = {DSY_GPIOX, 0},
  55:../../libdaisy/src/per/adc.h ****                  dsy_gpio_pin mux_2 = {DSY_GPIOX, 0});
  56:../../libdaisy/src/per/adc.h **** 
  57:../../libdaisy/src/per/adc.h ****     dsy_gpio pin_;                   /**< & */
ARM GAS  /tmp/ccdEs47H.s 			page 5


  58:../../libdaisy/src/per/adc.h ****     dsy_gpio mux_pin_[MUX_SEL_LAST]; /**< & */
  59:../../libdaisy/src/per/adc.h ****     uint8_t  mux_channels_;          /**< & */
  60:../../libdaisy/src/per/adc.h **** };
  61:../../libdaisy/src/per/adc.h **** 
  62:../../libdaisy/src/per/adc.h **** /**
  63:../../libdaisy/src/per/adc.h ****    Handler for analog to digital conversion
  64:../../libdaisy/src/per/adc.h **** */
  65:../../libdaisy/src/per/adc.h **** class AdcHandle
  66:../../libdaisy/src/per/adc.h **** {
  67:../../libdaisy/src/per/adc.h ****   public:
  68:../../libdaisy/src/per/adc.h ****     /** Supported oversampling amounts */
  69:../../libdaisy/src/per/adc.h ****     enum OverSampling
  70:../../libdaisy/src/per/adc.h ****     {
  71:../../libdaisy/src/per/adc.h ****         OVS_NONE, /**< & */
  72:../../libdaisy/src/per/adc.h ****         OVS_4,    /**< & */
  73:../../libdaisy/src/per/adc.h ****         OVS_8,    /**< & */
  74:../../libdaisy/src/per/adc.h ****         OVS_16,   /**< & */
  75:../../libdaisy/src/per/adc.h ****         OVS_32,   /**< & */
  76:../../libdaisy/src/per/adc.h ****         OVS_64,   /**< & */
  77:../../libdaisy/src/per/adc.h ****         OVS_128,  /**< & */
  78:../../libdaisy/src/per/adc.h ****         OVS_256,  /**< & */
  79:../../libdaisy/src/per/adc.h ****         OVS_512,  /**< & */
  80:../../libdaisy/src/per/adc.h ****         OVS_1024, /**< & */
  81:../../libdaisy/src/per/adc.h ****         OVS_LAST, /**< & */
  82:../../libdaisy/src/per/adc.h ****     };
  83:../../libdaisy/src/per/adc.h **** 
  84:../../libdaisy/src/per/adc.h ****     AdcHandle() {}
  85:../../libdaisy/src/per/adc.h ****     ~AdcHandle() {}
  50              		.loc 4 85 5 is_stmt 1 view .LVU5
  51              		.loc 4 85 5 is_stmt 0 view .LVU6
  52              	.LBE77:
  53              	.LBB78:
  54              	.LBI78:
  55              		.file 5 "../../libdaisy/src/hid/audio.h"
   1:../../libdaisy/src/hid/audio.h **** #ifndef DSY_AUDIO_H
   2:../../libdaisy/src/hid/audio.h **** #define DSY_AUDIO_H /**< & */
   3:../../libdaisy/src/hid/audio.h **** 
   4:../../libdaisy/src/hid/audio.h **** #include "per/sai.h"
   5:../../libdaisy/src/hid/audio.h **** 
   6:../../libdaisy/src/hid/audio.h **** namespace daisy
   7:../../libdaisy/src/hid/audio.h **** {
   8:../../libdaisy/src/hid/audio.h **** class AudioHandle
   9:../../libdaisy/src/hid/audio.h **** {
  10:../../libdaisy/src/hid/audio.h ****   public:
  11:../../libdaisy/src/hid/audio.h ****     /** Manually configurable details about the Audio Engine */
  12:../../libdaisy/src/hid/audio.h ****     /** TODO: Figure out how to get samplerate in here. */
  13:../../libdaisy/src/hid/audio.h ****     struct Config
  14:../../libdaisy/src/hid/audio.h ****     {
  15:../../libdaisy/src/hid/audio.h ****         size_t                        blocksize;
  16:../../libdaisy/src/hid/audio.h ****         SaiHandle::Config::SampleRate samplerate;
  17:../../libdaisy/src/hid/audio.h ****         float                         postgain;
  18:../../libdaisy/src/hid/audio.h ****     };
  19:../../libdaisy/src/hid/audio.h **** 
  20:../../libdaisy/src/hid/audio.h ****     enum class Result
  21:../../libdaisy/src/hid/audio.h ****     {
  22:../../libdaisy/src/hid/audio.h ****         OK,
  23:../../libdaisy/src/hid/audio.h ****         ERR,
ARM GAS  /tmp/ccdEs47H.s 			page 6


  24:../../libdaisy/src/hid/audio.h ****     };
  25:../../libdaisy/src/hid/audio.h **** 
  26:../../libdaisy/src/hid/audio.h ****     /** Non-Interleaving input buffer
  27:../../libdaisy/src/hid/audio.h ****      * Buffer arranged by float[chn][sample] 
  28:../../libdaisy/src/hid/audio.h ****      * const so that the user can't modify the input
  29:../../libdaisy/src/hid/audio.h ****     */
  30:../../libdaisy/src/hid/audio.h ****     typedef const float* const* InputBuffer;
  31:../../libdaisy/src/hid/audio.h **** 
  32:../../libdaisy/src/hid/audio.h ****     /** Non-Interleaving output buffer
  33:../../libdaisy/src/hid/audio.h ****      * Arranged by float[chn][sample] 
  34:../../libdaisy/src/hid/audio.h ****     */
  35:../../libdaisy/src/hid/audio.h ****     typedef float** OutputBuffer;
  36:../../libdaisy/src/hid/audio.h **** 
  37:../../libdaisy/src/hid/audio.h ****     /** Type for a Non-Interleaving audio callback 
  38:../../libdaisy/src/hid/audio.h ****    * Non-Interleaving audio callbacks in daisy will be of this type
  39:../../libdaisy/src/hid/audio.h ****   */
  40:../../libdaisy/src/hid/audio.h ****     typedef void (*AudioCallback)(InputBuffer  in,
  41:../../libdaisy/src/hid/audio.h ****                                   OutputBuffer out,
  42:../../libdaisy/src/hid/audio.h ****                                   size_t       size);
  43:../../libdaisy/src/hid/audio.h **** 
  44:../../libdaisy/src/hid/audio.h ****     /** Interleaving Input buffer
  45:../../libdaisy/src/hid/audio.h ****      ** audio is prepared as { L0, R0, L1, R1, . . . LN, RN }]
  46:../../libdaisy/src/hid/audio.h ****      ** this is const, as the user shouldn't modify it
  47:../../libdaisy/src/hid/audio.h ****     */
  48:../../libdaisy/src/hid/audio.h ****     typedef const float* InterleavingInputBuffer;
  49:../../libdaisy/src/hid/audio.h **** 
  50:../../libdaisy/src/hid/audio.h ****     /** Interleaving Output buffer 
  51:../../libdaisy/src/hid/audio.h ****      ** audio is prepared as { L0, R0, L1, R1, . . . LN, RN }
  52:../../libdaisy/src/hid/audio.h ****     */
  53:../../libdaisy/src/hid/audio.h ****     typedef float* InterleavingOutputBuffer;
  54:../../libdaisy/src/hid/audio.h **** 
  55:../../libdaisy/src/hid/audio.h ****     /** Interleaving Audio Callback 
  56:../../libdaisy/src/hid/audio.h ****    * Interleaving audio callbacks in daisy must be of this type
  57:../../libdaisy/src/hid/audio.h ****   */
  58:../../libdaisy/src/hid/audio.h ****     typedef void (*InterleavingAudioCallback)(InterleavingInputBuffer  in,
  59:../../libdaisy/src/hid/audio.h ****                                               InterleavingOutputBuffer out,
  60:../../libdaisy/src/hid/audio.h ****                                               size_t                   size);
  61:../../libdaisy/src/hid/audio.h **** 
  62:../../libdaisy/src/hid/audio.h ****     AudioHandle() : pimpl_(nullptr) {}
  63:../../libdaisy/src/hid/audio.h ****     ~AudioHandle() {}
  56              		.loc 5 63 5 is_stmt 1 view .LVU7
  57              		.loc 5 63 5 is_stmt 0 view .LVU8
  58              	.LBE78:
  59              		.loc 1 22 19 view .LVU9
  60 0000 7047     		bx	lr
  61              		.cfi_endproc
  62              	.LFE2037:
  64              		.weak	_ZN5daisy9DaisySeedD1Ev
  65              		.thumb_set _ZN5daisy9DaisySeedD1Ev,_ZN5daisy9DaisySeedD2Ev
  66 0002 00BF     		.section	.text._ZN7daisysp10OscillatorD2Ev,"axG",%progbits,_ZN7daisysp10OscillatorD5Ev,comdat
  67              		.align	1
  68              		.p2align 2,,3
  69              		.weak	_ZN7daisysp10OscillatorD2Ev
  70              		.syntax unified
  71              		.thumb
  72              		.thumb_func
  73              		.fpu fpv5-d16
ARM GAS  /tmp/ccdEs47H.s 			page 7


  75              	_ZN7daisysp10OscillatorD2Ev:
  76              	.LVL1:
  77              	.LFB3674:
  78              		.file 6 "../../DaisySP/Source/Synthesis/oscillator.h"
   1:../../DaisySP/Source/Synthesis/oscillator.h **** #pragma once
   2:../../DaisySP/Source/Synthesis/oscillator.h **** #ifndef DSY_OSCILLATOR_H
   3:../../DaisySP/Source/Synthesis/oscillator.h **** #define DSY_OSCILLATOR_H
   4:../../DaisySP/Source/Synthesis/oscillator.h **** #include <stdint.h>
   5:../../DaisySP/Source/Synthesis/oscillator.h **** #include "Utility/dsp.h"
   6:../../DaisySP/Source/Synthesis/oscillator.h **** #ifdef __cplusplus
   7:../../DaisySP/Source/Synthesis/oscillator.h **** 
   8:../../DaisySP/Source/Synthesis/oscillator.h **** namespace daisysp
   9:../../DaisySP/Source/Synthesis/oscillator.h **** {
  10:../../DaisySP/Source/Synthesis/oscillator.h **** /** Synthesis of several waveforms, including polyBLEP bandlimited waveforms.
  11:../../DaisySP/Source/Synthesis/oscillator.h **** */
  12:../../DaisySP/Source/Synthesis/oscillator.h **** class Oscillator
  13:../../DaisySP/Source/Synthesis/oscillator.h **** {
  14:../../DaisySP/Source/Synthesis/oscillator.h ****   public:
  15:../../DaisySP/Source/Synthesis/oscillator.h ****     Oscillator() {}
  16:../../DaisySP/Source/Synthesis/oscillator.h ****     ~Oscillator() {}
  79              		.loc 6 16 5 is_stmt 1 view -0
  80              		.cfi_startproc
  81              		@ args = 0, pretend = 0, frame = 0
  82              		@ frame_needed = 0, uses_anonymous_args = 0
  83              		@ link register save eliminated.
  84              		.loc 6 16 20 is_stmt 0 view .LVU11
  85 0000 7047     		bx	lr
  86              		.cfi_endproc
  87              	.LFE3674:
  89              		.weak	_ZN7daisysp10OscillatorD1Ev
  90              		.thumb_set _ZN7daisysp10OscillatorD1Ev,_ZN7daisysp10OscillatorD2Ev
  91 0002 00BF     		.section	.text._ZN7daisysp18GrainletOscillatorD2Ev,"axG",%progbits,_ZN7daisysp18GrainletOscillator
  92              		.align	1
  93              		.p2align 2,,3
  94              		.weak	_ZN7daisysp18GrainletOscillatorD2Ev
  95              		.syntax unified
  96              		.thumb
  97              		.thumb_func
  98              		.fpu fpv5-d16
 100              	_ZN7daisysp18GrainletOscillatorD2Ev:
 101              	.LVL2:
 102              	.LFB4027:
 103              		.file 7 "../../DaisySP/Source/Noise/grainlet.h"
   1:../../DaisySP/Source/Noise/grainlet.h **** #pragma once
   2:../../DaisySP/Source/Noise/grainlet.h **** #ifndef DSY_GRAINLET_H
   3:../../DaisySP/Source/Noise/grainlet.h **** #define DSY_GRAINLET_H
   4:../../DaisySP/Source/Noise/grainlet.h **** 
   5:../../DaisySP/Source/Noise/grainlet.h **** #include <stdint.h>
   6:../../DaisySP/Source/Noise/grainlet.h **** #ifdef __cplusplus
   7:../../DaisySP/Source/Noise/grainlet.h **** 
   8:../../DaisySP/Source/Noise/grainlet.h **** /** @file grainlet.h */
   9:../../DaisySP/Source/Noise/grainlet.h **** namespace daisysp
  10:../../DaisySP/Source/Noise/grainlet.h **** {
  11:../../DaisySP/Source/Noise/grainlet.h **** /**  
  12:../../DaisySP/Source/Noise/grainlet.h ****        @brief Granular Oscillator Module. 
  13:../../DaisySP/Source/Noise/grainlet.h ****        @author Ben Sergentanis
  14:../../DaisySP/Source/Noise/grainlet.h ****        @date Dec 2020 
ARM GAS  /tmp/ccdEs47H.s 			page 8


  15:../../DaisySP/Source/Noise/grainlet.h ****        A phase-distorted single cycle sine * another continuously running sine, \n
  16:../../DaisySP/Source/Noise/grainlet.h ****        the whole thing synced to a main oscillator. \n \n
  17:../../DaisySP/Source/Noise/grainlet.h ****        Ported from pichenettes/eurorack/plaits/dsp/oscillator/grainlet_oscillator.h \n 
  18:../../DaisySP/Source/Noise/grainlet.h ****        to an independent module. \n
  19:../../DaisySP/Source/Noise/grainlet.h ****        Original code written by Emilie Gillet in 2016. \n
  20:../../DaisySP/Source/Noise/grainlet.h **** */
  21:../../DaisySP/Source/Noise/grainlet.h **** 
  22:../../DaisySP/Source/Noise/grainlet.h **** class GrainletOscillator
  23:../../DaisySP/Source/Noise/grainlet.h **** {
  24:../../DaisySP/Source/Noise/grainlet.h ****   public:
  25:../../DaisySP/Source/Noise/grainlet.h ****     GrainletOscillator() {}
  26:../../DaisySP/Source/Noise/grainlet.h ****     ~GrainletOscillator() {}
 104              		.loc 7 26 5 is_stmt 1 view -0
 105              		.cfi_startproc
 106              		@ args = 0, pretend = 0, frame = 0
 107              		@ frame_needed = 0, uses_anonymous_args = 0
 108              		@ link register save eliminated.
 109              		.loc 7 26 28 is_stmt 0 view .LVU13
 110 0000 7047     		bx	lr
 111              		.cfi_endproc
 112              	.LFE4027:
 114              		.weak	_ZN7daisysp18GrainletOscillatorD1Ev
 115              		.thumb_set _ZN7daisysp18GrainletOscillatorD1Ev,_ZN7daisysp18GrainletOscillatorD2Ev
 116 0002 00BF     		.section	.text._ZN7daisysp5MetroD2Ev,"axG",%progbits,_ZN7daisysp5MetroD5Ev,comdat
 117              		.align	1
 118              		.p2align 2,,3
 119              		.weak	_ZN7daisysp5MetroD2Ev
 120              		.syntax unified
 121              		.thumb
 122              		.thumb_func
 123              		.fpu fpv5-d16
 125              	_ZN7daisysp5MetroD2Ev:
 126              	.LVL3:
 127              	.LFB4183:
 128              		.file 8 "../../DaisySP/Source/Utility/metro.h"
   1:../../DaisySP/Source/Utility/metro.h **** #pragma once
   2:../../DaisySP/Source/Utility/metro.h **** #ifndef DSY_METRO_H
   3:../../DaisySP/Source/Utility/metro.h **** #define DSY_METRO_H
   4:../../DaisySP/Source/Utility/metro.h **** #include <stdint.h>
   5:../../DaisySP/Source/Utility/metro.h **** #ifdef __cplusplus
   6:../../DaisySP/Source/Utility/metro.h **** 
   7:../../DaisySP/Source/Utility/metro.h **** namespace daisysp
   8:../../DaisySP/Source/Utility/metro.h **** {
   9:../../DaisySP/Source/Utility/metro.h **** /** Creates a clock signal at a specific frequency.
  10:../../DaisySP/Source/Utility/metro.h **** */
  11:../../DaisySP/Source/Utility/metro.h **** class Metro
  12:../../DaisySP/Source/Utility/metro.h **** {
  13:../../DaisySP/Source/Utility/metro.h ****   public:
  14:../../DaisySP/Source/Utility/metro.h ****     Metro() {}
  15:../../DaisySP/Source/Utility/metro.h ****     ~Metro() {}
 129              		.loc 8 15 5 is_stmt 1 view -0
 130              		.cfi_startproc
 131              		@ args = 0, pretend = 0, frame = 0
 132              		@ frame_needed = 0, uses_anonymous_args = 0
 133              		@ link register save eliminated.
 134              		.loc 8 15 15 is_stmt 0 view .LVU15
 135 0000 7047     		bx	lr
ARM GAS  /tmp/ccdEs47H.s 			page 9


 136              		.cfi_endproc
 137              	.LFE4183:
 139              		.weak	_ZN7daisysp5MetroD1Ev
 140              		.thumb_set _ZN7daisysp5MetroD1Ev,_ZN7daisysp5MetroD2Ev
 141 0002 00BF     		.section	.text._ZL13AudioCallbackPKfPfj,"ax",%progbits
 142              		.align	1
 143              		.p2align 2,,3
 144              		.syntax unified
 145              		.thumb
 146              		.thumb_func
 147              		.fpu fpv5-d16
 149              	_ZL13AudioCallbackPKfPfj:
 150              	.LVL4:
 151              	.LFB4212:
 152              		.file 9 "grainlet.cpp"
   1:grainlet.cpp  **** #include "daisy_seed.h"
   2:grainlet.cpp  **** #include "daisysp.h"
   3:grainlet.cpp  **** 
   4:grainlet.cpp  **** using namespace daisy;
   5:grainlet.cpp  **** using namespace daisysp;
   6:grainlet.cpp  **** 
   7:grainlet.cpp  **** DaisySeed          hw;
   8:grainlet.cpp  **** GrainletOscillator grainlet, subgrainlet;
   9:grainlet.cpp  **** Oscillator         lfo;
  10:grainlet.cpp  **** Metro              tick;
  11:grainlet.cpp  **** 
  12:grainlet.cpp  **** float notes[]
  13:grainlet.cpp  ****     = {329.63f, 392.f, 440.f, 392.f, 587.33f, 523.25f, 587.33f, 659.25};
  14:grainlet.cpp  **** int idx = 0;
  15:grainlet.cpp  **** 
  16:grainlet.cpp  **** static void AudioCallback(AudioHandle::InterleavingInputBuffer  in,
  17:grainlet.cpp  ****                           AudioHandle::InterleavingOutputBuffer out,
  18:grainlet.cpp  ****                           size_t                                size)
  19:grainlet.cpp  **** {
 153              		.loc 9 19 1 is_stmt 1 view -0
 154              		.cfi_startproc
 155              		@ args = 0, pretend = 0, frame = 0
 156              		@ frame_needed = 0, uses_anonymous_args = 0
  20:grainlet.cpp  ****     for(size_t i = 0; i < size; i += 2)
 157              		.loc 9 20 5 view .LVU17
 158              	.LBB79:
 159              		.loc 9 20 25 view .LVU18
 160 0000 002A     		cmp	r2, #0
 161 0002 66D0     		beq	.L18
 162 0004 013A     		subs	r2, r2, #1
 163              	.LVL5:
 164              		.loc 9 20 25 is_stmt 0 view .LVU19
 165              	.LBE79:
  19:grainlet.cpp  ****     for(size_t i = 0; i < size; i += 2)
 166              		.loc 9 19 1 view .LVU20
 167 0006 2DE9F041 		push	{r4, r5, r6, r7, r8, lr}
 168              		.cfi_def_cfa_offset 24
 169              		.cfi_offset 4, -24
 170              		.cfi_offset 5, -20
 171              		.cfi_offset 6, -16
 172              		.cfi_offset 7, -12
 173              		.cfi_offset 8, -8
ARM GAS  /tmp/ccdEs47H.s 			page 10


 174              		.cfi_offset 14, -4
 175 000a 0C46     		mov	r4, r1
 176              	.LBB83:
 177              		.loc 9 20 16 view .LVU21
 178 000c 0025     		movs	r5, #0
 179 000e 22F00106 		bic	r6, r2, #1
 180              	.LBE83:
  19:grainlet.cpp  ****     for(size_t i = 0; i < size; i += 2)
 181              		.loc 9 19 1 view .LVU22
 182 0012 2DED048B 		vpush.64	{d8, d9}
 183              		.cfi_def_cfa_offset 40
 184              		.cfi_offset 80, -40
 185              		.cfi_offset 81, -36
 186              		.cfi_offset 82, -32
 187              		.cfi_offset 83, -28
 188 0016 2DE0     		b	.L9
 189              	.LVL6:
 190              	.L8:
 191              	.LBB84:
 192              	.LBB80:
  21:grainlet.cpp  ****     {
  22:grainlet.cpp  ****         if(tick.Process())
  23:grainlet.cpp  ****         {
  24:grainlet.cpp  ****             grainlet.SetFreq(notes[idx] * .5f);
  25:grainlet.cpp  ****             subgrainlet.SetFreq(notes[idx] * .25f);
  26:grainlet.cpp  ****             idx = (idx + 1) % 8;
  27:grainlet.cpp  ****         }
  28:grainlet.cpp  **** 
  29:grainlet.cpp  ****         float sig = fabsf(lfo.Process());
 193              		.loc 9 29 9 is_stmt 1 discriminator 2 view .LVU23
 194              		.loc 9 29 38 is_stmt 0 discriminator 2 view .LVU24
 195 0018 2E48     		ldr	r0, .L22
 196 001a 0834     		adds	r4, r4, #8
 197 001c FFF7FEFF 		bl	_ZN7daisysp10Oscillator7ProcessEv
 198              	.LVL7:
 199              		.loc 9 29 40 discriminator 2 view .LVU25
 200 0020 B0EEC08A 		vabs.f32	s16, s0
 201              	.LVL8:
  30:grainlet.cpp  ****         grainlet.SetShape(sig * .5f);
 202              		.loc 9 30 9 is_stmt 1 discriminator 2 view .LVU26
 203              		.loc 9 30 26 is_stmt 0 discriminator 2 view .LVU27
 204 0024 2C48     		ldr	r0, .L22+4
 205 0026 68EE098A 		vmul.f32	s17, s16, s18
 206 002a B0EE680A 		vmov.f32	s0, s17
 207 002e FFF7FEFF 		bl	_ZN7daisysp18GrainletOscillator8SetShapeEf
 208              	.LVL9:
  31:grainlet.cpp  ****         grainlet.SetFormantFreq(2000.f - 2000.f * sig);
 209              		.loc 9 31 9 is_stmt 1 discriminator 2 view .LVU28
 210              		.loc 9 31 49 is_stmt 0 discriminator 2 view .LVU29
 211 0032 9FED2A0A 		vldr.32	s0, .L22+8
 212              		.loc 9 31 32 discriminator 2 view .LVU30
 213 0036 2848     		ldr	r0, .L22+4
 214              		.loc 9 31 49 discriminator 2 view .LVU31
 215 0038 28EE008A 		vmul.f32	s16, s16, s0
 216              	.LVL10:
 217              		.loc 9 31 32 discriminator 2 view .LVU32
 218 003c 30EE480A 		vsub.f32	s0, s0, s16
ARM GAS  /tmp/ccdEs47H.s 			page 11


 219 0040 FFF7FEFF 		bl	_ZN7daisysp18GrainletOscillator14SetFormantFreqEf
 220              	.LVL11:
  32:grainlet.cpp  ****         subgrainlet.SetShape(.5f - sig * .5f);
 221              		.loc 9 32 9 is_stmt 1 discriminator 2 view .LVU33
 222              		.loc 9 32 29 is_stmt 0 discriminator 2 view .LVU34
 223 0044 39EE680A 		vsub.f32	s0, s18, s17
 224 0048 2548     		ldr	r0, .L22+12
 225 004a FFF7FEFF 		bl	_ZN7daisysp18GrainletOscillator8SetShapeEf
 226              	.LVL12:
  33:grainlet.cpp  ****         subgrainlet.SetFormantFreq(2000.f * sig);
 227              		.loc 9 33 9 is_stmt 1 discriminator 2 view .LVU35
 228              		.loc 9 33 35 is_stmt 0 discriminator 2 view .LVU36
 229 004e B0EE480A 		vmov.f32	s0, s16
 230 0052 2348     		ldr	r0, .L22+12
 231 0054 FFF7FEFF 		bl	_ZN7daisysp18GrainletOscillator14SetFormantFreqEf
 232              	.LVL13:
  34:grainlet.cpp  **** 
  35:grainlet.cpp  ****         out[i]     = grainlet.Process();
 233              		.loc 9 35 9 is_stmt 1 discriminator 2 view .LVU37
 234              		.loc 9 35 38 is_stmt 0 discriminator 2 view .LVU38
 235 0058 1F48     		ldr	r0, .L22+4
 236 005a FFF7FEFF 		bl	_ZN7daisysp18GrainletOscillator7ProcessEv
 237              	.LVL14:
  36:grainlet.cpp  ****         out[i + 1] = subgrainlet.Process();
 238              		.loc 9 36 41 discriminator 2 view .LVU39
 239 005e 2048     		ldr	r0, .L22+12
  35:grainlet.cpp  ****         out[i + 1] = subgrainlet.Process();
 240              		.loc 9 35 20 discriminator 2 view .LVU40
 241 0060 04ED020A 		vstr.32	s0, [r4, #-8]
 242              		.loc 9 36 9 is_stmt 1 discriminator 2 view .LVU41
 243              		.loc 9 36 41 is_stmt 0 discriminator 2 view .LVU42
 244 0064 FFF7FEFF 		bl	_ZN7daisysp18GrainletOscillator7ProcessEv
 245              	.LVL15:
 246              	.LBE80:
  20:grainlet.cpp  ****     {
 247              		.loc 9 20 35 discriminator 2 view .LVU43
 248 0068 AB1C     		adds	r3, r5, #2
  20:grainlet.cpp  ****     {
 249              		.loc 9 20 25 discriminator 2 view .LVU44
 250 006a B542     		cmp	r5, r6
 251              	.LBB81:
 252              		.loc 9 36 20 discriminator 2 view .LVU45
 253 006c 04ED010A 		vstr.32	s0, [r4, #-4]
 254              	.LBE81:
  20:grainlet.cpp  ****     {
 255              		.loc 9 20 5 is_stmt 1 discriminator 2 view .LVU46
 256              	.LVL16:
  20:grainlet.cpp  ****     {
 257              		.loc 9 20 25 discriminator 2 view .LVU47
 258 0070 1D46     		mov	r5, r3
 259 0072 2AD0     		beq	.L21
 260              	.LVL17:
 261              	.L9:
 262              	.LBB82:
  22:grainlet.cpp  ****         {
 263              		.loc 9 22 9 view .LVU48
  22:grainlet.cpp  ****         {
ARM GAS  /tmp/ccdEs47H.s 			page 12


 264              		.loc 9 22 24 is_stmt 0 view .LVU49
 265 0074 1B48     		ldr	r0, .L22+16
  30:grainlet.cpp  ****         grainlet.SetFormantFreq(2000.f - 2000.f * sig);
 266              		.loc 9 30 26 view .LVU50
 267 0076 B6EE009A 		vmov.f32	s18, #5.0e-1
  22:grainlet.cpp  ****         {
 268              		.loc 9 22 24 view .LVU51
 269 007a FFF7FEFF 		bl	_ZN7daisysp5Metro7ProcessEv
 270              	.LVL18:
  22:grainlet.cpp  ****         {
 271              		.loc 9 22 9 view .LVU52
 272 007e 0028     		cmp	r0, #0
 273 0080 CAD0     		beq	.L8
  24:grainlet.cpp  ****             subgrainlet.SetFreq(notes[idx] * .25f);
 274              		.loc 9 24 13 is_stmt 1 view .LVU53
  24:grainlet.cpp  ****             subgrainlet.SetFreq(notes[idx] * .25f);
 275              		.loc 9 24 39 is_stmt 0 view .LVU54
 276 0082 194F     		ldr	r7, .L22+20
 277 0084 DFF86480 		ldr	r8, .L22+24
 278 0088 3B68     		ldr	r3, [r7]
  24:grainlet.cpp  ****             subgrainlet.SetFreq(notes[idx] * .25f);
 279              		.loc 9 24 29 view .LVU55
 280 008a 1348     		ldr	r0, .L22+4
  24:grainlet.cpp  ****             subgrainlet.SetFreq(notes[idx] * .25f);
 281              		.loc 9 24 39 view .LVU56
 282 008c 08EB8303 		add	r3, r8, r3, lsl #2
  24:grainlet.cpp  ****             subgrainlet.SetFreq(notes[idx] * .25f);
 283              		.loc 9 24 29 view .LVU57
 284 0090 93ED000A 		vldr.32	s0, [r3]
 285 0094 20EE090A 		vmul.f32	s0, s0, s18
 286 0098 FFF7FEFF 		bl	_ZN7daisysp18GrainletOscillator7SetFreqEf
 287              	.LVL19:
  25:grainlet.cpp  ****             idx = (idx + 1) % 8;
 288              		.loc 9 25 13 is_stmt 1 view .LVU58
  25:grainlet.cpp  ****             idx = (idx + 1) % 8;
 289              		.loc 9 25 42 is_stmt 0 view .LVU59
 290 009c 3B68     		ldr	r3, [r7]
  25:grainlet.cpp  ****             idx = (idx + 1) % 8;
 291              		.loc 9 25 32 view .LVU60
 292 009e F5EE007A 		vmov.f32	s15, #2.5e-1
 293 00a2 0F48     		ldr	r0, .L22+12
  25:grainlet.cpp  ****             idx = (idx + 1) % 8;
 294              		.loc 9 25 42 view .LVU61
 295 00a4 08EB8308 		add	r8, r8, r3, lsl #2
  25:grainlet.cpp  ****             idx = (idx + 1) % 8;
 296              		.loc 9 25 32 view .LVU62
 297 00a8 98ED000A 		vldr.32	s0, [r8]
 298 00ac 20EE270A 		vmul.f32	s0, s0, s15
 299 00b0 FFF7FEFF 		bl	_ZN7daisysp18GrainletOscillator7SetFreqEf
 300              	.LVL20:
  26:grainlet.cpp  ****         }
 301              		.loc 9 26 13 is_stmt 1 view .LVU63
  26:grainlet.cpp  ****         }
 302              		.loc 9 26 24 is_stmt 0 view .LVU64
 303 00b4 3B68     		ldr	r3, [r7]
 304 00b6 0133     		adds	r3, r3, #1
  26:grainlet.cpp  ****         }
ARM GAS  /tmp/ccdEs47H.s 			page 13


 305              		.loc 9 26 29 view .LVU65
 306 00b8 5A42     		rsbs	r2, r3, #0
 307 00ba 03F00703 		and	r3, r3, #7
 308 00be 02F00702 		and	r2, r2, #7
 309 00c2 58BF     		it	pl
 310 00c4 5342     		rsbpl	r3, r2, #0
  26:grainlet.cpp  ****         }
 311              		.loc 9 26 17 view .LVU66
 312 00c6 3B60     		str	r3, [r7]
 313 00c8 A6E7     		b	.L8
 314              	.LVL21:
 315              	.L21:
  26:grainlet.cpp  ****         }
 316              		.loc 9 26 17 view .LVU67
 317              	.LBE82:
 318              	.LBE84:
  37:grainlet.cpp  ****     }
  38:grainlet.cpp  **** }
 319              		.loc 9 38 1 view .LVU68
 320 00ca BDEC048B 		vldm	sp!, {d8-d9}
 321              		.cfi_restore 82
 322              		.cfi_restore 83
 323              		.cfi_restore 80
 324              		.cfi_restore 81
 325              		.cfi_def_cfa_offset 24
 326 00ce BDE8F081 		pop	{r4, r5, r6, r7, r8, pc}
 327              	.LVL22:
 328              	.L18:
 329              		.cfi_def_cfa_offset 0
 330              		.cfi_restore 4
 331              		.cfi_restore 5
 332              		.cfi_restore 6
 333              		.cfi_restore 7
 334              		.cfi_restore 8
 335              		.cfi_restore 14
 336              		.loc 9 38 1 view .LVU69
 337 00d2 7047     		bx	lr
 338              	.L23:
 339              		.align	2
 340              	.L22:
 341 00d4 00000000 		.word	.LANCHOR5
 342 00d8 00000000 		.word	.LANCHOR3
 343 00dc 0000FA44 		.word	1157234688
 344 00e0 00000000 		.word	.LANCHOR4
 345 00e4 00000000 		.word	.LANCHOR0
 346 00e8 00000000 		.word	.LANCHOR2
 347 00ec 00000000 		.word	.LANCHOR1
 348              		.cfi_endproc
 349              	.LFE4212:
 351              		.section	.text.startup.main,"ax",%progbits
 352              		.align	1
 353              		.p2align 2,,3
 354              		.global	main
 355              		.syntax unified
 356              		.thumb
 357              		.thumb_func
 358              		.fpu fpv5-d16
ARM GAS  /tmp/ccdEs47H.s 			page 14


 360              	main:
 361              	.LFB4213:
  39:grainlet.cpp  **** 
  40:grainlet.cpp  **** int main(void)
  41:grainlet.cpp  **** {
 362              		.loc 9 41 1 is_stmt 1 view -0
 363              		.cfi_startproc
 364              		@ args = 0, pretend = 0, frame = 0
 365              		@ frame_needed = 0, uses_anonymous_args = 0
  42:grainlet.cpp  ****     hw.Configure();
 366              		.loc 9 42 5 view .LVU71
  41:grainlet.cpp  ****     hw.Configure();
 367              		.loc 9 41 1 is_stmt 0 view .LVU72
 368 0000 70B5     		push	{r4, r5, r6, lr}
 369              		.cfi_def_cfa_offset 16
 370              		.cfi_offset 4, -16
 371              		.cfi_offset 5, -12
 372              		.cfi_offset 6, -8
 373              		.cfi_offset 14, -4
 374              		.loc 9 42 17 view .LVU73
 375 0002 3848     		ldr	r0, .L27
  43:grainlet.cpp  ****     hw.Init();
  44:grainlet.cpp  ****     float sample_rate = hw.AudioSampleRate();
  45:grainlet.cpp  **** 
  46:grainlet.cpp  ****     grainlet.Init(sample_rate);
  47:grainlet.cpp  ****     grainlet.SetBleed(.5f);
  48:grainlet.cpp  **** 
  49:grainlet.cpp  ****     subgrainlet.Init(sample_rate);
  50:grainlet.cpp  ****     subgrainlet.SetBleed(1.f);
  51:grainlet.cpp  **** 
  52:grainlet.cpp  ****     grainlet.SetFreq(notes[idx] * .5f);
 376              		.loc 9 52 31 view .LVU74
 377 0004 384E     		ldr	r6, .L27+4
 378 0006 394D     		ldr	r5, .L27+8
 379              	.LBB85:
 380              	.LBB86:
  17:../../DaisySP/Source/Synthesis/oscillator.h ****     /** Choices for output waveforms, POLYBLEP are appropriately labeled. Others are naive forms.
  18:../../DaisySP/Source/Synthesis/oscillator.h ****     */
  19:../../DaisySP/Source/Synthesis/oscillator.h ****     enum
  20:../../DaisySP/Source/Synthesis/oscillator.h ****     {
  21:../../DaisySP/Source/Synthesis/oscillator.h ****         WAVE_SIN,
  22:../../DaisySP/Source/Synthesis/oscillator.h ****         WAVE_TRI,
  23:../../DaisySP/Source/Synthesis/oscillator.h ****         WAVE_SAW,
  24:../../DaisySP/Source/Synthesis/oscillator.h ****         WAVE_RAMP,
  25:../../DaisySP/Source/Synthesis/oscillator.h ****         WAVE_SQUARE,
  26:../../DaisySP/Source/Synthesis/oscillator.h ****         WAVE_POLYBLEP_TRI,
  27:../../DaisySP/Source/Synthesis/oscillator.h ****         WAVE_POLYBLEP_SAW,
  28:../../DaisySP/Source/Synthesis/oscillator.h ****         WAVE_POLYBLEP_SQUARE,
  29:../../DaisySP/Source/Synthesis/oscillator.h ****         WAVE_LAST,
  30:../../DaisySP/Source/Synthesis/oscillator.h ****     };
  31:../../DaisySP/Source/Synthesis/oscillator.h **** 
  32:../../DaisySP/Source/Synthesis/oscillator.h **** 
  33:../../DaisySP/Source/Synthesis/oscillator.h ****     /** Initializes the Oscillator
  34:../../DaisySP/Source/Synthesis/oscillator.h **** 
  35:../../DaisySP/Source/Synthesis/oscillator.h ****         \param sample_rate - sample rate of the audio engine being run, and the frequency that the 
  36:../../DaisySP/Source/Synthesis/oscillator.h **** 
  37:../../DaisySP/Source/Synthesis/oscillator.h ****         Defaults:
ARM GAS  /tmp/ccdEs47H.s 			page 15


  38:../../DaisySP/Source/Synthesis/oscillator.h ****         - freq_ = 100 Hz
  39:../../DaisySP/Source/Synthesis/oscillator.h ****         - amp_ = 0.5
  40:../../DaisySP/Source/Synthesis/oscillator.h ****         - waveform_ = sine wave.
  41:../../DaisySP/Source/Synthesis/oscillator.h ****     */
  42:../../DaisySP/Source/Synthesis/oscillator.h ****     void Init(float sample_rate)
  43:../../DaisySP/Source/Synthesis/oscillator.h ****     {
  44:../../DaisySP/Source/Synthesis/oscillator.h ****         sr_        = sample_rate;
 381              		.loc 6 44 20 view .LVU75
 382 0008 394C     		ldr	r4, .L27+12
 383              	.LBE86:
 384              	.LBE85:
  41:grainlet.cpp  ****     hw.Configure();
 385              		.loc 9 41 1 view .LVU76
 386 000a 2DED048B 		vpush.64	{d8, d9}
 387              		.cfi_def_cfa_offset 32
 388              		.cfi_offset 80, -32
 389              		.cfi_offset 81, -28
 390              		.cfi_offset 82, -24
 391              		.cfi_offset 83, -20
  42:grainlet.cpp  ****     hw.Init();
 392              		.loc 9 42 17 view .LVU77
 393 000e FFF7FEFF 		bl	_ZN5daisy9DaisySeed9ConfigureEv
 394              	.LVL23:
  43:grainlet.cpp  ****     float sample_rate = hw.AudioSampleRate();
 395              		.loc 9 43 5 is_stmt 1 view .LVU78
  43:grainlet.cpp  ****     float sample_rate = hw.AudioSampleRate();
 396              		.loc 9 43 12 is_stmt 0 view .LVU79
 397 0012 0021     		movs	r1, #0
 398 0014 3348     		ldr	r0, .L27
 399              		.loc 9 52 21 view .LVU80
 400 0016 B6EE009A 		vmov.f32	s18, #5.0e-1
  43:grainlet.cpp  ****     float sample_rate = hw.AudioSampleRate();
 401              		.loc 9 43 12 view .LVU81
 402 001a FFF7FEFF 		bl	_ZN5daisy9DaisySeed4InitEb
 403              	.LVL24:
  44:grainlet.cpp  **** 
 404              		.loc 9 44 5 is_stmt 1 view .LVU82
  44:grainlet.cpp  **** 
 405              		.loc 9 44 43 is_stmt 0 view .LVU83
 406 001e 3148     		ldr	r0, .L27
 407 0020 FFF7FEFF 		bl	_ZN5daisy9DaisySeed15AudioSampleRateEv
 408              	.LVL25:
 409 0024 B0EE408A 		vmov.f32	s16, s0
 410              	.LVL26:
  46:grainlet.cpp  ****     grainlet.SetBleed(.5f);
 411              		.loc 9 46 5 is_stmt 1 view .LVU84
 412              	.LBB91:
 413              	.LBB87:
  45:../../DaisySP/Source/Synthesis/oscillator.h ****         sr_recip_  = 1.0f / sample_rate;
 414              		.loc 6 45 27 is_stmt 0 view .LVU85
 415 0028 F7EE008A 		vmov.f32	s17, #1.0e+0
 416              	.LBE87:
 417              	.LBE91:
  46:grainlet.cpp  ****     grainlet.SetBleed(.5f);
 418              		.loc 9 46 18 view .LVU86
 419 002c 3148     		ldr	r0, .L27+16
 420 002e FFF7FEFF 		bl	_ZN7daisysp18GrainletOscillator4InitEf
ARM GAS  /tmp/ccdEs47H.s 			page 16


 421              	.LVL27:
  47:grainlet.cpp  **** 
 422              		.loc 9 47 5 is_stmt 1 view .LVU87
  47:grainlet.cpp  **** 
 423              		.loc 9 47 22 is_stmt 0 view .LVU88
 424 0032 B0EE490A 		vmov.f32	s0, s18
 425 0036 2F48     		ldr	r0, .L27+16
 426 0038 FFF7FEFF 		bl	_ZN7daisysp18GrainletOscillator8SetBleedEf
 427              	.LVL28:
  49:grainlet.cpp  ****     subgrainlet.SetBleed(1.f);
 428              		.loc 9 49 5 is_stmt 1 view .LVU89
  49:grainlet.cpp  ****     subgrainlet.SetBleed(1.f);
 429              		.loc 9 49 21 is_stmt 0 view .LVU90
 430 003c B0EE480A 		vmov.f32	s0, s16
 431 0040 2D48     		ldr	r0, .L27+20
 432 0042 FFF7FEFF 		bl	_ZN7daisysp18GrainletOscillator4InitEf
 433              	.LVL29:
  50:grainlet.cpp  **** 
 434              		.loc 9 50 5 is_stmt 1 view .LVU91
  50:grainlet.cpp  **** 
 435              		.loc 9 50 25 is_stmt 0 view .LVU92
 436 0046 B0EE680A 		vmov.f32	s0, s17
 437 004a 2B48     		ldr	r0, .L27+20
 438 004c FFF7FEFF 		bl	_ZN7daisysp18GrainletOscillator8SetBleedEf
 439              	.LVL30:
 440              		.loc 9 52 5 is_stmt 1 view .LVU93
 441              		.loc 9 52 31 is_stmt 0 view .LVU94
 442 0050 3368     		ldr	r3, [r6]
 443              		.loc 9 52 21 view .LVU95
 444 0052 2848     		ldr	r0, .L27+16
 445              		.loc 9 52 31 view .LVU96
 446 0054 05EB8303 		add	r3, r5, r3, lsl #2
 447              		.loc 9 52 21 view .LVU97
 448 0058 93ED000A 		vldr.32	s0, [r3]
 449 005c 20EE090A 		vmul.f32	s0, s0, s18
 450 0060 FFF7FEFF 		bl	_ZN7daisysp18GrainletOscillator7SetFreqEf
 451              	.LVL31:
  53:grainlet.cpp  ****     subgrainlet.SetFreq(notes[idx] * .25f);
 452              		.loc 9 53 5 is_stmt 1 view .LVU98
 453              		.loc 9 53 34 is_stmt 0 view .LVU99
 454 0064 3368     		ldr	r3, [r6]
 455              		.loc 9 53 24 view .LVU100
 456 0066 F5EE007A 		vmov.f32	s15, #2.5e-1
 457 006a 2348     		ldr	r0, .L27+20
 458              		.loc 9 53 34 view .LVU101
 459 006c 05EB8305 		add	r5, r5, r3, lsl #2
 460              		.loc 9 53 24 view .LVU102
 461 0070 95ED000A 		vldr.32	s0, [r5]
 462 0074 20EE270A 		vmul.f32	s0, s0, s15
 463 0078 FFF7FEFF 		bl	_ZN7daisysp18GrainletOscillator7SetFreqEf
 464              	.LVL32:
  54:grainlet.cpp  **** 
  55:grainlet.cpp  ****     lfo.Init(sample_rate);
 465              		.loc 9 55 5 is_stmt 1 view .LVU103
 466              	.LBB92:
 467              	.LBI85:
  42:../../DaisySP/Source/Synthesis/oscillator.h ****     {
ARM GAS  /tmp/ccdEs47H.s 			page 17


 468              		.loc 6 42 10 view .LVU104
 469              	.LBB88:
  44:../../DaisySP/Source/Synthesis/oscillator.h ****         sr_recip_  = 1.0f / sample_rate;
 470              		.loc 6 44 9 view .LVU105
 471              		.loc 6 45 27 is_stmt 0 view .LVU106
 472 007c C8EE887A 		vdiv.f32	s15, s17, s16
  46:../../DaisySP/Source/Synthesis/oscillator.h ****         freq_      = 100.0f;
  47:../../DaisySP/Source/Synthesis/oscillator.h ****         amp_       = 0.5f;
  48:../../DaisySP/Source/Synthesis/oscillator.h ****         phase_     = 0.0f;
 473              		.loc 6 48 20 view .LVU107
 474 0080 0023     		movs	r3, #0
  46:../../DaisySP/Source/Synthesis/oscillator.h ****         freq_      = 100.0f;
 475              		.loc 6 46 20 view .LVU108
 476 0082 9FED1E0A 		vldr.32	s0, .L27+24
  49:../../DaisySP/Source/Synthesis/oscillator.h ****         phase_inc_ = CalcPhaseInc(freq_);
 477              		.loc 6 49 34 view .LVU109
 478 0086 2046     		mov	r0, r4
  47:../../DaisySP/Source/Synthesis/oscillator.h ****         phase_     = 0.0f;
 479              		.loc 6 47 20 view .LVU110
 480 0088 84ED019A 		vstr.32	s18, [r4, #4]
  48:../../DaisySP/Source/Synthesis/oscillator.h ****         phase_inc_ = CalcPhaseInc(freq_);
 481              		.loc 6 48 20 view .LVU111
 482 008c 6361     		str	r3, [r4, #20]	@ float
  44:../../DaisySP/Source/Synthesis/oscillator.h ****         sr_recip_  = 1.0f / sample_rate;
 483              		.loc 6 44 20 view .LVU112
 484 008e 84ED038A 		vstr.32	s16, [r4, #12]
  45:../../DaisySP/Source/Synthesis/oscillator.h ****         freq_      = 100.0f;
 485              		.loc 6 45 9 is_stmt 1 view .LVU113
  46:../../DaisySP/Source/Synthesis/oscillator.h ****         amp_       = 0.5f;
 486              		.loc 6 46 20 is_stmt 0 view .LVU114
 487 0092 84ED020A 		vstr.32	s0, [r4, #8]
  45:../../DaisySP/Source/Synthesis/oscillator.h ****         freq_      = 100.0f;
 488              		.loc 6 45 20 view .LVU115
 489 0096 C4ED047A 		vstr.32	s15, [r4, #16]
  46:../../DaisySP/Source/Synthesis/oscillator.h ****         amp_       = 0.5f;
 490              		.loc 6 46 9 is_stmt 1 view .LVU116
  47:../../DaisySP/Source/Synthesis/oscillator.h ****         phase_     = 0.0f;
 491              		.loc 6 47 9 view .LVU117
  48:../../DaisySP/Source/Synthesis/oscillator.h ****         phase_inc_ = CalcPhaseInc(freq_);
 492              		.loc 6 48 9 view .LVU118
 493              		.loc 6 49 9 view .LVU119
 494              		.loc 6 49 34 is_stmt 0 view .LVU120
 495 009a FFF7FEFF 		bl	_ZN7daisysp10Oscillator12CalcPhaseIncEf
 496              	.LVL33:
 497 009e F0EE407A 		vmov.f32	s15, s0
  50:../../DaisySP/Source/Synthesis/oscillator.h ****         waveform_  = WAVE_SIN;
 498              		.loc 6 50 20 view .LVU121
 499 00a2 0022     		movs	r2, #0
 500              	.LBE88:
 501              	.LBE92:
 502              	.LBB93:
 503              	.LBB94:
  51:../../DaisySP/Source/Synthesis/oscillator.h ****         eoc_       = true;
  52:../../DaisySP/Source/Synthesis/oscillator.h ****         eor_       = true;
  53:../../DaisySP/Source/Synthesis/oscillator.h ****     }
  54:../../DaisySP/Source/Synthesis/oscillator.h **** 
  55:../../DaisySP/Source/Synthesis/oscillator.h **** 
ARM GAS  /tmp/ccdEs47H.s 			page 18


  56:../../DaisySP/Source/Synthesis/oscillator.h ****     /** Changes the frequency of the Oscillator, and recalculates phase increment.
  57:../../DaisySP/Source/Synthesis/oscillator.h ****     */
  58:../../DaisySP/Source/Synthesis/oscillator.h ****     inline void SetFreq(const float f)
  59:../../DaisySP/Source/Synthesis/oscillator.h ****     {
  60:../../DaisySP/Source/Synthesis/oscillator.h ****         freq_      = f;
 504              		.loc 6 60 20 view .LVU122
 505 00a4 B4EE000A 		vmov.f32	s0, #1.25e-1
 506              	.LBE94:
 507              	.LBE93:
 508              	.LBB99:
 509              	.LBB89:
  52:../../DaisySP/Source/Synthesis/oscillator.h ****     }
 510              		.loc 6 52 20 view .LVU123
 511 00a8 40F20113 		movw	r3, #257
 512              	.LBE89:
 513              	.LBE99:
 514              	.LBB100:
 515              	.LBB95:
  61:../../DaisySP/Source/Synthesis/oscillator.h ****         phase_inc_ = CalcPhaseInc(f);
 516              		.loc 6 61 34 view .LVU124
 517 00ac 2046     		mov	r0, r4
 518              	.LBE95:
 519              	.LBE100:
 520              	.LBB101:
 521              	.LBB90:
  50:../../DaisySP/Source/Synthesis/oscillator.h ****         eoc_       = true;
 522              		.loc 6 50 20 view .LVU125
 523 00ae 2270     		strb	r2, [r4]
  49:../../DaisySP/Source/Synthesis/oscillator.h ****         waveform_  = WAVE_SIN;
 524              		.loc 6 49 20 view .LVU126
 525 00b0 C4ED067A 		vstr.32	s15, [r4, #24]
  50:../../DaisySP/Source/Synthesis/oscillator.h ****         eoc_       = true;
 526              		.loc 6 50 9 is_stmt 1 view .LVU127
  51:../../DaisySP/Source/Synthesis/oscillator.h ****         eor_       = true;
 527              		.loc 6 51 9 view .LVU128
  52:../../DaisySP/Source/Synthesis/oscillator.h ****     }
 528              		.loc 6 52 9 view .LVU129
  52:../../DaisySP/Source/Synthesis/oscillator.h ****     }
 529              		.loc 6 52 20 is_stmt 0 view .LVU130
 530 00b4 A384     		strh	r3, [r4, #36]	@ movhi
 531              	.LVL34:
  52:../../DaisySP/Source/Synthesis/oscillator.h ****     }
 532              		.loc 6 52 20 view .LVU131
 533              	.LBE90:
 534              	.LBE101:
  56:grainlet.cpp  ****     lfo.SetAmp(1.f);
 535              		.loc 9 56 5 is_stmt 1 view .LVU132
 536              	.LBB102:
 537              	.LBI102:
  62:../../DaisySP/Source/Synthesis/oscillator.h ****     }
  63:../../DaisySP/Source/Synthesis/oscillator.h **** 
  64:../../DaisySP/Source/Synthesis/oscillator.h **** 
  65:../../DaisySP/Source/Synthesis/oscillator.h ****     /** Sets the amplitude of the waveform.
  66:../../DaisySP/Source/Synthesis/oscillator.h ****     */
  67:../../DaisySP/Source/Synthesis/oscillator.h ****     inline void SetAmp(const float a) { amp_ = a; }
 538              		.loc 6 67 17 view .LVU133
 539              	.LBB103:
ARM GAS  /tmp/ccdEs47H.s 			page 19


 540              		.loc 6 67 41 view .LVU134
 541              		.loc 6 67 41 is_stmt 0 view .LVU135
 542              	.LBE103:
 543              	.LBE102:
  57:grainlet.cpp  ****     lfo.SetFreq(.125f);
 544              		.loc 9 57 5 is_stmt 1 view .LVU136
 545              	.LBB105:
 546              	.LBI93:
  58:../../DaisySP/Source/Synthesis/oscillator.h ****     {
 547              		.loc 6 58 17 view .LVU137
 548              	.LBB96:
  60:../../DaisySP/Source/Synthesis/oscillator.h ****         phase_inc_ = CalcPhaseInc(f);
 549              		.loc 6 60 9 view .LVU138
 550              	.LBE96:
 551              	.LBE105:
 552              	.LBB106:
 553              	.LBB104:
 554              		.loc 6 67 46 is_stmt 0 view .LVU139
 555 00b6 C4ED018A 		vstr.32	s17, [r4, #4]
 556              	.LBE104:
 557              	.LBE106:
 558              	.LBB107:
 559              	.LBB97:
  60:../../DaisySP/Source/Synthesis/oscillator.h ****         phase_inc_ = CalcPhaseInc(f);
 560              		.loc 6 60 20 view .LVU140
 561 00ba 84ED020A 		vstr.32	s0, [r4, #8]
  61:../../DaisySP/Source/Synthesis/oscillator.h ****     }
 562              		.loc 6 61 9 is_stmt 1 view .LVU141
  61:../../DaisySP/Source/Synthesis/oscillator.h ****     }
 563              		.loc 6 61 34 is_stmt 0 view .LVU142
 564 00be FFF7FEFF 		bl	_ZN7daisysp10Oscillator12CalcPhaseIncEf
 565              	.LVL35:
 566 00c2 F0EE407A 		vmov.f32	s15, s0
 567              	.LBE97:
 568              	.LBE107:
  58:grainlet.cpp  **** 
  59:grainlet.cpp  ****     tick.Init(11.f, sample_rate);
 569              		.loc 9 59 14 view .LVU143
 570 00c6 0E48     		ldr	r0, .L27+28
 571 00c8 F0EE480A 		vmov.f32	s1, s16
 572 00cc B2EE060A 		vmov.f32	s0, #1.1e+1
 573              	.LBB108:
 574              	.LBB98:
  61:../../DaisySP/Source/Synthesis/oscillator.h ****     }
 575              		.loc 6 61 20 view .LVU144
 576 00d0 C4ED067A 		vstr.32	s15, [r4, #24]
 577              	.LVL36:
  61:../../DaisySP/Source/Synthesis/oscillator.h ****     }
 578              		.loc 6 61 20 view .LVU145
 579              	.LBE98:
 580              	.LBE108:
 581              		.loc 9 59 5 is_stmt 1 view .LVU146
 582              		.loc 9 59 14 is_stmt 0 view .LVU147
 583 00d4 FFF7FEFF 		bl	_ZN7daisysp5Metro4InitEff
 584              	.LVL37:
  60:grainlet.cpp  **** 
  61:grainlet.cpp  ****     hw.StartAudio(AudioCallback);
ARM GAS  /tmp/ccdEs47H.s 			page 20


 585              		.loc 9 61 5 is_stmt 1 view .LVU148
 586              		.loc 9 61 18 is_stmt 0 view .LVU149
 587 00d8 0A49     		ldr	r1, .L27+32
 588 00da 0248     		ldr	r0, .L27
 589 00dc FFF7FEFF 		bl	_ZN5daisy9DaisySeed10StartAudioEPFvPKfPfjE
 590              	.LVL38:
 591              	.L25:
  62:grainlet.cpp  ****     while(1) {}
 592              		.loc 9 62 5 is_stmt 1 discriminator 1 view .LVU150
 593              		.loc 9 62 5 discriminator 1 view .LVU151
 594              		.loc 9 62 5 discriminator 1 view .LVU152
 595              		.loc 9 62 5 discriminator 1 view .LVU153
 596 00e0 FEE7     		b	.L25
 597              	.L28:
 598 00e2 00BF     		.align	2
 599              	.L27:
 600 00e4 00000000 		.word	.LANCHOR6
 601 00e8 00000000 		.word	.LANCHOR2
 602 00ec 00000000 		.word	.LANCHOR1
 603 00f0 00000000 		.word	.LANCHOR5
 604 00f4 00000000 		.word	.LANCHOR3
 605 00f8 00000000 		.word	.LANCHOR4
 606 00fc 0000C842 		.word	1120403456
 607 0100 00000000 		.word	.LANCHOR0
 608 0104 00000000 		.word	_ZL13AudioCallbackPKfPfj
 609              		.cfi_endproc
 610              	.LFE4213:
 612              		.section	.text.startup._GLOBAL__sub_I_hw,"ax",%progbits
 613              		.align	1
 614              		.p2align 2,,3
 615              		.syntax unified
 616              		.thumb
 617              		.thumb_func
 618              		.fpu fpv5-d16
 620              	_GLOBAL__sub_I_hw:
 621              	.LFB4759:
  63:grainlet.cpp  **** }
 622              		.loc 9 63 1 view -0
 623              		.cfi_startproc
 624              		@ args = 0, pretend = 0, frame = 0
 625              		@ frame_needed = 0, uses_anonymous_args = 0
 626              	.LBB132:
 627              	.LBI132:
 628              		.loc 9 63 1 view .LVU155
 629              	.LVL39:
 630              	.LBB133:
 631              	.LBB134:
 632              	.LBI134:
  21:../../libdaisy/src/daisy_seed.h ****     ~DaisySeed() {}
 633              		.loc 1 21 5 view .LVU156
 634              	.LBB135:
 635              	.LBB136:
 636              	.LBI136:
  62:../../libdaisy/src/hid/audio.h ****     ~AudioHandle() {}
 637              		.loc 5 62 5 view .LVU157
 638              	.LBB137:
 639              	.LBB138:
ARM GAS  /tmp/ccdEs47H.s 			page 21


  62:../../libdaisy/src/hid/audio.h ****     ~AudioHandle() {}
 640              		.loc 5 62 35 is_stmt 0 view .LVU158
 641 0000 0023     		movs	r3, #0
 642 0002 0F48     		ldr	r0, .L31
 643              	.LBE138:
 644              	.LBE137:
 645              	.LBE136:
 646              	.LBE135:
 647              	.LBE134:
   7:grainlet.cpp  **** GrainletOscillator grainlet, subgrainlet;
 648              		.loc 9 7 20 view .LVU159
 649 0004 0F4A     		ldr	r2, .L31+4
 650 0006 1049     		ldr	r1, .L31+8
 651              	.LBE133:
 652              	.LBE132:
 653              		.loc 9 63 1 view .LVU160
 654 0008 10B5     		push	{r4, lr}
 655              		.cfi_def_cfa_offset 8
 656              		.cfi_offset 4, -8
 657              		.cfi_offset 14, -4
 658              	.LBB156:
 659              	.LBB154:
   8:grainlet.cpp  **** Oscillator         lfo;
 660              		.loc 9 8 20 view .LVU161
 661 000a 104C     		ldr	r4, .L31+12
 662              	.LBB149:
 663              	.LBB148:
 664              	.LBB141:
 665              	.LBB140:
 666              	.LBB139:
  62:../../libdaisy/src/hid/audio.h ****     ~AudioHandle() {}
 667              		.loc 5 62 35 view .LVU162
 668 000c 4361     		str	r3, [r0, #20]
 669              	.LVL40:
  62:../../libdaisy/src/hid/audio.h ****     ~AudioHandle() {}
 670              		.loc 5 62 35 view .LVU163
 671              	.LBE139:
 672              	.LBE140:
 673              	.LBE141:
 674              	.LBB142:
 675              	.LBI142:
  84:../../libdaisy/src/per/adc.h ****     ~AdcHandle() {}
 676              		.loc 4 84 5 is_stmt 1 view .LVU164
  84:../../libdaisy/src/per/adc.h ****     ~AdcHandle() {}
 677              		.loc 4 84 5 is_stmt 0 view .LVU165
 678              	.LBE142:
 679              	.LBB143:
 680              	.LBI143:
 681              		.file 10 "../../libdaisy/src/per/dac.h"
   1:../../libdaisy/src/per/dac.h **** #pragma once
   2:../../libdaisy/src/per/dac.h **** #ifndef DSY_DAC_H
   3:../../libdaisy/src/per/dac.h **** #define DSY_DAC_H
   4:../../libdaisy/src/per/dac.h **** 
   5:../../libdaisy/src/per/dac.h **** #include "daisy_core.h"
   6:../../libdaisy/src/per/dac.h **** 
   7:../../libdaisy/src/per/dac.h **** namespace daisy
   8:../../libdaisy/src/per/dac.h **** {
ARM GAS  /tmp/ccdEs47H.s 			page 22


   9:../../libdaisy/src/per/dac.h **** /** DAC handle for Built-in DAC Peripheral 
  10:../../libdaisy/src/per/dac.h ****  ** 
  11:../../libdaisy/src/per/dac.h ****  ** For now only Normal Mode is supported,
  12:../../libdaisy/src/per/dac.h ****  ** Sample and hold mode provides reduced power consumption, but requires a bit more setup.
  13:../../libdaisy/src/per/dac.h ****  **
  14:../../libdaisy/src/per/dac.h ****  ** For now connecting the DAC through other internal periphearls is also not supported.
  15:../../libdaisy/src/per/dac.h ****  **
  16:../../libdaisy/src/per/dac.h ****  ** Since the DAC channels have dedicated pins we don't need to pass in a pin config like with
  17:../../libdaisy/src/per/dac.h ****  ** other modules. However, it is still important to not try to use the DAC pins for anything else.
  18:../../libdaisy/src/per/dac.h ****  ** DAC Channel 1 is on PA4, and DAC Channel 2 is on PA5
  19:../../libdaisy/src/per/dac.h ****  ***/
  20:../../libdaisy/src/per/dac.h **** class DacHandle
  21:../../libdaisy/src/per/dac.h **** {
  22:../../libdaisy/src/per/dac.h ****   public:
  23:../../libdaisy/src/per/dac.h ****     /** Return Values for the DacHandle class */
  24:../../libdaisy/src/per/dac.h ****     enum class Result
  25:../../libdaisy/src/per/dac.h ****     {
  26:../../libdaisy/src/per/dac.h ****         OK,
  27:../../libdaisy/src/per/dac.h ****         ERR,
  28:../../libdaisy/src/per/dac.h ****     };
  29:../../libdaisy/src/per/dac.h **** 
  30:../../libdaisy/src/per/dac.h ****     /** Selects which channel(s) will be configured for use. */
  31:../../libdaisy/src/per/dac.h ****     enum class Channel
  32:../../libdaisy/src/per/dac.h ****     {
  33:../../libdaisy/src/per/dac.h ****         ONE,
  34:../../libdaisy/src/per/dac.h ****         TWO,
  35:../../libdaisy/src/per/dac.h ****         BOTH,
  36:../../libdaisy/src/per/dac.h ****     };
  37:../../libdaisy/src/per/dac.h **** 
  38:../../libdaisy/src/per/dac.h ****     /** Sets the Mode for the DAC channels.
  39:../../libdaisy/src/per/dac.h ****      **
  40:../../libdaisy/src/per/dac.h ****      ** Polling mode uses the blocking mode to transmit a single value at a time.
  41:../../libdaisy/src/per/dac.h ****      **
  42:../../libdaisy/src/per/dac.h ****      ** DMA mode uses a buffer, and periodically transmits it triggering a 
  43:../../libdaisy/src/per/dac.h ****      ** callback to fill the buffer when it is ready for more samples.
  44:../../libdaisy/src/per/dac.h ****      ***/
  45:../../libdaisy/src/per/dac.h ****     enum class Mode
  46:../../libdaisy/src/per/dac.h ****     {
  47:../../libdaisy/src/per/dac.h ****         POLLING,
  48:../../libdaisy/src/per/dac.h ****         DMA,
  49:../../libdaisy/src/per/dac.h ****     };
  50:../../libdaisy/src/per/dac.h **** 
  51:../../libdaisy/src/per/dac.h ****     /** Sets the number of bits per sample transmitted out of the DAC.
  52:../../libdaisy/src/per/dac.h ****      ** The output range will be: 0V - VDDA
  53:../../libdaisy/src/per/dac.h ****      ** The resolution will be roughly: bitdepth / (VDDA - 0V) 
  54:../../libdaisy/src/per/dac.h ****      ***/
  55:../../libdaisy/src/per/dac.h ****     enum class BitDepth
  56:../../libdaisy/src/per/dac.h ****     {
  57:../../libdaisy/src/per/dac.h ****         BITS_8,
  58:../../libdaisy/src/per/dac.h ****         BITS_12
  59:../../libdaisy/src/per/dac.h ****     };
  60:../../libdaisy/src/per/dac.h **** 
  61:../../libdaisy/src/per/dac.h ****     /** Sets whether the DAC output is buffered for higher drive ability. */
  62:../../libdaisy/src/per/dac.h ****     enum class BufferState
  63:../../libdaisy/src/per/dac.h ****     {
  64:../../libdaisy/src/per/dac.h ****         ENABLED,
  65:../../libdaisy/src/per/dac.h ****         DISABLED,
ARM GAS  /tmp/ccdEs47H.s 			page 23


  66:../../libdaisy/src/per/dac.h ****     };
  67:../../libdaisy/src/per/dac.h **** 
  68:../../libdaisy/src/per/dac.h ****     /** Configuration structure for initializing the DAC structure. */
  69:../../libdaisy/src/per/dac.h ****     struct Config
  70:../../libdaisy/src/per/dac.h ****     {
  71:../../libdaisy/src/per/dac.h ****         /** Target Samplerate in Hz used to configure the internal 
  72:../../libdaisy/src/per/dac.h ****          ** timebase for DMA mode. Does nothing in POLLING mode.
  73:../../libdaisy/src/per/dac.h ****          ** If the value is 0 at Init time this will default to 48000Hz 
  74:../../libdaisy/src/per/dac.h ****          ** otherwise the driver will attempt meet the target.*/
  75:../../libdaisy/src/per/dac.h ****         uint32_t target_samplerate;
  76:../../libdaisy/src/per/dac.h **** 
  77:../../libdaisy/src/per/dac.h ****         Channel     chn;
  78:../../libdaisy/src/per/dac.h ****         Mode        mode;
  79:../../libdaisy/src/per/dac.h ****         BitDepth    bitdepth;
  80:../../libdaisy/src/per/dac.h ****         BufferState buff_state;
  81:../../libdaisy/src/per/dac.h ****     };
  82:../../libdaisy/src/per/dac.h **** 
  83:../../libdaisy/src/per/dac.h ****     DacHandle() : pimpl_(nullptr) {}
 682              		.loc 10 83 5 is_stmt 1 view .LVU166
 683              	.LBB144:
 684              	.LBB145:
 685              		.loc 10 83 33 is_stmt 0 view .LVU167
 686 000e 0362     		str	r3, [r0, #32]
 687              	.LVL41:
 688              		.loc 10 83 33 view .LVU168
 689              	.LBE145:
 690              	.LBE144:
 691              	.LBE143:
 692              	.LBB146:
 693              	.LBI146:
  40:../../libdaisy/src/hid/usb.h **** 
 694              		.loc 3 40 5 is_stmt 1 view .LVU169
  40:../../libdaisy/src/hid/usb.h **** 
 695              		.loc 3 40 5 is_stmt 0 view .LVU170
 696              	.LBE146:
 697              	.LBB147:
 698              	.LBI147:
  58:../../libdaisy/src/sys/system.h ****     ~System() {}
 699              		.loc 2 58 5 is_stmt 1 view .LVU171
  58:../../libdaisy/src/sys/system.h ****     ~System() {}
 700              		.loc 2 58 5 is_stmt 0 view .LVU172
 701              	.LBE147:
 702              	.LBE148:
 703              	.LBE149:
   7:grainlet.cpp  **** GrainletOscillator grainlet, subgrainlet;
 704              		.loc 9 7 20 view .LVU173
 705 0010 FFF7FEFF 		bl	__aeabi_atexit
 706              	.LVL42:
 707              	.LBB150:
 708              	.LBI150:
  25:../../DaisySP/Source/Noise/grainlet.h ****     ~GrainletOscillator() {}
 709              		.loc 7 25 5 is_stmt 1 view .LVU174
  25:../../DaisySP/Source/Noise/grainlet.h ****     ~GrainletOscillator() {}
 710              		.loc 7 25 5 is_stmt 0 view .LVU175
 711              	.LBE150:
   8:grainlet.cpp  **** Oscillator         lfo;
 712              		.loc 9 8 20 view .LVU176
ARM GAS  /tmp/ccdEs47H.s 			page 24


 713 0014 2146     		mov	r1, r4
 714 0016 0B4A     		ldr	r2, .L31+4
 715 0018 0D48     		ldr	r0, .L31+16
 716 001a FFF7FEFF 		bl	__aeabi_atexit
 717              	.LVL43:
 718              	.LBB151:
 719              	.LBI151:
  25:../../DaisySP/Source/Noise/grainlet.h ****     ~GrainletOscillator() {}
 720              		.loc 7 25 5 is_stmt 1 view .LVU177
  25:../../DaisySP/Source/Noise/grainlet.h ****     ~GrainletOscillator() {}
 721              		.loc 7 25 5 is_stmt 0 view .LVU178
 722              	.LBE151:
   8:grainlet.cpp  **** Oscillator         lfo;
 723              		.loc 9 8 30 view .LVU179
 724 001e 2146     		mov	r1, r4
 725 0020 084A     		ldr	r2, .L31+4
 726 0022 0C48     		ldr	r0, .L31+20
 727 0024 FFF7FEFF 		bl	__aeabi_atexit
 728              	.LVL44:
 729              	.LBB152:
 730              	.LBI152:
  15:../../DaisySP/Source/Synthesis/oscillator.h ****     ~Oscillator() {}
 731              		.loc 6 15 5 is_stmt 1 view .LVU180
  15:../../DaisySP/Source/Synthesis/oscillator.h ****     ~Oscillator() {}
 732              		.loc 6 15 5 is_stmt 0 view .LVU181
 733              	.LBE152:
   9:grainlet.cpp  **** Metro              tick;
 734              		.loc 9 9 20 view .LVU182
 735 0028 064A     		ldr	r2, .L31+4
 736 002a 0B49     		ldr	r1, .L31+24
 737 002c 0B48     		ldr	r0, .L31+28
 738 002e FFF7FEFF 		bl	__aeabi_atexit
 739              	.LVL45:
 740              	.LBB153:
 741              	.LBI153:
  14:../../DaisySP/Source/Utility/metro.h ****     ~Metro() {}
 742              		.loc 8 14 5 is_stmt 1 view .LVU183
  14:../../DaisySP/Source/Utility/metro.h ****     ~Metro() {}
 743              		.loc 8 14 5 is_stmt 0 view .LVU184
 744              	.LBE153:
  10:grainlet.cpp  **** 
 745              		.loc 9 10 20 view .LVU185
 746 0032 044A     		ldr	r2, .L31+4
 747 0034 0A49     		ldr	r1, .L31+32
 748 0036 0B48     		ldr	r0, .L31+36
 749              	.LBE154:
 750              	.LBE156:
 751              		.loc 9 63 1 view .LVU186
 752 0038 BDE81040 		pop	{r4, lr}
 753              		.cfi_restore 14
 754              		.cfi_restore 4
 755              		.cfi_def_cfa_offset 0
 756              	.LBB157:
 757              	.LBB155:
  10:grainlet.cpp  **** 
 758              		.loc 9 10 20 view .LVU187
 759 003c FFF7FEBF 		b	__aeabi_atexit
ARM GAS  /tmp/ccdEs47H.s 			page 25


 760              	.LVL46:
 761              	.L32:
 762              		.align	2
 763              	.L31:
 764 0040 00000000 		.word	.LANCHOR6
 765 0044 00000000 		.word	__dso_handle
 766 0048 00000000 		.word	_ZN5daisy9DaisySeedD1Ev
 767 004c 00000000 		.word	_ZN7daisysp18GrainletOscillatorD1Ev
 768 0050 00000000 		.word	.LANCHOR3
 769 0054 00000000 		.word	.LANCHOR4
 770 0058 00000000 		.word	_ZN7daisysp10OscillatorD1Ev
 771 005c 00000000 		.word	.LANCHOR5
 772 0060 00000000 		.word	_ZN7daisysp5MetroD1Ev
 773 0064 00000000 		.word	.LANCHOR0
 774              	.LBE155:
 775              	.LBE157:
 776              		.cfi_endproc
 777              	.LFE4759:
 779              		.section	.init_array,"aw",%init_array
 780              		.align	2
 781 0000 00000000 		.word	_GLOBAL__sub_I_hw(target1)
 782              		.global	idx
 783              		.global	notes
 784              		.global	tick
 785              		.global	lfo
 786              		.global	subgrainlet
 787              		.global	grainlet
 788              		.global	hw
 789              		.section	.bss.grainlet,"aw",%nobits
 790              		.align	2
 791              		.set	.LANCHOR3,. + 0
 794              	grainlet:
 795 0000 00000000 		.space	40
 795      00000000 
 795      00000000 
 795      00000000 
 795      00000000 
 796              		.section	.bss.hw,"aw",%nobits
 797              		.align	2
 798              		.set	.LANCHOR6,. + 0
 801              	hw:
 802 0000 00000000 		.space	60
 802      00000000 
 802      00000000 
 802      00000000 
 802      00000000 
 803              		.section	.bss.idx,"aw",%nobits
 804              		.align	2
 805              		.set	.LANCHOR2,. + 0
 808              	idx:
 809 0000 00000000 		.space	4
 810              		.section	.bss.lfo,"aw",%nobits
 811              		.align	2
 812              		.set	.LANCHOR5,. + 0
 815              	lfo:
 816 0000 00000000 		.space	40
 816      00000000 
ARM GAS  /tmp/ccdEs47H.s 			page 26


 816      00000000 
 816      00000000 
 816      00000000 
 817              		.section	.bss.subgrainlet,"aw",%nobits
 818              		.align	2
 819              		.set	.LANCHOR4,. + 0
 822              	subgrainlet:
 823 0000 00000000 		.space	40
 823      00000000 
 823      00000000 
 823      00000000 
 823      00000000 
 824              		.section	.bss.tick,"aw",%nobits
 825              		.align	2
 826              		.set	.LANCHOR0,. + 0
 829              	tick:
 830 0000 00000000 		.space	16
 830      00000000 
 830      00000000 
 830      00000000 
 831              		.section	.data.notes,"aw"
 832              		.align	2
 833              		.set	.LANCHOR1,. + 0
 836              	notes:
 837 0000 A4D0A443 		.word	1134874788
 838 0004 0000C443 		.word	1136918528
 839 0008 0000DC43 		.word	1138491392
 840 000c 0000C443 		.word	1136918528
 841 0010 1FD51244 		.word	1142084895
 842 0014 00D00244 		.word	1141035008
 843 0018 1FD51244 		.word	1142084895
 844 001c 00D02444 		.word	1143263232
 845              		.text
 846              	.Letext0:
 847              		.file 11 "/usr/lib/gcc/arm-none-eabi/9.2.1/include/stdint.h"
 848              		.file 12 "../../libdaisy/Drivers/CMSIS/Include/core_cm7.h"
 849              		.file 13 "../../libdaisy/Drivers/CMSIS/Device/ST/STM32H7xx/Include/system_stm32h7xx.h"
 850              		.file 14 "/usr/lib/gcc/arm-none-eabi/9.2.1/include/stddef.h"
 851              		.file 15 "/usr/include/newlib/c++/9.2.1/cmath"
 852              		.file 16 "/usr/include/newlib/c++/9.2.1/bits/std_abs.h"
 853              		.file 17 "/usr/include/newlib/c++/9.2.1/cstdlib"
 854              		.file 18 "/usr/include/newlib/c++/9.2.1/cstdint"
 855              		.file 19 "/usr/include/newlib/c++/9.2.1/type_traits"
 856              		.file 20 "/usr/include/newlib/c++/9.2.1/arm-none-eabi/thumb/v7e-m+dp/hard/bits/c++config.h"
 857              		.file 21 "/usr/include/newlib/c++/9.2.1/bits/stl_pair.h"
 858              		.file 22 "/usr/include/newlib/c++/9.2.1/debug/debug.h"
 859              		.file 23 "/usr/include/newlib/c++/9.2.1/bits/algorithmfwd.h"
 860              		.file 24 "/usr/include/newlib/c++/9.2.1/bits/exception_ptr.h"
 861              		.file 25 "/usr/include/newlib/c++/9.2.1/new"
 862              		.file 26 "/usr/include/newlib/c++/9.2.1/cstdarg"
 863              		.file 27 "/usr/include/newlib/c++/9.2.1/cstdio"
 864              		.file 28 "/usr/include/newlib/c++/9.2.1/cwchar"
 865              		.file 29 "/usr/include/newlib/c++/9.2.1/clocale"
 866              		.file 30 "/usr/include/newlib/c++/9.2.1/bits/basic_string.h"
 867              		.file 31 "/usr/include/newlib/c++/9.2.1/bits/uniform_int_dist.h"
 868              		.file 32 "/usr/include/newlib/c++/9.2.1/bits/random.h"
 869              		.file 33 "/usr/include/newlib/c++/9.2.1/cstring"
ARM GAS  /tmp/ccdEs47H.s 			page 27


 870              		.file 34 "/usr/include/newlib/c++/9.2.1/bits/predefined_ops.h"
 871              		.file 35 "/usr/include/newlib/c++/9.2.1/ext/numeric_traits.h"
 872              		.file 36 "/usr/include/newlib/c++/9.2.1/ext/new_allocator.h"
 873              		.file 37 "/usr/include/newlib/sys/_types.h"
 874              		.file 38 "<built-in>"
 875              		.file 39 "/usr/include/newlib/sys/reent.h"
 876              		.file 40 "/usr/include/newlib/sys/lock.h"
 877              		.file 41 "/usr/include/newlib/math.h"
 878              		.file 42 "/usr/include/newlib/stdlib.h"
 879              		.file 43 "/usr/include/newlib/c++/9.2.1/math.h"
 880              		.file 44 "../../libdaisy/Drivers/STM32H7xx_HAL_Driver/Inc/stm32h7xx_hal_def.h"
 881              		.file 45 "../../libdaisy/Drivers/STM32H7xx_HAL_Driver/Inc/stm32h7xx_hal_flash.h"
 882              		.file 46 "/usr/include/newlib/c++/9.2.1/stdlib.h"
 883              		.file 47 "../../libdaisy/src/daisy_core.h"
 884              		.file 48 "../../libdaisy/src/per/tim.h"
 885              		.file 49 "../../libdaisy/src/per/sai.h"
 886              		.file 50 "../../libdaisy/src/util/wav_format.h"
 887              		.file 51 "../../libdaisy/src/per/qspi.h"
 888              		.file 52 "../../libdaisy/src/per/gpio.h"
 889              		.file 53 "../../libdaisy/src/dev/sdram.h"
 890              		.file 54 "/usr/lib/gcc/arm-none-eabi/9.2.1/include/stdarg.h"
 891              		.file 55 "/usr/include/newlib/stdio.h"
 892              		.file 56 "/usr/include/newlib/sys/unistd.h"
 893              		.file 57 "../../libdaisy/src/util/oled_fonts.h"
 894              		.file 58 "../../libdaisy/Middlewares/Third_Party/FatFs/src/integer.h"
 895              		.file 59 "../../libdaisy/Middlewares/Third_Party/FatFs/src/ff.h"
 896              		.file 60 "../../libdaisy/Middlewares/Third_Party/FatFs/src/diskio.h"
 897              		.file 61 "../../libdaisy/Middlewares/Third_Party/FatFs/src/ff_gen_drv.h"
 898              		.file 62 "../../libdaisy/src/util/sd_diskio.h"
 899              		.file 63 "../../libdaisy/src/sys/fatfs.h"
 900              		.file 64 "../../DaisySP/Source/Control/adenv.h"
 901              		.file 65 "../../DaisySP/Source/Utility/dsp.h"
 902              		.file 66 "/usr/include/newlib/wchar.h"
 903              		.file 67 "/usr/include/newlib/locale.h"
 904              		.file 68 "/usr/include/newlib/ctype.h"
 905              		.file 69 "/usr/include/newlib/sys/errno.h"
 906              		.file 70 "/usr/include/newlib/string.h"
 907              		.file 71 "../../libdaisy/src/dev/sr_595.h"
ARM GAS  /tmp/ccdEs47H.s 			page 28


DEFINED SYMBOLS
                            *ABS*:0000000000000000 grainlet.cpp
     /tmp/ccdEs47H.s:17     .text._ZN5daisy9DaisySeedD2Ev:0000000000000000 $t
     /tmp/ccdEs47H.s:26     .text._ZN5daisy9DaisySeedD2Ev:0000000000000000 _ZN5daisy9DaisySeedD2Ev
     /tmp/ccdEs47H.s:26     .text._ZN5daisy9DaisySeedD2Ev:0000000000000000 _ZN5daisy9DaisySeedD1Ev
     /tmp/ccdEs47H.s:67     .text._ZN7daisysp10OscillatorD2Ev:0000000000000000 $t
     /tmp/ccdEs47H.s:75     .text._ZN7daisysp10OscillatorD2Ev:0000000000000000 _ZN7daisysp10OscillatorD2Ev
     /tmp/ccdEs47H.s:75     .text._ZN7daisysp10OscillatorD2Ev:0000000000000000 _ZN7daisysp10OscillatorD1Ev
     /tmp/ccdEs47H.s:92     .text._ZN7daisysp18GrainletOscillatorD2Ev:0000000000000000 $t
     /tmp/ccdEs47H.s:100    .text._ZN7daisysp18GrainletOscillatorD2Ev:0000000000000000 _ZN7daisysp18GrainletOscillatorD2Ev
     /tmp/ccdEs47H.s:100    .text._ZN7daisysp18GrainletOscillatorD2Ev:0000000000000000 _ZN7daisysp18GrainletOscillatorD1Ev
     /tmp/ccdEs47H.s:117    .text._ZN7daisysp5MetroD2Ev:0000000000000000 $t
     /tmp/ccdEs47H.s:125    .text._ZN7daisysp5MetroD2Ev:0000000000000000 _ZN7daisysp5MetroD2Ev
     /tmp/ccdEs47H.s:125    .text._ZN7daisysp5MetroD2Ev:0000000000000000 _ZN7daisysp5MetroD1Ev
     /tmp/ccdEs47H.s:142    .text._ZL13AudioCallbackPKfPfj:0000000000000000 $t
     /tmp/ccdEs47H.s:149    .text._ZL13AudioCallbackPKfPfj:0000000000000000 _ZL13AudioCallbackPKfPfj
     /tmp/ccdEs47H.s:341    .text._ZL13AudioCallbackPKfPfj:00000000000000d4 $d
     /tmp/ccdEs47H.s:352    .text.startup.main:0000000000000000 $t
     /tmp/ccdEs47H.s:360    .text.startup.main:0000000000000000 main
     /tmp/ccdEs47H.s:600    .text.startup.main:00000000000000e4 $d
     /tmp/ccdEs47H.s:613    .text.startup._GLOBAL__sub_I_hw:0000000000000000 $t
     /tmp/ccdEs47H.s:620    .text.startup._GLOBAL__sub_I_hw:0000000000000000 _GLOBAL__sub_I_hw
     /tmp/ccdEs47H.s:764    .text.startup._GLOBAL__sub_I_hw:0000000000000040 $d
     /tmp/ccdEs47H.s:780    .init_array:0000000000000000 $d
     /tmp/ccdEs47H.s:808    .bss.idx:0000000000000000 idx
     /tmp/ccdEs47H.s:836    .data.notes:0000000000000000 notes
     /tmp/ccdEs47H.s:829    .bss.tick:0000000000000000 tick
     /tmp/ccdEs47H.s:815    .bss.lfo:0000000000000000 lfo
     /tmp/ccdEs47H.s:822    .bss.subgrainlet:0000000000000000 subgrainlet
     /tmp/ccdEs47H.s:794    .bss.grainlet:0000000000000000 grainlet
     /tmp/ccdEs47H.s:801    .bss.hw:0000000000000000 hw
     /tmp/ccdEs47H.s:790    .bss.grainlet:0000000000000000 $d
     /tmp/ccdEs47H.s:797    .bss.hw:0000000000000000 $d
     /tmp/ccdEs47H.s:804    .bss.idx:0000000000000000 $d
     /tmp/ccdEs47H.s:811    .bss.lfo:0000000000000000 $d
     /tmp/ccdEs47H.s:818    .bss.subgrainlet:0000000000000000 $d
     /tmp/ccdEs47H.s:825    .bss.tick:0000000000000000 $d
     /tmp/ccdEs47H.s:832    .data.notes:0000000000000000 $d
                           .group:0000000000000000 _ZN5daisy9DaisySeedD5Ev
                           .group:0000000000000000 _ZN7daisysp10OscillatorD5Ev
                           .group:0000000000000000 _ZN7daisysp18GrainletOscillatorD5Ev
                           .group:0000000000000000 _ZN7daisysp5MetroD5Ev

UNDEFINED SYMBOLS
_ZN7daisysp10Oscillator7ProcessEv
_ZN7daisysp18GrainletOscillator8SetShapeEf
_ZN7daisysp18GrainletOscillator14SetFormantFreqEf
_ZN7daisysp18GrainletOscillator7ProcessEv
_ZN7daisysp5Metro7ProcessEv
_ZN7daisysp18GrainletOscillator7SetFreqEf
_ZN5daisy9DaisySeed9ConfigureEv
_ZN5daisy9DaisySeed4InitEb
_ZN5daisy9DaisySeed15AudioSampleRateEv
_ZN7daisysp18GrainletOscillator4InitEf
_ZN7daisysp18GrainletOscillator8SetBleedEf
_ZN7daisysp10Oscillator12CalcPhaseIncEf
_ZN7daisysp5Metro4InitEff
ARM GAS  /tmp/ccdEs47H.s 			page 29


_ZN5daisy9DaisySeed10StartAudioEPFvPKfPfjE
__aeabi_atexit
__dso_handle
